#
# A fatal error has been detected by the Java Runtime Environment:
#
#  Internal Error (jvmciRuntime.cpp:1609), pid=31, tid=45
#  fatal error: Fatal exception in JVMCI: Error calling jdk.vm.ci.services.Services.serializeSavedProperties
#
# JRE version: OpenJDK Runtime Environment GraalVM CE 22.3.0 (17.0.5+8) (build 17.0.5+8-jvmci-22.3-b08)
# Java VM: OpenJDK 64-Bit Server VM GraalVM CE 22.3.0 (17.0.5+8-jvmci-22.3-b08, mixed mode, sharing, tiered, jvmci, jvmci compiler, compressed oops, compressed class ptrs, parallel gc, linux-amd64)
# Problematic frame:
# V  [libjvm.so+0x972714]  JVMCIRuntime::fatal_exception(JVMCIEnv*, char const*)+0x74
#
# Core dump will be written. Default location: Core dumps may be processed with "/usr/share/apport/apport -p%p -s%s -c%c -d%d -P%P -u%u -g%g -- %E" (or dumping to /home/runner/justaliljavaproject-1/core.31)
#
# If you would like to submit a bug report, please visit:
#   https://github.com/oracle/graal/issues
#

---------------  S U M M A R Y ------------

Command Line: -XX:ThreadPriorityPolicy=1 -XX:+UnlockExperimentalVMOptions -XX:+EnableJVMCIProduct -XX:JVMCIThreadsPerNativeLibraryRuntime=1 -XX:-UnlockExperimentalVMOptions -Declipse.application=org.eclipse.jdt.ls.core.id1 -Dosgi.bundles.defaultStartLevel=4 -Declipse.product=org.eclipse.jdt.ls.core.product -Dlog.level=ALL -Xverify:none -XX:+UseParallelGC -XX:GCTimeRatio=4 -XX:AdaptiveSizePolicyWeight=90 -Dsun.zip.disableMemoryMapping=true -Xmx512m -Xms100m /nix/store/m6gcpi1ii6rghy04cjwjddcavv7i90df-jdt-language-server-1.9.0/share/java/plugins/org.eclipse.equinox.launcher_1.6.400.v20210924-0641.jar --add-modules=ALL-SYSTEM --add-opens java.base/java.util=ALL-UNNAMED --add-opens java.base/java.lang=ALL-UNNAMED -configuration /home/runner/.cache/jdt-language-server/config -data /home/runner/.cache/jdt-language-server/data/home/runner/justaliljavaproject-1

Host: AMD EPYC 7B12, 8 cores, 1G, Ubuntu 20.04.2 LTS
Time: Thu Mar 23 22:03:14 2023 UTC elapsed time: 725.423777 seconds (0d 0h 12m 5s)

---------------  T H R E A D  ---------------

Current thread (0x00007f9a340b2210):  JavaThread "JVMCI-native CompilerThread0" daemon [_thread_in_vm, id=45, stack(0x00007f9a1921a000,0x00007f9a1941a000)]


Current CompileTask:
JVMCI-native: 725424 10696       4       java.util.AbstractCollection::isEmpty (13 bytes)

Stack: [0x00007f9a1921a000,0x00007f9a1941a000],  sp=0x00007f9a19418380,  free space=2040k
Native frames: (J=compiled Java code, j=interpreted, Vv=VM code, C=native code)
V  [libjvm.so+0x972714]  JVMCIRuntime::fatal_exception(JVMCIEnv*, char const*)+0x74
V  [libjvm.so+0x93e2fe]  JVMCIEnv::copy_saved_properties()+0x14e
V  [libjvm.so+0x9732a9]  JVMCIRuntime::initialize(JVMCIEnv*)+0xb19
V  [libjvm.so+0x9738a2]  JVMCIRuntime::get_HotSpotJVMCIRuntime(JVMCIEnv*)+0x12
V  [libjvm.so+0x9749f2]  JVMCIRuntime::compile_method(JVMCIEnv*, JVMCICompiler*, methodHandle const&, int)+0xd2
V  [libjvm.so+0x5b0d20]  CompileBroker::invoke_compiler_on_method(CompileTask*)+0x1470
V  [libjvm.so+0x5b12e8]  CompileBroker::compiler_thread_loop()+0x528
V  [libjvm.so+0xd82460]  JavaThread::thread_main_inner()+0xd0
V  [libjvm.so+0xd85a40]  Thread::call_run()+0xc0
V  [libjvm.so+0xbdb1e1]  thread_native_entry(Thread*)+0xe1

Register to memory mapping:

RAX=0x00007f9a38ed0000 points into unknown readable memory: 0x0000000000000058 | 58 00 00 00 00 00 00 00
RBX=0x00007f9a39fcb398: <offset 0x0000000000ef5398> in /nix/store/gpxl5qgg8kicmcvivwmybwjlpf7wh20l-graalvm17-ce-22.3.0/lib/server/libjvm.so at 0x00007f9a390d6000
RCX=0x00007f9a39f831e8: <offset 0x0000000000ead1e8> in /nix/store/gpxl5qgg8kicmcvivwmybwjlpf7wh20l-graalvm17-ce-22.3.0/lib/server/libjvm.so at 0x00007f9a390d6000
RDX=0x0000000000000649 is an unknown value
RSP=0x00007f9a19418380 is pointing into the stack for thread: 0x00007f9a340b2210
RBP=0x00007f9a194183a0 is pointing into the stack for thread: 0x00007f9a340b2210
RSI=0x00007f9a39fcbc48: <offset 0x0000000000ef5c48> in /nix/store/gpxl5qgg8kicmcvivwmybwjlpf7wh20l-graalvm17-ce-22.3.0/lib/server/libjvm.so at 0x00007f9a390d6000
RDI=0x00000000e0000000 is an oop: java.lang.String 
{0x00000000e0000000} - klass: 'java/lang/String'
 - string: "org.eclipse.osgi.container.ModuleRevisionBuilder$GenericInfo"
R8 =0x00007f9a39fcb398: <offset 0x0000000000ef5398> in /nix/store/gpxl5qgg8kicmcvivwmybwjlpf7wh20l-graalvm17-ce-22.3.0/lib/server/libjvm.so at 0x00007f9a390d6000
R9 =0x00007f9a19418330 is pointing into the stack for thread: 0x00007f9a340b2210
R10=0x00007f9a19419948 is pointing into the stack for thread: 0x00007f9a340b2210
R11=0x0000000000000293 is an unknown value
R12=0x0 is NULL
R13=0x00007f9a340b2210 is a thread
R14=0x00007f9a34000b80 points into unknown readable memory: 0x00007f9a3a1fca38 | 38 ca 1f 3a 9a 7f 00 00
R15=0x00007f9a3a30ae40: <offset 0x0000000001234e40> in /nix/store/gpxl5qgg8kicmcvivwmybwjlpf7wh20l-graalvm17-ce-22.3.0/lib/server/libjvm.so at 0x00007f9a390d6000


Registers:
RAX=0x00007f9a38ed0000, RBX=0x00007f9a39fcb398, RCX=0x00007f9a39f831e8, RDX=0x0000000000000649
RSP=0x00007f9a19418380, RBP=0x00007f9a194183a0, RSI=0x00007f9a39fcbc48, RDI=0x00000000e0000000
R8 =0x00007f9a39fcb398, R9 =0x00007f9a19418330, R10=0x00007f9a19419948, R11=0x0000000000000293
R12=0x0000000000000000, R13=0x00007f9a340b2210, R14=0x00007f9a34000b80, R15=0x00007f9a3a30ae40
RIP=0x00007f9a39a48714, EFLAGS=0x0000000000010206, CSGSFS=0x002b000000000033, ERR=0x0000000000000006
  TRAPNO=0x000000000000000e

Top of Stack: (sp=0x00007f9a19418380)
0x00007f9a19418380:   00007f9a19418940 00007f9a340b2210
0x00007f9a19418390:   00007f9a388618c8 0000000800c417a0
0x00007f9a194183a0:   00007f9a19418500 00007f9a39a142fe
0x00007f9a194183b0:   00007f9a194183e0 00007f9a19418440 

Instructions: (pc=0x00007f9a39a48714)
0x00007f9a39a48614:   30 e8 f6 cf e8 ff 4c 89 e7 e8 2e 48 d1 ff 84 db
0x00007f9a39a48624:   75 2a 4d 85 ed 74 04 4d 8b 6d 00 48 83 c4 08 44
0x00007f9a39a48634:   89 f9 4c 89 f2 4c 89 ee 5b 4c 89 e7 41 5c 41 5d
0x00007f9a39a48644:   41 5e 41 5f 5d e9 e2 47 d1 ff 66 90 48 83 c4 08
0x00007f9a39a48654:   5b 41 5c 41 5d 41 5e 41 5f 5d c3 90 31 d2 be 08
0x00007f9a39a48664:   00 00 00 4c 89 ff e8 b1 78 a3 ff 49 89 c5 e9 37
0x00007f9a39a48674:   ff ff ff 66 0f 1f 84 00 00 00 00 00 48 8b 7a 08
0x00007f9a39a48684:   e9 6d ff ff ff 0f 1f 80 00 00 00 00 e8 5b 48 0a
0x00007f9a39a48694:   00 84 c0 75 89 e9 6a ff ff ff 66 90 55 48 89 e5
0x00007f9a39a486a4:   41 56 41 55 41 54 49 89 fc 53 48 89 f3 66 48 8d
0x00007f9a39a486b4:   3d 27 5e 85 00 66 66 48 e8 df 43 8d ff 4c 8b 28
0x00007f9a39a486c4:   8b 05 be 72 8a 00 85 c0 75 14 ba 01 00 00 00 48
0x00007f9a39a486d4:   8d 0d ae 72 8a 00 f0 0f b1 11 85 c0 74 4e be c8
0x00007f9a39a486e4:   00 00 00 4c 89 ef e8 01 0b 41 00 48 8d 05 12 ac
0x00007f9a39a486f4:   85 00 49 89 d8 48 8d 0d e8 aa 53 00 ba 49 06 00
0x00007f9a39a48704:   00 48 8d 35 3c 35 58 00 bf 00 00 00 e0 48 8b 00
0x00007f9a39a48714:   c6 00 58 31 c0 e8 e2 91 c6 ff 5b 41 5c 41 5d 41
0x00007f9a39a48724:   5e 5d e9 55 34 26 00 0f 1f 44 00 00 48 8d 05 81
0x00007f9a39a48734:   a3 8b 00 48 89 df 4c 8b 30 e8 9e 43 8d ff 48 89
0x00007f9a39a48744:   de 48 89 c2 49 8b 06 4c 89 f7 ff 50 08 4c 89 f7
0x00007f9a39a48754:   e8 a7 5c 27 00 4d 85 e4 74 12 be 01 00 00 00 4c
0x00007f9a39a48764:   89 e7 e8 35 43 fc ff eb 82 0f 1f 00 be 01 00 00
0x00007f9a39a48774:   00 4c 89 ef e8 d3 fd ff ff e9 6d ff ff ff 66 66
0x00007f9a39a48784:   2e 0f 1f 84 00 00 00 00 00 0f 1f 00 55 48 89 e5
0x00007f9a39a48794:   41 57 41 56 41 55 41 54 53 48 81 ec 08 02 00 00
0x00007f9a39a487a4:   64 48 8b 04 25 28 00 00 00 48 89 45 c8 8b 07 83
0x00007f9a39a487b4:   f8 02 0f 84 11 04 00 00 4c 8b 6f 18 49 89 ff 49
0x00007f9a39a487c4:   89 f4 4d 85 ed 74 14 4c 89 ef e8 5d 57 22 00 41
0x00007f9a39a487d4:   8b 07 83 f8 02 0f 84 19 04 00 00 48 8d 1d 9a 06
0x00007f9a39a487e4:   8a 00 4c 8d 35 0b 3c 58 00 eb 38 90 48 85 d2 7f
0x00007f9a39a487f4:   0d 48 8d 05 b4 c0 85 00 48 83 38 00 7e 0e 41 8b
0x00007f9a39a48804:   77 2c 4c 89 f7 31 c0 e8 a0 b2 f7 ff 49 8b 7f 18 


Stack slot to memory mapping:
stack at sp + 0 slots: 0x00007f9a19418940 is pointing into the stack for thread: 0x00007f9a340b2210
stack at sp + 1 slots: 0x00007f9a340b2210 is a thread
stack at sp + 2 slots: 0x00007f9a388618c8 points into unknown readable memory: 0x6573001880c9ffff | ff ff c9 80 18 00 73 65
stack at sp + 3 slots: 0x0000000800c417a0 is a pointer to class: 
jdk.vm.ci.services.Services {0x0000000800c417a0}
 - instance size:     2
 - klass size:        65
 - access:            public final synchronized 
 - state:             fully_initialized
 - name:              'jdk/vm/ci/services/Services'
 - super:             'java/lang/Object'
 - sub:               
 - arrays:            NULL
 - methods:           Array<T>(0x00007f9a19c41380)
 - method ordering:   Array<T>(0x0000000800928960)
 - default_methods:   Array<T>(0x0000000000000000)
 - local interfaces:  Array<T>(0x00000008005ce810)
 - trans. interfaces: Array<T>(0x00000008005ce810)
 - constants:         constant pool [427] {0x00007f9a19c40460} for 'jdk/vm/ci/services/Services' cache=0x00007f9a19c42650
 - class loader data:  loader data: 0x00007f9a340283f0 of 'bootstrap'
 - source file:       'Services.java'
 - class annotations:       Array<T>(0x0000000000000000)
 - class type annotations:  Array<T>(0x0000000000000000)
 - field annotations:       Array<T>(0x0000000000000000)
 - field type annotations:  Array<T>(0x0000000000000000)
 - inner classes:     Array<T>(0x00007f9a19c42620)
 - nest members:     Array<T>(0x00007f9a19c42640)
 - permitted subclasses:     Array<T>(0x00000008005ce7a0)
 - java mirror:       a 'java/lang/Class'{0x00000000e017d1b0} = 'jdk/vm/ci/services/Services'
 - vtable length      5  (start addr: 0x0000000800c41970)
 - itable length      2 (start addr: 0x0000000800c41998)
 - ---- static fields (3 words):
 - public static final 'IS_BUILDING_NATIVE_IMAGE' 'Z' @128 
 - public static final 'IS_IN_NATIVE_IMAGE' 'Z' @129 
 - private static volatile 'savedProperties' 'Ljava/util/Map;' @112 
 - static final 'JVMCI_ENABLED' 'Z' @130 
 - private static final 'servicesCache' 'Ljava/util/Map;' @116 
 - private static final 'MAX_UNICODE_IN_UTF8_LENGTH' 'I' @120 
 - private static final 'MAX_UTF8_PROPERTY_STRING_LENGTH' 'I' @124 
 - ---- non-static fields (0 words):
 - non-static oop maps: 
stack at sp + 4 slots: 0x00007f9a19418500 is pointing into the stack for thread: 0x00007f9a340b2210
stack at sp + 5 slots: 0x00007f9a39a142fe: <offset 0x000000000093e2fe> in /nix/store/gpxl5qgg8kicmcvivwmybwjlpf7wh20l-graalvm17-ce-22.3.0/lib/server/libjvm.so at 0x00007f9a390d6000
stack at sp + 6 slots: 0x00007f9a194183e0 is pointing into the stack for thread: 0x00007f9a340b2210
stack at sp + 7 slots: 0x00007f9a19418440 is pointing into the stack for thread: 0x00007f9a340b2210


---------------  P R O C E S S  ---------------

Threads class SMR info:
_java_thread_list=0x00007f99bc310c40, length=26, elements={
0x00007f9a34026690, 0x00007f9a340a64d0, 0x00007f9a340a7910, 0x00007f9a340ae080,
0x00007f9a340af430, 0x00007f9a340b0820, 0x00007f9a340b2210, 0x00007f9a340b3720,
0x00007f9a340b4780, 0x00007f9a340d8110, 0x00007f9a3411fcb0, 0x00007f9a3430ba60,
0x00007f9a3433eab0, 0x00007f9a34341330, 0x00007f9a34606e70, 0x00007f99c801a710,
0x00007f99c82b9070, 0x00007f99c8477750, 0x00007f99c86de7d0, 0x00007f9a34439790,
0x00007f99b0000ff0, 0x00007f9a34383c80, 0x00007f999401a330, 0x00007f99980f0320,
0x00007f99a415f460, 0x00007f99a4163630
}

Java Threads: ( => current thread )
  0x00007f9a34026690 JavaThread "main" [_thread_blocked, id=37, stack(0x00007f9a38ef1000,0x00007f9a38ff1000)]
  0x00007f9a340a64d0 JavaThread "Reference Handler" daemon [_thread_blocked, id=40, stack(0x00007f9a19b00000,0x00007f9a19c00000)]
  0x00007f9a340a7910 JavaThread "Finalizer" daemon [_thread_blocked, id=41, stack(0x00007f9a19a00000,0x00007f9a19b00000)]
  0x00007f9a340ae080 JavaThread "Signal Dispatcher" daemon [_thread_blocked, id=42, stack(0x00007f9a1961a000,0x00007f9a1971a000)]
  0x00007f9a340af430 JavaThread "Service Thread" daemon [_thread_blocked, id=43, stack(0x00007f9a1951a000,0x00007f9a1961a000)]
  0x00007f9a340b0820 JavaThread "Monitor Deflation Thread" daemon [_thread_blocked, id=44, stack(0x00007f9a1941a000,0x00007f9a1951a000)]
=>0x00007f9a340b2210 JavaThread "JVMCI-native CompilerThread0" daemon [_thread_in_vm, id=45, stack(0x00007f9a1921a000,0x00007f9a1941a000)]
  0x00007f9a340b3720 JavaThread "C1 CompilerThread0" daemon [_thread_blocked, id=46, stack(0x00007f9a1901a000,0x00007f9a1921a000)]
  0x00007f9a340b4780 JavaThread "Sweeper thread" daemon [_thread_blocked, id=47, stack(0x00007f9a18f1a000,0x00007f9a1901a000)]
  0x00007f9a340d8110 JavaThread "Common-Cleaner" daemon [_thread_blocked, id=48, stack(0x00007f9a18e1a000,0x00007f9a18f1a000)]
  0x00007f9a3411fcb0 JavaThread "Notification Thread" daemon [_thread_blocked, id=49, stack(0x00007f9a18d1a000,0x00007f9a18e1a000)]
  0x00007f9a3430ba60 JavaThread "Active Thread: Equinox Container: 5c978a4b-5fee-4e7f-ba9f-4a47bf2ae2d0" [_thread_blocked, id=88, stack(0x00007f9a18a00000,0x00007f9a18b00000)]
  0x00007f9a3433eab0 JavaThread "Framework Event Dispatcher: Equinox Container: 5c978a4b-5fee-4e7f-ba9f-4a47bf2ae2d0" daemon [_thread_blocked, id=97, stack(0x00007f9a18800000,0x00007f9a18900000)]
  0x00007f9a34341330 JavaThread "Start Level: Equinox Container: 5c978a4b-5fee-4e7f-ba9f-4a47bf2ae2d0" daemon [_thread_blocked, id=98, stack(0x00007f9a18600000,0x00007f9a18700000)]
  0x00007f9a34606e70 JavaThread "Refresh Thread: Equinox Container: 5c978a4b-5fee-4e7f-ba9f-4a47bf2ae2d0" daemon [_thread_blocked, id=99, stack(0x00007f9a18900000,0x00007f9a18a00000)]
  0x00007f99c801a710 JavaThread "SCR Component Actor" daemon [_thread_blocked, id=108, stack(0x00007f9a18400000,0x00007f9a18500000)]
  0x00007f99c82b9070 JavaThread "Worker-JM" [_thread_blocked, id=126, stack(0x00007f9a18000000,0x00007f9a18100000)]
  0x00007f99c8477750 JavaThread "Java indexing" daemon [_thread_blocked, id=137, stack(0x00007f99e0500000,0x00007f99e0600000)]
  0x00007f99c86de7d0 JavaThread "Bundle File Closer" daemon [_thread_blocked, id=148, stack(0x00007f9a18200000,0x00007f9a18300000)]
  0x00007f9a34439790 JavaThread "pool-3-thread-1" [_thread_blocked, id=152, stack(0x00007f99e0300000,0x00007f99e0400000)]
  0x00007f99b0000ff0 JavaThread "Worker-2: Java indexing... " [_thread_blocked, id=154, stack(0x00007f99e0100000,0x00007f99e0200000)]
  0x00007f9a34383c80 JavaThread "pool-2-thread-1" [_thread_in_native, id=168, stack(0x00007f99dff00000,0x00007f99e0000000)]
  0x00007f999401a330 JavaThread "Worker-7" [_thread_blocked, id=362, stack(0x00007f99df500000,0x00007f99df600000)]
  0x00007f99980f0320 JavaThread "Worker-8: Periodic workspace save." [_thread_blocked, id=371, stack(0x00007f99df300000,0x00007f99df400000)]
  0x00007f99a415f460 JavaThread "Thread-3" [_thread_blocked, id=420, stack(0x00007f99df000000,0x00007f99df100000)]
  0x00007f99a4163630 JavaThread "Thread-7" [_thread_blocked, id=424, stack(0x00007f99deb00000,0x00007f99dec00000)]

Other Threads:
  0x00007f9a340a1c10 VMThread "VM Thread" [stack: 0x00007f9a3800a000,0x00007f9a3810a000] [id=39] _threads_hazard_ptr=0x00007f99bc310c40
  0x00007f9a34121650 WatcherThread [stack: 0x00007f9a18c1a000,0x00007f9a18d1a000] [id=50]
  0x00007f9a3403df30 GCTaskThread "GC Thread#0" [stack: 0x00007f9a38ab4000,0x00007f9a38bb4000] [id=38]

Threads with active compile tasks:
JVMCI-native CompilerThread0   725615 10696       4       java.util.AbstractCollection::isEmpty (13 bytes)

VM state: synchronizing (normal execution)

VM Mutex/Monitor currently owned by a thread:  ([mutex/lock_event])
[0x00007f9a34023840] Threads_lock - owner thread: 0x00007f9a340a1c10
[0x00007f9a34023ff0] Heap_lock - owner thread: 0x00007f99c8477750

OutOfMemory and StackOverflow Exception counts:
OutOfMemoryError java_heap_errors=4
LinkageErrors=48

Heap address: 0x00000000e0000000, size: 512 MB, Compressed Oops mode: 32-bit

CDS archive(s) mapped at: [0x0000000800000000-0x0000000800bc8000-0x0000000800bc8000), size 12353536, SharedBaseAddress: 0x0000000800000000, ArchiveRelocationMode: 0.
Compressed class space mapped at: 0x0000000800c00000-0x0000000840c00000, reserved size: 1073741824
Narrow klass base: 0x0000000800000000, Narrow klass shift: 0, Narrow klass range: 0x100000000

GC Precious Log:
 CPUs: 8 total, 1 available
 Memory: 1024M
 Large Page Support: Disabled
 NUMA Support: Disabled
 Compressed Oops: Enabled (32-bit)
 Alignments: Space 512K, Generation 512K, Heap 2M
 Heap Min Capacity: 100M
 Heap Initial Capacity: 100M
 Heap Max Capacity: 512M
 Pre-touch: Disabled
 Parallel Workers: 1

Heap:
 PSYoungGen      total 28160K, used 19456K [0x00000000f5580000, 0x00000000f7b00000, 0x0000000100000000)
  eden space 19456K, 100% used [0x00000000f5580000,0x00000000f6880000,0x00000000f6880000)
  from space 8704K, 0% used [0x00000000f6880000,0x00000000f6880000,0x00000000f7100000)
  to   space 8704K, 0% used [0x00000000f7100000,0x00000000f7100000,0x00000000f7980000)
 ParOldGen       total 349696K, used 349694K [0x00000000e0000000, 0x00000000f5580000, 0x00000000f5580000)
  object space 349696K, 99% used [0x00000000e0000000,0x00000000f557f8b8,0x00000000f5580000)
 Metaspace       used 58310K, committed 59264K, reserved 1105920K
  class space    used 5562K, committed 5952K, reserved 1048576K

Card table byte_map: [0x00007f9a38bb4000,0x00007f9a38cb5000] _byte_map_base: 0x00007f9a384b4000

Marking Bits: (ParMarkBitMap*) 0x00007f9a3a3044c0
 Begin Bits: [0x00007f9a1a4b3000, 0x00007f9a1acb3000)
 End Bits:   [0x00007f9a1acb3000, 0x00007f9a1b4b3000)

Polling page: 0x00007f9a38ece000

Metaspace:

Usage:
  Non-class:     51.51 MB used.
      Class:      5.43 MB used.
       Both:     56.94 MB used.

Virtual space:
  Non-class space:       56.00 MB reserved,      52.06 MB ( 93%) committed,  7 nodes.
      Class space:        1.00 GB reserved,       5.81 MB ( <1%) committed,  1 nodes.
             Both:        1.05 GB reserved,      57.88 MB (  5%) committed. 

Chunk freelists:
   Non-Class:  4.00 MB
       Class:  2.25 MB
        Both:  6.25 MB

MaxMetaspaceSize: unlimited
CompressedClassSpaceSize: 1.00 GB
Initial GC threshold: 21.00 MB
Current GC threshold: 96.38 MB
CDS: on
MetaspaceReclaimPolicy: balanced
 - commit_granule_bytes: 65536.
 - commit_granule_words: 8192.
 - virtual_space_node_default_size: 1048576.
 - enlarge_chunks_in_place: 1.
 - new_chunks_are_fully_committed: 0.
 - uncommit_free_chunks: 1.
 - use_allocation_guard: 0.
 - handle_deallocations: 1.


Internal statistics:

num_allocs_failed_limit: 6.
num_arena_births: 384.
num_arena_deaths: 76.
num_vsnodes_births: 8.
num_vsnodes_deaths: 0.
num_space_committed: 925.
num_space_uncommitted: 0.
num_chunks_returned_to_freelist: 104.
num_chunks_taken_from_freelist: 2584.
num_chunk_merges: 36.
num_chunk_splits: 1694.
num_chunks_enlarged: 1080.
num_purges: 14.
num_inconsistent_stats: 0.

CodeHeap 'non-profiled nmethods': size=120036Kb used=2696Kb max_used=2696Kb free=117339Kb
 bounds [0x00007f9a22f7a000, 0x00007f9a2322a000, 0x00007f9a2a4b3000]
CodeHeap 'profiled nmethods': size=120032Kb used=18411Kb max_used=18411Kb free=101620Kb
 bounds [0x00007f9a1ba42000, 0x00007f9a1cc42000, 0x00007f9a22f7a000]
CodeHeap 'non-nmethods': size=5692Kb used=1391Kb max_used=1400Kb free=4300Kb
 bounds [0x00007f9a1b4b3000, 0x00007f9a1b723000, 0x00007f9a1ba42000]
 total_blobs=8456 nmethods=7736 adapters=620
 compilation: enabled
              stopped_count=0, restarted_count=0
 full_count=0

JVMCI Events (20 events):
Event: 489.123 Thread 0x00007f9a340b2210 compacted oop handles in JVMCI runtime 0 from 122 to 122
Event: 489.123 Thread 0x00007f9a340b2210 releasing handles for JVMCI runtime 0: oop handles=122, metadata handles={total=192, live=172, blocks=45}
Event: 489.123 Thread 0x00007f9a340b2210 detached from JVMCI runtime 0
Event: 505.365 Thread 0x00007f9a340b2210 attached to JVMCI runtime 0
Event: 505.366 Thread 0x00007f9a340b2210 created JavaVM[4]@0x00007f99ace9e340 for JVMCI runtime 0
Event: 505.366 Thread 0x00007f9a340b2210 initializing JVMCI runtime 0
Event: 505.366 Thread 0x00007f9a340b2210 done waiting for JavaVM references initialization in JVMCI runtime 0
Event: 521.320 Thread 0x00007f9a340b2210 initialized JVMCI runtime 0
Event: 530.290 Thread 0x00007f9a340b2210 compacted oop handles in JVMCI runtime 0 from 56 to 55
Event: 531.729 Thread 0x00007f9a340b2210 detaching from JVMCI runtime 0: releasing idle compiler thread (0 other threads still attached)
Event: 531.729 Thread 0x00007f9a340b2210 shutting down HotSpotJVMCIRuntime for JVMCI runtime 0
Event: 531.729 Thread 0x00007f9a340b2210 shut down JVMCI runtime 0
Event: 531.731 Thread 0x00007f9a340b2210 destroyed JavaVM[4]@0x00007f99ace9e340 for JVMCI runtime 0
Event: 531.731 Thread 0x00007f9a340b2210 compacted oop handles in JVMCI runtime 0 from 55 to 55
Event: 531.731 Thread 0x00007f9a340b2210 releasing handles for JVMCI runtime 0: oop handles=55, metadata handles={total=106, live=102, blocks=45}
Event: 531.731 Thread 0x00007f9a340b2210 detached from JVMCI runtime 0
Event: 686.124 Thread 0x00007f9a340b2210 attached to JVMCI runtime 0
Event: 686.125 Thread 0x00007f9a340b2210 created JavaVM[5]@0x00007f99ace9e340 for JVMCI runtime 0
Event: 686.125 Thread 0x00007f9a340b2210 initializing JVMCI runtime 0
Event: 686.125 Thread 0x00007f9a340b2210 done waiting for JavaVM references initialization in JVMCI runtime 0

Compilation events (20 events):
Event: 483.853 Thread 0x00007f9a340b2210 nmethod 10686 0x00007f9a23219390 code [0x00007f9a23219500, 0x00007f9a232195a8]
Event: 483.853 Thread 0x00007f9a340b2210 10684   !   4       org.eclipse.core.internal.preferences.EclipsePreferences::getChild (91 bytes)
Event: 485.132 Thread 0x00007f9a340b2210 nmethod 10684 0x00007f9a23219690 code [0x00007f9a23219880, 0x00007f9a2321a0f8]
Event: 485.132 Thread 0x00007f9a340b2210 10688       4       java.util.Properties::getProperty (50 bytes)
Event: 486.520 Thread 0x00007f9a340b2210 nmethod 10688 0x00007f9a2321a490 code [0x00007f9a2321a620, 0x00007f9a2321a710]
Event: 489.123 Thread 0x00007f9a340b3720 10689       3       java.text.MessageFormat::<init> (56 bytes)
Event: 490.257 Thread 0x00007f9a340b3720 nmethod 10689 0x00007f9a1cc38890 code [0x00007f9a1cc38a60, 0x00007f9a1cc38ef0]
Event: 505.365 Thread 0x00007f9a340b2210 10690 %     4       java.io.DataOutputStream::writeUTF @ 187 (411 bytes)
Event: 521.325 Thread 0x00007f9a340b3720 10691       3       java.lang.invoke.VarHandleGuards::guard_LI_L (89 bytes)
Event: 521.328 Thread 0x00007f9a340b3720 nmethod 10691 0x00007f9a1cc39090 code [0x00007f9a1cc39400, 0x00007f9a1cc3bb40]
Event: 530.290 Thread 0x00007f9a340b2210 nmethod 10690% 0x00007f9a2321a890 code [0x00007f9a2321aac0, 0x00007f9a2321b9d0]
Event: 566.699 Thread 0x00007f9a340b3720 10692       3       java.util.LinkedList::node (65 bytes)
Event: 566.699 Thread 0x00007f9a340b3720 nmethod 10692 0x00007f9a1cc3c490 code [0x00007f9a1cc3c640, 0x00007f9a1cc3c910]
Event: 584.853 Thread 0x00007f9a340b3720 10693       3       org.eclipse.jdt.ls.core.internal.handlers.ProgressReporterManager$ProgressReporter::subTask (40 bytes)
Event: 584.854 Thread 0x00007f9a340b3720 nmethod 10693 0x00007f9a1cc3ca90 code [0x00007f9a1cc3cc60, 0x00007f9a1cc3cf90]
Event: 620.042 Thread 0x00007f9a340b3720 10694       3       jdk.internal.reflect.ClassFileAssembler::append (30 bytes)
Event: 621.407 Thread 0x00007f9a340b3720 nmethod 10694 0x00007f9a1cc3d110 code [0x00007f9a1cc3d300, 0x00007f9a1cc3d7d0]
Event: 669.751 Thread 0x00007f9a340b3720 10695       3       java.util.LinkedList::get (14 bytes)
Event: 671.013 Thread 0x00007f9a340b3720 nmethod 10695 0x00007f9a1cc3da90 code [0x00007f9a1cc3dc80, 0x00007f9a1cc3e240]
Event: 686.124 Thread 0x00007f9a340b2210 10696       4       java.util.AbstractCollection::isEmpty (13 bytes)

GC Heap History (20 events):
Event: 712.740 GC heap before
{Heap before GC invocations=599 (full 474):
 PSYoungGen      total 28160K, used 19456K [0x00000000f5580000, 0x00000000f7b00000, 0x0000000100000000)
  eden space 19456K, 100% used [0x00000000f5580000,0x00000000f6880000,0x00000000f6880000)
  from space 8704K, 0% used [0x00000000f6880000,0x00000000f6880000,0x00000000f7100000)
  to   space 8704K, 0% used [0x00000000f7100000,0x00000000f7100000,0x00000000f7980000)
 ParOldGen       total 349696K, used 349695K [0x00000000e0000000, 0x00000000f5580000, 0x00000000f5580000)
  object space 349696K, 99% used [0x00000000e0000000,0x00000000f557ffd8,0x00000000f5580000)
 Metaspace       used 58310K, committed 59264K, reserved 1105920K
  class space    used 5562K, committed 5952K, reserved 1048576K
}
Event: 714.062 GC heap after
{Heap after GC invocations=599 (full 474):
 PSYoungGen      total 28160K, used 19455K [0x00000000f5580000, 0x00000000f7b00000, 0x0000000100000000)
  eden space 19456K, 99% used [0x00000000f5580000,0x00000000f687ffd0,0x00000000f6880000)
  from space 8704K, 0% used [0x00000000f7100000,0x00000000f7100000,0x00000000f7980000)
  to   space 8704K, 0% used [0x00000000f6880000,0x00000000f6880000,0x00000000f7100000)
 ParOldGen       total 349696K, used 349695K [0x00000000e0000000, 0x00000000f5580000, 0x00000000f5580000)
  object space 349696K, 99% used [0x00000000e0000000,0x00000000f557ffd8,0x00000000f5580000)
 Metaspace       used 58310K, committed 59264K, reserved 1105920K
  class space    used 5562K, committed 5952K, reserved 1048576K
}
Event: 714.067 GC heap before
{Heap before GC invocations=600 (full 475):
 PSYoungGen      total 28160K, used 19456K [0x00000000f5580000, 0x00000000f7b00000, 0x0000000100000000)
  eden space 19456K, 100% used [0x00000000f5580000,0x00000000f6880000,0x00000000f6880000)
  from space 8704K, 0% used [0x00000000f7100000,0x00000000f7100000,0x00000000f7980000)
  to   space 8704K, 0% used [0x00000000f6880000,0x00000000f6880000,0x00000000f7100000)
 ParOldGen       total 349696K, used 349695K [0x00000000e0000000, 0x00000000f5580000, 0x00000000f5580000)
  object space 349696K, 99% used [0x00000000e0000000,0x00000000f557ffd8,0x00000000f5580000)
 Metaspace       used 58310K, committed 59264K, reserved 1105920K
  class space    used 5562K, committed 5952K, reserved 1048576K
}
Event: 715.274 GC heap after
{Heap after GC invocations=600 (full 475):
 PSYoungGen      total 28160K, used 19455K [0x00000000f5580000, 0x00000000f7b00000, 0x0000000100000000)
  eden space 19456K, 99% used [0x00000000f5580000,0x00000000f687ffd0,0x00000000f6880000)
  from space 8704K, 0% used [0x00000000f6880000,0x00000000f6880000,0x00000000f7100000)
  to   space 8704K, 0% used [0x00000000f7100000,0x00000000f7100000,0x00000000f7980000)
 ParOldGen       total 349696K, used 349695K [0x00000000e0000000, 0x00000000f5580000, 0x00000000f5580000)
  object space 349696K, 99% used [0x00000000e0000000,0x00000000f557ffd8,0x00000000f5580000)
 Metaspace       used 58310K, committed 59264K, reserved 1105920K
  class space    used 5562K, committed 5952K, reserved 1048576K
}
Event: 715.274 GC heap before
{Heap before GC invocations=601 (full 476):
 PSYoungGen      total 28160K, used 19456K [0x00000000f5580000, 0x00000000f7b00000, 0x0000000100000000)
  eden space 19456K, 100% used [0x00000000f5580000,0x00000000f6880000,0x00000000f6880000)
  from space 8704K, 0% used [0x00000000f6880000,0x00000000f6880000,0x00000000f7100000)
  to   space 8704K, 0% used [0x00000000f7100000,0x00000000f7100000,0x00000000f7980000)
 ParOldGen       total 349696K, used 349695K [0x00000000e0000000, 0x00000000f5580000, 0x00000000f5580000)
  object space 349696K, 99% used [0x00000000e0000000,0x00000000f557ffd8,0x00000000f5580000)
 Metaspace       used 58310K, committed 59264K, reserved 1105920K
  class space    used 5562K, committed 5952K, reserved 1048576K
}
Event: 716.880 GC heap after
{Heap after GC invocations=601 (full 476):
 PSYoungGen      total 28160K, used 19455K [0x00000000f5580000, 0x00000000f7b00000, 0x0000000100000000)
  eden space 19456K, 99% used [0x00000000f5580000,0x00000000f687ffd0,0x00000000f6880000)
  from space 8704K, 0% used [0x00000000f7100000,0x00000000f7100000,0x00000000f7980000)
  to   space 8704K, 0% used [0x00000000f6880000,0x00000000f6880000,0x00000000f7100000)
 ParOldGen       total 349696K, used 349695K [0x00000000e0000000, 0x00000000f5580000, 0x00000000f5580000)
  object space 349696K, 99% used [0x00000000e0000000,0x00000000f557ffd8,0x00000000f5580000)
 Metaspace       used 58310K, committed 59264K, reserved 1105920K
  class space    used 5562K, committed 5952K, reserved 1048576K
}
Event: 716.881 GC heap before
{Heap before GC invocations=602 (full 477):
 PSYoungGen      total 28160K, used 19455K [0x00000000f5580000, 0x00000000f7b00000, 0x0000000100000000)
  eden space 19456K, 99% used [0x00000000f5580000,0x00000000f687fff0,0x00000000f6880000)
  from space 8704K, 0% used [0x00000000f7100000,0x00000000f7100000,0x00000000f7980000)
  to   space 8704K, 0% used [0x00000000f6880000,0x00000000f6880000,0x00000000f7100000)
 ParOldGen       total 349696K, used 349695K [0x00000000e0000000, 0x00000000f5580000, 0x00000000f5580000)
  object space 349696K, 99% used [0x00000000e0000000,0x00000000f557ffd8,0x00000000f5580000)
 Metaspace       used 58310K, committed 59264K, reserved 1105920K
  class space    used 5562K, committed 5952K, reserved 1048576K
}
Event: 718.063 GC heap after
{Heap after GC invocations=602 (full 477):
 PSYoungGen      total 28160K, used 19455K [0x00000000f5580000, 0x00000000f7b00000, 0x0000000100000000)
  eden space 19456K, 99% used [0x00000000f5580000,0x00000000f687fff0,0x00000000f6880000)
  from space 8704K, 0% used [0x00000000f6880000,0x00000000f6880000,0x00000000f7100000)
  to   space 8704K, 0% used [0x00000000f7100000,0x00000000f7100000,0x00000000f7980000)
 ParOldGen       total 349696K, used 349695K [0x00000000e0000000, 0x00000000f5580000, 0x00000000f5580000)
  object space 349696K, 99% used [0x00000000e0000000,0x00000000f557ffd8,0x00000000f5580000)
 Metaspace       used 58310K, committed 59264K, reserved 1105920K
  class space    used 5562K, committed 5952K, reserved 1048576K
}
Event: 718.063 GC heap before
{Heap before GC invocations=603 (full 478):
 PSYoungGen      total 28160K, used 19455K [0x00000000f5580000, 0x00000000f7b00000, 0x0000000100000000)
  eden space 19456K, 99% used [0x00000000f5580000,0x00000000f687fff0,0x00000000f6880000)
  from space 8704K, 0% used [0x00000000f6880000,0x00000000f6880000,0x00000000f7100000)
  to   space 8704K, 0% used [0x00000000f7100000,0x00000000f7100000,0x00000000f7980000)
 ParOldGen       total 349696K, used 349695K [0x00000000e0000000, 0x00000000f5580000, 0x00000000f5580000)
  object space 349696K, 99% used [0x00000000e0000000,0x00000000f557fff0,0x00000000f5580000)
 Metaspace       used 58310K, committed 59264K, reserved 1105920K
  class space    used 5562K, committed 5952K, reserved 1048576K
}
Event: 719.274 GC heap after
{Heap after GC invocations=603 (full 478):
 PSYoungGen      total 28160K, used 19455K [0x00000000f5580000, 0x00000000f7b00000, 0x0000000100000000)
  eden space 19456K, 99% used [0x00000000f5580000,0x00000000f687fff0,0x00000000f6880000)
  from space 8704K, 0% used [0x00000000f7100000,0x00000000f7100000,0x00000000f7980000)
  to   space 8704K, 0% used [0x00000000f6880000,0x00000000f6880000,0x00000000f7100000)
 ParOldGen       total 349696K, used 349695K [0x00000000e0000000, 0x00000000f5580000, 0x00000000f5580000)
  object space 349696K, 99% used [0x00000000e0000000,0x00000000f557fff0,0x00000000f5580000)
 Metaspace       used 58310K, committed 59264K, reserved 1105920K
  class space    used 5562K, committed 5952K, reserved 1048576K
}
Event: 719.274 GC heap before
{Heap before GC invocations=604 (full 479):
 PSYoungGen      total 28160K, used 19455K [0x00000000f5580000, 0x00000000f7b00000, 0x0000000100000000)
  eden space 19456K, 99% used [0x00000000f5580000,0x00000000f687fff0,0x00000000f6880000)
  from space 8704K, 0% used [0x00000000f7100000,0x00000000f7100000,0x00000000f7980000)
  to   space 8704K, 0% used [0x00000000f6880000,0x00000000f6880000,0x00000000f7100000)
 ParOldGen       total 349696K, used 349695K [0x00000000e0000000, 0x00000000f5580000, 0x00000000f5580000)
  object space 349696K, 99% used [0x00000000e0000000,0x00000000f557fff0,0x00000000f5580000)
 Metaspace       used 58310K, committed 59264K, reserved 1105920K
  class space    used 5562K, committed 5952K, reserved 1048576K
}
Event: 720.620 GC heap after
{Heap after GC invocations=604 (full 479):
 PSYoungGen      total 28160K, used 19455K [0x00000000f5580000, 0x00000000f7b00000, 0x0000000100000000)
  eden space 19456K, 99% used [0x00000000f5580000,0x00000000f687fff0,0x00000000f6880000)
  from space 8704K, 0% used [0x00000000f6880000,0x00000000f6880000,0x00000000f7100000)
  to   space 8704K, 0% used [0x00000000f7100000,0x00000000f7100000,0x00000000f7980000)
 ParOldGen       total 349696K, used 349695K [0x00000000e0000000, 0x00000000f5580000, 0x00000000f5580000)
  object space 349696K, 99% used [0x00000000e0000000,0x00000000f557fff0,0x00000000f5580000)
 Metaspace       used 58310K, committed 59264K, reserved 1105920K
  class space    used 5562K, committed 5952K, reserved 1048576K
}
Event: 720.622 GC heap before
{Heap before GC invocations=605 (full 480):
 PSYoungGen      total 28160K, used 19455K [0x00000000f5580000, 0x00000000f7b00000, 0x0000000100000000)
  eden space 19456K, 99% used [0x00000000f5580000,0x00000000f687fff0,0x00000000f6880000)
  from space 8704K, 0% used [0x00000000f6880000,0x00000000f6880000,0x00000000f7100000)
  to   space 8704K, 0% used [0x00000000f7100000,0x00000000f7100000,0x00000000f7980000)
 ParOldGen       total 349696K, used 349695K [0x00000000e0000000, 0x00000000f5580000, 0x00000000f5580000)
  object space 349696K, 99% used [0x00000000e0000000,0x00000000f557fff0,0x00000000f5580000)
 Metaspace       used 58310K, committed 59264K, reserved 1105920K
  class space    used 5562K, committed 5952K, reserved 1048576K
}
Event: 721.658 GC heap after
{Heap after GC invocations=605 (full 480):
 PSYoungGen      total 28160K, used 19455K [0x00000000f5580000, 0x00000000f7b00000, 0x0000000100000000)
  eden space 19456K, 99% used [0x00000000f5580000,0x00000000f687ffe0,0x00000000f6880000)
  from space 8704K, 0% used [0x00000000f7100000,0x00000000f7100000,0x00000000f7980000)
  to   space 8704K, 0% used [0x00000000f6880000,0x00000000f6880000,0x00000000f7100000)
 ParOldGen       total 349696K, used 349693K [0x00000000e0000000, 0x00000000f5580000, 0x00000000f5580000)
  object space 349696K, 99% used [0x00000000e0000000,0x00000000f557f720,0x00000000f5580000)
 Metaspace       used 58310K, committed 59264K, reserved 1105920K
  class space    used 5562K, committed 5952K, reserved 1048576K
}
Event: 721.713 GC heap before
{Heap before GC invocations=606 (full 481):
 PSYoungGen      total 28160K, used 19455K [0x00000000f5580000, 0x00000000f7b00000, 0x0000000100000000)
  eden space 19456K, 99% used [0x00000000f5580000,0x00000000f687fff8,0x00000000f6880000)
  from space 8704K, 0% used [0x00000000f7100000,0x00000000f7100000,0x00000000f7980000)
  to   space 8704K, 0% used [0x00000000f6880000,0x00000000f6880000,0x00000000f7100000)
 ParOldGen       total 349696K, used 349693K [0x00000000e0000000, 0x00000000f5580000, 0x00000000f5580000)
  object space 349696K, 99% used [0x00000000e0000000,0x00000000f557f720,0x00000000f5580000)
 Metaspace       used 58310K, committed 59264K, reserved 1105920K
  class space    used 5562K, committed 5952K, reserved 1048576K
}
Event: 722.962 GC heap after
{Heap after GC invocations=606 (full 481):
 PSYoungGen      total 28160K, used 19455K [0x00000000f5580000, 0x00000000f7b00000, 0x0000000100000000)
  eden space 19456K, 99% used [0x00000000f5580000,0x00000000f687fff8,0x00000000f6880000)
  from space 8704K, 0% used [0x00000000f6880000,0x00000000f6880000,0x00000000f7100000)
  to   space 8704K, 0% used [0x00000000f7100000,0x00000000f7100000,0x00000000f7980000)
 ParOldGen       total 349696K, used 349693K [0x00000000e0000000, 0x00000000f5580000, 0x00000000f5580000)
  object space 349696K, 99% used [0x00000000e0000000,0x00000000f557f720,0x00000000f5580000)
 Metaspace       used 58310K, committed 59264K, reserved 1105920K
  class space    used 5562K, committed 5952K, reserved 1048576K
}
Event: 722.962 GC heap before
{Heap before GC invocations=607 (full 482):
 PSYoungGen      total 28160K, used 19455K [0x00000000f5580000, 0x00000000f7b00000, 0x0000000100000000)
  eden space 19456K, 99% used [0x00000000f5580000,0x00000000f687fff8,0x00000000f6880000)
  from space 8704K, 0% used [0x00000000f6880000,0x00000000f6880000,0x00000000f7100000)
  to   space 8704K, 0% used [0x00000000f7100000,0x00000000f7100000,0x00000000f7980000)
 ParOldGen       total 349696K, used 349695K [0x00000000e0000000, 0x00000000f5580000, 0x00000000f5580000)
  object space 349696K, 99% used [0x00000000e0000000,0x00000000f557fdc0,0x00000000f5580000)
 Metaspace       used 58310K, committed 59264K, reserved 1105920K
  class space    used 5562K, committed 5952K, reserved 1048576K
}
Event: 724.144 GC heap after
{Heap after GC invocations=607 (full 482):
 PSYoungGen      total 28160K, used 19455K [0x00000000f5580000, 0x00000000f7b00000, 0x0000000100000000)
  eden space 19456K, 99% used [0x00000000f5580000,0x00000000f687fe80,0x00000000f6880000)
  from space 8704K, 0% used [0x00000000f7100000,0x00000000f7100000,0x00000000f7980000)
  to   space 8704K, 0% used [0x00000000f6880000,0x00000000f6880000,0x00000000f7100000)
 ParOldGen       total 349696K, used 349693K [0x00000000e0000000, 0x00000000f5580000, 0x00000000f5580000)
  object space 349696K, 99% used [0x00000000e0000000,0x00000000f557f658,0x00000000f5580000)
 Metaspace       used 58310K, committed 59264K, reserved 1105920K
  class space    used 5562K, committed 5952K, reserved 1048576K
}
Event: 724.144 GC heap before
{Heap before GC invocations=608 (full 483):
 PSYoungGen      total 28160K, used 19455K [0x00000000f5580000, 0x00000000f7b00000, 0x0000000100000000)
  eden space 19456K, 99% used [0x00000000f5580000,0x00000000f687fe80,0x00000000f6880000)
  from space 8704K, 0% used [0x00000000f7100000,0x00000000f7100000,0x00000000f7980000)
  to   space 8704K, 0% used [0x00000000f6880000,0x00000000f6880000,0x00000000f7100000)
 ParOldGen       total 349696K, used 349693K [0x00000000e0000000, 0x00000000f5580000, 0x00000000f5580000)
  object space 349696K, 99% used [0x00000000e0000000,0x00000000f557f658,0x00000000f5580000)
 Metaspace       used 58310K, committed 59264K, reserved 1105920K
  class space    used 5562K, committed 5952K, reserved 1048576K
}
Event: 725.359 GC heap after
{Heap after GC invocations=608 (full 483):
 PSYoungGen      total 28160K, used 19455K [0x00000000f5580000, 0x00000000f7b00000, 0x0000000100000000)
  eden space 19456K, 99% used [0x00000000f5580000,0x00000000f687fe80,0x00000000f6880000)
  from space 8704K, 0% used [0x00000000f6880000,0x00000000f6880000,0x00000000f7100000)
  to   space 8704K, 0% used [0x00000000f7100000,0x00000000f7100000,0x00000000f7980000)
 ParOldGen       total 349696K, used 349693K [0x00000000e0000000, 0x00000000f5580000, 0x00000000f5580000)
  object space 349696K, 99% used [0x00000000e0000000,0x00000000f557f658,0x00000000f5580000)
 Metaspace       used 58310K, committed 59264K, reserved 1105920K
  class space    used 5562K, committed 5952K, reserved 1048576K
}

Dll operation events (9 events):
Event: 0.002 Loaded shared library /nix/store/gpxl5qgg8kicmcvivwmybwjlpf7wh20l-graalvm17-ce-22.3.0/lib/libjava.so
Event: 0.008 Loaded shared library /nix/store/gpxl5qgg8kicmcvivwmybwjlpf7wh20l-graalvm17-ce-22.3.0/lib/libjsvml.so
Event: 0.224 Loaded shared library /nix/store/gpxl5qgg8kicmcvivwmybwjlpf7wh20l-graalvm17-ce-22.3.0/lib/libnio.so
Event: 0.229 Loaded shared library /nix/store/gpxl5qgg8kicmcvivwmybwjlpf7wh20l-graalvm17-ce-22.3.0/lib/libzip.so
Event: 0.231 Loaded shared library /nix/store/gpxl5qgg8kicmcvivwmybwjlpf7wh20l-graalvm17-ce-22.3.0/lib/libjvmcicompiler.so
Event: 0.820 Loaded shared library /nix/store/gpxl5qgg8kicmcvivwmybwjlpf7wh20l-graalvm17-ce-22.3.0/lib/libjimage.so
Event: 1.618 Loaded shared library /nix/store/gpxl5qgg8kicmcvivwmybwjlpf7wh20l-graalvm17-ce-22.3.0/lib/libnet.so
Event: 6.815 Loaded shared library /home/runner/.cache/jdt-language-server/config/org.eclipse.equinox.launcher/org.eclipse.equinox.launcher.gtk.linux.x86_64_1.2.400.v20211117-0650/eclipse_11600.so
Event: 22.930 Loaded shared library /nix/store/gpxl5qgg8kicmcvivwmybwjlpf7wh20l-graalvm17-ce-22.3.0/lib/libextnet.so

Deoptimization events (20 events):
Event: 103.035 Thread 0x00007f99c8477750 DEOPT PACKING pc=0x00007f9a1cc2e205 sp=0x00007f99e05fe530
Event: 103.035 Thread 0x00007f99c8477750 DEOPT UNPACKING pc=0x00007f9a1b505325 sp=0x00007f99e05fda20 mode 0
Event: 103.039 Thread 0x00007f99c8477750 DEOPT PACKING pc=0x00007f9a1cc2e205 sp=0x00007f99e05fe530
Event: 103.039 Thread 0x00007f99c8477750 DEOPT UNPACKING pc=0x00007f9a1b505325 sp=0x00007f99e05fda20 mode 0
Event: 103.043 Thread 0x00007f99c8477750 DEOPT PACKING pc=0x00007f9a1cc2e205 sp=0x00007f99e05fe530
Event: 103.043 Thread 0x00007f99c8477750 DEOPT UNPACKING pc=0x00007f9a1b505325 sp=0x00007f99e05fda20 mode 0
Event: 103.113 Thread 0x00007f99c8477750 DEOPT PACKING pc=0x00007f9a1cc2e205 sp=0x00007f99e05fe530
Event: 103.113 Thread 0x00007f99c8477750 DEOPT UNPACKING pc=0x00007f9a1b505325 sp=0x00007f99e05fda20 mode 0
Event: 103.115 Thread 0x00007f99c8477750 DEOPT PACKING pc=0x00007f9a1cc2e205 sp=0x00007f99e05fe530
Event: 103.115 Thread 0x00007f99c8477750 DEOPT UNPACKING pc=0x00007f9a1b505325 sp=0x00007f99e05fda20 mode 0
Event: 103.123 Thread 0x00007f99c8477750 DEOPT PACKING pc=0x00007f9a1cc2e205 sp=0x00007f99e05fe530
Event: 103.123 Thread 0x00007f99c8477750 DEOPT UNPACKING pc=0x00007f9a1b505325 sp=0x00007f99e05fda20 mode 0
Event: 113.936 Thread 0x00007f9a340b2210 Uncommon trap: trap_request=0xffffffcd fr.pc=0x00007f9a2312c105 relative=0x00000000000004c5
Event: 113.936 Thread 0x00007f9a340b2210 Uncommon trap: reason=intrinsic_or_type_checked_inlining action=reinterpret pc=0x00007f9a2312c105 method=java.io.DataOutputStream.writeInt(I)V @ 0 jvmci
Event: 113.936 Thread 0x00007f9a340b2210 DEOPT PACKING pc=0x00007f9a2312c105 sp=0x00007f9a19418000
Event: 113.936 Thread 0x00007f9a340b2210 DEOPT UNPACKING pc=0x00007f9a1b505325 sp=0x00007f9a194174d8 mode 3
Event: 559.570 Thread 0x00007f99980f0320 Uncommon trap: trap_request=0xffffffed fr.pc=0x00007f9a230719cb relative=0x000000000000040b
Event: 559.570 Thread 0x00007f99980f0320 Uncommon trap: reason=null_assert_or_unreached0 action=reinterpret pc=0x00007f9a230719cb method=java.util.WeakHashMap.remove(Ljava/lang/Object;)Ljava/lang/Object; @ 68 jvmci
Event: 559.570 Thread 0x00007f99980f0320 DEOPT PACKING pc=0x00007f9a230719cb sp=0x00007f99df3fe020
Event: 559.570 Thread 0x00007f99980f0320 DEOPT UNPACKING pc=0x00007f9a1b505325 sp=0x00007f99df3fd4c0 mode 3

Classes unloaded (20 events):
Event: 175.841 Thread 0x00007f9a340a1c10 Unloading class 0x0000000800eec800 'jdk/internal/reflect/GeneratedConstructorAccessor10'
Event: 175.841 Thread 0x00007f9a340a1c10 Unloading class 0x0000000800eec400 'jdk/internal/reflect/GeneratedConstructorAccessor9'
Event: 175.841 Thread 0x00007f9a340a1c10 Unloading class 0x0000000800eec000 'jdk/internal/reflect/GeneratedConstructorAccessor8'
Event: 180.314 Thread 0x00007f9a340a1c10 Unloading class 0x0000000800d04000 'java/lang/invoke/LambdaForm$MH+0x0000000800d04000'
Event: 183.519 Thread 0x00007f9a340a1c10 Unloading class 0x00000008011c0c00 'jdk/internal/reflect/GeneratedConstructorAccessor35'
Event: 183.519 Thread 0x00007f9a340a1c10 Unloading class 0x00000008011c0400 'jdk/internal/reflect/GeneratedConstructorAccessor34'
Event: 183.519 Thread 0x00007f9a340a1c10 Unloading class 0x0000000801099400 'jdk/internal/reflect/GeneratedSerializationConstructorAccessor4'
Event: 183.519 Thread 0x00007f9a340a1c10 Unloading class 0x0000000801099000 'jdk/internal/reflect/GeneratedSerializationConstructorAccessor3'
Event: 183.519 Thread 0x00007f9a340a1c10 Unloading class 0x0000000801098c00 'jdk/internal/reflect/GeneratedSerializationConstructorAccessor2'
Event: 183.519 Thread 0x00007f9a340a1c10 Unloading class 0x0000000801098800 'jdk/internal/reflect/GeneratedSerializationConstructorAccessor1'
Event: 183.519 Thread 0x00007f9a340a1c10 Unloading class 0x0000000801050400 'java/lang/invoke/LambdaForm$MH+0x0000000801050400'
Event: 183.519 Thread 0x00007f9a340a1c10 Unloading class 0x0000000801050000 'java/lang/invoke/LambdaForm$MH+0x0000000801050000'
Event: 183.519 Thread 0x00007f9a340a1c10 Unloading class 0x000000080104fc00 'java/lang/invoke/LambdaForm$MH+0x000000080104fc00'
Event: 183.519 Thread 0x00007f9a340a1c10 Unloading class 0x000000080104f800 'java/lang/invoke/LambdaForm$MH+0x000000080104f800'
Event: 183.519 Thread 0x00007f9a340a1c10 Unloading class 0x000000080104f400 'java/lang/invoke/LambdaForm$MH+0x000000080104f400'
Event: 183.519 Thread 0x00007f9a340a1c10 Unloading class 0x000000080104f000 'java/lang/invoke/LambdaForm$MH+0x000000080104f000'
Event: 183.519 Thread 0x00007f9a340a1c10 Unloading class 0x0000000800d98400 'java/lang/invoke/LambdaForm$MH+0x0000000800d98400'
Event: 653.731 Thread 0x00007f9a340a1c10 Unloading class 0x0000000800d04000 'jdk/internal/reflect/GeneratedSerializationConstructorAccessor7'
Event: 677.843 Thread 0x00007f9a340a1c10 Unloading class 0x00000008011c0400 'jdk/internal/reflect/GeneratedSerializationConstructorAccessor6'
Event: 677.843 Thread 0x00007f9a340a1c10 Unloading class 0x00000008011c0c00 'jdk/internal/reflect/GeneratedSerializationConstructorAccessor5'

Classes redefined (0 events):
No events

Internal exceptions (20 events):
Event: 72.228 Thread 0x00007f99c831cb20 Exception <a 'sun/nio/fs/UnixException'{0x00000000f59891b0}> (0x00000000f59891b0) 
thrown [src/hotspot/share/prims/jni.cpp, line 516]
Event: 72.229 Thread 0x00007f99c831cb20 Exception <a 'sun/nio/fs/UnixException'{0x00000000f59a4430}> (0x00000000f59a4430) 
thrown [src/hotspot/share/prims/jni.cpp, line 516]
Event: 72.937 Thread 0x00007f99c831cb20 Exception <a 'sun/nio/fs/UnixException'{0x00000000f5f7da80}> (0x00000000f5f7da80) 
thrown [src/hotspot/share/prims/jni.cpp, line 516]
Event: 73.114 Thread 0x00007f99c831cb20 Exception <a 'sun/nio/fs/UnixException'{0x00000000f6a80d08}> (0x00000000f6a80d08) 
thrown [src/hotspot/share/prims/jni.cpp, line 516]
Event: 73.213 Thread 0x00007f99c831cb20 Exception <a 'sun/nio/fs/UnixException'{0x00000000f6e38090}> (0x00000000f6e38090) 
thrown [src/hotspot/share/prims/jni.cpp, line 516]
Event: 74.431 Thread 0x00007f99b004f9f0 Implicit null exception at 0x00007f9a2314f83c to 0x00007f9a1b504f68
Event: 75.070 Thread 0x00007f99a4160320 Exception <a 'java/lang/NoSuchMethodError'{0x00000000f5b3b098}: 'java.lang.Object java.lang.invoke.DirectMethodHandle$Holder.invokeStatic(java.lang.Object, int, java.lang.Object, java.lang.Object, java.lang.Object, java.lang.Object)'> (0x00000000f5b3b098) 
thrown [src/hotspot/share/interpreter/linkResolver.cpp, line 758]
Event: 75.340 Thread 0x00007f99a415e800 Exception <a 'java/lang/ArrayIndexOutOfBoundsException'{0x00000000f5fe0b30}: Index 47 out of bounds for length 47> (0x00000000f5fe0b30) 
thrown [src/hotspot/share/interpreter/interpreterRuntime.cpp, line 428]
Event: 75.525 Thread 0x00007f99a4169a50 Exception <a 'java/lang/NoSuchMethodError'{0x00000000f63d1c30}: 'void java.lang.invoke.DirectMethodHandle$Holder.invokeSpecial(java.lang.Object, java.lang.Object, int)'> (0x00000000f63d1c30) 
thrown [src/hotspot/share/interpreter/linkResolver.cpp, line 758]
Event: 75.857 Thread 0x00007f99a415e800 Exception <a 'java/lang/ArrayIndexOutOfBoundsException'{0x00000000f6a3adc8}: Index 47 out of bounds for length 47> (0x00000000f6a3adc8) 
thrown [src/hotspot/share/interpreter/interpreterRuntime.cpp, line 428]
Event: 76.061 Thread 0x00007f99a415e800 Exception <a 'java/lang/ArrayIndexOutOfBoundsException'{0x00000000f6eb2d98}: Index 47 out of bounds for length 47> (0x00000000f6eb2d98) 
thrown [src/hotspot/share/interpreter/interpreterRuntime.cpp, line 428]
Event: 76.416 Thread 0x00007f99a415e800 Exception <a 'java/lang/ArrayIndexOutOfBoundsException'{0x00000000f76cd858}: Index 47 out of bounds for length 47> (0x00000000f76cd858) 
thrown [src/hotspot/share/interpreter/interpreterRuntime.cpp, line 428]
Event: 76.445 Thread 0x00007f99a4161420 Exception <a 'java/lang/NoSuchMethodError'{0x00000000f77330c8}: 'int java.lang.invoke.DirectMethodHandle$Holder.invokeSpecialIFC(java.lang.Object, java.lang.Object, java.lang.Object, java.lang.Object)'> (0x00000000f77330c8) 
thrown [src/hotspot/share/interpreter/linkResolver.cpp, line 758]
Event: 77.560 Thread 0x00007f99a415e800 Exception <a 'java/lang/ArrayIndexOutOfBoundsException'{0x00000000f56dd6c8}: Index 47 out of bounds for length 47> (0x00000000f56dd6c8) 
thrown [src/hotspot/share/interpreter/interpreterRuntime.cpp, line 428]
Event: 78.252 Thread 0x00007f99a415e800 Exception <a 'java/lang/ArrayIndexOutOfBoundsException'{0x00000000f673bd28}: Index 47 out of bounds for length 47> (0x00000000f673bd28) 
thrown [src/hotspot/share/interpreter/interpreterRuntime.cpp, line 428]
Event: 82.715 Thread 0x00007f99b004f9f0 Implicit null exception at 0x00007f9a230bf2bf to 0x00007f9a230bf403
Event: 652.786 Thread 0x00007f99980f0320 Exception <a 'java/lang/OutOfMemoryError'{0x00000000e0010630}> (0x00000000e0010630) 
thrown [src/hotspot/share/gc/shared/memAllocator.cpp, line 136]
Event: 701.347 Thread 0x00007f999401a330 Exception <a 'java/lang/OutOfMemoryError'{0x00000000e0010900}> (0x00000000e0010900) 
thrown [src/hotspot/share/gc/shared/memAllocator.cpp, line 136]
Event: 720.620 Thread 0x00007f99980f0320 Exception <a 'java/lang/OutOfMemoryError'{0x00000000e0010ef0}> (0x00000000e0010ef0) 
thrown [src/hotspot/share/gc/shared/memAllocator.cpp, line 136]
Event: 725.359 Thread 0x00007f9a340b2210 Exception <a 'java/lang/OutOfMemoryError'{0x00000000e0010ef0}> (0x00000000e0010ef0) 
thrown [src/hotspot/share/gc/shared/memAllocator.cpp, line 136]

VM Operations (20 events):
Event: 710.172 Executing VM operation: ParallelGCFailedAllocation
Event: 711.464 Executing VM operation: ParallelGCFailedAllocation done
Event: 711.464 Executing VM operation: ParallelGCFailedAllocation
Event: 712.740 Executing VM operation: ParallelGCFailedAllocation done
Event: 712.740 Executing VM operation: ParallelGCFailedAllocation
Event: 714.062 Executing VM operation: ParallelGCFailedAllocation done
Event: 714.066 Executing VM operation: ParallelGCFailedAllocation
Event: 715.274 Executing VM operation: ParallelGCFailedAllocation done
Event: 715.274 Executing VM operation: ParallelGCFailedAllocation
Event: 716.880 Executing VM operation: ParallelGCFailedAllocation done
Event: 716.880 Executing VM operation: ParallelGCFailedAllocation
Event: 718.063 Executing VM operation: ParallelGCFailedAllocation done
Event: 718.063 Executing VM operation: ParallelGCFailedAllocation
Event: 720.620 Executing VM operation: ParallelGCFailedAllocation done
Event: 720.620 Executing VM operation: ParallelGCFailedAllocation
Event: 721.658 Executing VM operation: ParallelGCFailedAllocation done
Event: 721.713 Executing VM operation: ParallelGCFailedAllocation
Event: 722.962 Executing VM operation: ParallelGCFailedAllocation done
Event: 722.962 Executing VM operation: ParallelGCFailedAllocation
Event: 725.359 Executing VM operation: ParallelGCFailedAllocation done

Events (20 events):
Event: 87.217 Thread 0x00007f9a340b4780 flushing nmethod 0x00007f9a23151190
Event: 87.220 Thread 0x00007f9a340b4780 flushing nmethod 0x00007f9a1bce1590
Event: 87.247 Thread 0x00007f9a340b4780 flushing nmethod 0x00007f9a1c72f890
Event: 87.247 Thread 0x00007f9a340b4780 flushing nmethod 0x00007f9a1c7a5e10
Event: 87.248 Thread 0x00007f9a340b4780 flushing nmethod 0x00007f9a1c7e9190
Event: 87.254 Thread 0x00007f9a340b4780 flushing nmethod 0x00007f9a1c8b9f90
Event: 87.254 Thread 0x00007f9a340b4780 flushing nmethod 0x00007f9a1c93eb10
Event: 145.427 Thread 0x00007f99780102c0 Thread exited: 0x00007f99780102c0
Event: 145.427 Thread 0x00007f99b004f9f0 Thread exited: 0x00007f99b004f9f0
Event: 145.427 Thread 0x00007f9998000ff0 Thread exited: 0x00007f9998000ff0
Event: 145.427 Thread 0x00007f99a00cdd80 Thread exited: 0x00007f99a00cdd80
Event: 145.427 Thread 0x00007f99bc0010d0 Thread exited: 0x00007f99bc0010d0
Event: 145.427 Thread 0x00007f99a0001130 Thread exited: 0x00007f99a0001130
Event: 145.427 Thread 0x00007f99bc332dd0 Thread exited: 0x00007f99bc332dd0
Event: 146.951 Thread 0x00007f99c831cb20 Thread exited: 0x00007f99c831cb20
Event: 512.920 Thread 0x00007f997800bd40 Thread added: 0x00007f997800bd40
Event: 512.920 Protecting memory [0x00007f99e0900000,0x00007f99e0904000] with protection modes 0
Event: 521.328 Thread 0x00007f997800bd40 Thread exited: 0x00007f997800bd40
Event: 662.227 loading class java/lang/AssertionError
Event: 662.227 loading class java/lang/AssertionError done


Dynamic libraries:
e0000000-f5580000 rw-p 00000000 00:00 0 
f5580000-f7b00000 rw-p 00000000 00:00 0 
f7b00000-100000000 ---p 00000000 00:00 0 
800000000-800449000 rw-p 00001000 00:183d 4611686019135357769            /nix/store/gpxl5qgg8kicmcvivwmybwjlpf7wh20l-graalvm17-ce-22.3.0/lib/server/classes.jsa
800449000-800bc8000 r--p 0044a000 00:183d 4611686019135357769            /nix/store/gpxl5qgg8kicmcvivwmybwjlpf7wh20l-graalvm17-ce-22.3.0/lib/server/classes.jsa
800bc8000-800c00000 ---p 00000000 00:00 0 
800c00000-800c20000 rw-p 00000000 00:00 0 
800c20000-800c40000 rw-p 00000000 00:00 0 
800c40000-800cc0000 rw-p 00000000 00:00 0 
800cc0000-800d00000 rw-p 00000000 00:00 0 
800d00000-800dc0000 rw-p 00000000 00:00 0 
800dc0000-800e00000 rw-p 00000000 00:00 0 
800e00000-800f40000 rw-p 00000000 00:00 0 
800f40000-800fc0000 rw-p 00000000 00:00 0 
800fc0000-801000000 rw-p 00000000 00:00 0 
801000000-8011d0000 rw-p 00000000 00:00 0 
8011d0000-840c00000 ---p 00000000 00:00 0 
557bb2e93000-557bb2e94000 r-xp 00000000 00:183d 4611686019099417844      /nix/store/gpxl5qgg8kicmcvivwmybwjlpf7wh20l-graalvm17-ce-22.3.0/bin/.java-wrapped
557bb2e95000-557bb2e96000 r--p 00001000 00:183d 4611686019099417844      /nix/store/gpxl5qgg8kicmcvivwmybwjlpf7wh20l-graalvm17-ce-22.3.0/bin/.java-wrapped
557bb2e96000-557bb2e97000 rw-p 00002000 00:183d 4611686019099417844      /nix/store/gpxl5qgg8kicmcvivwmybwjlpf7wh20l-graalvm17-ce-22.3.0/bin/.java-wrapped
557bb2e97000-557bb2e98000 rw-p 00004000 00:183d 4611686019099417844      /nix/store/gpxl5qgg8kicmcvivwmybwjlpf7wh20l-graalvm17-ce-22.3.0/bin/.java-wrapped
557bb2e98000-557bb2e99000 rw-p 00005000 00:183d 4611686019099417844      /nix/store/gpxl5qgg8kicmcvivwmybwjlpf7wh20l-graalvm17-ce-22.3.0/bin/.java-wrapped
557bb4e96000-557bb4ede000 rw-p 00000000 00:00 0                          [heap]
7f9948000000-7f994806a000 rw-p 00000000 00:00 0 
7f994806a000-7f994c000000 ---p 00000000 00:00 0 
7f9950000000-7f9950045000 rw-p 00000000 00:00 0 
7f9950045000-7f9954000000 ---p 00000000 00:00 0 
7f9954000000-7f9954037000 rw-p 00000000 00:00 0 
7f9954037000-7f9958000000 ---p 00000000 00:00 0 
7f9958000000-7f9958054000 rw-p 00000000 00:00 0 
7f9958054000-7f995c000000 ---p 00000000 00:00 0 
7f995c000000-7f995c033000 rw-p 00000000 00:00 0 
7f995c033000-7f9960000000 ---p 00000000 00:00 0 
7f9960000000-7f9960021000 rw-p 00000000 00:00 0 
7f9960021000-7f9964000000 ---p 00000000 00:00 0 
7f9964000000-7f9964021000 rw-p 00000000 00:00 0 
7f9964021000-7f9968000000 ---p 00000000 00:00 0 
7f9968000000-7f9968032000 rw-p 00000000 00:00 0 
7f9968032000-7f996c000000 ---p 00000000 00:00 0 
7f996c000000-7f996c0ae000 rw-p 00000000 00:00 0 
7f996c0ae000-7f9970000000 ---p 00000000 00:00 0 
7f9970000000-7f9970021000 rw-p 00000000 00:00 0 
7f9970021000-7f9974000000 ---p 00000000 00:00 0 
7f9974000000-7f9974021000 rw-p 00000000 00:00 0 
7f9974021000-7f9978000000 ---p 00000000 00:00 0 
7f9978000000-7f9978021000 rw-p 00000000 00:00 0 
7f9978021000-7f997c000000 ---p 00000000 00:00 0 
7f997c000000-7f997c021000 rw-p 00000000 00:00 0 
7f997c021000-7f9980000000 ---p 00000000 00:00 0 
7f9980000000-7f9980021000 rw-p 00000000 00:00 0 
7f9980021000-7f9984000000 ---p 00000000 00:00 0 
7f99864b3000-7f9990000000 r--s 00000000 00:183d 4611686019135192581      /nix/store/gpxl5qgg8kicmcvivwmybwjlpf7wh20l-graalvm17-ce-22.3.0/lib/modules
7f9990000000-7f999004d000 rw-p 00000000 00:00 0 
7f999004d000-7f9994000000 ---p 00000000 00:00 0 
7f9994000000-7f9994050000 rw-p 00000000 00:00 0 
7f9994050000-7f9998000000 ---p 00000000 00:00 0 
7f9998000000-7f9998120000 rw-p 00000000 00:00 0 
7f9998120000-7f999c000000 ---p 00000000 00:00 0 
7f999c000000-7f999c021000 rw-p 00000000 00:00 0 
7f999c021000-7f99a0000000 ---p 00000000 00:00 0 
7f99a0000000-7f99a0109000 rw-p 00000000 00:00 0 
7f99a0109000-7f99a4000000 ---p 00000000 00:00 0 
7f99a4000000-7f99a4188000 rw-p 00000000 00:00 0 
7f99a4188000-7f99a8000000 ---p 00000000 00:00 0 
7f99a8000000-7f99a8021000 rw-p 00000000 00:00 0 
7f99a8021000-7f99ac000000 ---p 00000000 00:00 0 
7f99ac200000-7f99ac300000 ---p 00000000 00:00 0 
7f99ac300000-7f99ac8af000 r--p 01122000 00:183d 4611686019135190040      /nix/store/gpxl5qgg8kicmcvivwmybwjlpf7wh20l-graalvm17-ce-22.3.0/lib/libjvmcicompiler.so
7f99ac8af000-7f99aca00000 r--p 00000000 00:00 0 
7f99aca00000-7f99aca3d000 rw-p 00000000 00:00 0 
7f99aca3d000-7f99acf5d000 rw-p 0185f000 00:183d 4611686019135190040      /nix/store/gpxl5qgg8kicmcvivwmybwjlpf7wh20l-graalvm17-ce-22.3.0/lib/libjvmcicompiler.so
7f99acf5d000-7f99ad344000 r--p 01d7f000 00:183d 4611686019135190040      /nix/store/gpxl5qgg8kicmcvivwmybwjlpf7wh20l-graalvm17-ce-22.3.0/lib/libjvmcicompiler.so
7f99ad400000-7f99ad820000 rw-p 00000000 00:00 0 
7f99ad820000-7f99adc00000 ---p 00000000 00:00 0 
7f99ae000000-7f99ae380000 rw-p 00000000 00:00 0 
7f99ae380000-7f99ae3f0000 rw-p 00000000 00:00 0 
7f99ae3f0000-7f99ae400000 ---p 00000000 00:00 0 
7f99ae400000-7f99ae800000 rw-p 00000000 00:00 0 
7f99ae800000-7f99aeb00000 rw-p 00000000 00:00 0 
7f99aeb00000-7f99aec00000 rw-p 00000000 00:00 0 
7f99aec00000-7f99aef20000 rw-p 00000000 00:00 0 
7f99aef20000-7f99af000000 rw-p 00000000 00:00 0 
7f99af000000-7f99af080000 rw-p 00000000 00:00 0 
7f99af080000-7f99af100000 rw-p 00000000 00:00 0 
7f99af100000-7f99af300000 rw-p 00000000 00:00 0 
7f99af300000-7f99af3c0000 rw-p 00000000 00:00 0 
7f99af3c0000-7f99af500000 rw-p 00000000 00:00 0 
7f99af500000-7f99af800000 rw-p 00000000 00:00 0 
7f99af800000-7f99af900000 rw-p 00000000 00:00 0 
7f99af900000-7f99afa00000 rw-p 00000000 00:00 0 
7f99afa00000-7f99aff80000 rw-p 00000000 00:00 0 
7f99aff80000-7f99b0000000 rw-p 00000000 00:00 0 
7f99b0000000-7f99b0053000 rw-p 00000000 00:00 0 
7f99b0053000-7f99b4000000 ---p 00000000 00:00 0 
7f99b4000000-7f99b406a000 rw-p 00000000 00:00 0 
7f99b406a000-7f99b8000000 ---p 00000000 00:00 0 
7f99b8000000-7f99b8021000 rw-p 00000000 00:00 0 
7f99b8021000-7f99bc000000 ---p 00000000 00:00 0 
7f99bc000000-7f99bc334000 rw-p 00000000 00:00 0 
7f99bc334000-7f99c0000000 ---p 00000000 00:00 0 
7f99c0000000-7f99c0021000 rw-p 00000000 00:00 0 
7f99c0021000-7f99c4000000 ---p 00000000 00:00 0 
7f99c4000000-7f99c4021000 rw-p 00000000 00:00 0 
7f99c4021000-7f99c8000000 ---p 00000000 00:00 0 
7f99c8000000-7f99c88bb000 rw-p 00000000 00:00 0 
7f99c88bb000-7f99cc000000 ---p 00000000 00:00 0 
7f99cc000000-7f99cc026000 rw-p 00000000 00:00 0 
7f99cc026000-7f99d0000000 ---p 00000000 00:00 0 
7f99d0000000-7f99d0021000 rw-p 00000000 00:00 0 
7f99d0021000-7f99d4000000 ---p 00000000 00:00 0 
7f99d4000000-7f99d4021000 rw-p 00000000 00:00 0 
7f99d4021000-7f99d8000000 ---p 00000000 00:00 0 
7f99d8000000-7f99d805c000 rw-p 00000000 00:00 0 
7f99d805c000-7f99dc000000 ---p 00000000 00:00 0 
7f99dc400000-7f99dc500000 rw-p 00000000 00:00 0 
7f99dc500000-7f99dc600000 rw-p 00000000 00:00 0 
7f99dc600000-7f99dc900000 rw-p 00000000 00:00 0 
7f99dc900000-7f99dca00000 rw-p 00000000 00:00 0 
7f99dca00000-7f99dcc00000 rw-p 00000000 00:00 0 
7f99dce00000-7f99dce10000 r-xp 00000000 00:183a 355                      /home/runner/.cache/jdt-language-server/config/org.eclipse.equinox.launcher/org.eclipse.equinox.launcher.gtk.linux.x86_64_1.2.400.v20211117-0650/eclipse_11600.so
7f99dce10000-7f99dd00f000 ---p 00010000 00:183a 355                      /home/runner/.cache/jdt-language-server/config/org.eclipse.equinox.launcher/org.eclipse.equinox.launcher.gtk.linux.x86_64_1.2.400.v20211117-0650/eclipse_11600.so
7f99dd00f000-7f99dd010000 r--p 0000f000 00:183a 355                      /home/runner/.cache/jdt-language-server/config/org.eclipse.equinox.launcher/org.eclipse.equinox.launcher.gtk.linux.x86_64_1.2.400.v20211117-0650/eclipse_11600.so
7f99dd010000-7f99dd011000 rw-p 00010000 00:183a 355                      /home/runner/.cache/jdt-language-server/config/org.eclipse.equinox.launcher/org.eclipse.equinox.launcher.gtk.linux.x86_64_1.2.400.v20211117-0650/eclipse_11600.so
7f99de100000-7f99de104000 ---p 00000000 00:00 0 
7f99de104000-7f99de200000 rw-p 00000000 00:00 0 
7f99de300000-7f99de304000 ---p 00000000 00:00 0 
7f99de304000-7f99de400000 rw-p 00000000 00:00 0 
7f99de500000-7f99de504000 ---p 00000000 00:00 0 
7f99de504000-7f99de600000 rw-p 00000000 00:00 0 
7f99de700000-7f99de704000 ---p 00000000 00:00 0 
7f99de704000-7f99de800000 rw-p 00000000 00:00 0 
7f99de900000-7f99de904000 ---p 00000000 00:00 0 
7f99de904000-7f99dea00000 rw-p 00000000 00:00 0 
7f99deb00000-7f99deb04000 ---p 00000000 00:00 0 
7f99deb04000-7f99dec00000 rw-p 00000000 00:00 0 
7f99ded00000-7f99ded04000 ---p 00000000 00:00 0 
7f99ded04000-7f99dee00000 rw-p 00000000 00:00 0 
7f99dee00000-7f99dee04000 ---p 00000000 00:00 0 
7f99dee04000-7f99def00000 rw-p 00000000 00:00 0 
7f99def00000-7f99def04000 ---p 00000000 00:00 0 
7f99def04000-7f99df000000 rw-p 00000000 00:00 0 
7f99df000000-7f99df004000 ---p 00000000 00:00 0 
7f99df004000-7f99df100000 rw-p 00000000 00:00 0 
7f99df100000-7f99df104000 ---p 00000000 00:00 0 
7f99df104000-7f99df200000 rw-p 00000000 00:00 0 
7f99df300000-7f99df304000 ---p 00000000 00:00 0 
7f99df304000-7f99df400000 rw-p 00000000 00:00 0 
7f99df400000-7f99df404000 ---p 00000000 00:00 0 
7f99df404000-7f99df500000 rw-p 00000000 00:00 0 
7f99df500000-7f99df504000 ---p 00000000 00:00 0 
7f99df504000-7f99df600000 rw-p 00000000 00:00 0 
7f99df700000-7f99df704000 ---p 00000000 00:00 0 
7f99df704000-7f99df800000 rw-p 00000000 00:00 0 
7f99df900000-7f99df904000 ---p 00000000 00:00 0 
7f99df904000-7f99dfa00000 rw-p 00000000 00:00 0 
7f99dfb00000-7f99dfb04000 ---p 00000000 00:00 0 
7f99dfb04000-7f99dfc00000 rw-p 00000000 00:00 0 
7f99dfd00000-7f99dfd04000 ---p 00000000 00:00 0 
7f99dfd04000-7f99dfe00000 rw-p 00000000 00:00 0 
7f99dff00000-7f99dff04000 ---p 00000000 00:00 0 
7f99dff04000-7f99e0000000 rw-p 00000000 00:00 0 
7f99e0100000-7f99e0104000 ---p 00000000 00:00 0 
7f99e0104000-7f99e0200000 rw-p 00000000 00:00 0 
7f99e0300000-7f99e0304000 ---p 00000000 00:00 0 
7f99e0304000-7f99e0400000 rw-p 00000000 00:00 0 
7f99e0400000-7f99e0404000 ---p 00000000 00:00 0 
7f99e0404000-7f99e0500000 rw-p 00000000 00:00 0 
7f99e0500000-7f99e0504000 ---p 00000000 00:00 0 
7f99e0504000-7f99e0600000 rw-p 00000000 00:00 0 
7f99e0700000-7f99e0704000 ---p 00000000 00:00 0 
7f99e0704000-7f99e0800000 rw-p 00000000 00:00 0 
7f99e0900000-7f99e0904000 ---p 00000000 00:00 0 
7f99e0904000-7f99e0a00000 rw-p 00000000 00:00 0 
7f99e1668000-7f99e1b00000 rw-p 00000000 00:00 0 
7f99e1c00000-7f99e3d6a000 r-xp 00000000 00:183d 4611686019135190040      /nix/store/gpxl5qgg8kicmcvivwmybwjlpf7wh20l-graalvm17-ce-22.3.0/lib/libjvmcicompiler.so
7f99e3d6a000-7f99e3f69000 ---p 0216a000 00:183d 4611686019135190040      /nix/store/gpxl5qgg8kicmcvivwmybwjlpf7wh20l-graalvm17-ce-22.3.0/lib/libjvmcicompiler.so
7f99e3f69000-7f99e3f6a000 r--p 02169000 00:183d 4611686019135190040      /nix/store/gpxl5qgg8kicmcvivwmybwjlpf7wh20l-graalvm17-ce-22.3.0/lib/libjvmcicompiler.so
7f99e3f6a000-7f99e3f6c000 rw-p 0216a000 00:183d 4611686019135190040      /nix/store/gpxl5qgg8kicmcvivwmybwjlpf7wh20l-graalvm17-ce-22.3.0/lib/libjvmcicompiler.so
7f99e3f6c000-7f99e3f6d000 rw-p 00000000 00:00 0 
7f99e3f6d000-7f99e3f72000 rw-p 023c3000 00:183d 4611686019135190040      /nix/store/gpxl5qgg8kicmcvivwmybwjlpf7wh20l-graalvm17-ce-22.3.0/lib/libjvmcicompiler.so
7f99e4000000-7f99e4021000 rw-p 00000000 00:00 0 
7f99e4021000-7f99e8000000 ---p 00000000 00:00 0 
7f99e8000000-7f99e8021000 rw-p 00000000 00:00 0 
7f99e8021000-7f99ec000000 ---p 00000000 00:00 0 
7f99ec000000-7f99ec021000 rw-p 00000000 00:00 0 
7f99ec021000-7f99f0000000 ---p 00000000 00:00 0 
7f99f0000000-7f99f0021000 rw-p 00000000 00:00 0 
7f99f0021000-7f99f4000000 ---p 00000000 00:00 0 
7f99f4000000-7f99f40e3000 rw-p 00000000 00:00 0 
7f99f40e3000-7f99f8000000 ---p 00000000 00:00 0 
7f99f8000000-7f99f8b95000 rw-p 00000000 00:00 0 
7f99f8b95000-7f99fc000000 ---p 00000000 00:00 0 
7f99fc000000-7f99fc021000 rw-p 00000000 00:00 0 
7f99fc021000-7f9a00000000 ---p 00000000 00:00 0 
7f9a00000000-7f9a00021000 rw-p 00000000 00:00 0 
7f9a00021000-7f9a04000000 ---p 00000000 00:00 0 
7f9a04000000-7f9a04021000 rw-p 00000000 00:00 0 
7f9a04021000-7f9a08000000 ---p 00000000 00:00 0 
7f9a08000000-7f9a08021000 rw-p 00000000 00:00 0 
7f9a08021000-7f9a0c000000 ---p 00000000 00:00 0 
7f9a0c000000-7f9a0c021000 rw-p 00000000 00:00 0 
7f9a0c021000-7f9a10000000 ---p 00000000 00:00 0 
7f9a10000000-7f9a10021000 rw-p 00000000 00:00 0 
7f9a10021000-7f9a14000000 ---p 00000000 00:00 0 
7f9a14000000-7f9a141d3000 rw-p 00000000 00:00 0 
7f9a141d3000-7f9a18000000 ---p 00000000 00:00 0 
7f9a18000000-7f9a18004000 ---p 00000000 00:00 0 
7f9a18004000-7f9a18100000 rw-p 00000000 00:00 0 
7f9a18200000-7f9a18204000 ---p 00000000 00:00 0 
7f9a18204000-7f9a18300000 rw-p 00000000 00:00 0 
7f9a18400000-7f9a18404000 ---p 00000000 00:00 0 
7f9a18404000-7f9a18500000 rw-p 00000000 00:00 0 
7f9a18600000-7f9a18604000 ---p 00000000 00:00 0 
7f9a18604000-7f9a18700000 rw-p 00000000 00:00 0 
7f9a18800000-7f9a18804000 ---p 00000000 00:00 0 
7f9a18804000-7f9a18900000 rw-p 00000000 00:00 0 
7f9a18900000-7f9a18904000 ---p 00000000 00:00 0 
7f9a18904000-7f9a18a00000 rw-p 00000000 00:00 0 
7f9a18a00000-7f9a18a04000 ---p 00000000 00:00 0 
7f9a18a04000-7f9a18b00000 rw-p 00000000 00:00 0 
7f9a18c18000-7f9a18c19000 ---p 00000000 00:00 0 
7f9a18c19000-7f9a18d1a000 rw-p 00000000 00:00 0 
7f9a18d1a000-7f9a18d1e000 ---p 00000000 00:00 0 
7f9a18d1e000-7f9a18e1a000 rw-p 00000000 00:00 0 
7f9a18e1a000-7f9a18e1e000 ---p 00000000 00:00 0 
7f9a18e1e000-7f9a18f1a000 rw-p 00000000 00:00 0 
7f9a18f1a000-7f9a18f1e000 ---p 00000000 00:00 0 
7f9a18f1e000-7f9a1901a000 rw-p 00000000 00:00 0 
7f9a1901a000-7f9a1901e000 ---p 00000000 00:00 0 
7f9a1901e000-7f9a1921a000 rw-p 00000000 00:00 0 
7f9a1921a000-7f9a1921e000 ---p 00000000 00:00 0 
7f9a1921e000-7f9a1941a000 rw-p 00000000 00:00 0 
7f9a1941a000-7f9a1941e000 ---p 00000000 00:00 0 
7f9a1941e000-7f9a1951a000 rw-p 00000000 00:00 0 
7f9a1951a000-7f9a1951e000 ---p 00000000 00:00 0 
7f9a1951e000-7f9a1961a000 rw-p 00000000 00:00 0 
7f9a1961a000-7f9a1961e000 ---p 00000000 00:00 0 
7f9a1961e000-7f9a1971a000 rw-p 00000000 00:00 0 
7f9a1971a000-7f9a19a00000 r--p 00000000 00:1148 28444448                 /usr/lib/locale/locale-archive
7f9a19a00000-7f9a19a04000 ---p 00000000 00:00 0 
7f9a19a04000-7f9a19b00000 rw-p 00000000 00:00 0 
7f9a19b00000-7f9a19b04000 ---p 00000000 00:00 0 
7f9a19b04000-7f9a1a000000 rw-p 00000000 00:00 0 
7f9a1a000000-7f9a1a300000 rw-p 00000000 00:00 0 
7f9a1a300000-7f9a1a400000 rw-p 00000000 00:00 0 
7f9a1a450000-7f9a1a454000 ---p 00000000 00:00 0 
7f9a1a454000-7f9a1a472000 rw-p 00000000 00:00 0 
7f9a1a472000-7f9a1a479000 r-xp 00000000 00:183d 4611686019135192580      /nix/store/gpxl5qgg8kicmcvivwmybwjlpf7wh20l-graalvm17-ce-22.3.0/lib/libzip.so
7f9a1a479000-7f9a1a47a000 ---p 00007000 00:183d 4611686019135192580      /nix/store/gpxl5qgg8kicmcvivwmybwjlpf7wh20l-graalvm17-ce-22.3.0/lib/libzip.so
7f9a1a47a000-7f9a1a47b000 r--p 00007000 00:183d 4611686019135192580      /nix/store/gpxl5qgg8kicmcvivwmybwjlpf7wh20l-graalvm17-ce-22.3.0/lib/libzip.so
7f9a1a47b000-7f9a1a47c000 rw-p 00008000 00:183d 4611686019135192580      /nix/store/gpxl5qgg8kicmcvivwmybwjlpf7wh20l-graalvm17-ce-22.3.0/lib/libzip.so
7f9a1a47c000-7f9a1a47e000 rw-p 0000b000 00:183d 4611686019135192580      /nix/store/gpxl5qgg8kicmcvivwmybwjlpf7wh20l-graalvm17-ce-22.3.0/lib/libzip.so
7f9a1a47e000-7f9a1a493000 r-xp 00000000 00:183d 4611686019135192570      /nix/store/gpxl5qgg8kicmcvivwmybwjlpf7wh20l-graalvm17-ce-22.3.0/lib/libnet.so
7f9a1a493000-7f9a1a494000 ---p 00015000 00:183d 4611686019135192570      /nix/store/gpxl5qgg8kicmcvivwmybwjlpf7wh20l-graalvm17-ce-22.3.0/lib/libnet.so
7f9a1a494000-7f9a1a495000 r--p 00015000 00:183d 4611686019135192570      /nix/store/gpxl5qgg8kicmcvivwmybwjlpf7wh20l-graalvm17-ce-22.3.0/lib/libnet.so
7f9a1a495000-7f9a1a496000 rw-p 00016000 00:183d 4611686019135192570      /nix/store/gpxl5qgg8kicmcvivwmybwjlpf7wh20l-graalvm17-ce-22.3.0/lib/libnet.so
7f9a1a496000-7f9a1a499000 rw-p 0001b000 00:183d 4611686019135192570      /nix/store/gpxl5qgg8kicmcvivwmybwjlpf7wh20l-graalvm17-ce-22.3.0/lib/libnet.so
7f9a1a499000-7f9a1a4ac000 r-xp 00000000 00:183d 4611686019135192571      /nix/store/gpxl5qgg8kicmcvivwmybwjlpf7wh20l-graalvm17-ce-22.3.0/lib/libnio.so
7f9a1a4ac000-7f9a1a4ad000 r--p 00012000 00:183d 4611686019135192571      /nix/store/gpxl5qgg8kicmcvivwmybwjlpf7wh20l-graalvm17-ce-22.3.0/lib/libnio.so
7f9a1a4ad000-7f9a1a4ae000 rw-p 00013000 00:183d 4611686019135192571      /nix/store/gpxl5qgg8kicmcvivwmybwjlpf7wh20l-graalvm17-ce-22.3.0/lib/libnio.so
7f9a1a4ae000-7f9a1a4b3000 rw-p 00019000 00:183d 4611686019135192571      /nix/store/gpxl5qgg8kicmcvivwmybwjlpf7wh20l-graalvm17-ce-22.3.0/lib/libnio.so
7f9a1a4b3000-7f9a1b4b3000 rw-p 00000000 00:00 0 
7f9a1b4b3000-7f9a1b723000 rwxp 00000000 00:00 0 
7f9a1b723000-7f9a1ba42000 ---p 00000000 00:00 0 
7f9a1ba42000-7f9a1cc42000 rwxp 00000000 00:00 0 
7f9a1cc42000-7f9a22f7a000 ---p 00000000 00:00 0 
7f9a22f7a000-7f9a2322a000 rwxp 00000000 00:00 0 
7f9a2322a000-7f9a2a4b3000 ---p 00000000 00:00 0 
7f9a2a4b3000-7f9a34000000 r--s 00000000 00:183d 4611686019135192581      /nix/store/gpxl5qgg8kicmcvivwmybwjlpf7wh20l-graalvm17-ce-22.3.0/lib/modules
7f9a34000000-7f9a3460b000 rw-p 00000000 00:00 0 
7f9a3460b000-7f9a38000000 ---p 00000000 00:00 0 
7f9a38003000-7f9a38005000 r-xp 00000000 00:183d 4611686019135190017      /nix/store/gpxl5qgg8kicmcvivwmybwjlpf7wh20l-graalvm17-ce-22.3.0/lib/libextnet.so
7f9a38005000-7f9a38006000 r--p 00001000 00:183d 4611686019135190017      /nix/store/gpxl5qgg8kicmcvivwmybwjlpf7wh20l-graalvm17-ce-22.3.0/lib/libextnet.so
7f9a38006000-7f9a38007000 rw-p 00002000 00:183d 4611686019135190017      /nix/store/gpxl5qgg8kicmcvivwmybwjlpf7wh20l-graalvm17-ce-22.3.0/lib/libextnet.so
7f9a38007000-7f9a38008000 rw-p 00004000 00:183d 4611686019135190017      /nix/store/gpxl5qgg8kicmcvivwmybwjlpf7wh20l-graalvm17-ce-22.3.0/lib/libextnet.so
7f9a38008000-7f9a38009000 ---p 00000000 00:00 0 
7f9a38009000-7f9a3810a000 rw-p 00000000 00:00 0 
7f9a3810a000-7f9a381d8000 r-xp 00000000 00:183d 4611686019135190036      /nix/store/gpxl5qgg8kicmcvivwmybwjlpf7wh20l-graalvm17-ce-22.3.0/lib/libjsvml.so
7f9a381d8000-7f9a381d9000 r--p 000cd000 00:183d 4611686019135190036      /nix/store/gpxl5qgg8kicmcvivwmybwjlpf7wh20l-graalvm17-ce-22.3.0/lib/libjsvml.so
7f9a381d9000-7f9a381da000 rw-p 000ce000 00:183d 4611686019135190036      /nix/store/gpxl5qgg8kicmcvivwmybwjlpf7wh20l-graalvm17-ce-22.3.0/lib/libjsvml.so
7f9a381da000-7f9a38ab2000 rw-p 00000000 00:00 0 
7f9a38ab2000-7f9a38ab3000 ---p 00000000 00:00 0 
7f9a38ab3000-7f9a38c5e000 rw-p 00000000 00:00 0 
7f9a38c5e000-7f9a38c72000 rw-p 00000000 00:00 0 
7f9a38c72000-7f9a38cb4000 ---p 00000000 00:00 0 
7f9a38cb4000-7f9a38cbb000 rw-p 00000000 00:00 0 
7f9a38cbb000-7f9a38da0000 ---p 00000000 00:00 0 
7f9a38da0000-7f9a38dc4000 rw-p 00000000 00:00 0 
7f9a38dc4000-7f9a38e8b000 ---p 00000000 00:00 0 
7f9a38e8b000-7f9a38e90000 rw-p 00000000 00:00 0 
7f9a38e90000-7f9a38e97000 ---p 00000000 00:00 0 
7f9a38e97000-7f9a38ebb000 r-xp 00000000 00:183d 4611686019135190028      /nix/store/gpxl5qgg8kicmcvivwmybwjlpf7wh20l-graalvm17-ce-22.3.0/lib/libjava.so
7f9a38ebb000-7f9a38ebc000 ---p 00024000 00:183d 4611686019135190028      /nix/store/gpxl5qgg8kicmcvivwmybwjlpf7wh20l-graalvm17-ce-22.3.0/lib/libjava.so
7f9a38ebc000-7f9a38ebd000 r--p 00024000 00:183d 4611686019135190028      /nix/store/gpxl5qgg8kicmcvivwmybwjlpf7wh20l-graalvm17-ce-22.3.0/lib/libjava.so
7f9a38ebd000-7f9a38ebe000 rw-p 00025000 00:183d 4611686019135190028      /nix/store/gpxl5qgg8kicmcvivwmybwjlpf7wh20l-graalvm17-ce-22.3.0/lib/libjava.so
7f9a38ebe000-7f9a38ebf000 rw-p 00000000 00:00 0 
7f9a38ebf000-7f9a38ec6000 rw-p 0002f000 00:183d 4611686019135190028      /nix/store/gpxl5qgg8kicmcvivwmybwjlpf7wh20l-graalvm17-ce-22.3.0/lib/libjava.so
7f9a38ec6000-7f9a38ece000 rw-s 00000000 00:162 350                       /tmp/hsperfdata_runner/31
7f9a38ece000-7f9a38ecf000 ---p 00000000 00:00 0 
7f9a38ecf000-7f9a38ed0000 r--p 00000000 00:00 0 
7f9a38ed0000-7f9a38ed1000 rwxp 00000000 00:00 0 
7f9a38ed1000-7f9a38eec000 r-xp 00000000 00:183d 4611686019135190032      /nix/store/gpxl5qgg8kicmcvivwmybwjlpf7wh20l-graalvm17-ce-22.3.0/lib/libjimage.so
7f9a38eec000-7f9a38eed000 ---p 0001b000 00:183d 4611686019135190032      /nix/store/gpxl5qgg8kicmcvivwmybwjlpf7wh20l-graalvm17-ce-22.3.0/lib/libjimage.so
7f9a38eed000-7f9a38eef000 r--p 0001b000 00:183d 4611686019135190032      /nix/store/gpxl5qgg8kicmcvivwmybwjlpf7wh20l-graalvm17-ce-22.3.0/lib/libjimage.so
7f9a38eef000-7f9a38ef0000 rw-p 0001d000 00:183d 4611686019135190032      /nix/store/gpxl5qgg8kicmcvivwmybwjlpf7wh20l-graalvm17-ce-22.3.0/lib/libjimage.so
7f9a38ef0000-7f9a38ef1000 rw-p 00024000 00:183d 4611686019135190032      /nix/store/gpxl5qgg8kicmcvivwmybwjlpf7wh20l-graalvm17-ce-22.3.0/lib/libjimage.so
7f9a38ef1000-7f9a38ef5000 ---p 00000000 00:00 0 
7f9a38ef5000-7f9a38ff1000 rw-p 00000000 00:00 0 
7f9a38ff1000-7f9a38fff000 r--p 00000000 00:183d 4611686019027979927      /nix/store/4nlgxhb09sdr51nc9hdm8az5b08vzkgx-glibc-2.35-163/lib/libm.so.6
7f9a38fff000-7f9a39072000 r-xp 0000e000 00:183d 4611686019027979927      /nix/store/4nlgxhb09sdr51nc9hdm8az5b08vzkgx-glibc-2.35-163/lib/libm.so.6
7f9a39072000-7f9a390cf000 r--p 00081000 00:183d 4611686019027979927      /nix/store/4nlgxhb09sdr51nc9hdm8az5b08vzkgx-glibc-2.35-163/lib/libm.so.6
7f9a390cf000-7f9a390d0000 r--p 000dd000 00:183d 4611686019027979927      /nix/store/4nlgxhb09sdr51nc9hdm8az5b08vzkgx-glibc-2.35-163/lib/libm.so.6
7f9a390d0000-7f9a390d1000 rw-p 000de000 00:183d 4611686019027979927      /nix/store/4nlgxhb09sdr51nc9hdm8az5b08vzkgx-glibc-2.35-163/lib/libm.so.6
7f9a390d1000-7f9a390d2000 r--p 00000000 00:183d 4611686019027979946      /nix/store/4nlgxhb09sdr51nc9hdm8az5b08vzkgx-glibc-2.35-163/lib/librt.so.1
7f9a390d2000-7f9a390d3000 r-xp 00001000 00:183d 4611686019027979946      /nix/store/4nlgxhb09sdr51nc9hdm8az5b08vzkgx-glibc-2.35-163/lib/librt.so.1
7f9a390d3000-7f9a390d4000 r--p 00002000 00:183d 4611686019027979946      /nix/store/4nlgxhb09sdr51nc9hdm8az5b08vzkgx-glibc-2.35-163/lib/librt.so.1
7f9a390d4000-7f9a390d5000 r--p 00002000 00:183d 4611686019027979946      /nix/store/4nlgxhb09sdr51nc9hdm8az5b08vzkgx-glibc-2.35-163/lib/librt.so.1
7f9a390d5000-7f9a390d6000 rw-p 00003000 00:183d 4611686019027979946      /nix/store/4nlgxhb09sdr51nc9hdm8az5b08vzkgx-glibc-2.35-163/lib/librt.so.1
7f9a390d6000-7f9a3a1e9000 r-xp 00000000 00:183d 4611686019135360866      /nix/store/gpxl5qgg8kicmcvivwmybwjlpf7wh20l-graalvm17-ce-22.3.0/lib/server/libjvm.so
7f9a3a1e9000-7f9a3a1ea000 ---p 01113000 00:183d 4611686019135360866      /nix/store/gpxl5qgg8kicmcvivwmybwjlpf7wh20l-graalvm17-ce-22.3.0/lib/server/libjvm.so
7f9a3a1ea000-7f9a3a29f000 r--p 01113000 00:183d 4611686019135360866      /nix/store/gpxl5qgg8kicmcvivwmybwjlpf7wh20l-graalvm17-ce-22.3.0/lib/server/libjvm.so
7f9a3a29f000-7f9a3a2d3000 rw-p 011c8000 00:183d 4611686019135360866      /nix/store/gpxl5qgg8kicmcvivwmybwjlpf7wh20l-graalvm17-ce-22.3.0/lib/server/libjvm.so
7f9a3a2d3000-7f9a3a32f000 rw-p 00000000 00:00 0 
7f9a3a32f000-7f9a3a357000 r--p 00000000 00:183d 4611686019027979918      /nix/store/4nlgxhb09sdr51nc9hdm8az5b08vzkgx-glibc-2.35-163/lib/libc.so.6
7f9a3a357000-7f9a3a4cd000 r-xp 00028000 00:183d 4611686019027979918      /nix/store/4nlgxhb09sdr51nc9hdm8az5b08vzkgx-glibc-2.35-163/lib/libc.so.6
7f9a3a4cd000-7f9a3a525000 r--p 0019e000 00:183d 4611686019027979918      /nix/store/4nlgxhb09sdr51nc9hdm8az5b08vzkgx-glibc-2.35-163/lib/libc.so.6
7f9a3a525000-7f9a3a529000 r--p 001f6000 00:183d 4611686019027979918      /nix/store/4nlgxhb09sdr51nc9hdm8az5b08vzkgx-glibc-2.35-163/lib/libc.so.6
7f9a3a529000-7f9a3a52b000 rw-p 001fa000 00:183d 4611686019027979918      /nix/store/4nlgxhb09sdr51nc9hdm8az5b08vzkgx-glibc-2.35-163/lib/libc.so.6
7f9a3a52b000-7f9a3a53a000 rw-p 00000000 00:00 0 
7f9a3a53a000-7f9a3a53b000 r--p 00000000 00:183d 4611686019027979923      /nix/store/4nlgxhb09sdr51nc9hdm8az5b08vzkgx-glibc-2.35-163/lib/libdl.so.2
7f9a3a53b000-7f9a3a53c000 r-xp 00001000 00:183d 4611686019027979923      /nix/store/4nlgxhb09sdr51nc9hdm8az5b08vzkgx-glibc-2.35-163/lib/libdl.so.2
7f9a3a53c000-7f9a3a53d000 r--p 00002000 00:183d 4611686019027979923      /nix/store/4nlgxhb09sdr51nc9hdm8az5b08vzkgx-glibc-2.35-163/lib/libdl.so.2
7f9a3a53d000-7f9a3a53e000 r--p 00002000 00:183d 4611686019027979923      /nix/store/4nlgxhb09sdr51nc9hdm8az5b08vzkgx-glibc-2.35-163/lib/libdl.so.2
7f9a3a53e000-7f9a3a53f000 rw-p 00003000 00:183d 4611686019027979923      /nix/store/4nlgxhb09sdr51nc9hdm8az5b08vzkgx-glibc-2.35-163/lib/libdl.so.2
7f9a3a53f000-7f9a3a540000 r--p 00000000 00:183d 4611686019027979942      /nix/store/4nlgxhb09sdr51nc9hdm8az5b08vzkgx-glibc-2.35-163/lib/libpthread.so.0
7f9a3a540000-7f9a3a541000 r-xp 00001000 00:183d 4611686019027979942      /nix/store/4nlgxhb09sdr51nc9hdm8az5b08vzkgx-glibc-2.35-163/lib/libpthread.so.0
7f9a3a541000-7f9a3a542000 r--p 00002000 00:183d 4611686019027979942      /nix/store/4nlgxhb09sdr51nc9hdm8az5b08vzkgx-glibc-2.35-163/lib/libpthread.so.0
7f9a3a542000-7f9a3a543000 r--p 00002000 00:183d 4611686019027979942      /nix/store/4nlgxhb09sdr51nc9hdm8az5b08vzkgx-glibc-2.35-163/lib/libpthread.so.0
7f9a3a543000-7f9a3a544000 rw-p 00003000 00:183d 4611686019027979942      /nix/store/4nlgxhb09sdr51nc9hdm8az5b08vzkgx-glibc-2.35-163/lib/libpthread.so.0
7f9a3a544000-7f9a3a552000 r-xp 00000000 00:183d 4611686019135190033      /nix/store/gpxl5qgg8kicmcvivwmybwjlpf7wh20l-graalvm17-ce-22.3.0/lib/libjli.so
7f9a3a552000-7f9a3a553000 ---p 0000e000 00:183d 4611686019135190033      /nix/store/gpxl5qgg8kicmcvivwmybwjlpf7wh20l-graalvm17-ce-22.3.0/lib/libjli.so
7f9a3a553000-7f9a3a554000 r--p 0000e000 00:183d 4611686019135190033      /nix/store/gpxl5qgg8kicmcvivwmybwjlpf7wh20l-graalvm17-ce-22.3.0/lib/libjli.so
7f9a3a554000-7f9a3a555000 rw-p 0000f000 00:183d 4611686019135190033      /nix/store/gpxl5qgg8kicmcvivwmybwjlpf7wh20l-graalvm17-ce-22.3.0/lib/libjli.so
7f9a3a555000-7f9a3a556000 rw-p 00012000 00:183d 4611686019135190033      /nix/store/gpxl5qgg8kicmcvivwmybwjlpf7wh20l-graalvm17-ce-22.3.0/lib/libjli.so
7f9a3a556000-7f9a3a559000 r--p 00000000 00:183d 4611686019106210071      /nix/store/026hln0aq1hyshaxsdvhg0kmcm6yf45r-zlib-1.2.13/lib/libz.so.1.2.13
7f9a3a559000-7f9a3a56b000 r-xp 00003000 00:183d 4611686019106210071      /nix/store/026hln0aq1hyshaxsdvhg0kmcm6yf45r-zlib-1.2.13/lib/libz.so.1.2.13
7f9a3a56b000-7f9a3a572000 r--p 00015000 00:183d 4611686019106210071      /nix/store/026hln0aq1hyshaxsdvhg0kmcm6yf45r-zlib-1.2.13/lib/libz.so.1.2.13
7f9a3a572000-7f9a3a573000 r--p 0001b000 00:183d 4611686019106210071      /nix/store/026hln0aq1hyshaxsdvhg0kmcm6yf45r-zlib-1.2.13/lib/libz.so.1.2.13
7f9a3a573000-7f9a3a574000 rw-p 0001c000 00:183d 4611686019106210071      /nix/store/026hln0aq1hyshaxsdvhg0kmcm6yf45r-zlib-1.2.13/lib/libz.so.1.2.13
7f9a3a574000-7f9a3a576000 rw-p 00000000 00:00 0 
7f9a3a576000-7f9a3a578000 r--p 00000000 00:183d 4611686019027979912      /nix/store/4nlgxhb09sdr51nc9hdm8az5b08vzkgx-glibc-2.35-163/lib/ld-linux-x86-64.so.2
7f9a3a578000-7f9a3a59f000 r-xp 00002000 00:183d 4611686019027979912      /nix/store/4nlgxhb09sdr51nc9hdm8az5b08vzkgx-glibc-2.35-163/lib/ld-linux-x86-64.so.2
7f9a3a59f000-7f9a3a5ab000 r--p 00029000 00:183d 4611686019027979912      /nix/store/4nlgxhb09sdr51nc9hdm8az5b08vzkgx-glibc-2.35-163/lib/ld-linux-x86-64.so.2
7f9a3a5ab000-7f9a3a5ad000 r--p 00034000 00:183d 4611686019027979912      /nix/store/4nlgxhb09sdr51nc9hdm8az5b08vzkgx-glibc-2.35-163/lib/ld-linux-x86-64.so.2
7f9a3a5ad000-7f9a3a5af000 rw-p 00036000 00:183d 4611686019027979912      /nix/store/4nlgxhb09sdr51nc9hdm8az5b08vzkgx-glibc-2.35-163/lib/ld-linux-x86-64.so.2
7ffcfd6da000-7ffcfd6ff000 rw-p 00000000 00:00 0                          [stack]
7ffcfd706000-7ffcfd70a000 r--p 00000000 00:00 0                          [vvar]
7ffcfd70a000-7ffcfd70c000 r-xp 00000000 00:00 0                          [vdso]
ffffffffff600000-ffffffffff601000 --xp 00000000 00:00 0                  [vsyscall]


VM Arguments:
jvm_args: -XX:ThreadPriorityPolicy=1 -XX:+UnlockExperimentalVMOptions -XX:+EnableJVMCIProduct -XX:JVMCIThreadsPerNativeLibraryRuntime=1 -XX:-UnlockExperimentalVMOptions -Declipse.application=org.eclipse.jdt.ls.core.id1 -Dosgi.bundles.defaultStartLevel=4 -Declipse.product=org.eclipse.jdt.ls.core.product -Dlog.level=ALL -Xverify:none -XX:+UseParallelGC -XX:GCTimeRatio=4 -XX:AdaptiveSizePolicyWeight=90 -Dsun.zip.disableMemoryMapping=true -Xmx512m -Xms100m 
java_command: /nix/store/m6gcpi1ii6rghy04cjwjddcavv7i90df-jdt-language-server-1.9.0/share/java/plugins/org.eclipse.equinox.launcher_1.6.400.v20210924-0641.jar --add-modules=ALL-SYSTEM --add-opens java.base/java.util=ALL-UNNAMED --add-opens java.base/java.lang=ALL-UNNAMED -configuration /home/runner/.cache/jdt-language-server/config -data /home/runner/.cache/jdt-language-server/data/home/runner/justaliljavaproject-1
java_class_path (initial): /nix/store/m6gcpi1ii6rghy04cjwjddcavv7i90df-jdt-language-server-1.9.0/share/java/plugins/org.eclipse.equinox.launcher_1.6.400.v20210924-0641.jar
Launcher Type: SUN_STANDARD

[Global flags]
    uintx AdaptiveSizePolicyWeight                 = 90                                        {product} {command line}
     intx CICompilerCount                          = 2                                         {product} {ergonomic}
     bool EnableJVMCIProduct                       = true                                {JVMCI product} {jimage}
    uintx GCTimeRatio                              = 4                                         {product} {command line}
   size_t InitialHeapSize                          = 104857600                                 {product} {command line}
     uint JVMCIThreadsPerNativeLibraryRuntime      = 1                                   {JVMCI product} {jimage}
   size_t MaxHeapSize                              = 536870912                                 {product} {command line}
   size_t MaxNewSize                               = 178782208                                 {product} {ergonomic}
   size_t MinHeapDeltaBytes                        = 524288                                    {product} {ergonomic}
   size_t MinHeapSize                              = 104857600                                 {product} {command line}
   size_t NewSize                                  = 34603008                                  {product} {ergonomic}
    uintx NonNMethodCodeHeapSize                   = 5826188                                {pd product} {ergonomic}
    uintx NonProfiledCodeHeapSize                  = 122916026                              {pd product} {ergonomic}
   size_t OldSize                                  = 70254592                                  {product} {ergonomic}
    uintx ProfiledCodeHeapSize                     = 122916026                              {pd product} {ergonomic}
    uintx ReservedCodeCacheSize                    = 251658240                              {pd product} {ergonomic}
     bool SegmentedCodeCache                       = true                                      {product} {ergonomic}
   size_t SoftMaxHeapSize                          = 536870912                              {manageable} {ergonomic}
     intx ThreadPriorityPolicy                     = 1                                         {product} {jimage}
     bool UseCompressedClassPointers               = true                           {product lp64_product} {ergonomic}
     bool UseCompressedOops                        = true                           {product lp64_product} {ergonomic}
     bool UseParallelGC                            = true                                      {product} {command line}

Logging:
Log output configuration:
 #0: stdout all=warning uptime,level,tags
 #1: stderr all=off uptime,level,tags

Environment Variables:
JAVA_HOME=/nix/store/gpxl5qgg8kicmcvivwmybwjlpf7wh20l-graalvm17-ce-22.3.0
PATH=/nix/store/1d6ian3r8kdzspw8hacjhl3xkp40g1lj-binutils-wrapper-2.39/bin:/nix/store/dq0xwmsk1g0i2ayg6pb7y87na2knzylh-gcc-wrapper-11.3.0/bin:/nix/store/bap4d0lpcrhpwmpb8ayjcgkmvfj62lnq-bash-interactive-5.1-p16/bin:/nix/store/pr5n59mb4jzmfx6kanwxly0l07p861fg-patchelf-0.15.0/bin:/nix/store/1gf2flfqnpqbr1b4p4qz2f72y42bs56r-gcc-11.3.0/bin:/nix/store/57xv61c5zi8pphjbcwxxjlgc34p61ic9-glibc-2.35-163-bin/bin:/nix/store/a7gvj343m05j2s32xcnwr35v31ynlypr-coreutils-9.1/bin:/nix/store/039g378vc3pc3dvi9dzdlrd0i4q93qwf-binutils-2.39/bin:/nix/store/y5fcw4xnkg8hwaaf35nfc41vdzy32cm7-vim-9.0.0609/bin:/nix/store/gpxl5qgg8kicmcvivwmybwjlpf7wh20l-graalvm17-ce-22.3.0/bin:/nix/store/6z9ag3ihc8mq2hzsw48lhbznvzny65nz-apache-maven-3.8.6/bin:/nix/store/m6gcpi1ii6rghy04cjwjddcavv7i90df-jdt-language-server-1.9.0/bin:/nix/store/84xs5alhs01zrbr4ywm05kxbjbp5590l-java-debug/bin:/nix/store/mydc6f4k2z73xlcz7ilif3v2lcaiqvza-findutils-4.9.0/bin:/nix/store/j9p3g8472iijd50vhdprx0nmk2fqn5gv-diffutils-3.8/bin:/nix/store/89zs7rms6x00xfq4dq6m7mjnhkr8a6r4-gnused-4.8/bin:/nix/store/86bp03jkmsl6f92w0yzg4s59g5mhxwmy-gnugrep-3.7/bin:/nix/store/hwcdqw4jrjnd37wxqgsd47hd0j8bnj09-gawk-5.1.1/bin:/nix/store/cfbhw8r8ags41vwqaz47r583d0p4h4a1-gnutar-1.34/bin:/nix/store/p3m1ndl1lapwrlh698bnb5lvvxh67378-gzip-1.12/bin:/nix/store/a8mhcagrsly7c7mpjrpsnaahk4aax056-bzip2-1.0.8-bin/bin:/nix/store/mblgz65m3zv9x548a3d5m96fj2pbwr09-gnumake-4.3/bin:/nix/store/dsd5gz46hdbdk2rfdimqddhq6m8m8fqs-bash-5.1-p16/bin:/nix/store/v7ljksji50mg3w61dykaa3n3y79n6nil-patch-2.7.6/bin:/nix/store/zlcnmqq14jz5x9439jf937mvayyl63da-xz-5.2.7-bin/bin:/nix/store/y6aj732zm9m87c82fpvf103a1xb22blp-file-5.43/bin:/nix/store/i4kzir3m7mrisxmf5xvlnkw01x4qaqr4-prybar-elisp-0.0.0-e0d9a52/bin:/nix/store/lwwivxf6h7x3cvxp9zv8sj0mv7dak99r-prybar-lua-0.0.0-e0d9a52/bin:/nix/store/gxj28g1cg4hq3qanmjv07156h800qr58-prybar-python3-0.0.0-e0d9a52/bin:/nix/store/hshkjnxrgidigf8x75vg6lqng2xlx9i3-prybar-sqlite-0.0.0-e0d9a52/bin:/nix/store/c4w01bpjgyy5ixmwdk8m1pw87zq4sl26-prybar-tcl-0.0
LD_LIBRARY_PATH=/nix/store/a4pff549sk2idnkpzk5nsfps3mdkdnvm-cups-2.4.2-lib/lib:/nix/store/72mqxxhh3cy5yifh92wh2yb8cl2hikyy-cairo-1.16.0/lib:/nix/store/2k366jrbsra97gjfxwvrhvixjfxdach5-glib-2.74.1/lib:/nix/store/2j2znigd8ak37rlwh9khz0ry3clqlw1l-gtk+3-3.24.34/lib:/nix/store/hisqvx32cd57apbpcsnkpx6k3549wql1-libglvnd-1.4.0/lib:/nix/store/p36pgcv991mq5srvg765b78yqpxvk3qs-mesa-21.3.3-drivers/lib:/nix/store/mav4251if1ahjq5vkpwycyyvnmy459c4-pulseaudio-14.2/lib
DISPLAY=:0
LANG=en_US.UTF-8

Signal Handlers:
   SIGSEGV: crash_handler in libjvm.so, mask=11100100010111111101111111111110, flags=SA_RESTART|SA_SIGINFO
    SIGBUS: crash_handler in libjvm.so, mask=11100100010111111101111111111110, flags=SA_RESTART|SA_SIGINFO
    SIGFPE: crash_handler in libjvm.so, mask=11100100010111111101111111111110, flags=SA_RESTART|SA_SIGINFO
   SIGPIPE: IsolateEnterStub_IgnoreSIGPIPEStartupHook_noopSignalHandler_8f19bff2f35b5f630d83b364d6b2339320d4ec70_216e8361c6bc87a8f89f58cc10d3b2fd4415bf87 in libjvmcicompiler.so, mask=00000000000000000000000000000000, flags=SA_RESTART
  *** Handler was modified!
  *** Expected: javaSignalHandler in libjvm.so, mask=11100100110111111111111111111110, flags=SA_RESTART|SA_SIGINFO
   SIGXFSZ: javaSignalHandler in libjvm.so, mask=11100100010111111101111111111110, flags=SA_RESTART|SA_SIGINFO
    SIGILL: crash_handler in libjvm.so, mask=11100100010111111101111111111110, flags=SA_RESTART|SA_SIGINFO
   SIGUSR2: SR_handler in libjvm.so, mask=00000000000000000000000000000000, flags=SA_RESTART|SA_SIGINFO
    SIGHUP: UserHandler in libjvm.so, mask=11100100010111111101111111111110, flags=SA_RESTART|SA_SIGINFO
    SIGINT: UserHandler in libjvm.so, mask=11100100010111111101111111111110, flags=SA_RESTART|SA_SIGINFO
   SIGTERM: UserHandler in libjvm.so, mask=11100100010111111101111111111110, flags=SA_RESTART|SA_SIGINFO
   SIGQUIT: UserHandler in libjvm.so, mask=11100100010111111101111111111110, flags=SA_RESTART|SA_SIGINFO
  *** Handler was modified!
  *** Expected: javaSignalHandler in libjvm.so, mask=11100100110111111111111111111110, flags=SA_RESTART|SA_SIGINFO
   SIGTRAP: crash_handler in libjvm.so, mask=11100100010111111101111111111110, flags=SA_RESTART|SA_SIGINFO


---------------  S Y S T E M  ---------------

OS:
DISTRIB_ID=Ubuntu
DISTRIB_RELEASE=20.04
DISTRIB_CODENAME=focal
DISTRIB_DESCRIPTION="Ubuntu 20.04.2 LTS"
uname: Linux 5.15.0-1030-gcp #37~20.04.1-Ubuntu SMP Mon Feb 20 04:30:57 UTC 2023 x86_64
OS uptime: 0 days 7:36 hours
libc: glibc 2.35 NPTL 2.35 
rlimit (soft/hard): STACK 8192k/infinity , CORE infinity/infinity , NPROC infinity/infinity , NOFILE 5242/5242 , AS infinity/infinity , CPU infinity/infinity , DATA infinity/infinity , FSIZE infinity/infinity , MEMLOCK 64k/64k
load average: 10.67 12.97 12.65

/proc/meminfo:
MemTotal:       65852732 kB
MemFree:        23165396 kB
MemAvailable:   47533684 kB
Buffers:         2851392 kB
Cached:         20406616 kB
SwapCached:            0 kB
Active:         10113900 kB
Inactive:       27866228 kB
Active(anon):      15184 kB
Inactive(anon): 14608304 kB
Active(file):   10098716 kB
Inactive(file): 13257924 kB
Unevictable:       43468 kB
Mlocked:           43468 kB
SwapTotal:             0 kB
SwapFree:              0 kB
Dirty:              8996 kB
Writeback:             0 kB
AnonPages:      13659160 kB
Mapped:          1748420 kB
Shmem:             51544 kB
KReclaimable:    1738248 kB
Slab:            3742724 kB
SReclaimable:    1738248 kB
SUnreclaim:      2004476 kB
KernelStack:      389764 kB
PageTables:       139436 kB
NFS_Unstable:          0 kB
Bounce:                0 kB
WritebackTmp:          0 kB
CommitLimit:    32926364 kB
Committed_AS:   54942816 kB
VmallocTotal:   34359738367 kB
VmallocUsed:      438044 kB
VmallocChunk:          0 kB
Percpu:            87424 kB
HardwareCorrupted:     0 kB
AnonHugePages:   1150976 kB
ShmemHugePages:        0 kB
ShmemPmdMapped:        0 kB
FileHugePages:         0 kB
FilePmdMapped:         0 kB
HugePages_Total:       0
HugePages_Free:        0
HugePages_Rsvd:        0
HugePages_Surp:        0
Hugepagesize:       2048 kB
Hugetlb:               0 kB
DirectMap4k:     4817728 kB
DirectMap2M:    47607808 kB
DirectMap1G:    16777216 kB

/sys/kernel/mm/transparent_hugepage/enabled: always [madvise] never
/sys/kernel/mm/transparent_hugepage/defrag (defrag/compaction efforts parameter): always defer defer+madvise [madvise] never

Process Memory:
Virtual Size: 5388380K (peak: 5471040K)
Resident Set Size: 733788K (peak: 768600K) (anon: 539088K, file: 194700K, shmem: 0K)
Swapped out: 0K
C-Heap outstanding allocations: 41734K, retained: 15677K
glibc malloc tunables: (default)

/proc/sys/kernel/threads-max (system-wide limit on the number of threads): 514406
/proc/sys/vm/max_map_count (maximum number of memory map areas a process may have): 65530
/proc/sys/kernel/pid_max (system-wide limit on number of process identifiers): 4194304

container (cgroup) information:
container_type: cgroupv1
cpu_cpuset_cpus: 2-7
cpu_memory_nodes: 0
active_processor_count: 1
cpu_quota: 50000
cpu_period: 100000
cpu_shares: 512
memory_limit_in_bytes: 1048576 k
memory_and_swap_limit_in_bytes: 1048576 k
memory_soft_limit_in_bytes: 524288 k
memory_usage_in_bytes: 619056 k
memory_max_usage_in_bytes: 648236 k
maximum number of tasks: 1000
current number of tasks: 58

KVM virtualization detected
Steal ticks since vm start: 0
Steal ticks percentage since vm start:  0.000

CPU: total 8 (initial active 1) (8 cores per cpu, 2 threads per core) family 23 model 49 stepping 0 microcode 0xffffffff, cx8, cmov, fxsr, ht, mmx, 3dnowpref, sse, sse2, sse3, ssse3, sse4a, sse4.1, sse4.2, popcnt, lzcnt, tsc, tscinvbit, avx, avx2, aes, clmul, bmi1, bmi2, adx, sha, fma, vzeroupper, clflush, clflushopt, hv
CPU Model and flags from /proc/cpuinfo:
model name	: AMD EPYC 7B12
flags		: fpu vme de pse tsc msr pae mce cx8 apic sep mtrr pge mca cmov pat pse36 clflush mmx fxsr sse sse2 ht syscall nx mmxext fxsr_opt pdpe1gb rdtscp lm constant_tsc rep_good nopl nonstop_tsc cpuid extd_apicid tsc_known_freq pni pclmulqdq ssse3 fma cx16 sse4_1 sse4_2 movbe popcnt aes xsave avx f16c rdrand hypervisor lahf_lm cmp_legacy cr8_legacy abm sse4a misalignsse 3dnowprefetch osvw topoext ssbd ibrs ibpb stibp vmmcall fsgsbase tsc_adjust bmi1 avx2 smep bmi2 rdseed adx smap clflushopt clwb sha_ni xsaveopt xsavec xgetbv1 clzero xsaveerptr arat npt nrip_save umip rdpid

Online cpus: 0-7
Offline cpus: 
BIOS frequency limitation: <Not Available>
Frequency switch latency (ns): <Not Available>
Available cpu frequencies: <Not Available>
Current governor: <Not Available>
Core performance/turbo boost: <Not Available>

Memory: 4k page, physical 1048576k(429512k free), swap 0k(0k free)
Page Sizes: 4k

vm_info: OpenJDK 64-Bit Server VM (17.0.5+8-jvmci-22.3-b08) for linux-amd64 JRE (17.0.5+8-jvmci-22.3-b08), built on Oct 19 2022 09:01:27 by "buildslave" with gcc 10.3.0

END.
