#
# A fatal error has been detected by the Java Runtime Environment:
#
#  Internal Error (jvmciRuntime.cpp:1609), pid=32, tid=46
#  fatal error: Fatal exception in JVMCI: Error calling jdk.vm.ci.services.Services.serializeSavedProperties
#
# JRE version: OpenJDK Runtime Environment GraalVM CE 22.3.0 (17.0.5+8) (build 17.0.5+8-jvmci-22.3-b08)
# Java VM: OpenJDK 64-Bit Server VM GraalVM CE 22.3.0 (17.0.5+8-jvmci-22.3-b08, mixed mode, sharing, tiered, jvmci, jvmci compiler, compressed oops, compressed class ptrs, parallel gc, linux-amd64)
# Problematic frame:
# V  [libjvm.so+0x972714]  JVMCIRuntime::fatal_exception(JVMCIEnv*, char const*)+0x74
#
# Core dump will be written. Default location: Core dumps may be processed with "/usr/share/apport/apport -p%p -s%s -c%c -d%d -P%P -u%u -g%g -- %E" (or dumping to /home/runner/justaliljavaproject-1/core.32)
#
# If you would like to submit a bug report, please visit:
#   https://github.com/oracle/graal/issues
#

---------------  S U M M A R Y ------------

Command Line: -XX:ThreadPriorityPolicy=1 -XX:+UnlockExperimentalVMOptions -XX:+EnableJVMCIProduct -XX:JVMCIThreadsPerNativeLibraryRuntime=1 -XX:-UnlockExperimentalVMOptions -Declipse.application=org.eclipse.jdt.ls.core.id1 -Dosgi.bundles.defaultStartLevel=4 -Declipse.product=org.eclipse.jdt.ls.core.product -Dlog.level=ALL -Xverify:none -XX:+UseParallelGC -XX:GCTimeRatio=4 -XX:AdaptiveSizePolicyWeight=90 -Dsun.zip.disableMemoryMapping=true -Xmx512m -Xms100m /nix/store/m6gcpi1ii6rghy04cjwjddcavv7i90df-jdt-language-server-1.9.0/share/java/plugins/org.eclipse.equinox.launcher_1.6.400.v20210924-0641.jar --add-modules=ALL-SYSTEM --add-opens java.base/java.util=ALL-UNNAMED --add-opens java.base/java.lang=ALL-UNNAMED -configuration /home/runner/.cache/jdt-language-server/config -data /home/runner/.cache/jdt-language-server/data/home/runner/justaliljavaproject-1

Host: AMD EPYC 7B12, 8 cores, 1G, Ubuntu 20.04.2 LTS
Time: Wed Mar 22 21:20:05 2023 UTC elapsed time: 1216.035146 seconds (0d 0h 20m 16s)

---------------  T H R E A D  ---------------

Current thread (0x00007f1eb40b21e0):  JavaThread "JVMCI-native CompilerThread0" daemon [_thread_in_vm, id=46, stack(0x00007f1eb8118000,0x00007f1eb8318000)]


Current CompileTask:
JVMCI-native:1216035 9859       4       org.eclipse.core.runtime.Assert::isNotNull (29 bytes)

Stack: [0x00007f1eb8118000,0x00007f1eb8318000],  sp=0x00007f1eb8316380,  free space=2040k
Native frames: (J=compiled Java code, j=interpreted, Vv=VM code, C=native code)
V  [libjvm.so+0x972714]  JVMCIRuntime::fatal_exception(JVMCIEnv*, char const*)+0x74
V  [libjvm.so+0x93e2fe]  JVMCIEnv::copy_saved_properties()+0x14e
V  [libjvm.so+0x9732a9]  JVMCIRuntime::initialize(JVMCIEnv*)+0xb19
V  [libjvm.so+0x9738a2]  JVMCIRuntime::get_HotSpotJVMCIRuntime(JVMCIEnv*)+0x12
V  [libjvm.so+0x9749f2]  JVMCIRuntime::compile_method(JVMCIEnv*, JVMCICompiler*, methodHandle const&, int)+0xd2
V  [libjvm.so+0x5b0d20]  CompileBroker::invoke_compiler_on_method(CompileTask*)+0x1470
V  [libjvm.so+0x5b12e8]  CompileBroker::compiler_thread_loop()+0x528
V  [libjvm.so+0xd82460]  JavaThread::thread_main_inner()+0xd0
V  [libjvm.so+0xd85a40]  Thread::call_run()+0xc0
V  [libjvm.so+0xbdb1e1]  thread_native_entry(Thread*)+0xe1

Register to memory mapping:

RAX=0x00007f1ebb2b9000 points into unknown readable memory: 0x0000000000000058 | 58 00 00 00 00 00 00 00
RBX=0x00007f1ebc3b4398: <offset 0x0000000000ef5398> in /nix/store/gpxl5qgg8kicmcvivwmybwjlpf7wh20l-graalvm17-ce-22.3.0/lib/server/libjvm.so at 0x00007f1ebb4bf000
RCX=0x00007f1ebc36c1e8: <offset 0x0000000000ead1e8> in /nix/store/gpxl5qgg8kicmcvivwmybwjlpf7wh20l-graalvm17-ce-22.3.0/lib/server/libjvm.so at 0x00007f1ebb4bf000
RDX=0x0000000000000649 is an unknown value
RSP=0x00007f1eb8316380 is pointing into the stack for thread: 0x00007f1eb40b21e0
RBP=0x00007f1eb83163a0 is pointing into the stack for thread: 0x00007f1eb40b21e0
RSI=0x00007f1ebc3b4c48: <offset 0x0000000000ef5c48> in /nix/store/gpxl5qgg8kicmcvivwmybwjlpf7wh20l-graalvm17-ce-22.3.0/lib/server/libjvm.so at 0x00007f1ebb4bf000
RDI=0x00000000e0000000 is an oop: java.lang.String 
{0x00000000e0000000} - klass: 'java/lang/String'
 - string: "resolution"
R8 =0x00007f1ebc3b4398: <offset 0x0000000000ef5398> in /nix/store/gpxl5qgg8kicmcvivwmybwjlpf7wh20l-graalvm17-ce-22.3.0/lib/server/libjvm.so at 0x00007f1ebb4bf000
R9 =0x00007f1eb8316330 is pointing into the stack for thread: 0x00007f1eb40b21e0
R10=0x00007f1eb8317948 is pointing into the stack for thread: 0x00007f1eb40b21e0
R11=0x0000000000000293 is an unknown value
R12=0x0 is NULL
R13=0x00007f1eb40b21e0 is a thread
R14=0x00007f1eb4000b80 points into unknown readable memory: 0x00007f1ebc5e5a38 | 38 5a 5e bc 1e 7f 00 00
R15=0x00007f1ebc6f3e40: <offset 0x0000000001234e40> in /nix/store/gpxl5qgg8kicmcvivwmybwjlpf7wh20l-graalvm17-ce-22.3.0/lib/server/libjvm.so at 0x00007f1ebb4bf000


Registers:
RAX=0x00007f1ebb2b9000, RBX=0x00007f1ebc3b4398, RCX=0x00007f1ebc36c1e8, RDX=0x0000000000000649
RSP=0x00007f1eb8316380, RBP=0x00007f1eb83163a0, RSI=0x00007f1ebc3b4c48, RDI=0x00000000e0000000
R8 =0x00007f1ebc3b4398, R9 =0x00007f1eb8316330, R10=0x00007f1eb8317948, R11=0x0000000000000293
R12=0x0000000000000000, R13=0x00007f1eb40b21e0, R14=0x00007f1eb4000b80, R15=0x00007f1ebc6f3e40
RIP=0x00007f1ebbe31714, EFLAGS=0x0000000000010206, CSGSFS=0x002b000000000033, ERR=0x0000000000000006
  TRAPNO=0x000000000000000e

Top of Stack: (sp=0x00007f1eb8316380)
0x00007f1eb8316380:   00007f1eb8316940 00007f1eb40b21e0
0x00007f1eb8316390:   00007f1eb9c4a8c8 0000000800c409d8
0x00007f1eb83163a0:   00007f1eb8316500 00007f1ebbdfd2fe
0x00007f1eb83163b0:   00007f1eb83163e0 00007f1eb8316440 

Instructions: (pc=0x00007f1ebbe31714)
0x00007f1ebbe31614:   30 e8 f6 cf e8 ff 4c 89 e7 e8 2e 48 d1 ff 84 db
0x00007f1ebbe31624:   75 2a 4d 85 ed 74 04 4d 8b 6d 00 48 83 c4 08 44
0x00007f1ebbe31634:   89 f9 4c 89 f2 4c 89 ee 5b 4c 89 e7 41 5c 41 5d
0x00007f1ebbe31644:   41 5e 41 5f 5d e9 e2 47 d1 ff 66 90 48 83 c4 08
0x00007f1ebbe31654:   5b 41 5c 41 5d 41 5e 41 5f 5d c3 90 31 d2 be 08
0x00007f1ebbe31664:   00 00 00 4c 89 ff e8 b1 78 a3 ff 49 89 c5 e9 37
0x00007f1ebbe31674:   ff ff ff 66 0f 1f 84 00 00 00 00 00 48 8b 7a 08
0x00007f1ebbe31684:   e9 6d ff ff ff 0f 1f 80 00 00 00 00 e8 5b 48 0a
0x00007f1ebbe31694:   00 84 c0 75 89 e9 6a ff ff ff 66 90 55 48 89 e5
0x00007f1ebbe316a4:   41 56 41 55 41 54 49 89 fc 53 48 89 f3 66 48 8d
0x00007f1ebbe316b4:   3d 27 5e 85 00 66 66 48 e8 df 43 8d ff 4c 8b 28
0x00007f1ebbe316c4:   8b 05 be 72 8a 00 85 c0 75 14 ba 01 00 00 00 48
0x00007f1ebbe316d4:   8d 0d ae 72 8a 00 f0 0f b1 11 85 c0 74 4e be c8
0x00007f1ebbe316e4:   00 00 00 4c 89 ef e8 01 0b 41 00 48 8d 05 12 ac
0x00007f1ebbe316f4:   85 00 49 89 d8 48 8d 0d e8 aa 53 00 ba 49 06 00
0x00007f1ebbe31704:   00 48 8d 35 3c 35 58 00 bf 00 00 00 e0 48 8b 00
0x00007f1ebbe31714:   c6 00 58 31 c0 e8 e2 91 c6 ff 5b 41 5c 41 5d 41
0x00007f1ebbe31724:   5e 5d e9 55 34 26 00 0f 1f 44 00 00 48 8d 05 81
0x00007f1ebbe31734:   a3 8b 00 48 89 df 4c 8b 30 e8 9e 43 8d ff 48 89
0x00007f1ebbe31744:   de 48 89 c2 49 8b 06 4c 89 f7 ff 50 08 4c 89 f7
0x00007f1ebbe31754:   e8 a7 5c 27 00 4d 85 e4 74 12 be 01 00 00 00 4c
0x00007f1ebbe31764:   89 e7 e8 35 43 fc ff eb 82 0f 1f 00 be 01 00 00
0x00007f1ebbe31774:   00 4c 89 ef e8 d3 fd ff ff e9 6d ff ff ff 66 66
0x00007f1ebbe31784:   2e 0f 1f 84 00 00 00 00 00 0f 1f 00 55 48 89 e5
0x00007f1ebbe31794:   41 57 41 56 41 55 41 54 53 48 81 ec 08 02 00 00
0x00007f1ebbe317a4:   64 48 8b 04 25 28 00 00 00 48 89 45 c8 8b 07 83
0x00007f1ebbe317b4:   f8 02 0f 84 11 04 00 00 4c 8b 6f 18 49 89 ff 49
0x00007f1ebbe317c4:   89 f4 4d 85 ed 74 14 4c 89 ef e8 5d 57 22 00 41
0x00007f1ebbe317d4:   8b 07 83 f8 02 0f 84 19 04 00 00 48 8d 1d 9a 06
0x00007f1ebbe317e4:   8a 00 4c 8d 35 0b 3c 58 00 eb 38 90 48 85 d2 7f
0x00007f1ebbe317f4:   0d 48 8d 05 b4 c0 85 00 48 83 38 00 7e 0e 41 8b
0x00007f1ebbe31804:   77 2c 4c 89 f7 31 c0 e8 a0 b2 f7 ff 49 8b 7f 18 


Stack slot to memory mapping:
stack at sp + 0 slots: 0x00007f1eb8316940 is pointing into the stack for thread: 0x00007f1eb40b21e0
stack at sp + 1 slots: 0x00007f1eb40b21e0 is a thread
stack at sp + 2 slots: 0x00007f1eb9c4a8c8 points into unknown readable memory: 0x65730018e552ffff | ff ff 52 e5 18 00 73 65
stack at sp + 3 slots: 0x0000000800c409d8 is a pointer to class: 
jdk.vm.ci.services.Services {0x0000000800c409d8}
 - instance size:     2
 - klass size:        65
 - access:            public final synchronized 
 - state:             fully_initialized
 - name:              'jdk/vm/ci/services/Services'
 - super:             'java/lang/Object'
 - sub:               
 - arrays:            NULL
 - methods:           Array<T>(0x00007f1eb8c3cb30)
 - method ordering:   Array<T>(0x0000000800928960)
 - default_methods:   Array<T>(0x0000000000000000)
 - local interfaces:  Array<T>(0x00000008005ce810)
 - trans. interfaces: Array<T>(0x00000008005ce810)
 - constants:         constant pool [427] {0x00007f1eb8c3bc10} for 'jdk/vm/ci/services/Services' cache=0x00007f1eb8c3de00
 - class loader data:  loader data: 0x00007f1eb40283f0 of 'bootstrap'
 - source file:       'Services.java'
 - class annotations:       Array<T>(0x0000000000000000)
 - class type annotations:  Array<T>(0x0000000000000000)
 - field annotations:       Array<T>(0x0000000000000000)
 - field type annotations:  Array<T>(0x0000000000000000)
 - inner classes:     Array<T>(0x00007f1eb8c3ddd0)
 - nest members:     Array<T>(0x00007f1eb8c3ddf0)
 - permitted subclasses:     Array<T>(0x00000008005ce7a0)
 - java mirror:       a 'java/lang/Class'{0x00000000e014ca08} = 'jdk/vm/ci/services/Services'
 - vtable length      5  (start addr: 0x0000000800c40ba8)
 - itable length      2 (start addr: 0x0000000800c40bd0)
 - ---- static fields (3 words):
 - public static final 'IS_BUILDING_NATIVE_IMAGE' 'Z' @128 
 - public static final 'IS_IN_NATIVE_IMAGE' 'Z' @129 
 - private static volatile 'savedProperties' 'Ljava/util/Map;' @112 
 - static final 'JVMCI_ENABLED' 'Z' @130 
 - private static final 'servicesCache' 'Ljava/util/Map;' @116 
 - private static final 'MAX_UNICODE_IN_UTF8_LENGTH' 'I' @120 
 - private static final 'MAX_UTF8_PROPERTY_STRING_LENGTH' 'I' @124 
 - ---- non-static fields (0 words):
 - non-static oop maps: 
stack at sp + 4 slots: 0x00007f1eb8316500 is pointing into the stack for thread: 0x00007f1eb40b21e0
stack at sp + 5 slots: 0x00007f1ebbdfd2fe: <offset 0x000000000093e2fe> in /nix/store/gpxl5qgg8kicmcvivwmybwjlpf7wh20l-graalvm17-ce-22.3.0/lib/server/libjvm.so at 0x00007f1ebb4bf000
stack at sp + 6 slots: 0x00007f1eb83163e0 is pointing into the stack for thread: 0x00007f1eb40b21e0
stack at sp + 7 slots: 0x00007f1eb8316440 is pointing into the stack for thread: 0x00007f1eb40b21e0


---------------  P R O C E S S  ---------------

Threads class SMR info:
_java_thread_list=0x00007f1e3c2d00e0, length=25, elements={
0x00007f1eb4026690, 0x00007f1eb40a64d0, 0x00007f1eb40a7910, 0x00007f1eb40ae050,
0x00007f1eb40af400, 0x00007f1eb40b07f0, 0x00007f1eb40b21e0, 0x00007f1eb40b36f0,
0x00007f1eb40b4b40, 0x00007f1eb40d7850, 0x00007f1eb411f0e0, 0x00007f1eb431c120,
0x00007f1eb4387890, 0x00007f1eb438a300, 0x00007f1eb4181db0, 0x00007f1e4c01a700,
0x00007f1e4c2e9390, 0x00007f1e3c0010d0, 0x00007f1e4c4f0ed0, 0x00007f1e4c0777b0,
0x00007f1eb42da3f0, 0x00007f1eb43640e0, 0x00007f1e24000ff0, 0x00007f1e2015c1b0,
0x00007f1e20160470
}

Java Threads: ( => current thread )
  0x00007f1eb4026690 JavaThread "main" [_thread_blocked, id=38, stack(0x00007f1ebb2da000,0x00007f1ebb3da000)]
  0x00007f1eb40a64d0 JavaThread "Reference Handler" daemon [_thread_blocked, id=41, stack(0x00007f1eb89fe000,0x00007f1eb8afe000)]
  0x00007f1eb40a7910 JavaThread "Finalizer" daemon [_thread_blocked, id=42, stack(0x00007f1eb88fe000,0x00007f1eb89fe000)]
  0x00007f1eb40ae050 JavaThread "Signal Dispatcher" daemon [_thread_blocked, id=43, stack(0x00007f1eb8518000,0x00007f1eb8618000)]
  0x00007f1eb40af400 JavaThread "Service Thread" daemon [_thread_blocked, id=44, stack(0x00007f1eb8418000,0x00007f1eb8518000)]
  0x00007f1eb40b07f0 JavaThread "Monitor Deflation Thread" daemon [_thread_blocked, id=45, stack(0x00007f1eb8318000,0x00007f1eb8418000)]
=>0x00007f1eb40b21e0 JavaThread "JVMCI-native CompilerThread0" daemon [_thread_in_vm, id=46, stack(0x00007f1eb8118000,0x00007f1eb8318000)]
  0x00007f1eb40b36f0 JavaThread "C1 CompilerThread0" daemon [_thread_blocked, id=47, stack(0x00007f1e9b2b3000,0x00007f1e9b4b3000)]
  0x00007f1eb40b4b40 JavaThread "Sweeper thread" daemon [_thread_blocked, id=48, stack(0x00007f1eb8018000,0x00007f1eb8118000)]
  0x00007f1eb40d7850 JavaThread "Common-Cleaner" daemon [_thread_blocked, id=49, stack(0x00007f1e9b1b3000,0x00007f1e9b2b3000)]
  0x00007f1eb411f0e0 JavaThread "Notification Thread" daemon [_thread_blocked, id=51, stack(0x00007f1e9b0b3000,0x00007f1e9b1b3000)]
  0x00007f1eb431c120 JavaThread "Active Thread: Equinox Container: 06af33ca-56d8-482a-905f-1be7c64a4b56" [_thread_blocked, id=93, stack(0x00007f1e98b00000,0x00007f1e98c00000)]
  0x00007f1eb4387890 JavaThread "Framework Event Dispatcher: Equinox Container: 06af33ca-56d8-482a-905f-1be7c64a4b56" daemon [_thread_blocked, id=96, stack(0x00007f1e98900000,0x00007f1e98a00000)]
  0x00007f1eb438a300 JavaThread "Start Level: Equinox Container: 06af33ca-56d8-482a-905f-1be7c64a4b56" daemon [_thread_blocked, id=97, stack(0x00007f1e98700000,0x00007f1e98800000)]
  0x00007f1eb4181db0 JavaThread "Refresh Thread: Equinox Container: 06af33ca-56d8-482a-905f-1be7c64a4b56" daemon [_thread_blocked, id=106, stack(0x00007f1e98600000,0x00007f1e98700000)]
  0x00007f1e4c01a700 JavaThread "SCR Component Actor" daemon [_thread_blocked, id=115, stack(0x00007f1e98300000,0x00007f1e98400000)]
  0x00007f1e4c2e9390 JavaThread "Worker-JM" [_thread_blocked, id=133, stack(0x00007f1e62d00000,0x00007f1e62e00000)]
  0x00007f1e3c0010d0 JavaThread "Worker-1" [_thread_blocked, id=143, stack(0x00007f1e62900000,0x00007f1e62a00000)]
  0x00007f1e4c4f0ed0 JavaThread "Java indexing" daemon [_thread_blocked, id=156, stack(0x00007f1e62500000,0x00007f1e62600000)]
  0x00007f1e4c0777b0 JavaThread "Bundle File Closer" daemon [_thread_blocked, id=181, stack(0x00007f1e98100000,0x00007f1e98200000)]
  0x00007f1eb42da3f0 JavaThread "pool-3-thread-1" [_thread_blocked, id=207, stack(0x00007f1e62300000,0x00007f1e62400000)]
  0x00007f1eb43640e0 JavaThread "pool-2-thread-1" [_thread_in_native, id=218, stack(0x00007f1e62100000,0x00007f1e62200000)]
  0x00007f1e24000ff0 JavaThread "Worker-4: Java indexing... " [_thread_blocked, id=227, stack(0x00007f1e61d00000,0x00007f1e61e00000)]
  0x00007f1e2015c1b0 JavaThread "Thread-3" [_thread_blocked, id=368, stack(0x00007f1e62000000,0x00007f1e62100000)]
  0x00007f1e20160470 JavaThread "Thread-7" [_thread_blocked, id=372, stack(0x00007f1e61500000,0x00007f1e61600000)]

Other Threads:
  0x00007f1eb40a1c10 VMThread "VM Thread" [stack: 0x00007f1eb8b00000,0x00007f1eb8c00000] [id=40] _threads_hazard_ptr=0x00007f1e3c2d00e0
  0x00007f1eb4120a80 WatcherThread [stack: 0x00007f1e9afb3000,0x00007f1e9b0b3000] [id=52]
  0x00007f1eb403df30 GCTaskThread "GC Thread#0" [stack: 0x00007f1ebae9d000,0x00007f1ebaf9d000] [id=39]

Threads with active compile tasks:
JVMCI-native CompilerThread0  1216137 9859       4       org.eclipse.core.runtime.Assert::isNotNull (29 bytes)

VM state: synchronizing (normal execution)

VM Mutex/Monitor currently owned by a thread:  ([mutex/lock_event])
[0x00007f1eb4023840] Threads_lock - owner thread: 0x00007f1eb40a1c10
[0x00007f1eb4023ff0] Heap_lock - owner thread: 0x00007f1e4c4f0ed0

OutOfMemory and StackOverflow Exception counts:
OutOfMemoryError java_heap_errors=9
LinkageErrors=50

Heap address: 0x00000000e0000000, size: 512 MB, Compressed Oops mode: 32-bit

CDS archive(s) mapped at: [0x0000000800000000-0x0000000800bc8000-0x0000000800bc8000), size 12353536, SharedBaseAddress: 0x0000000800000000, ArchiveRelocationMode: 0.
Compressed class space mapped at: 0x0000000800c00000-0x0000000840c00000, reserved size: 1073741824
Narrow klass base: 0x0000000800000000, Narrow klass shift: 0, Narrow klass range: 0x100000000

GC Precious Log:
 CPUs: 8 total, 1 available
 Memory: 1024M
 Large Page Support: Disabled
 NUMA Support: Disabled
 Compressed Oops: Enabled (32-bit)
 Alignments: Space 512K, Generation 512K, Heap 2M
 Heap Min Capacity: 100M
 Heap Initial Capacity: 100M
 Heap Max Capacity: 512M
 Pre-touch: Disabled
 Parallel Workers: 1

Heap:
 PSYoungGen      total 26624K, used 19455K [0x00000000f5580000, 0x00000000f7800000, 0x0000000100000000)
  eden space 19456K, 99% used [0x00000000f5580000,0x00000000f687fff8,0x00000000f6880000)
  from space 7168K, 0% used [0x00000000f6880000,0x00000000f6880000,0x00000000f6f80000)
  to   space 7168K, 0% used [0x00000000f6f80000,0x00000000f6f80000,0x00000000f7680000)
 ParOldGen       total 349696K, used 349696K [0x00000000e0000000, 0x00000000f5580000, 0x00000000f5580000)
  object space 349696K, 100% used [0x00000000e0000000,0x00000000f5580000,0x00000000f5580000)
 Metaspace       used 57231K, committed 58112K, reserved 1105920K
  class space    used 5524K, committed 5888K, reserved 1048576K

Card table byte_map: [0x00007f1ebaf9d000,0x00007f1ebb09e000] _byte_map_base: 0x00007f1eba89d000

Marking Bits: (ParMarkBitMap*) 0x00007f1ebc6ed4c0
 Begin Bits: [0x00007f1eb9df0000, 0x00007f1eba5f0000)
 End Bits:   [0x00007f1eba5f0000, 0x00007f1ebadf0000)

Polling page: 0x00007f1ebb2b7000

Metaspace:

Usage:
  Non-class:     50.50 MB used.
      Class:      5.39 MB used.
       Both:     55.89 MB used.

Virtual space:
  Non-class space:       56.00 MB reserved,      51.00 MB ( 91%) committed,  7 nodes.
      Class space:        1.00 GB reserved,       5.75 MB ( <1%) committed,  1 nodes.
             Both:        1.05 GB reserved,      56.75 MB (  5%) committed. 

Chunk freelists:
   Non-Class:  170.00 KB
       Class:  2.13 MB
        Both:  2.29 MB

MaxMetaspaceSize: unlimited
CompressedClassSpaceSize: 1.00 GB
Initial GC threshold: 21.00 MB
Current GC threshold: 94.50 MB
CDS: on
MetaspaceReclaimPolicy: balanced
 - commit_granule_bytes: 65536.
 - commit_granule_words: 8192.
 - virtual_space_node_default_size: 1048576.
 - enlarge_chunks_in_place: 1.
 - new_chunks_are_fully_committed: 0.
 - uncommit_free_chunks: 1.
 - use_allocation_guard: 0.
 - handle_deallocations: 1.


Internal statistics:

num_allocs_failed_limit: 8.
num_arena_births: 376.
num_arena_deaths: 74.
num_vsnodes_births: 8.
num_vsnodes_deaths: 0.
num_space_committed: 907.
num_space_uncommitted: 0.
num_chunks_returned_to_freelist: 103.
num_chunks_taken_from_freelist: 2546.
num_chunk_merges: 39.
num_chunk_splits: 1672.
num_chunks_enlarged: 1055.
num_purges: 6.
num_inconsistent_stats: 0.

CodeHeap 'non-profiled nmethods': size=120036Kb used=2501Kb max_used=2501Kb free=117534Kb
 bounds [0x00007f1ea2f7a000, 0x00007f1ea31fa000, 0x00007f1eaa4b3000]
CodeHeap 'profiled nmethods': size=120032Kb used=16348Kb max_used=16444Kb free=103683Kb
 bounds [0x00007f1e9ba42000, 0x00007f1e9ca52000, 0x00007f1ea2f7a000]
CodeHeap 'non-nmethods': size=5692Kb used=1386Kb max_used=1398Kb free=4305Kb
 bounds [0x00007f1e9b4b3000, 0x00007f1e9b723000, 0x00007f1e9ba42000]
 total_blobs=7799 nmethods=7080 adapters=620
 compilation: enabled
              stopped_count=0, restarted_count=0
 full_count=0

JVMCI Events (20 events):
Event: 732.373 Thread 0x00007f1eb40b21e0 destroyed JavaVM[3]@0x00007f1e0df9e340 for JVMCI runtime 0
Event: 732.373 Thread 0x00007f1eb40b21e0 compacted oop handles in JVMCI runtime 0 from 69 to 69
Event: 732.373 Thread 0x00007f1eb40b21e0 releasing handles for JVMCI runtime 0: oop handles=69, metadata handles={total=192, live=192, blocks=40}
Event: 732.373 Thread 0x00007f1eb40b21e0 detached from JVMCI runtime 0
Event: 758.789 Thread 0x00007f1eb40b21e0 attached to JVMCI runtime 0
Event: 758.791 Thread 0x00007f1eb40b21e0 created JavaVM[4]@0x00007f1e0df9e340 for JVMCI runtime 0
Event: 760.183 Thread 0x00007f1eb40b21e0 initializing JVMCI runtime 0
Event: 760.183 Thread 0x00007f1eb40b21e0 done waiting for JavaVM references initialization in JVMCI runtime 0
Event: 772.297 Thread 0x00007f1eb40b21e0 initialized JVMCI runtime 0
Event: 793.257 Thread 0x00007f1eb40b21e0 detaching from JVMCI runtime 0: releasing idle compiler thread (0 other threads still attached)
Event: 793.257 Thread 0x00007f1eb40b21e0 shutting down HotSpotJVMCIRuntime for JVMCI runtime 0
Event: 793.257 Thread 0x00007f1eb40b21e0 shut down JVMCI runtime 0
Event: 793.258 Thread 0x00007f1eb40b21e0 destroyed JavaVM[4]@0x00007f1e0df9e340 for JVMCI runtime 0
Event: 793.258 Thread 0x00007f1eb40b21e0 compacted oop handles in JVMCI runtime 0 from 42 to 42
Event: 793.258 Thread 0x00007f1eb40b21e0 releasing handles for JVMCI runtime 0: oop handles=42, metadata handles={total=90, live=79, blocks=40}
Event: 793.258 Thread 0x00007f1eb40b21e0 detached from JVMCI runtime 0
Event: 1172.576 Thread 0x00007f1eb40b21e0 attached to JVMCI runtime 0
Event: 1172.578 Thread 0x00007f1eb40b21e0 created JavaVM[5]@0x00007f1e0df9e340 for JVMCI runtime 0
Event: 1173.873 Thread 0x00007f1eb40b21e0 initializing JVMCI runtime 0
Event: 1173.873 Thread 0x00007f1eb40b21e0 done waiting for JavaVM references initialization in JVMCI runtime 0

Compilation events (20 events):
Event: 787.646 Thread 0x00007f1eb40b36f0 9851       3       java.util.concurrent.ScheduledThreadPoolExecutor::canRunInCurrentRunState (61 bytes)
Event: 787.647 Thread 0x00007f1eb40b36f0 nmethod 9851 0x00007f1e9c7a1210 code [0x00007f1e9c7a1420, 0x00007f1e9c7a1ec0]
Event: 791.862 Thread 0x00007f1eb40b21e0 nmethod 9848 0x00007f1ea31eaf10 code [0x00007f1ea31eb080, 0x00007f1ea31eb198]
Event: 791.862 Thread 0x00007f1eb40b21e0 9850       4       java.lang.Thread::interrupted (23 bytes)
Event: 791.863 Thread 0x00007f1eb40b21e0 nmethod 9850 0x00007f1ea31eb290 code [0x00007f1ea31eb400, 0x00007f1ea31eb468]
Event: 845.857 Thread 0x00007f1eb40b36f0 9852  s    3       org.eclipse.jdt.internal.core.search.processing.JobManager::currentJob (35 bytes)
Event: 845.857 Thread 0x00007f1eb40b36f0 nmethod 9852 0x00007f1e9c727d90 code [0x00007f1e9c727f60, 0x00007f1e9c7288b0]
Event: 888.357 Thread 0x00007f1eb40b36f0 9853       3       java.util.LinkedList::node (65 bytes)
Event: 889.687 Thread 0x00007f1eb40b36f0 nmethod 9853 0x00007f1e9c366290 code [0x00007f1e9c366440, 0x00007f1e9c366710]
Event: 1032.193 Thread 0x00007f1eb40b36f0 9855       3       org.eclipse.jdt.ls.core.internal.handlers.ProgressReporterManager$ProgressReporter::sendStatus (228 bytes)
Event: 1033.455 Thread 0x00007f1eb40b36f0 nmethod 9855 0x00007f1e9c725210 code [0x00007f1e9c725580, 0x00007f1e9c727680]
Event: 1033.455 Thread 0x00007f1eb40b36f0 9856       3       org.eclipse.jdt.ls.core.internal.preferences.ClientPreferences::isProgressReportSupported (20 bytes)
Event: 1033.455 Thread 0x00007f1eb40b36f0 nmethod 9856 0x00007f1e9c8e5310 code [0x00007f1e9c8e54e0, 0x00007f1e9c8e5ae0]
Event: 1145.815 Thread 0x00007f1eb40b36f0 9857       3       java.util.concurrent.ThreadPoolExecutor::workerCountOf (5 bytes)
Event: 1147.195 Thread 0x00007f1eb40b36f0 nmethod 9857 0x00007f1e9c7a0f10 code [0x00007f1e9c7a10a0, 0x00007f1e9c7a1190]
Event: 1164.774 Thread 0x00007f1eb40b36f0 9858       3       java.util.concurrent.ScheduledThreadPoolExecutor$DelayedWorkQueue::setIndex (16 bytes)
Event: 1164.774 Thread 0x00007f1eb40b36f0 nmethod 9858 0x00007f1e9c724990 code [0x00007f1e9c724b40, 0x00007f1e9c725110]
Event: 1172.576 Thread 0x00007f1eb40b21e0 9859       4       org.eclipse.core.runtime.Assert::isNotNull (29 bytes)
Event: 1187.150 Thread 0x00007f1eb40b36f0 9860       3       java.util.concurrent.locks.AbstractQueuedSynchronizer$ConditionObject::canReacquire (28 bytes)
Event: 1191.080 Thread 0x00007f1eb40b36f0 nmethod 9860 0x00007f1e9c724310 code [0x00007f1e9c7244c0, 0x00007f1e9c724810]

GC Heap History (20 events):
Event: 1201.872 GC heap before
{Heap before GC invocations=936 (full 775):
 PSYoungGen      total 26624K, used 19455K [0x00000000f5580000, 0x00000000f7800000, 0x0000000100000000)
  eden space 19456K, 99% used [0x00000000f5580000,0x00000000f687fff8,0x00000000f6880000)
  from space 7168K, 0% used [0x00000000f6880000,0x00000000f6880000,0x00000000f6f80000)
  to   space 7168K, 0% used [0x00000000f6f80000,0x00000000f6f80000,0x00000000f7680000)
 ParOldGen       total 349696K, used 349686K [0x00000000e0000000, 0x00000000f5580000, 0x00000000f5580000)
  object space 349696K, 99% used [0x00000000e0000000,0x00000000f557d818,0x00000000f5580000)
 Metaspace       used 57231K, committed 58112K, reserved 1105920K
  class space    used 5524K, committed 5888K, reserved 1048576K
}
Event: 1203.444 GC heap after
{Heap after GC invocations=936 (full 775):
 PSYoungGen      total 26624K, used 19455K [0x00000000f5580000, 0x00000000f7800000, 0x0000000100000000)
  eden space 19456K, 99% used [0x00000000f5580000,0x00000000f687fff8,0x00000000f6880000)
  from space 7168K, 0% used [0x00000000f6f80000,0x00000000f6f80000,0x00000000f7680000)
  to   space 7168K, 0% used [0x00000000f6880000,0x00000000f6880000,0x00000000f6f80000)
 ParOldGen       total 349696K, used 349686K [0x00000000e0000000, 0x00000000f5580000, 0x00000000f5580000)
  object space 349696K, 99% used [0x00000000e0000000,0x00000000f557d818,0x00000000f5580000)
 Metaspace       used 57231K, committed 58112K, reserved 1105920K
  class space    used 5524K, committed 5888K, reserved 1048576K
}
Event: 1203.444 GC heap before
{Heap before GC invocations=937 (full 776):
 PSYoungGen      total 26624K, used 19455K [0x00000000f5580000, 0x00000000f7800000, 0x0000000100000000)
  eden space 19456K, 99% used [0x00000000f5580000,0x00000000f687fff8,0x00000000f6880000)
  from space 7168K, 0% used [0x00000000f6f80000,0x00000000f6f80000,0x00000000f7680000)
  to   space 7168K, 0% used [0x00000000f6880000,0x00000000f6880000,0x00000000f6f80000)
 ParOldGen       total 349696K, used 349691K [0x00000000e0000000, 0x00000000f5580000, 0x00000000f5580000)
  object space 349696K, 99% used [0x00000000e0000000,0x00000000f557ee90,0x00000000f5580000)
 Metaspace       used 57231K, committed 58112K, reserved 1105920K
  class space    used 5524K, committed 5888K, reserved 1048576K
}
Event: 1205.185 GC heap after
{Heap after GC invocations=937 (full 776):
 PSYoungGen      total 26624K, used 19454K [0x00000000f5580000, 0x00000000f7800000, 0x0000000100000000)
  eden space 19456K, 99% used [0x00000000f5580000,0x00000000f687fbd8,0x00000000f6880000)
  from space 7168K, 0% used [0x00000000f6880000,0x00000000f6880000,0x00000000f6f80000)
  to   space 7168K, 0% used [0x00000000f6f80000,0x00000000f6f80000,0x00000000f7680000)
 ParOldGen       total 349696K, used 349690K [0x00000000e0000000, 0x00000000f5580000, 0x00000000f5580000)
  object space 349696K, 99% used [0x00000000e0000000,0x00000000f557ebf8,0x00000000f5580000)
 Metaspace       used 57231K, committed 58112K, reserved 1105920K
  class space    used 5524K, committed 5888K, reserved 1048576K
}
Event: 1205.185 GC heap before
{Heap before GC invocations=938 (full 777):
 PSYoungGen      total 26624K, used 19455K [0x00000000f5580000, 0x00000000f7800000, 0x0000000100000000)
  eden space 19456K, 99% used [0x00000000f5580000,0x00000000f687fff0,0x00000000f6880000)
  from space 7168K, 0% used [0x00000000f6880000,0x00000000f6880000,0x00000000f6f80000)
  to   space 7168K, 0% used [0x00000000f6f80000,0x00000000f6f80000,0x00000000f7680000)
 ParOldGen       total 349696K, used 349690K [0x00000000e0000000, 0x00000000f5580000, 0x00000000f5580000)
  object space 349696K, 99% used [0x00000000e0000000,0x00000000f557ebf8,0x00000000f5580000)
 Metaspace       used 57231K, committed 58112K, reserved 1105920K
  class space    used 5524K, committed 5888K, reserved 1048576K
}
Event: 1206.497 GC heap after
{Heap after GC invocations=938 (full 777):
 PSYoungGen      total 26624K, used 19455K [0x00000000f5580000, 0x00000000f7800000, 0x0000000100000000)
  eden space 19456K, 99% used [0x00000000f5580000,0x00000000f687feb0,0x00000000f6880000)
  from space 7168K, 0% used [0x00000000f6f80000,0x00000000f6f80000,0x00000000f7680000)
  to   space 7168K, 0% used [0x00000000f6880000,0x00000000f6880000,0x00000000f6f80000)
 ParOldGen       total 349696K, used 349690K [0x00000000e0000000, 0x00000000f5580000, 0x00000000f5580000)
  object space 349696K, 99% used [0x00000000e0000000,0x00000000f557ebf8,0x00000000f5580000)
 Metaspace       used 57231K, committed 58112K, reserved 1105920K
  class space    used 5524K, committed 5888K, reserved 1048576K
}
Event: 1206.500 GC heap before
{Heap before GC invocations=939 (full 778):
 PSYoungGen      total 26624K, used 19456K [0x00000000f5580000, 0x00000000f7800000, 0x0000000100000000)
  eden space 19456K, 100% used [0x00000000f5580000,0x00000000f6880000,0x00000000f6880000)
  from space 7168K, 0% used [0x00000000f6f80000,0x00000000f6f80000,0x00000000f7680000)
  to   space 7168K, 0% used [0x00000000f6880000,0x00000000f6880000,0x00000000f6f80000)
 ParOldGen       total 349696K, used 349690K [0x00000000e0000000, 0x00000000f5580000, 0x00000000f5580000)
  object space 349696K, 99% used [0x00000000e0000000,0x00000000f557ebf8,0x00000000f5580000)
 Metaspace       used 57231K, committed 58112K, reserved 1105920K
  class space    used 5524K, committed 5888K, reserved 1048576K
}
Event: 1207.805 GC heap after
{Heap after GC invocations=939 (full 778):
 PSYoungGen      total 26624K, used 19456K [0x00000000f5580000, 0x00000000f7800000, 0x0000000100000000)
  eden space 19456K, 100% used [0x00000000f5580000,0x00000000f6880000,0x00000000f6880000)
  from space 7168K, 0% used [0x00000000f6880000,0x00000000f6880000,0x00000000f6f80000)
  to   space 7168K, 0% used [0x00000000f6f80000,0x00000000f6f80000,0x00000000f7680000)
 ParOldGen       total 349696K, used 349690K [0x00000000e0000000, 0x00000000f5580000, 0x00000000f5580000)
  object space 349696K, 99% used [0x00000000e0000000,0x00000000f557ebf8,0x00000000f5580000)
 Metaspace       used 57231K, committed 58112K, reserved 1105920K
  class space    used 5524K, committed 5888K, reserved 1048576K
}
Event: 1207.811 GC heap before
{Heap before GC invocations=940 (full 779):
 PSYoungGen      total 26624K, used 19456K [0x00000000f5580000, 0x00000000f7800000, 0x0000000100000000)
  eden space 19456K, 100% used [0x00000000f5580000,0x00000000f6880000,0x00000000f6880000)
  from space 7168K, 0% used [0x00000000f6880000,0x00000000f6880000,0x00000000f6f80000)
  to   space 7168K, 0% used [0x00000000f6f80000,0x00000000f6f80000,0x00000000f7680000)
 ParOldGen       total 349696K, used 349693K [0x00000000e0000000, 0x00000000f5580000, 0x00000000f5580000)
  object space 349696K, 99% used [0x00000000e0000000,0x00000000f557f420,0x00000000f5580000)
 Metaspace       used 57231K, committed 58112K, reserved 1105920K
  class space    used 5524K, committed 5888K, reserved 1048576K
}
Event: 1209.161 GC heap after
{Heap after GC invocations=940 (full 779):
 PSYoungGen      total 26624K, used 19455K [0x00000000f5580000, 0x00000000f7800000, 0x0000000100000000)
  eden space 19456K, 99% used [0x00000000f5580000,0x00000000f687ffb8,0x00000000f6880000)
  from space 7168K, 0% used [0x00000000f6f80000,0x00000000f6f80000,0x00000000f7680000)
  to   space 7168K, 0% used [0x00000000f6880000,0x00000000f6880000,0x00000000f6f80000)
 ParOldGen       total 349696K, used 349692K [0x00000000e0000000, 0x00000000f5580000, 0x00000000f5580000)
  object space 349696K, 99% used [0x00000000e0000000,0x00000000f557f300,0x00000000f5580000)
 Metaspace       used 57231K, committed 58112K, reserved 1105920K
  class space    used 5524K, committed 5888K, reserved 1048576K
}
Event: 1209.162 GC heap before
{Heap before GC invocations=941 (full 780):
 PSYoungGen      total 26624K, used 19456K [0x00000000f5580000, 0x00000000f7800000, 0x0000000100000000)
  eden space 19456K, 100% used [0x00000000f5580000,0x00000000f6880000,0x00000000f6880000)
  from space 7168K, 0% used [0x00000000f6f80000,0x00000000f6f80000,0x00000000f7680000)
  to   space 7168K, 0% used [0x00000000f6880000,0x00000000f6880000,0x00000000f6f80000)
 ParOldGen       total 349696K, used 349692K [0x00000000e0000000, 0x00000000f5580000, 0x00000000f5580000)
  object space 349696K, 99% used [0x00000000e0000000,0x00000000f557f300,0x00000000f5580000)
 Metaspace       used 57231K, committed 58112K, reserved 1105920K
  class space    used 5524K, committed 5888K, reserved 1048576K
}
Event: 1210.589 GC heap after
{Heap after GC invocations=941 (full 780):
 PSYoungGen      total 26624K, used 19456K [0x00000000f5580000, 0x00000000f7800000, 0x0000000100000000)
  eden space 19456K, 100% used [0x00000000f5580000,0x00000000f6880000,0x00000000f6880000)
  from space 7168K, 0% used [0x00000000f6880000,0x00000000f6880000,0x00000000f6f80000)
  to   space 7168K, 0% used [0x00000000f6f80000,0x00000000f6f80000,0x00000000f7680000)
 ParOldGen       total 349696K, used 349692K [0x00000000e0000000, 0x00000000f5580000, 0x00000000f5580000)
  object space 349696K, 99% used [0x00000000e0000000,0x00000000f557f2c8,0x00000000f5580000)
 Metaspace       used 57231K, committed 58112K, reserved 1105920K
  class space    used 5524K, committed 5888K, reserved 1048576K
}
Event: 1210.589 GC heap before
{Heap before GC invocations=942 (full 781):
 PSYoungGen      total 26624K, used 19456K [0x00000000f5580000, 0x00000000f7800000, 0x0000000100000000)
  eden space 19456K, 100% used [0x00000000f5580000,0x00000000f6880000,0x00000000f6880000)
  from space 7168K, 0% used [0x00000000f6880000,0x00000000f6880000,0x00000000f6f80000)
  to   space 7168K, 0% used [0x00000000f6f80000,0x00000000f6f80000,0x00000000f7680000)
 ParOldGen       total 349696K, used 349695K [0x00000000e0000000, 0x00000000f5580000, 0x00000000f5580000)
  object space 349696K, 99% used [0x00000000e0000000,0x00000000f557fce0,0x00000000f5580000)
 Metaspace       used 57231K, committed 58112K, reserved 1105920K
  class space    used 5524K, committed 5888K, reserved 1048576K
}
Event: 1211.911 GC heap after
{Heap after GC invocations=942 (full 781):
 PSYoungGen      total 26624K, used 19455K [0x00000000f5580000, 0x00000000f7800000, 0x0000000100000000)
  eden space 19456K, 99% used [0x00000000f5580000,0x00000000f687ff10,0x00000000f6880000)
  from space 7168K, 0% used [0x00000000f6f80000,0x00000000f6f80000,0x00000000f7680000)
  to   space 7168K, 0% used [0x00000000f6880000,0x00000000f6880000,0x00000000f6f80000)
 ParOldGen       total 349696K, used 349694K [0x00000000e0000000, 0x00000000f5580000, 0x00000000f5580000)
  object space 349696K, 99% used [0x00000000e0000000,0x00000000f557fb08,0x00000000f5580000)
 Metaspace       used 57231K, committed 58112K, reserved 1105920K
  class space    used 5524K, committed 5888K, reserved 1048576K
}
Event: 1211.912 GC heap before
{Heap before GC invocations=943 (full 782):
 PSYoungGen      total 26624K, used 19455K [0x00000000f5580000, 0x00000000f7800000, 0x0000000100000000)
  eden space 19456K, 99% used [0x00000000f5580000,0x00000000f687fff8,0x00000000f6880000)
  from space 7168K, 0% used [0x00000000f6f80000,0x00000000f6f80000,0x00000000f7680000)
  to   space 7168K, 0% used [0x00000000f6880000,0x00000000f6880000,0x00000000f6f80000)
 ParOldGen       total 349696K, used 349694K [0x00000000e0000000, 0x00000000f5580000, 0x00000000f5580000)
  object space 349696K, 99% used [0x00000000e0000000,0x00000000f557fb08,0x00000000f5580000)
 Metaspace       used 57231K, committed 58112K, reserved 1105920K
  class space    used 5524K, committed 5888K, reserved 1048576K
}
Event: 1213.287 GC heap after
{Heap after GC invocations=943 (full 782):
 PSYoungGen      total 26624K, used 19455K [0x00000000f5580000, 0x00000000f7800000, 0x0000000100000000)
  eden space 19456K, 99% used [0x00000000f5580000,0x00000000f687fff8,0x00000000f6880000)
  from space 7168K, 0% used [0x00000000f6880000,0x00000000f6880000,0x00000000f6f80000)
  to   space 7168K, 0% used [0x00000000f6f80000,0x00000000f6f80000,0x00000000f7680000)
 ParOldGen       total 349696K, used 349694K [0x00000000e0000000, 0x00000000f5580000, 0x00000000f5580000)
  object space 349696K, 99% used [0x00000000e0000000,0x00000000f557fb08,0x00000000f5580000)
 Metaspace       used 57231K, committed 58112K, reserved 1105920K
  class space    used 5524K, committed 5888K, reserved 1048576K
}
Event: 1213.288 GC heap before
{Heap before GC invocations=944 (full 783):
 PSYoungGen      total 26624K, used 19455K [0x00000000f5580000, 0x00000000f7800000, 0x0000000100000000)
  eden space 19456K, 99% used [0x00000000f5580000,0x00000000f687fff8,0x00000000f6880000)
  from space 7168K, 0% used [0x00000000f6880000,0x00000000f6880000,0x00000000f6f80000)
  to   space 7168K, 0% used [0x00000000f6f80000,0x00000000f6f80000,0x00000000f7680000)
 ParOldGen       total 349696K, used 349695K [0x00000000e0000000, 0x00000000f5580000, 0x00000000f5580000)
  object space 349696K, 99% used [0x00000000e0000000,0x00000000f557fd38,0x00000000f5580000)
 Metaspace       used 57231K, committed 58112K, reserved 1105920K
  class space    used 5524K, committed 5888K, reserved 1048576K
}
Event: 1214.705 GC heap after
{Heap after GC invocations=944 (full 783):
 PSYoungGen      total 26624K, used 19455K [0x00000000f5580000, 0x00000000f7800000, 0x0000000100000000)
  eden space 19456K, 99% used [0x00000000f5580000,0x00000000f687fff8,0x00000000f6880000)
  from space 7168K, 0% used [0x00000000f6f80000,0x00000000f6f80000,0x00000000f7680000)
  to   space 7168K, 0% used [0x00000000f6880000,0x00000000f6880000,0x00000000f6f80000)
 ParOldGen       total 349696K, used 349694K [0x00000000e0000000, 0x00000000f5580000, 0x00000000f5580000)
  object space 349696K, 99% used [0x00000000e0000000,0x00000000f557fb08,0x00000000f5580000)
 Metaspace       used 57231K, committed 58112K, reserved 1105920K
  class space    used 5524K, committed 5888K, reserved 1048576K
}
Event: 1214.705 GC heap before
{Heap before GC invocations=945 (full 784):
 PSYoungGen      total 26624K, used 19455K [0x00000000f5580000, 0x00000000f7800000, 0x0000000100000000)
  eden space 19456K, 99% used [0x00000000f5580000,0x00000000f687fff8,0x00000000f6880000)
  from space 7168K, 0% used [0x00000000f6f80000,0x00000000f6f80000,0x00000000f7680000)
  to   space 7168K, 0% used [0x00000000f6880000,0x00000000f6880000,0x00000000f6f80000)
 ParOldGen       total 349696K, used 349694K [0x00000000e0000000, 0x00000000f5580000, 0x00000000f5580000)
  object space 349696K, 99% used [0x00000000e0000000,0x00000000f557fb08,0x00000000f5580000)
 Metaspace       used 57231K, committed 58112K, reserved 1105920K
  class space    used 5524K, committed 5888K, reserved 1048576K
}
Event: 1216.020 GC heap after
{Heap after GC invocations=945 (full 784):
 PSYoungGen      total 26624K, used 19455K [0x00000000f5580000, 0x00000000f7800000, 0x0000000100000000)
  eden space 19456K, 99% used [0x00000000f5580000,0x00000000f687fff8,0x00000000f6880000)
  from space 7168K, 0% used [0x00000000f6880000,0x00000000f6880000,0x00000000f6f80000)
  to   space 7168K, 0% used [0x00000000f6f80000,0x00000000f6f80000,0x00000000f7680000)
 ParOldGen       total 349696K, used 349694K [0x00000000e0000000, 0x00000000f5580000, 0x00000000f5580000)
  object space 349696K, 99% used [0x00000000e0000000,0x00000000f557fb08,0x00000000f5580000)
 Metaspace       used 57231K, committed 58112K, reserved 1105920K
  class space    used 5524K, committed 5888K, reserved 1048576K
}

Dll operation events (9 events):
Event: 0.003 Loaded shared library /nix/store/gpxl5qgg8kicmcvivwmybwjlpf7wh20l-graalvm17-ce-22.3.0/lib/libjava.so
Event: 0.010 Loaded shared library /nix/store/gpxl5qgg8kicmcvivwmybwjlpf7wh20l-graalvm17-ce-22.3.0/lib/libjsvml.so
Event: 0.449 Loaded shared library /nix/store/gpxl5qgg8kicmcvivwmybwjlpf7wh20l-graalvm17-ce-22.3.0/lib/libjvmcicompiler.so
Event: 0.454 Loaded shared library /nix/store/gpxl5qgg8kicmcvivwmybwjlpf7wh20l-graalvm17-ce-22.3.0/lib/libnio.so
Event: 0.462 Loaded shared library /nix/store/gpxl5qgg8kicmcvivwmybwjlpf7wh20l-graalvm17-ce-22.3.0/lib/libzip.so
Event: 1.160 Loaded shared library /nix/store/gpxl5qgg8kicmcvivwmybwjlpf7wh20l-graalvm17-ce-22.3.0/lib/libjimage.so
Event: 2.256 Loaded shared library /nix/store/gpxl5qgg8kicmcvivwmybwjlpf7wh20l-graalvm17-ce-22.3.0/lib/libnet.so
Event: 9.147 Loaded shared library /home/runner/.cache/jdt-language-server/config/org.eclipse.equinox.launcher/org.eclipse.equinox.launcher.gtk.linux.x86_64_1.2.400.v20211117-0650/eclipse_11600.so
Event: 30.356 Loaded shared library /nix/store/gpxl5qgg8kicmcvivwmybwjlpf7wh20l-graalvm17-ce-22.3.0/lib/libextnet.so

Deoptimization events (20 events):
Event: 1074.452 Thread 0x00007f1e4c4f0ed0 Uncommon trap: trap_request=0xffffff8f fr.pc=0x00007f1ea31dcd5a relative=0x000000000000121a
Event: 1074.452 Thread 0x00007f1e4c4f0ed0 Uncommon trap: reason=constraint action=none pc=0x00007f1ea31dcd5a method=org.eclipse.jdt.internal.core.index.DiskIndex.copyQueryResults(Lorg/eclipse/jdt/internal/compiler/util/HashtableOfObject;I)V @ 123 jvmci
Event: 1077.101 Thread 0x00007f1e1c009ad0 Uncommon trap: trap_request=0xffffff8f fr.pc=0x00007f1ea2fc2bee relative=0x000000000000044e
Event: 1077.101 Thread 0x00007f1e4c4f0ed0 DEOPT PACKING pc=0x00007f1ea31dcd5a sp=0x00007f1e625fe530
Event: 1077.101 Thread 0x00007f1e1c009ad0 Uncommon trap: reason=constraint action=none pc=0x00007f1ea2fc2bee method=java.lang.AbstractStringBuilder.append(Ljava/lang/String;)Ljava/lang/AbstractStringBuilder; @ 0 jvmci
Event: 1077.101 Thread 0x00007f1e1c009ad0 DEOPT PACKING pc=0x00007f1ea2fc2bee sp=0x00007f1e62bfdda0
Event: 1077.101 Thread 0x00007f1e4c4f0ed0 DEOPT UNPACKING pc=0x00007f1e9b505325 sp=0x00007f1e625fda28 mode 3
Event: 1077.101 Thread 0x00007f1e1c009ad0 DEOPT UNPACKING pc=0x00007f1e9b505325 sp=0x00007f1e62bfd260 mode 3
Event: 1079.684 Thread 0x00007f1e24000ff0 Uncommon trap: trap_request=0xffffff8f fr.pc=0x00007f1ea3175fad relative=0x000000000000038d
Event: 1079.684 Thread 0x00007f1e24000ff0 Uncommon trap: reason=constraint action=none pc=0x00007f1ea3175fad method=java.lang.String.<init>([C)V @ 0 jvmci
Event: 1079.684 Thread 0x00007f1e24000ff0 DEOPT PACKING pc=0x00007f1ea3175fad sp=0x00007f1e61dfe780
Event: 1079.684 Thread 0x00007f1e24000ff0 DEOPT UNPACKING pc=0x00007f1e9b505325 sp=0x00007f1e61dfdc28 mode 3
Event: 1082.352 Thread 0x00007f1e1c009ad0 Uncommon trap: trap_request=0xffffff8f fr.pc=0x00007f1ea2f97791 relative=0x00000000000002f1
Event: 1082.352 Thread 0x00007f1e1c009ad0 Uncommon trap: reason=constraint action=none pc=0x00007f1ea2f97791 method=java.lang.AbstractStringBuilder.newCapacity(I)I @ 32 jvmci
Event: 1082.352 Thread 0x00007f1e1c009ad0 DEOPT PACKING pc=0x00007f1ea2f97791 sp=0x00007f1e62bfdd30
Event: 1082.352 Thread 0x00007f1e1c009ad0 DEOPT UNPACKING pc=0x00007f1e9b505325 sp=0x00007f1e62bfd140 mode 3
Event: 1087.158 Thread 0x00007f1e24000ff0 Uncommon trap: trap_request=0xffffff8f fr.pc=0x00007f1ea2fd04a6 relative=0x0000000000000406
Event: 1087.158 Thread 0x00007f1e24000ff0 Uncommon trap: reason=constraint action=none pc=0x00007f1ea2fd04a6 method=java.lang.String.<init>([CIILjava/lang/Void;)V @ 0 jvmci
Event: 1087.158 Thread 0x00007f1e24000ff0 DEOPT PACKING pc=0x00007f1ea2fd04a6 sp=0x00007f1e61dfe6e0
Event: 1087.158 Thread 0x00007f1e24000ff0 DEOPT UNPACKING pc=0x00007f1e9b505325 sp=0x00007f1e61dfdb90 mode 3

Classes unloaded (20 events):
Event: 108.097 Thread 0x00007f1eb40a1c10 Unloading class 0x0000000800d98800 'java/lang/invoke/LambdaForm$MH+0x0000000800d98800'
Event: 108.097 Thread 0x00007f1eb40a1c10 Unloading class 0x0000000800d98400 'java/lang/invoke/LambdaForm$MH+0x0000000800d98400'
Event: 108.097 Thread 0x00007f1eb40a1c10 Unloading class 0x0000000800d98000 'jdk/internal/reflect/GeneratedConstructorAccessor3'
Event: 108.097 Thread 0x00007f1eb40a1c10 Unloading class 0x0000000800d06800 'java/lang/invoke/LambdaForm$MH+0x0000000800d06800'
Event: 108.097 Thread 0x00007f1eb40a1c10 Unloading class 0x0000000800d06000 'java/lang/invoke/LambdaForm$MH+0x0000000800d06000'
Event: 108.097 Thread 0x00007f1eb40a1c10 Unloading class 0x0000000800d05c00 'java/lang/invoke/LambdaForm$MH+0x0000000800d05c00'
Event: 108.097 Thread 0x00007f1eb40a1c10 Unloading class 0x0000000800d05800 'java/lang/invoke/LambdaForm$MH+0x0000000800d05800'
Event: 108.097 Thread 0x00007f1eb40a1c10 Unloading class 0x0000000800d05000 'java/lang/invoke/LambdaForm$MH+0x0000000800d05000'
Event: 108.097 Thread 0x00007f1eb40a1c10 Unloading class 0x0000000800d04c00 'java/lang/invoke/LambdaForm$MH+0x0000000800d04c00'
Event: 108.097 Thread 0x00007f1eb40a1c10 Unloading class 0x0000000800d04800 'java/lang/invoke/LambdaForm$MH+0x0000000800d04800'
Event: 108.097 Thread 0x00007f1eb40a1c10 Unloading class 0x0000000800d04000 'java/lang/invoke/LambdaForm$MH+0x0000000800d04000'
Event: 108.097 Thread 0x00007f1eb40a1c10 Unloading class 0x0000000800c1d000 'jdk/internal/reflect/GeneratedMethodAccessor5'
Event: 108.097 Thread 0x00007f1eb40a1c10 Unloading class 0x0000000800c1cc00 'jdk/internal/reflect/GeneratedMethodAccessor4'
Event: 108.097 Thread 0x00007f1eb40a1c10 Unloading class 0x0000000800c1c800 'jdk/internal/reflect/GeneratedMethodAccessor3'
Event: 108.097 Thread 0x00007f1eb40a1c10 Unloading class 0x0000000800c1c400 'jdk/internal/reflect/GeneratedMethodAccessor2'
Event: 108.097 Thread 0x00007f1eb40a1c10 Unloading class 0x0000000800c1c000 'jdk/internal/reflect/GeneratedMethodAccessor1'
Event: 108.097 Thread 0x00007f1eb40a1c10 Unloading class 0x0000000800c01c00 'java/lang/invoke/LambdaForm$DMH+0x0000000800c01c00'
Event: 996.253 Thread 0x00007f1eb40a1c10 Unloading class 0x0000000800d99000 'jdk/internal/reflect/GeneratedSerializationConstructorAccessor7'
Event: 1045.089 Thread 0x00007f1eb40a1c10 Unloading class 0x0000000800f14800 'jdk/internal/reflect/GeneratedSerializationConstructorAccessor6'
Event: 1045.089 Thread 0x00007f1eb40a1c10 Unloading class 0x0000000800f24400 'jdk/internal/reflect/GeneratedSerializationConstructorAccessor5'

Classes redefined (0 events):
No events

Internal exceptions (20 events):
Event: 70.858 Thread 0x00007f1e2015b3a0 Exception <a 'java/lang/ArrayIndexOutOfBoundsException'{0x00000000f5eec2d0}: Index 47 out of bounds for length 47> (0x00000000f5eec2d0) 
thrown [src/hotspot/share/interpreter/interpreterRuntime.cpp, line 428]
Event: 70.955 Thread 0x00007f1e2015b3a0 Exception <a 'java/lang/ArrayIndexOutOfBoundsException'{0x00000000f6028e28}: Index 47 out of bounds for length 47> (0x00000000f6028e28) 
thrown [src/hotspot/share/interpreter/interpreterRuntime.cpp, line 428]
Event: 71.060 Thread 0x00007f1e2015e290 Exception <a 'java/lang/NoSuchMethodError'{0x00000000f6270540}: 'int java.lang.invoke.DirectMethodHandle$Holder.invokeSpecialIFC(java.lang.Object, java.lang.Object, java.lang.Object, java.lang.Object)'> (0x00000000f6270540) 
thrown [src/hotspot/share/interpreter/linkResolver.cpp, line 758]
Event: 71.069 Thread 0x00007f1e2015b3a0 Exception <a 'java/lang/ArrayIndexOutOfBoundsException'{0x00000000f62ae280}: Index 47 out of bounds for length 47> (0x00000000f62ae280) 
thrown [src/hotspot/share/interpreter/interpreterRuntime.cpp, line 428]
Event: 75.962 Thread 0x00007f1e24035ec0 Implicit null exception at 0x00007f1ea30c7b3f to 0x00007f1ea30c7c83
Event: 991.161 Thread 0x00007f1e24000ff0 Exception <a 'java/lang/OutOfMemoryError'{0x00000000e0004c68}> (0x00000000e0004c68) 
thrown [src/hotspot/share/gc/shared/memAllocator.cpp, line 138]
Event: 991.161 Thread 0x00007f1e24000ff0 Implicit null exception at 0x00007f1ea2f97caf to 0x00007f1ea2f97d79
Event: 995.301 Thread 0x00007f1e1c009ad0 Exception <a 'java/lang/OutOfMemoryError'{0x00000000e0004128}> (0x00000000e0004128) 
thrown [src/hotspot/share/gc/shared/memAllocator.cpp, line 136]
Event: 1074.452 Thread 0x00007f1e4c4f0ed0 Exception <a 'java/lang/OutOfMemoryError'{0x00000000e00043f8}> (0x00000000e00043f8) 
thrown [src/hotspot/share/gc/shared/memAllocator.cpp, line 138]
Event: 1074.452 Thread 0x00007f1e4c4f0ed0 Implicit null exception at 0x00007f1ea31dc7e2 to 0x00007f1ea31dcd3f
Event: 1077.101 Thread 0x00007f1e1c009ad0 Exception <a 'java/lang/OutOfMemoryError'{0x00000000e00043f8}> (0x00000000e00043f8) 
thrown [src/hotspot/share/gc/shared/memAllocator.cpp, line 138]
Event: 1077.101 Thread 0x00007f1e1c009ad0 Implicit null exception at 0x00007f1ea2fc2a66 to 0x00007f1ea2fc2bd3
Event: 1079.684 Thread 0x00007f1e24000ff0 Exception <a 'java/lang/OutOfMemoryError'{0x00000000e00043f8}> (0x00000000e00043f8) 
thrown [src/hotspot/share/gc/shared/memAllocator.cpp, line 138]
Event: 1079.684 Thread 0x00007f1e24000ff0 Implicit null exception at 0x00007f1ea3175e4d to 0x00007f1ea3175f92
Event: 1082.352 Thread 0x00007f1e1c009ad0 Exception <a 'java/lang/OutOfMemoryError'{0x00000000e00043f8}> (0x00000000e00043f8) 
thrown [src/hotspot/share/gc/shared/memAllocator.cpp, line 138]
Event: 1082.352 Thread 0x00007f1e1c009ad0 Implicit null exception at 0x00007f1ea2f976c8 to 0x00007f1ea2f97776
Event: 1084.859 Thread 0x00007f1e1c009ad0 Exception <a 'java/lang/OutOfMemoryError'{0x00000000e0004718}> (0x00000000e0004718) 
thrown [src/hotspot/share/gc/shared/memAllocator.cpp, line 136]
Event: 1087.158 Thread 0x00007f1e24000ff0 Exception <a 'java/lang/OutOfMemoryError'{0x00000000e00043f8}> (0x00000000e00043f8) 
thrown [src/hotspot/share/gc/shared/memAllocator.cpp, line 138]
Event: 1087.158 Thread 0x00007f1e24000ff0 Implicit null exception at 0x00007f1ea2fd030c to 0x00007f1ea2fd048b
Event: 1216.020 Thread 0x00007f1eb40b21e0 Exception <a 'java/lang/OutOfMemoryError'{0x00000000e0004718}> (0x00000000e0004718) 
thrown [src/hotspot/share/gc/shared/memAllocator.cpp, line 136]

VM Operations (20 events):
Event: 1200.356 Executing VM operation: ParallelGCFailedAllocation
Event: 1201.870 Executing VM operation: ParallelGCFailedAllocation done
Event: 1201.870 Executing VM operation: ParallelGCFailedAllocation
Event: 1203.444 Executing VM operation: ParallelGCFailedAllocation done
Event: 1203.444 Executing VM operation: ParallelGCFailedAllocation
Event: 1205.185 Executing VM operation: ParallelGCFailedAllocation done
Event: 1205.185 Executing VM operation: ParallelGCFailedAllocation
Event: 1206.497 Executing VM operation: ParallelGCFailedAllocation done
Event: 1206.497 Executing VM operation: ParallelGCFailedAllocation
Event: 1207.805 Executing VM operation: ParallelGCFailedAllocation done
Event: 1207.805 Executing VM operation: ParallelGCFailedAllocation
Event: 1209.161 Executing VM operation: ParallelGCFailedAllocation done
Event: 1209.161 Executing VM operation: ParallelGCFailedAllocation
Event: 1210.589 Executing VM operation: ParallelGCFailedAllocation done
Event: 1210.589 Executing VM operation: ParallelGCFailedAllocation
Event: 1211.912 Executing VM operation: ParallelGCFailedAllocation done
Event: 1211.912 Executing VM operation: ParallelGCFailedAllocation
Event: 1213.287 Executing VM operation: ParallelGCFailedAllocation done
Event: 1213.287 Executing VM operation: ParallelGCFailedAllocation
Event: 1216.020 Executing VM operation: ParallelGCFailedAllocation done

Events (20 events):
Event: 94.425 Thread 0x00007f1eb40b4b40 flushing nmethod 0x00007f1e9c8d2c90
Event: 94.425 Thread 0x00007f1eb40b4b40 flushing nmethod 0x00007f1e9c8d3390
Event: 94.425 Thread 0x00007f1eb40b4b40 flushing nmethod 0x00007f1e9c8dd190
Event: 94.425 Thread 0x00007f1eb40b4b40 flushing nmethod 0x00007f1e9c8e5010
Event: 94.425 Thread 0x00007f1eb40b4b40 flushing nmethod 0x00007f1e9c8e5590
Event: 94.425 Thread 0x00007f1eb40b4b40 flushing nmethod 0x00007f1e9c8e9310
Event: 94.425 Thread 0x00007f1eb40b4b40 flushing nmethod 0x00007f1e9c8e9c10
Event: 126.763 Thread 0x00007f1e34001130 Thread exited: 0x00007f1e34001130
Event: 126.763 Thread 0x00007f1e30000ff0 Thread exited: 0x00007f1e30000ff0
Event: 126.763 Thread 0x00007f1e30052ac0 Thread exited: 0x00007f1e30052ac0
Event: 139.550 Thread 0x00007f1e4c374f50 Thread exited: 0x00007f1e4c374f50
Event: 323.637 Thread 0x00007f1e1c009ad0 Thread added: 0x00007f1e1c009ad0
Event: 323.637 Protecting memory [0x00007f1e62b00000,0x00007f1e62b04000] with protection modes 0
Event: 732.374 Thread 0x00007f1e3c2d1840 Thread added: 0x00007f1e3c2d1840
Event: 732.374 Protecting memory [0x00007f1e61900000,0x00007f1e61904000] with protection modes 0
Event: 761.592 Thread 0x00007f1e3c2d1840 Thread exited: 0x00007f1e3c2d1840
Event: 997.960 loading class java/lang/AssertionError
Event: 999.290 loading class java/lang/AssertionError done
Event: 1100.274 Thread 0x00007f1e24035ec0 Thread exited: 0x00007f1e24035ec0
Event: 1147.196 Thread 0x00007f1e1c009ad0 Thread exited: 0x00007f1e1c009ad0


Dynamic libraries:
e0000000-f5580000 rw-p 00000000 00:00 0 
f5580000-f7800000 rw-p 00000000 00:00 0 
f7800000-100000000 ---p 00000000 00:00 0 
800000000-800449000 rw-p 00001000 00:1a12 4611686019135357769            /nix/store/gpxl5qgg8kicmcvivwmybwjlpf7wh20l-graalvm17-ce-22.3.0/lib/server/classes.jsa
800449000-800bc8000 r--p 0044a000 00:1a12 4611686019135357769            /nix/store/gpxl5qgg8kicmcvivwmybwjlpf7wh20l-graalvm17-ce-22.3.0/lib/server/classes.jsa
800bc8000-800c00000 ---p 00000000 00:00 0 
800c00000-800c20000 rw-p 00000000 00:00 0 
800c20000-800c40000 rw-p 00000000 00:00 0 
800c40000-800cc0000 rw-p 00000000 00:00 0 
800cc0000-800d00000 rw-p 00000000 00:00 0 
800d00000-800dc0000 rw-p 00000000 00:00 0 
800dc0000-800e00000 rw-p 00000000 00:00 0 
800e00000-800f40000 rw-p 00000000 00:00 0 
800f40000-800f80000 rw-p 00000000 00:00 0 
800f80000-800fc0000 rw-p 00000000 00:00 0 
800fc0000-801000000 rw-p 00000000 00:00 0 
801000000-801140000 rw-p 00000000 00:00 0 
801140000-801150000 rw-p 00000000 00:00 0 
801150000-801180000 ---p 00000000 00:00 0 
801180000-8011f0000 rw-p 00000000 00:00 0 
8011f0000-840c00000 ---p 00000000 00:00 0 
5626adf74000-5626adf75000 r-xp 00000000 00:1a12 4611686019099417844      /nix/store/gpxl5qgg8kicmcvivwmybwjlpf7wh20l-graalvm17-ce-22.3.0/bin/.java-wrapped
5626adf76000-5626adf77000 r--p 00001000 00:1a12 4611686019099417844      /nix/store/gpxl5qgg8kicmcvivwmybwjlpf7wh20l-graalvm17-ce-22.3.0/bin/.java-wrapped
5626adf77000-5626adf78000 rw-p 00002000 00:1a12 4611686019099417844      /nix/store/gpxl5qgg8kicmcvivwmybwjlpf7wh20l-graalvm17-ce-22.3.0/bin/.java-wrapped
5626adf78000-5626adf79000 rw-p 00004000 00:1a12 4611686019099417844      /nix/store/gpxl5qgg8kicmcvivwmybwjlpf7wh20l-graalvm17-ce-22.3.0/bin/.java-wrapped
5626adf79000-5626adf7a000 rw-p 00005000 00:1a12 4611686019099417844      /nix/store/gpxl5qgg8kicmcvivwmybwjlpf7wh20l-graalvm17-ce-22.3.0/bin/.java-wrapped
5626adf7a000-5626adfc2000 rw-p 00000000 00:00 0                          [heap]
7f1de0000000-7f1de00a1000 rw-p 00000000 00:00 0 
7f1de00a1000-7f1de4000000 ---p 00000000 00:00 0 
7f1de8000000-7f1de8061000 rw-p 00000000 00:00 0 
7f1de8061000-7f1dec000000 ---p 00000000 00:00 0 
7f1dec000000-7f1dec021000 rw-p 00000000 00:00 0 
7f1dec021000-7f1df0000000 ---p 00000000 00:00 0 
7f1df0000000-7f1df00ab000 rw-p 00000000 00:00 0 
7f1df00ab000-7f1df4000000 ---p 00000000 00:00 0 
7f1df4000000-7f1df4021000 rw-p 00000000 00:00 0 
7f1df4021000-7f1df8000000 ---p 00000000 00:00 0 
7f1df8000000-7f1df8021000 rw-p 00000000 00:00 0 
7f1df8021000-7f1dfc000000 ---p 00000000 00:00 0 
7f1dfc000000-7f1dfc0bf000 rw-p 00000000 00:00 0 
7f1dfc0bf000-7f1e00000000 ---p 00000000 00:00 0 
7f1e00000000-7f1e00059000 rw-p 00000000 00:00 0 
7f1e00059000-7f1e04000000 ---p 00000000 00:00 0 
7f1e04000000-7f1e04021000 rw-p 00000000 00:00 0 
7f1e04021000-7f1e08000000 ---p 00000000 00:00 0 
7f1e08000000-7f1e08021000 rw-p 00000000 00:00 0 
7f1e08021000-7f1e0c000000 ---p 00000000 00:00 0 
7f1e0d300000-7f1e0d400000 ---p 00000000 00:00 0 
7f1e0d400000-7f1e0d9af000 r--p 01122000 00:1a12 4611686019135190040      /nix/store/gpxl5qgg8kicmcvivwmybwjlpf7wh20l-graalvm17-ce-22.3.0/lib/libjvmcicompiler.so
7f1e0d9af000-7f1e0db00000 r--p 00000000 00:00 0 
7f1e0db00000-7f1e0db3d000 rw-p 00000000 00:00 0 
7f1e0db3d000-7f1e0e05d000 rw-p 0185f000 00:1a12 4611686019135190040      /nix/store/gpxl5qgg8kicmcvivwmybwjlpf7wh20l-graalvm17-ce-22.3.0/lib/libjvmcicompiler.so
7f1e0e05d000-7f1e0e444000 r--p 01d7f000 00:1a12 4611686019135190040      /nix/store/gpxl5qgg8kicmcvivwmybwjlpf7wh20l-graalvm17-ce-22.3.0/lib/libjvmcicompiler.so
7f1e0e4b3000-7f1e18000000 r--s 00000000 00:1a12 4611686019135192581      /nix/store/gpxl5qgg8kicmcvivwmybwjlpf7wh20l-graalvm17-ce-22.3.0/lib/modules
7f1e18000000-7f1e18021000 rw-p 00000000 00:00 0 
7f1e18021000-7f1e1c000000 ---p 00000000 00:00 0 
7f1e1c000000-7f1e1c021000 rw-p 00000000 00:00 0 
7f1e1c021000-7f1e20000000 ---p 00000000 00:00 0 
7f1e20000000-7f1e201e2000 rw-p 00000000 00:00 0 
7f1e201e2000-7f1e24000000 ---p 00000000 00:00 0 
7f1e24000000-7f1e240f9000 rw-p 00000000 00:00 0 
7f1e240f9000-7f1e28000000 ---p 00000000 00:00 0 
7f1e28000000-7f1e28064000 rw-p 00000000 00:00 0 
7f1e28064000-7f1e2c000000 ---p 00000000 00:00 0 
7f1e2c000000-7f1e2c021000 rw-p 00000000 00:00 0 
7f1e2c021000-7f1e30000000 ---p 00000000 00:00 0 
7f1e30000000-7f1e3006f000 rw-p 00000000 00:00 0 
7f1e3006f000-7f1e34000000 ---p 00000000 00:00 0 
7f1e34000000-7f1e34116000 rw-p 00000000 00:00 0 
7f1e34116000-7f1e38000000 ---p 00000000 00:00 0 
7f1e38000000-7f1e38021000 rw-p 00000000 00:00 0 
7f1e38021000-7f1e3c000000 ---p 00000000 00:00 0 
7f1e3c000000-7f1e3c359000 rw-p 00000000 00:00 0 
7f1e3c359000-7f1e40000000 ---p 00000000 00:00 0 
7f1e40000000-7f1e40021000 rw-p 00000000 00:00 0 
7f1e40021000-7f1e44000000 ---p 00000000 00:00 0 
7f1e44000000-7f1e44021000 rw-p 00000000 00:00 0 
7f1e44021000-7f1e48000000 ---p 00000000 00:00 0 
7f1e48000000-7f1e48024000 rw-p 00000000 00:00 0 
7f1e48024000-7f1e4c000000 ---p 00000000 00:00 0 
7f1e4c000000-7f1e4c8d9000 rw-p 00000000 00:00 0 
7f1e4c8d9000-7f1e50000000 ---p 00000000 00:00 0 
7f1e50000000-7f1e502f0000 rw-p 00000000 00:00 0 
7f1e502f0000-7f1e50300000 ---p 00000000 00:00 0 
7f1e50300000-7f1e50310000 rw-p 00000000 00:00 0 
7f1e50310000-7f1e50800000 ---p 00000000 00:00 0 
7f1e50800000-7f1e51000000 rw-p 00000000 00:00 0 
7f1e51000000-7f1e51500000 rw-p 00000000 00:00 0 
7f1e51500000-7f1e51600000 rw-p 00000000 00:00 0 
7f1e51600000-7f1e51800000 rw-p 00000000 00:00 0 
7f1e51800000-7f1e51900000 rw-p 00000000 00:00 0 
7f1e51900000-7f1e51b00000 rw-p 00000000 00:00 0 
7f1e51b00000-7f1e51cc0000 rw-p 00000000 00:00 0 
7f1e51cc0000-7f1e51d00000 rw-p 00000000 00:00 0 
7f1e51d00000-7f1e51f00000 rw-p 00000000 00:00 0 
7f1e51f00000-7f1e52000000 rw-p 00000000 00:00 0 
7f1e52000000-7f1e52100000 rw-p 00000000 00:00 0 
7f1e52100000-7f1e52200000 rw-p 00000000 00:00 0 
7f1e52200000-7f1e52800000 rw-p 00000000 00:00 0 
7f1e52800000-7f1e52900000 rw-p 00000000 00:00 0 
7f1e52900000-7f1e52a00000 rw-p 00000000 00:00 0 
7f1e52a00000-7f1e52d00000 rw-p 00000000 00:00 0 
7f1e52d00000-7f1e52e00000 rw-p 00000000 00:00 0 
7f1e52e00000-7f1e53000000 rw-p 00000000 00:00 0 
7f1e53000000-7f1e53010000 r-xp 00000000 00:1a0d 353                      /home/runner/.cache/jdt-language-server/config/org.eclipse.equinox.launcher/org.eclipse.equinox.launcher.gtk.linux.x86_64_1.2.400.v20211117-0650/eclipse_11600.so
7f1e53010000-7f1e5320f000 ---p 00010000 00:1a0d 353                      /home/runner/.cache/jdt-language-server/config/org.eclipse.equinox.launcher/org.eclipse.equinox.launcher.gtk.linux.x86_64_1.2.400.v20211117-0650/eclipse_11600.so
7f1e5320f000-7f1e53210000 r--p 0000f000 00:1a0d 353                      /home/runner/.cache/jdt-language-server/config/org.eclipse.equinox.launcher/org.eclipse.equinox.launcher.gtk.linux.x86_64_1.2.400.v20211117-0650/eclipse_11600.so
7f1e53210000-7f1e53211000 rw-p 00010000 00:1a0d 353                      /home/runner/.cache/jdt-language-server/config/org.eclipse.equinox.launcher/org.eclipse.equinox.launcher.gtk.linux.x86_64_1.2.400.v20211117-0650/eclipse_11600.so
7f1e54000000-7f1e54021000 rw-p 00000000 00:00 0 
7f1e54021000-7f1e58000000 ---p 00000000 00:00 0 
7f1e58000000-7f1e58021000 rw-p 00000000 00:00 0 
7f1e58021000-7f1e5c000000 ---p 00000000 00:00 0 
7f1e5c000000-7f1e5c021000 rw-p 00000000 00:00 0 
7f1e5c021000-7f1e60000000 ---p 00000000 00:00 0 
7f1e60f00000-7f1e60f04000 ---p 00000000 00:00 0 
7f1e60f04000-7f1e61000000 rw-p 00000000 00:00 0 
7f1e61100000-7f1e61104000 ---p 00000000 00:00 0 
7f1e61104000-7f1e61200000 rw-p 00000000 00:00 0 
7f1e61300000-7f1e61304000 ---p 00000000 00:00 0 
7f1e61304000-7f1e61400000 rw-p 00000000 00:00 0 
7f1e61500000-7f1e61504000 ---p 00000000 00:00 0 
7f1e61504000-7f1e61600000 rw-p 00000000 00:00 0 
7f1e61700000-7f1e61704000 ---p 00000000 00:00 0 
7f1e61704000-7f1e61800000 rw-p 00000000 00:00 0 
7f1e61800000-7f1e61804000 ---p 00000000 00:00 0 
7f1e61804000-7f1e61900000 rw-p 00000000 00:00 0 
7f1e61900000-7f1e61904000 ---p 00000000 00:00 0 
7f1e61904000-7f1e61a00000 rw-p 00000000 00:00 0 
7f1e61b00000-7f1e61b04000 ---p 00000000 00:00 0 
7f1e61b04000-7f1e61c00000 rw-p 00000000 00:00 0 
7f1e61d00000-7f1e61d04000 ---p 00000000 00:00 0 
7f1e61d04000-7f1e61e00000 rw-p 00000000 00:00 0 
7f1e61e00000-7f1e61e04000 ---p 00000000 00:00 0 
7f1e61e04000-7f1e61f00000 rw-p 00000000 00:00 0 
7f1e61f00000-7f1e61f04000 ---p 00000000 00:00 0 
7f1e61f04000-7f1e62000000 rw-p 00000000 00:00 0 
7f1e62000000-7f1e62004000 ---p 00000000 00:00 0 
7f1e62004000-7f1e62100000 rw-p 00000000 00:00 0 
7f1e62100000-7f1e62104000 ---p 00000000 00:00 0 
7f1e62104000-7f1e62200000 rw-p 00000000 00:00 0 
7f1e62300000-7f1e62304000 ---p 00000000 00:00 0 
7f1e62304000-7f1e62400000 rw-p 00000000 00:00 0 
7f1e62500000-7f1e62504000 ---p 00000000 00:00 0 
7f1e62504000-7f1e62600000 rw-p 00000000 00:00 0 
7f1e62700000-7f1e62704000 ---p 00000000 00:00 0 
7f1e62704000-7f1e62800000 rw-p 00000000 00:00 0 
7f1e62900000-7f1e62904000 ---p 00000000 00:00 0 
7f1e62904000-7f1e62a00000 rw-p 00000000 00:00 0 
7f1e62b00000-7f1e62b04000 ---p 00000000 00:00 0 
7f1e62b04000-7f1e62c00000 rw-p 00000000 00:00 0 
7f1e62d00000-7f1e62d04000 ---p 00000000 00:00 0 
7f1e62d04000-7f1e62e00000 rw-p 00000000 00:00 0 
7f1e63a68000-7f1e63f00000 rw-p 00000000 00:00 0 
7f1e64000000-7f1e64021000 rw-p 00000000 00:00 0 
7f1e64021000-7f1e68000000 ---p 00000000 00:00 0 
7f1e68000000-7f1e68021000 rw-p 00000000 00:00 0 
7f1e68021000-7f1e6c000000 ---p 00000000 00:00 0 
7f1e6c000000-7f1e6c021000 rw-p 00000000 00:00 0 
7f1e6c021000-7f1e70000000 ---p 00000000 00:00 0 
7f1e70000000-7f1e70021000 rw-p 00000000 00:00 0 
7f1e70021000-7f1e74000000 ---p 00000000 00:00 0 
7f1e74000000-7f1e740f0000 rw-p 00000000 00:00 0 
7f1e740f0000-7f1e78000000 ---p 00000000 00:00 0 
7f1e78000000-7f1e78b8e000 rw-p 00000000 00:00 0 
7f1e78b8e000-7f1e7c000000 ---p 00000000 00:00 0 
7f1e7c000000-7f1e7c021000 rw-p 00000000 00:00 0 
7f1e7c021000-7f1e80000000 ---p 00000000 00:00 0 
7f1e80000000-7f1e80021000 rw-p 00000000 00:00 0 
7f1e80021000-7f1e84000000 ---p 00000000 00:00 0 
7f1e84000000-7f1e84021000 rw-p 00000000 00:00 0 
7f1e84021000-7f1e88000000 ---p 00000000 00:00 0 
7f1e88000000-7f1e88021000 rw-p 00000000 00:00 0 
7f1e88021000-7f1e8c000000 ---p 00000000 00:00 0 
7f1e8c000000-7f1e8c021000 rw-p 00000000 00:00 0 
7f1e8c021000-7f1e90000000 ---p 00000000 00:00 0 
7f1e90000000-7f1e90021000 rw-p 00000000 00:00 0 
7f1e90021000-7f1e94000000 ---p 00000000 00:00 0 
7f1e94000000-7f1e94070000 rw-p 00000000 00:00 0 
7f1e94070000-7f1e98000000 ---p 00000000 00:00 0 
7f1e98100000-7f1e98104000 ---p 00000000 00:00 0 
7f1e98104000-7f1e98200000 rw-p 00000000 00:00 0 
7f1e98300000-7f1e98304000 ---p 00000000 00:00 0 
7f1e98304000-7f1e98400000 rw-p 00000000 00:00 0 
7f1e98500000-7f1e98504000 ---p 00000000 00:00 0 
7f1e98504000-7f1e98600000 rw-p 00000000 00:00 0 
7f1e98600000-7f1e98604000 ---p 00000000 00:00 0 
7f1e98604000-7f1e98700000 rw-p 00000000 00:00 0 
7f1e98700000-7f1e98704000 ---p 00000000 00:00 0 
7f1e98704000-7f1e98800000 rw-p 00000000 00:00 0 
7f1e98900000-7f1e98904000 ---p 00000000 00:00 0 
7f1e98904000-7f1e98a00000 rw-p 00000000 00:00 0 
7f1e98b00000-7f1e98b04000 ---p 00000000 00:00 0 
7f1e98b04000-7f1e98c00000 rw-p 00000000 00:00 0 
7f1e98c00000-7f1e9ad6a000 r-xp 00000000 00:1a12 4611686019135190040      /nix/store/gpxl5qgg8kicmcvivwmybwjlpf7wh20l-graalvm17-ce-22.3.0/lib/libjvmcicompiler.so
7f1e9ad6a000-7f1e9af69000 ---p 0216a000 00:1a12 4611686019135190040      /nix/store/gpxl5qgg8kicmcvivwmybwjlpf7wh20l-graalvm17-ce-22.3.0/lib/libjvmcicompiler.so
7f1e9af69000-7f1e9af6a000 r--p 02169000 00:1a12 4611686019135190040      /nix/store/gpxl5qgg8kicmcvivwmybwjlpf7wh20l-graalvm17-ce-22.3.0/lib/libjvmcicompiler.so
7f1e9af6a000-7f1e9af6c000 rw-p 0216a000 00:1a12 4611686019135190040      /nix/store/gpxl5qgg8kicmcvivwmybwjlpf7wh20l-graalvm17-ce-22.3.0/lib/libjvmcicompiler.so
7f1e9af6c000-7f1e9af6d000 rw-p 00000000 00:00 0 
7f1e9af6d000-7f1e9af72000 rw-p 023c3000 00:1a12 4611686019135190040      /nix/store/gpxl5qgg8kicmcvivwmybwjlpf7wh20l-graalvm17-ce-22.3.0/lib/libjvmcicompiler.so
7f1e9afb1000-7f1e9afb2000 ---p 00000000 00:00 0 
7f1e9afb2000-7f1e9b0b3000 rw-p 00000000 00:00 0 
7f1e9b0b3000-7f1e9b0b7000 ---p 00000000 00:00 0 
7f1e9b0b7000-7f1e9b1b3000 rw-p 00000000 00:00 0 
7f1e9b1b3000-7f1e9b1b7000 ---p 00000000 00:00 0 
7f1e9b1b7000-7f1e9b2b3000 rw-p 00000000 00:00 0 
7f1e9b2b3000-7f1e9b2b7000 ---p 00000000 00:00 0 
7f1e9b2b7000-7f1e9b4b3000 rw-p 00000000 00:00 0 
7f1e9b4b3000-7f1e9b723000 rwxp 00000000 00:00 0 
7f1e9b723000-7f1e9ba42000 ---p 00000000 00:00 0 
7f1e9ba42000-7f1e9ca52000 rwxp 00000000 00:00 0 
7f1e9ca52000-7f1ea2f7a000 ---p 00000000 00:00 0 
7f1ea2f7a000-7f1ea31fa000 rwxp 00000000 00:00 0 
7f1ea31fa000-7f1eaa4b3000 ---p 00000000 00:00 0 
7f1eaa4b3000-7f1eb4000000 r--s 00000000 00:1a12 4611686019135192581      /nix/store/gpxl5qgg8kicmcvivwmybwjlpf7wh20l-graalvm17-ce-22.3.0/lib/modules
7f1eb4000000-7f1eb4654000 rw-p 00000000 00:00 0 
7f1eb4654000-7f1eb8000000 ---p 00000000 00:00 0 
7f1eb8018000-7f1eb801c000 ---p 00000000 00:00 0 
7f1eb801c000-7f1eb8118000 rw-p 00000000 00:00 0 
7f1eb8118000-7f1eb811c000 ---p 00000000 00:00 0 
7f1eb811c000-7f1eb8318000 rw-p 00000000 00:00 0 
7f1eb8318000-7f1eb831c000 ---p 00000000 00:00 0 
7f1eb831c000-7f1eb8418000 rw-p 00000000 00:00 0 
7f1eb8418000-7f1eb841c000 ---p 00000000 00:00 0 
7f1eb841c000-7f1eb8518000 rw-p 00000000 00:00 0 
7f1eb8518000-7f1eb851c000 ---p 00000000 00:00 0 
7f1eb851c000-7f1eb8618000 rw-p 00000000 00:00 0 
7f1eb8618000-7f1eb88fe000 r--p 00000000 00:19aa 28444448                 /usr/lib/locale/locale-archive
7f1eb88fe000-7f1eb8902000 ---p 00000000 00:00 0 
7f1eb8902000-7f1eb89fe000 rw-p 00000000 00:00 0 
7f1eb89fe000-7f1eb8a02000 ---p 00000000 00:00 0 
7f1eb8a02000-7f1eb8afe000 rw-p 00000000 00:00 0 
7f1eb8afe000-7f1eb8aff000 ---p 00000000 00:00 0 
7f1eb8aff000-7f1eb9000000 rw-p 00000000 00:00 0 
7f1eb9000000-7f1eb9300000 rw-p 00000000 00:00 0 
7f1eb9300000-7f1eb9400000 rw-p 00000000 00:00 0 
7f1eb948b000-7f1eb948d000 r-xp 00000000 00:1a12 4611686019135190017      /nix/store/gpxl5qgg8kicmcvivwmybwjlpf7wh20l-graalvm17-ce-22.3.0/lib/libextnet.so
7f1eb948d000-7f1eb948e000 r--p 00001000 00:1a12 4611686019135190017      /nix/store/gpxl5qgg8kicmcvivwmybwjlpf7wh20l-graalvm17-ce-22.3.0/lib/libextnet.so
7f1eb948e000-7f1eb948f000 rw-p 00002000 00:1a12 4611686019135190017      /nix/store/gpxl5qgg8kicmcvivwmybwjlpf7wh20l-graalvm17-ce-22.3.0/lib/libextnet.so
7f1eb948f000-7f1eb9490000 rw-p 00004000 00:1a12 4611686019135190017      /nix/store/gpxl5qgg8kicmcvivwmybwjlpf7wh20l-graalvm17-ce-22.3.0/lib/libextnet.so
7f1eb9490000-7f1eb9494000 ---p 00000000 00:00 0 
7f1eb9494000-7f1eb94b2000 rw-p 00000000 00:00 0 
7f1eb94b2000-7f1eb94b9000 r-xp 00000000 00:1a12 4611686019135192580      /nix/store/gpxl5qgg8kicmcvivwmybwjlpf7wh20l-graalvm17-ce-22.3.0/lib/libzip.so
7f1eb94b9000-7f1eb94ba000 ---p 00007000 00:1a12 4611686019135192580      /nix/store/gpxl5qgg8kicmcvivwmybwjlpf7wh20l-graalvm17-ce-22.3.0/lib/libzip.so
7f1eb94ba000-7f1eb94bb000 r--p 00007000 00:1a12 4611686019135192580      /nix/store/gpxl5qgg8kicmcvivwmybwjlpf7wh20l-graalvm17-ce-22.3.0/lib/libzip.so
7f1eb94bb000-7f1eb94bc000 rw-p 00008000 00:1a12 4611686019135192580      /nix/store/gpxl5qgg8kicmcvivwmybwjlpf7wh20l-graalvm17-ce-22.3.0/lib/libzip.so
7f1eb94bc000-7f1eb94be000 rw-p 0000b000 00:1a12 4611686019135192580      /nix/store/gpxl5qgg8kicmcvivwmybwjlpf7wh20l-graalvm17-ce-22.3.0/lib/libzip.so
7f1eb94be000-7f1eb94d3000 r-xp 00000000 00:1a12 4611686019135192570      /nix/store/gpxl5qgg8kicmcvivwmybwjlpf7wh20l-graalvm17-ce-22.3.0/lib/libnet.so
7f1eb94d3000-7f1eb94d4000 ---p 00015000 00:1a12 4611686019135192570      /nix/store/gpxl5qgg8kicmcvivwmybwjlpf7wh20l-graalvm17-ce-22.3.0/lib/libnet.so
7f1eb94d4000-7f1eb94d5000 r--p 00015000 00:1a12 4611686019135192570      /nix/store/gpxl5qgg8kicmcvivwmybwjlpf7wh20l-graalvm17-ce-22.3.0/lib/libnet.so
7f1eb94d5000-7f1eb94d6000 rw-p 00016000 00:1a12 4611686019135192570      /nix/store/gpxl5qgg8kicmcvivwmybwjlpf7wh20l-graalvm17-ce-22.3.0/lib/libnet.so
7f1eb94d6000-7f1eb94d9000 rw-p 0001b000 00:1a12 4611686019135192570      /nix/store/gpxl5qgg8kicmcvivwmybwjlpf7wh20l-graalvm17-ce-22.3.0/lib/libnet.so
7f1eb94d9000-7f1eb94ec000 r-xp 00000000 00:1a12 4611686019135192571      /nix/store/gpxl5qgg8kicmcvivwmybwjlpf7wh20l-graalvm17-ce-22.3.0/lib/libnio.so
7f1eb94ec000-7f1eb94ed000 r--p 00012000 00:1a12 4611686019135192571      /nix/store/gpxl5qgg8kicmcvivwmybwjlpf7wh20l-graalvm17-ce-22.3.0/lib/libnio.so
7f1eb94ed000-7f1eb94ee000 rw-p 00013000 00:1a12 4611686019135192571      /nix/store/gpxl5qgg8kicmcvivwmybwjlpf7wh20l-graalvm17-ce-22.3.0/lib/libnio.so
7f1eb94ee000-7f1eb94f3000 rw-p 00019000 00:1a12 4611686019135192571      /nix/store/gpxl5qgg8kicmcvivwmybwjlpf7wh20l-graalvm17-ce-22.3.0/lib/libnio.so
7f1eb94f3000-7f1eb95c1000 r-xp 00000000 00:1a12 4611686019135190036      /nix/store/gpxl5qgg8kicmcvivwmybwjlpf7wh20l-graalvm17-ce-22.3.0/lib/libjsvml.so
7f1eb95c1000-7f1eb95c2000 r--p 000cd000 00:1a12 4611686019135190036      /nix/store/gpxl5qgg8kicmcvivwmybwjlpf7wh20l-graalvm17-ce-22.3.0/lib/libjsvml.so
7f1eb95c2000-7f1eb95c3000 rw-p 000ce000 00:1a12 4611686019135190036      /nix/store/gpxl5qgg8kicmcvivwmybwjlpf7wh20l-graalvm17-ce-22.3.0/lib/libjsvml.so
7f1eb95c3000-7f1ebae9b000 rw-p 00000000 00:00 0 
7f1ebae9b000-7f1ebae9c000 ---p 00000000 00:00 0 
7f1ebae9c000-7f1ebb047000 rw-p 00000000 00:00 0 
7f1ebb047000-7f1ebb059000 rw-p 00000000 00:00 0 
7f1ebb059000-7f1ebb09d000 ---p 00000000 00:00 0 
7f1ebb09d000-7f1ebb0a3000 rw-p 00000000 00:00 0 
7f1ebb0a3000-7f1ebb189000 ---p 00000000 00:00 0 
7f1ebb189000-7f1ebb1aa000 rw-p 00000000 00:00 0 
7f1ebb1aa000-7f1ebb274000 ---p 00000000 00:00 0 
7f1ebb274000-7f1ebb279000 rw-p 00000000 00:00 0 
7f1ebb279000-7f1ebb280000 ---p 00000000 00:00 0 
7f1ebb280000-7f1ebb2a4000 r-xp 00000000 00:1a12 4611686019135190028      /nix/store/gpxl5qgg8kicmcvivwmybwjlpf7wh20l-graalvm17-ce-22.3.0/lib/libjava.so
7f1ebb2a4000-7f1ebb2a5000 ---p 00024000 00:1a12 4611686019135190028      /nix/store/gpxl5qgg8kicmcvivwmybwjlpf7wh20l-graalvm17-ce-22.3.0/lib/libjava.so
7f1ebb2a5000-7f1ebb2a6000 r--p 00024000 00:1a12 4611686019135190028      /nix/store/gpxl5qgg8kicmcvivwmybwjlpf7wh20l-graalvm17-ce-22.3.0/lib/libjava.so
7f1ebb2a6000-7f1ebb2a7000 rw-p 00025000 00:1a12 4611686019135190028      /nix/store/gpxl5qgg8kicmcvivwmybwjlpf7wh20l-graalvm17-ce-22.3.0/lib/libjava.so
7f1ebb2a7000-7f1ebb2a8000 rw-p 00000000 00:00 0 
7f1ebb2a8000-7f1ebb2af000 rw-p 0002f000 00:1a12 4611686019135190028      /nix/store/gpxl5qgg8kicmcvivwmybwjlpf7wh20l-graalvm17-ce-22.3.0/lib/libjava.so
7f1ebb2af000-7f1ebb2b7000 rw-s 00000000 00:c0 350                        /tmp/hsperfdata_runner/32
7f1ebb2b7000-7f1ebb2b8000 ---p 00000000 00:00 0 
7f1ebb2b8000-7f1ebb2b9000 r--p 00000000 00:00 0 
7f1ebb2b9000-7f1ebb2ba000 rwxp 00000000 00:00 0 
7f1ebb2ba000-7f1ebb2d5000 r-xp 00000000 00:1a12 4611686019135190032      /nix/store/gpxl5qgg8kicmcvivwmybwjlpf7wh20l-graalvm17-ce-22.3.0/lib/libjimage.so
7f1ebb2d5000-7f1ebb2d6000 ---p 0001b000 00:1a12 4611686019135190032      /nix/store/gpxl5qgg8kicmcvivwmybwjlpf7wh20l-graalvm17-ce-22.3.0/lib/libjimage.so
7f1ebb2d6000-7f1ebb2d8000 r--p 0001b000 00:1a12 4611686019135190032      /nix/store/gpxl5qgg8kicmcvivwmybwjlpf7wh20l-graalvm17-ce-22.3.0/lib/libjimage.so
7f1ebb2d8000-7f1ebb2d9000 rw-p 0001d000 00:1a12 4611686019135190032      /nix/store/gpxl5qgg8kicmcvivwmybwjlpf7wh20l-graalvm17-ce-22.3.0/lib/libjimage.so
7f1ebb2d9000-7f1ebb2da000 rw-p 00024000 00:1a12 4611686019135190032      /nix/store/gpxl5qgg8kicmcvivwmybwjlpf7wh20l-graalvm17-ce-22.3.0/lib/libjimage.so
7f1ebb2da000-7f1ebb2de000 ---p 00000000 00:00 0 
7f1ebb2de000-7f1ebb3da000 rw-p 00000000 00:00 0 
7f1ebb3da000-7f1ebb3e8000 r--p 00000000 00:1a12 4611686019027979927      /nix/store/4nlgxhb09sdr51nc9hdm8az5b08vzkgx-glibc-2.35-163/lib/libm.so.6
7f1ebb3e8000-7f1ebb45b000 r-xp 0000e000 00:1a12 4611686019027979927      /nix/store/4nlgxhb09sdr51nc9hdm8az5b08vzkgx-glibc-2.35-163/lib/libm.so.6
7f1ebb45b000-7f1ebb4b8000 r--p 00081000 00:1a12 4611686019027979927      /nix/store/4nlgxhb09sdr51nc9hdm8az5b08vzkgx-glibc-2.35-163/lib/libm.so.6
7f1ebb4b8000-7f1ebb4b9000 r--p 000dd000 00:1a12 4611686019027979927      /nix/store/4nlgxhb09sdr51nc9hdm8az5b08vzkgx-glibc-2.35-163/lib/libm.so.6
7f1ebb4b9000-7f1ebb4ba000 rw-p 000de000 00:1a12 4611686019027979927      /nix/store/4nlgxhb09sdr51nc9hdm8az5b08vzkgx-glibc-2.35-163/lib/libm.so.6
7f1ebb4ba000-7f1ebb4bb000 r--p 00000000 00:1a12 4611686019027979946      /nix/store/4nlgxhb09sdr51nc9hdm8az5b08vzkgx-glibc-2.35-163/lib/librt.so.1
7f1ebb4bb000-7f1ebb4bc000 r-xp 00001000 00:1a12 4611686019027979946      /nix/store/4nlgxhb09sdr51nc9hdm8az5b08vzkgx-glibc-2.35-163/lib/librt.so.1
7f1ebb4bc000-7f1ebb4bd000 r--p 00002000 00:1a12 4611686019027979946      /nix/store/4nlgxhb09sdr51nc9hdm8az5b08vzkgx-glibc-2.35-163/lib/librt.so.1
7f1ebb4bd000-7f1ebb4be000 r--p 00002000 00:1a12 4611686019027979946      /nix/store/4nlgxhb09sdr51nc9hdm8az5b08vzkgx-glibc-2.35-163/lib/librt.so.1
7f1ebb4be000-7f1ebb4bf000 rw-p 00003000 00:1a12 4611686019027979946      /nix/store/4nlgxhb09sdr51nc9hdm8az5b08vzkgx-glibc-2.35-163/lib/librt.so.1
7f1ebb4bf000-7f1ebc5d2000 r-xp 00000000 00:1a12 4611686019135360866      /nix/store/gpxl5qgg8kicmcvivwmybwjlpf7wh20l-graalvm17-ce-22.3.0/lib/server/libjvm.so
7f1ebc5d2000-7f1ebc5d3000 ---p 01113000 00:1a12 4611686019135360866      /nix/store/gpxl5qgg8kicmcvivwmybwjlpf7wh20l-graalvm17-ce-22.3.0/lib/server/libjvm.so
7f1ebc5d3000-7f1ebc688000 r--p 01113000 00:1a12 4611686019135360866      /nix/store/gpxl5qgg8kicmcvivwmybwjlpf7wh20l-graalvm17-ce-22.3.0/lib/server/libjvm.so
7f1ebc688000-7f1ebc6bc000 rw-p 011c8000 00:1a12 4611686019135360866      /nix/store/gpxl5qgg8kicmcvivwmybwjlpf7wh20l-graalvm17-ce-22.3.0/lib/server/libjvm.so
7f1ebc6bc000-7f1ebc718000 rw-p 00000000 00:00 0 
7f1ebc718000-7f1ebc740000 r--p 00000000 00:1a12 4611686019027979918      /nix/store/4nlgxhb09sdr51nc9hdm8az5b08vzkgx-glibc-2.35-163/lib/libc.so.6
7f1ebc740000-7f1ebc8b6000 r-xp 00028000 00:1a12 4611686019027979918      /nix/store/4nlgxhb09sdr51nc9hdm8az5b08vzkgx-glibc-2.35-163/lib/libc.so.6
7f1ebc8b6000-7f1ebc90e000 r--p 0019e000 00:1a12 4611686019027979918      /nix/store/4nlgxhb09sdr51nc9hdm8az5b08vzkgx-glibc-2.35-163/lib/libc.so.6
7f1ebc90e000-7f1ebc912000 r--p 001f6000 00:1a12 4611686019027979918      /nix/store/4nlgxhb09sdr51nc9hdm8az5b08vzkgx-glibc-2.35-163/lib/libc.so.6
7f1ebc912000-7f1ebc914000 rw-p 001fa000 00:1a12 4611686019027979918      /nix/store/4nlgxhb09sdr51nc9hdm8az5b08vzkgx-glibc-2.35-163/lib/libc.so.6
7f1ebc914000-7f1ebc923000 rw-p 00000000 00:00 0 
7f1ebc923000-7f1ebc924000 r--p 00000000 00:1a12 4611686019027979923      /nix/store/4nlgxhb09sdr51nc9hdm8az5b08vzkgx-glibc-2.35-163/lib/libdl.so.2
7f1ebc924000-7f1ebc925000 r-xp 00001000 00:1a12 4611686019027979923      /nix/store/4nlgxhb09sdr51nc9hdm8az5b08vzkgx-glibc-2.35-163/lib/libdl.so.2
7f1ebc925000-7f1ebc926000 r--p 00002000 00:1a12 4611686019027979923      /nix/store/4nlgxhb09sdr51nc9hdm8az5b08vzkgx-glibc-2.35-163/lib/libdl.so.2
7f1ebc926000-7f1ebc927000 r--p 00002000 00:1a12 4611686019027979923      /nix/store/4nlgxhb09sdr51nc9hdm8az5b08vzkgx-glibc-2.35-163/lib/libdl.so.2
7f1ebc927000-7f1ebc928000 rw-p 00003000 00:1a12 4611686019027979923      /nix/store/4nlgxhb09sdr51nc9hdm8az5b08vzkgx-glibc-2.35-163/lib/libdl.so.2
7f1ebc928000-7f1ebc929000 r--p 00000000 00:1a12 4611686019027979942      /nix/store/4nlgxhb09sdr51nc9hdm8az5b08vzkgx-glibc-2.35-163/lib/libpthread.so.0
7f1ebc929000-7f1ebc92a000 r-xp 00001000 00:1a12 4611686019027979942      /nix/store/4nlgxhb09sdr51nc9hdm8az5b08vzkgx-glibc-2.35-163/lib/libpthread.so.0
7f1ebc92a000-7f1ebc92b000 r--p 00002000 00:1a12 4611686019027979942      /nix/store/4nlgxhb09sdr51nc9hdm8az5b08vzkgx-glibc-2.35-163/lib/libpthread.so.0
7f1ebc92b000-7f1ebc92c000 r--p 00002000 00:1a12 4611686019027979942      /nix/store/4nlgxhb09sdr51nc9hdm8az5b08vzkgx-glibc-2.35-163/lib/libpthread.so.0
7f1ebc92c000-7f1ebc92d000 rw-p 00003000 00:1a12 4611686019027979942      /nix/store/4nlgxhb09sdr51nc9hdm8az5b08vzkgx-glibc-2.35-163/lib/libpthread.so.0
7f1ebc92d000-7f1ebc93b000 r-xp 00000000 00:1a12 4611686019135190033      /nix/store/gpxl5qgg8kicmcvivwmybwjlpf7wh20l-graalvm17-ce-22.3.0/lib/libjli.so
7f1ebc93b000-7f1ebc93c000 ---p 0000e000 00:1a12 4611686019135190033      /nix/store/gpxl5qgg8kicmcvivwmybwjlpf7wh20l-graalvm17-ce-22.3.0/lib/libjli.so
7f1ebc93c000-7f1ebc93d000 r--p 0000e000 00:1a12 4611686019135190033      /nix/store/gpxl5qgg8kicmcvivwmybwjlpf7wh20l-graalvm17-ce-22.3.0/lib/libjli.so
7f1ebc93d000-7f1ebc93e000 rw-p 0000f000 00:1a12 4611686019135190033      /nix/store/gpxl5qgg8kicmcvivwmybwjlpf7wh20l-graalvm17-ce-22.3.0/lib/libjli.so
7f1ebc93e000-7f1ebc93f000 rw-p 00012000 00:1a12 4611686019135190033      /nix/store/gpxl5qgg8kicmcvivwmybwjlpf7wh20l-graalvm17-ce-22.3.0/lib/libjli.so
7f1ebc93f000-7f1ebc942000 r--p 00000000 00:1a12 4611686019106210071      /nix/store/026hln0aq1hyshaxsdvhg0kmcm6yf45r-zlib-1.2.13/lib/libz.so.1.2.13
7f1ebc942000-7f1ebc954000 r-xp 00003000 00:1a12 4611686019106210071      /nix/store/026hln0aq1hyshaxsdvhg0kmcm6yf45r-zlib-1.2.13/lib/libz.so.1.2.13
7f1ebc954000-7f1ebc95b000 r--p 00015000 00:1a12 4611686019106210071      /nix/store/026hln0aq1hyshaxsdvhg0kmcm6yf45r-zlib-1.2.13/lib/libz.so.1.2.13
7f1ebc95b000-7f1ebc95c000 r--p 0001b000 00:1a12 4611686019106210071      /nix/store/026hln0aq1hyshaxsdvhg0kmcm6yf45r-zlib-1.2.13/lib/libz.so.1.2.13
7f1ebc95c000-7f1ebc95d000 rw-p 0001c000 00:1a12 4611686019106210071      /nix/store/026hln0aq1hyshaxsdvhg0kmcm6yf45r-zlib-1.2.13/lib/libz.so.1.2.13
7f1ebc95d000-7f1ebc95f000 rw-p 00000000 00:00 0 
7f1ebc95f000-7f1ebc961000 r--p 00000000 00:1a12 4611686019027979912      /nix/store/4nlgxhb09sdr51nc9hdm8az5b08vzkgx-glibc-2.35-163/lib/ld-linux-x86-64.so.2
7f1ebc961000-7f1ebc988000 r-xp 00002000 00:1a12 4611686019027979912      /nix/store/4nlgxhb09sdr51nc9hdm8az5b08vzkgx-glibc-2.35-163/lib/ld-linux-x86-64.so.2
7f1ebc988000-7f1ebc994000 r--p 00029000 00:1a12 4611686019027979912      /nix/store/4nlgxhb09sdr51nc9hdm8az5b08vzkgx-glibc-2.35-163/lib/ld-linux-x86-64.so.2
7f1ebc994000-7f1ebc996000 r--p 00034000 00:1a12 4611686019027979912      /nix/store/4nlgxhb09sdr51nc9hdm8az5b08vzkgx-glibc-2.35-163/lib/ld-linux-x86-64.so.2
7f1ebc996000-7f1ebc998000 rw-p 00036000 00:1a12 4611686019027979912      /nix/store/4nlgxhb09sdr51nc9hdm8az5b08vzkgx-glibc-2.35-163/lib/ld-linux-x86-64.so.2
7ffe7424e000-7ffe74272000 rw-p 00000000 00:00 0                          [stack]
7ffe74372000-7ffe74376000 r--p 00000000 00:00 0                          [vvar]
7ffe74376000-7ffe74378000 r-xp 00000000 00:00 0                          [vdso]
ffffffffff600000-ffffffffff601000 --xp 00000000 00:00 0                  [vsyscall]


VM Arguments:
jvm_args: -XX:ThreadPriorityPolicy=1 -XX:+UnlockExperimentalVMOptions -XX:+EnableJVMCIProduct -XX:JVMCIThreadsPerNativeLibraryRuntime=1 -XX:-UnlockExperimentalVMOptions -Declipse.application=org.eclipse.jdt.ls.core.id1 -Dosgi.bundles.defaultStartLevel=4 -Declipse.product=org.eclipse.jdt.ls.core.product -Dlog.level=ALL -Xverify:none -XX:+UseParallelGC -XX:GCTimeRatio=4 -XX:AdaptiveSizePolicyWeight=90 -Dsun.zip.disableMemoryMapping=true -Xmx512m -Xms100m 
java_command: /nix/store/m6gcpi1ii6rghy04cjwjddcavv7i90df-jdt-language-server-1.9.0/share/java/plugins/org.eclipse.equinox.launcher_1.6.400.v20210924-0641.jar --add-modules=ALL-SYSTEM --add-opens java.base/java.util=ALL-UNNAMED --add-opens java.base/java.lang=ALL-UNNAMED -configuration /home/runner/.cache/jdt-language-server/config -data /home/runner/.cache/jdt-language-server/data/home/runner/justaliljavaproject-1
java_class_path (initial): /nix/store/m6gcpi1ii6rghy04cjwjddcavv7i90df-jdt-language-server-1.9.0/share/java/plugins/org.eclipse.equinox.launcher_1.6.400.v20210924-0641.jar
Launcher Type: SUN_STANDARD

[Global flags]
    uintx AdaptiveSizePolicyWeight                 = 90                                        {product} {command line}
     intx CICompilerCount                          = 2                                         {product} {ergonomic}
     bool EnableJVMCIProduct                       = true                                {JVMCI product} {jimage}
    uintx GCTimeRatio                              = 4                                         {product} {command line}
   size_t InitialHeapSize                          = 104857600                                 {product} {command line}
     uint JVMCIThreadsPerNativeLibraryRuntime      = 1                                   {JVMCI product} {jimage}
   size_t MaxHeapSize                              = 536870912                                 {product} {command line}
   size_t MaxNewSize                               = 178782208                                 {product} {ergonomic}
   size_t MinHeapDeltaBytes                        = 524288                                    {product} {ergonomic}
   size_t MinHeapSize                              = 104857600                                 {product} {command line}
   size_t NewSize                                  = 34603008                                  {product} {ergonomic}
    uintx NonNMethodCodeHeapSize                   = 5826188                                {pd product} {ergonomic}
    uintx NonProfiledCodeHeapSize                  = 122916026                              {pd product} {ergonomic}
   size_t OldSize                                  = 70254592                                  {product} {ergonomic}
    uintx ProfiledCodeHeapSize                     = 122916026                              {pd product} {ergonomic}
    uintx ReservedCodeCacheSize                    = 251658240                              {pd product} {ergonomic}
     bool SegmentedCodeCache                       = true                                      {product} {ergonomic}
   size_t SoftMaxHeapSize                          = 536870912                              {manageable} {ergonomic}
     intx ThreadPriorityPolicy                     = 1                                         {product} {jimage}
     bool UseCompressedClassPointers               = true                           {product lp64_product} {ergonomic}
     bool UseCompressedOops                        = true                           {product lp64_product} {ergonomic}
     bool UseParallelGC                            = true                                      {product} {command line}

Logging:
Log output configuration:
 #0: stdout all=warning uptime,level,tags
 #1: stderr all=off uptime,level,tags

Environment Variables:
JAVA_HOME=/nix/store/gpxl5qgg8kicmcvivwmybwjlpf7wh20l-graalvm17-ce-22.3.0
PATH=/nix/store/1d6ian3r8kdzspw8hacjhl3xkp40g1lj-binutils-wrapper-2.39/bin:/nix/store/dq0xwmsk1g0i2ayg6pb7y87na2knzylh-gcc-wrapper-11.3.0/bin:/nix/store/bap4d0lpcrhpwmpb8ayjcgkmvfj62lnq-bash-interactive-5.1-p16/bin:/nix/store/pr5n59mb4jzmfx6kanwxly0l07p861fg-patchelf-0.15.0/bin:/nix/store/1gf2flfqnpqbr1b4p4qz2f72y42bs56r-gcc-11.3.0/bin:/nix/store/57xv61c5zi8pphjbcwxxjlgc34p61ic9-glibc-2.35-163-bin/bin:/nix/store/a7gvj343m05j2s32xcnwr35v31ynlypr-coreutils-9.1/bin:/nix/store/039g378vc3pc3dvi9dzdlrd0i4q93qwf-binutils-2.39/bin:/nix/store/y5fcw4xnkg8hwaaf35nfc41vdzy32cm7-vim-9.0.0609/bin:/nix/store/gpxl5qgg8kicmcvivwmybwjlpf7wh20l-graalvm17-ce-22.3.0/bin:/nix/store/6z9ag3ihc8mq2hzsw48lhbznvzny65nz-apache-maven-3.8.6/bin:/nix/store/m6gcpi1ii6rghy04cjwjddcavv7i90df-jdt-language-server-1.9.0/bin:/nix/store/84xs5alhs01zrbr4ywm05kxbjbp5590l-java-debug/bin:/nix/store/mydc6f4k2z73xlcz7ilif3v2lcaiqvza-findutils-4.9.0/bin:/nix/store/j9p3g8472iijd50vhdprx0nmk2fqn5gv-diffutils-3.8/bin:/nix/store/89zs7rms6x00xfq4dq6m7mjnhkr8a6r4-gnused-4.8/bin:/nix/store/86bp03jkmsl6f92w0yzg4s59g5mhxwmy-gnugrep-3.7/bin:/nix/store/hwcdqw4jrjnd37wxqgsd47hd0j8bnj09-gawk-5.1.1/bin:/nix/store/cfbhw8r8ags41vwqaz47r583d0p4h4a1-gnutar-1.34/bin:/nix/store/p3m1ndl1lapwrlh698bnb5lvvxh67378-gzip-1.12/bin:/nix/store/a8mhcagrsly7c7mpjrpsnaahk4aax056-bzip2-1.0.8-bin/bin:/nix/store/mblgz65m3zv9x548a3d5m96fj2pbwr09-gnumake-4.3/bin:/nix/store/dsd5gz46hdbdk2rfdimqddhq6m8m8fqs-bash-5.1-p16/bin:/nix/store/v7ljksji50mg3w61dykaa3n3y79n6nil-patch-2.7.6/bin:/nix/store/zlcnmqq14jz5x9439jf937mvayyl63da-xz-5.2.7-bin/bin:/nix/store/y6aj732zm9m87c82fpvf103a1xb22blp-file-5.43/bin:/nix/store/i4kzir3m7mrisxmf5xvlnkw01x4qaqr4-prybar-elisp-0.0.0-e0d9a52/bin:/nix/store/lwwivxf6h7x3cvxp9zv8sj0mv7dak99r-prybar-lua-0.0.0-e0d9a52/bin:/nix/store/gxj28g1cg4hq3qanmjv07156h800qr58-prybar-python3-0.0.0-e0d9a52/bin:/nix/store/hshkjnxrgidigf8x75vg6lqng2xlx9i3-prybar-sqlite-0.0.0-e0d9a52/bin:/nix/store/c4w01bpjgyy5ixmwdk8m1pw87zq4sl26-prybar-tcl-0.0
LD_LIBRARY_PATH=/nix/store/a4pff549sk2idnkpzk5nsfps3mdkdnvm-cups-2.4.2-lib/lib:/nix/store/72mqxxhh3cy5yifh92wh2yb8cl2hikyy-cairo-1.16.0/lib:/nix/store/2k366jrbsra97gjfxwvrhvixjfxdach5-glib-2.74.1/lib:/nix/store/2j2znigd8ak37rlwh9khz0ry3clqlw1l-gtk+3-3.24.34/lib:/nix/store/hisqvx32cd57apbpcsnkpx6k3549wql1-libglvnd-1.4.0/lib:/nix/store/p36pgcv991mq5srvg765b78yqpxvk3qs-mesa-21.3.3-drivers/lib:/nix/store/mav4251if1ahjq5vkpwycyyvnmy459c4-pulseaudio-14.2/lib
DISPLAY=:0
LANG=en_US.UTF-8

Signal Handlers:
   SIGSEGV: crash_handler in libjvm.so, mask=11100100010111111101111111111110, flags=SA_RESTART|SA_SIGINFO
    SIGBUS: crash_handler in libjvm.so, mask=11100100010111111101111111111110, flags=SA_RESTART|SA_SIGINFO
    SIGFPE: crash_handler in libjvm.so, mask=11100100010111111101111111111110, flags=SA_RESTART|SA_SIGINFO
   SIGPIPE: IsolateEnterStub_IgnoreSIGPIPEStartupHook_noopSignalHandler_8f19bff2f35b5f630d83b364d6b2339320d4ec70_216e8361c6bc87a8f89f58cc10d3b2fd4415bf87 in libjvmcicompiler.so, mask=00000000000000000000000000000000, flags=SA_RESTART
  *** Handler was modified!
  *** Expected: javaSignalHandler in libjvm.so, mask=11100100110111111111111111111110, flags=SA_RESTART|SA_SIGINFO
   SIGXFSZ: javaSignalHandler in libjvm.so, mask=11100100010111111101111111111110, flags=SA_RESTART|SA_SIGINFO
    SIGILL: crash_handler in libjvm.so, mask=11100100010111111101111111111110, flags=SA_RESTART|SA_SIGINFO
   SIGUSR2: SR_handler in libjvm.so, mask=00000000000000000000000000000000, flags=SA_RESTART|SA_SIGINFO
    SIGHUP: UserHandler in libjvm.so, mask=11100100010111111101111111111110, flags=SA_RESTART|SA_SIGINFO
    SIGINT: UserHandler in libjvm.so, mask=11100100010111111101111111111110, flags=SA_RESTART|SA_SIGINFO
   SIGTERM: UserHandler in libjvm.so, mask=11100100010111111101111111111110, flags=SA_RESTART|SA_SIGINFO
   SIGQUIT: UserHandler in libjvm.so, mask=11100100010111111101111111111110, flags=SA_RESTART|SA_SIGINFO
  *** Handler was modified!
  *** Expected: javaSignalHandler in libjvm.so, mask=11100100110111111111111111111110, flags=SA_RESTART|SA_SIGINFO
   SIGTRAP: crash_handler in libjvm.so, mask=11100100010111111101111111111110, flags=SA_RESTART|SA_SIGINFO


---------------  S Y S T E M  ---------------

OS:
DISTRIB_ID=Ubuntu
DISTRIB_RELEASE=20.04
DISTRIB_CODENAME=focal
DISTRIB_DESCRIPTION="Ubuntu 20.04.2 LTS"
uname: Linux 5.15.0-1030-gcp #37~20.04.1-Ubuntu SMP Mon Feb 20 04:30:57 UTC 2023 x86_64
OS uptime: 0 days 9:12 hours
libc: glibc 2.35 NPTL 2.35 
rlimit (soft/hard): STACK 8192k/infinity , CORE infinity/infinity , NPROC infinity/infinity , NOFILE 5242/5242 , AS infinity/infinity , CPU infinity/infinity , DATA infinity/infinity , FSIZE infinity/infinity , MEMLOCK 64k/64k
load average: 21.85 17.09 18.10

/proc/meminfo:
MemTotal:       65852724 kB
MemFree:        19059936 kB
MemAvailable:   45298304 kB
Buffers:         3773112 kB
Cached:         21261508 kB
SwapCached:            0 kB
Active:         10012732 kB
Inactive:       31870976 kB
Active(anon):      14296 kB
Inactive(anon): 16752308 kB
Active(file):    9998436 kB
Inactive(file): 15118668 kB
Unevictable:       43084 kB
Mlocked:           43084 kB
SwapTotal:             0 kB
SwapFree:              0 kB
Dirty:              2640 kB
Writeback:             0 kB
AnonPages:      16050276 kB
Mapped:          1523216 kB
Shmem:             36744 kB
KReclaimable:    1848024 kB
Slab:            3853264 kB
SReclaimable:    1848024 kB
SUnreclaim:      2005240 kB
KernelStack:      411748 kB
PageTables:       135736 kB
NFS_Unstable:          0 kB
Bounce:                0 kB
WritebackTmp:          0 kB
CommitLimit:    32926360 kB
Committed_AS:   61501680 kB
VmallocTotal:   34359738367 kB
VmallocUsed:      458792 kB
VmallocChunk:          0 kB
Percpu:            69344 kB
HardwareCorrupted:     0 kB
AnonHugePages:   1439744 kB
ShmemHugePages:        0 kB
ShmemPmdMapped:        0 kB
FileHugePages:         0 kB
FilePmdMapped:         0 kB
HugePages_Total:       0
HugePages_Free:        0
HugePages_Rsvd:        0
HugePages_Surp:        0
Hugepagesize:       2048 kB
Hugetlb:               0 kB
DirectMap4k:     5733184 kB
DirectMap2M:    39352320 kB
DirectMap1G:    24117248 kB

/sys/kernel/mm/transparent_hugepage/enabled: always [madvise] never
/sys/kernel/mm/transparent_hugepage/defrag (defrag/compaction efforts parameter): always defer defer+madvise [madvise] never

Process Memory:
Virtual Size: 5054552K (peak: 5136188K)
Resident Set Size: 724620K (peak: 765440K) (anon: 528232K, file: 196388K, shmem: 0K)
Swapped out: 0K
C-Heap outstanding allocations: 41452K, retained: 14815K
glibc malloc tunables: (default)

/proc/sys/kernel/threads-max (system-wide limit on the number of threads): 514406
/proc/sys/vm/max_map_count (maximum number of memory map areas a process may have): 65530
/proc/sys/kernel/pid_max (system-wide limit on number of process identifiers): 4194304

container (cgroup) information:
container_type: cgroupv1
cpu_cpuset_cpus: 2-7
cpu_memory_nodes: 0
active_processor_count: 1
cpu_quota: 50000
cpu_period: 100000
cpu_shares: 512
memory_limit_in_bytes: 1048576 k
memory_and_swap_limit_in_bytes: 1048576 k
memory_soft_limit_in_bytes: 524288 k
memory_usage_in_bytes: 638672 k
memory_max_usage_in_bytes: 671328 k
maximum number of tasks: 1000
current number of tasks: 76

KVM virtualization detected
Steal ticks since vm start: 0
Steal ticks percentage since vm start:  0.000

CPU: total 8 (initial active 1) (8 cores per cpu, 2 threads per core) family 23 model 49 stepping 0 microcode 0xffffffff, cx8, cmov, fxsr, ht, mmx, 3dnowpref, sse, sse2, sse3, ssse3, sse4a, sse4.1, sse4.2, popcnt, lzcnt, tsc, tscinvbit, avx, avx2, aes, clmul, bmi1, bmi2, adx, sha, fma, vzeroupper, clflush, clflushopt, hv
CPU Model and flags from /proc/cpuinfo:
model name	: AMD EPYC 7B12
flags		: fpu vme de pse tsc msr pae mce cx8 apic sep mtrr pge mca cmov pat pse36 clflush mmx fxsr sse sse2 ht syscall nx mmxext fxsr_opt pdpe1gb rdtscp lm constant_tsc rep_good nopl nonstop_tsc cpuid extd_apicid tsc_known_freq pni pclmulqdq ssse3 fma cx16 sse4_1 sse4_2 movbe popcnt aes xsave avx f16c rdrand hypervisor lahf_lm cmp_legacy cr8_legacy abm sse4a misalignsse 3dnowprefetch osvw topoext ssbd ibrs ibpb stibp vmmcall fsgsbase tsc_adjust bmi1 avx2 smep bmi2 rdseed adx smap clflushopt clwb sha_ni xsaveopt xsavec xgetbv1 clzero xsaveerptr arat npt nrip_save umip rdpid

Online cpus: 0-7
Offline cpus: 
BIOS frequency limitation: <Not Available>
Frequency switch latency (ns): <Not Available>
Available cpu frequencies: <Not Available>
Current governor: <Not Available>
Core performance/turbo boost: <Not Available>

Memory: 4k page, physical 1048576k(409988k free), swap 0k(0k free)
Page Sizes: 4k

vm_info: OpenJDK 64-Bit Server VM (17.0.5+8-jvmci-22.3-b08) for linux-amd64 JRE (17.0.5+8-jvmci-22.3-b08), built on Oct 19 2022 09:01:27 by "buildslave" with gcc 10.3.0

END.
