#
# A fatal error has been detected by the Java Runtime Environment:
#
#  Internal Error (jvmciRuntime.cpp:1609), pid=9017, tid=9032
#  fatal error: Fatal exception in JVMCI: Error calling jdk.vm.ci.services.Services.serializeSavedProperties
#
# JRE version: OpenJDK Runtime Environment GraalVM CE 22.3.0 (17.0.5+8) (build 17.0.5+8-jvmci-22.3-b08)
# Java VM: OpenJDK 64-Bit Server VM GraalVM CE 22.3.0 (17.0.5+8-jvmci-22.3-b08, mixed mode, sharing, tiered, jvmci, jvmci compiler, compressed oops, compressed class ptrs, parallel gc, linux-amd64)
# Problematic frame:
# V  [libjvm.so+0x972714]  JVMCIRuntime::fatal_exception(JVMCIEnv*, char const*)+0x74
#
# Core dump will be written. Default location: Core dumps may be processed with "/usr/share/apport/apport -p%p -s%s -c%c -d%d -P%P -u%u -g%g -- %E" (or dumping to /home/runner/justaliljavaproject-1/core.9017)
#
# If you would like to submit a bug report, please visit:
#   https://github.com/oracle/graal/issues
#

---------------  S U M M A R Y ------------

Command Line: -XX:ThreadPriorityPolicy=1 -XX:+UnlockExperimentalVMOptions -XX:+EnableJVMCIProduct -XX:JVMCIThreadsPerNativeLibraryRuntime=1 -XX:-UnlockExperimentalVMOptions -Declipse.application=org.eclipse.jdt.ls.core.id1 -Dosgi.bundles.defaultStartLevel=4 -Declipse.product=org.eclipse.jdt.ls.core.product -Dlog.level=ALL -Xverify:none -XX:+UseParallelGC -XX:GCTimeRatio=4 -XX:AdaptiveSizePolicyWeight=90 -Dsun.zip.disableMemoryMapping=true -Xmx512m -Xms100m /nix/store/m6gcpi1ii6rghy04cjwjddcavv7i90df-jdt-language-server-1.9.0/share/java/plugins/org.eclipse.equinox.launcher_1.6.400.v20210924-0641.jar --add-modules=ALL-SYSTEM --add-opens java.base/java.util=ALL-UNNAMED --add-opens java.base/java.lang=ALL-UNNAMED -configuration /home/runner/.cache/jdt-language-server/config -data /home/runner/.cache/jdt-language-server/data/home/runner/justaliljavaproject-1

Host: AMD EPYC 7B12, 8 cores, 1G, Ubuntu 20.04.2 LTS
Time: Wed Apr 19 13:08:11 2023 UTC elapsed time: 636.822794 seconds (0d 0h 10m 36s)

---------------  T H R E A D  ---------------

Current thread (0x00007f21fc0b21e0):  JavaThread "JVMCI-native CompilerThread0" daemon [_thread_in_vm, id=9032, stack(0x00007f220031a000,0x00007f220051a000)]


Current CompileTask:
JVMCI-native: 636824 12806       4       org.eclipse.core.internal.resources.Resource::equals (66 bytes)

Stack: [0x00007f220031a000,0x00007f220051a000],  sp=0x00007f2200518380,  free space=2040k
Native frames: (J=compiled Java code, j=interpreted, Vv=VM code, C=native code)
V  [libjvm.so+0x972714]  JVMCIRuntime::fatal_exception(JVMCIEnv*, char const*)+0x74
V  [libjvm.so+0x93e2fe]  JVMCIEnv::copy_saved_properties()+0x14e
V  [libjvm.so+0x9732a9]  JVMCIRuntime::initialize(JVMCIEnv*)+0xb19
V  [libjvm.so+0x9738a2]  JVMCIRuntime::get_HotSpotJVMCIRuntime(JVMCIEnv*)+0x12
V  [libjvm.so+0x9749f2]  JVMCIRuntime::compile_method(JVMCIEnv*, JVMCICompiler*, methodHandle const&, int)+0xd2
V  [libjvm.so+0x5b0d20]  CompileBroker::invoke_compiler_on_method(CompileTask*)+0x1470
V  [libjvm.so+0x5b12e8]  CompileBroker::compiler_thread_loop()+0x528
V  [libjvm.so+0xd82460]  JavaThread::thread_main_inner()+0xd0
V  [libjvm.so+0xd85a40]  Thread::call_run()+0xc0
V  [libjvm.so+0xbdb1e1]  thread_native_entry(Thread*)+0xe1

Register to memory mapping:

RAX=0x00007f2203471000 points into unknown readable memory: 0x0000000000000058 | 58 00 00 00 00 00 00 00
RBX=0x00007f220456c398: <offset 0x0000000000ef5398> in /nix/store/gpxl5qgg8kicmcvivwmybwjlpf7wh20l-graalvm17-ce-22.3.0/lib/server/libjvm.so at 0x00007f2203677000
RCX=0x00007f22045241e8: <offset 0x0000000000ead1e8> in /nix/store/gpxl5qgg8kicmcvivwmybwjlpf7wh20l-graalvm17-ce-22.3.0/lib/server/libjvm.so at 0x00007f2203677000
RDX=0x0000000000000649 is an unknown value
RSP=0x00007f2200518380 is pointing into the stack for thread: 0x00007f21fc0b21e0
RBP=0x00007f22005183a0 is pointing into the stack for thread: 0x00007f21fc0b21e0
RSI=0x00007f220456cc48: <offset 0x0000000000ef5c48> in /nix/store/gpxl5qgg8kicmcvivwmybwjlpf7wh20l-graalvm17-ce-22.3.0/lib/server/libjvm.so at 0x00007f2203677000
RDI=0x00000000e0000000 is an oop: [B 
{0x00000000e0000000} - klass: {type array byte}
 - length: 68
R8 =0x00007f220456c398: <offset 0x0000000000ef5398> in /nix/store/gpxl5qgg8kicmcvivwmybwjlpf7wh20l-graalvm17-ce-22.3.0/lib/server/libjvm.so at 0x00007f2203677000
R9 =0x00007f2200518330 is pointing into the stack for thread: 0x00007f21fc0b21e0
R10=0x00007f2200519948 is pointing into the stack for thread: 0x00007f21fc0b21e0
R11=0x0000000000000293 is an unknown value
R12=0x0 is NULL
R13=0x00007f21fc0b21e0 is a thread
R14=0x00007f21fc000b80 points into unknown readable memory: 0x00007f220479da38 | 38 da 79 04 22 7f 00 00
R15=0x00007f22048abe40: <offset 0x0000000001234e40> in /nix/store/gpxl5qgg8kicmcvivwmybwjlpf7wh20l-graalvm17-ce-22.3.0/lib/server/libjvm.so at 0x00007f2203677000


Registers:
RAX=0x00007f2203471000, RBX=0x00007f220456c398, RCX=0x00007f22045241e8, RDX=0x0000000000000649
RSP=0x00007f2200518380, RBP=0x00007f22005183a0, RSI=0x00007f220456cc48, RDI=0x00000000e0000000
R8 =0x00007f220456c398, R9 =0x00007f2200518330, R10=0x00007f2200519948, R11=0x0000000000000293
R12=0x0000000000000000, R13=0x00007f21fc0b21e0, R14=0x00007f21fc000b80, R15=0x00007f22048abe40
RIP=0x00007f2203fe9714, EFLAGS=0x0000000000010206, CSGSFS=0x002b000000000033, ERR=0x0000000000000006
  TRAPNO=0x000000000000000e

Top of Stack: (sp=0x00007f2200518380)
0x00007f2200518380:   00007f2200518940 00007f21fc0b21e0
0x00007f2200518390:   00007f2201e028c8 0000000800c40dc8
0x00007f22005183a0:   00007f2200518500 00007f2203fb52fe
0x00007f22005183b0:   00007f22005183e0 00007f2200518440 

Instructions: (pc=0x00007f2203fe9714)
0x00007f2203fe9614:   30 e8 f6 cf e8 ff 4c 89 e7 e8 2e 48 d1 ff 84 db
0x00007f2203fe9624:   75 2a 4d 85 ed 74 04 4d 8b 6d 00 48 83 c4 08 44
0x00007f2203fe9634:   89 f9 4c 89 f2 4c 89 ee 5b 4c 89 e7 41 5c 41 5d
0x00007f2203fe9644:   41 5e 41 5f 5d e9 e2 47 d1 ff 66 90 48 83 c4 08
0x00007f2203fe9654:   5b 41 5c 41 5d 41 5e 41 5f 5d c3 90 31 d2 be 08
0x00007f2203fe9664:   00 00 00 4c 89 ff e8 b1 78 a3 ff 49 89 c5 e9 37
0x00007f2203fe9674:   ff ff ff 66 0f 1f 84 00 00 00 00 00 48 8b 7a 08
0x00007f2203fe9684:   e9 6d ff ff ff 0f 1f 80 00 00 00 00 e8 5b 48 0a
0x00007f2203fe9694:   00 84 c0 75 89 e9 6a ff ff ff 66 90 55 48 89 e5
0x00007f2203fe96a4:   41 56 41 55 41 54 49 89 fc 53 48 89 f3 66 48 8d
0x00007f2203fe96b4:   3d 27 5e 85 00 66 66 48 e8 df 43 8d ff 4c 8b 28
0x00007f2203fe96c4:   8b 05 be 72 8a 00 85 c0 75 14 ba 01 00 00 00 48
0x00007f2203fe96d4:   8d 0d ae 72 8a 00 f0 0f b1 11 85 c0 74 4e be c8
0x00007f2203fe96e4:   00 00 00 4c 89 ef e8 01 0b 41 00 48 8d 05 12 ac
0x00007f2203fe96f4:   85 00 49 89 d8 48 8d 0d e8 aa 53 00 ba 49 06 00
0x00007f2203fe9704:   00 48 8d 35 3c 35 58 00 bf 00 00 00 e0 48 8b 00
0x00007f2203fe9714:   c6 00 58 31 c0 e8 e2 91 c6 ff 5b 41 5c 41 5d 41
0x00007f2203fe9724:   5e 5d e9 55 34 26 00 0f 1f 44 00 00 48 8d 05 81
0x00007f2203fe9734:   a3 8b 00 48 89 df 4c 8b 30 e8 9e 43 8d ff 48 89
0x00007f2203fe9744:   de 48 89 c2 49 8b 06 4c 89 f7 ff 50 08 4c 89 f7
0x00007f2203fe9754:   e8 a7 5c 27 00 4d 85 e4 74 12 be 01 00 00 00 4c
0x00007f2203fe9764:   89 e7 e8 35 43 fc ff eb 82 0f 1f 00 be 01 00 00
0x00007f2203fe9774:   00 4c 89 ef e8 d3 fd ff ff e9 6d ff ff ff 66 66
0x00007f2203fe9784:   2e 0f 1f 84 00 00 00 00 00 0f 1f 00 55 48 89 e5
0x00007f2203fe9794:   41 57 41 56 41 55 41 54 53 48 81 ec 08 02 00 00
0x00007f2203fe97a4:   64 48 8b 04 25 28 00 00 00 48 89 45 c8 8b 07 83
0x00007f2203fe97b4:   f8 02 0f 84 11 04 00 00 4c 8b 6f 18 49 89 ff 49
0x00007f2203fe97c4:   89 f4 4d 85 ed 74 14 4c 89 ef e8 5d 57 22 00 41
0x00007f2203fe97d4:   8b 07 83 f8 02 0f 84 19 04 00 00 48 8d 1d 9a 06
0x00007f2203fe97e4:   8a 00 4c 8d 35 0b 3c 58 00 eb 38 90 48 85 d2 7f
0x00007f2203fe97f4:   0d 48 8d 05 b4 c0 85 00 48 83 38 00 7e 0e 41 8b
0x00007f2203fe9804:   77 2c 4c 89 f7 31 c0 e8 a0 b2 f7 ff 49 8b 7f 18 


Stack slot to memory mapping:
stack at sp + 0 slots: 0x00007f2200518940 is pointing into the stack for thread: 0x00007f21fc0b21e0
stack at sp + 1 slots: 0x00007f21fc0b21e0 is a thread
stack at sp + 2 slots: 0x00007f2201e028c8 points into unknown readable memory: 0x65730018e552ffff | ff ff 52 e5 18 00 73 65
stack at sp + 3 slots: 0x0000000800c40dc8 is a pointer to class: 
jdk.vm.ci.services.Services {0x0000000800c40dc8}
 - instance size:     2
 - klass size:        65
 - access:            public final synchronized 
 - state:             fully_initialized
 - name:              'jdk/vm/ci/services/Services'
 - super:             'java/lang/Object'
 - sub:               
 - arrays:            NULL
 - methods:           Array<T>(0x00007f2200c3c418)
 - method ordering:   Array<T>(0x0000000800928960)
 - default_methods:   Array<T>(0x0000000000000000)
 - local interfaces:  Array<T>(0x00000008005ce810)
 - trans. interfaces: Array<T>(0x00000008005ce810)
 - constants:         constant pool [427] {0x00007f2200c3b4f8} for 'jdk/vm/ci/services/Services' cache=0x00007f2200c3d6e8
 - class loader data:  loader data: 0x00007f21fc0283f0 of 'bootstrap'
 - source file:       'Services.java'
 - class annotations:       Array<T>(0x0000000000000000)
 - class type annotations:  Array<T>(0x0000000000000000)
 - field annotations:       Array<T>(0x0000000000000000)
 - field type annotations:  Array<T>(0x0000000000000000)
 - inner classes:     Array<T>(0x00007f2200c3d6b8)
 - nest members:     Array<T>(0x00007f2200c3d6d8)
 - permitted subclasses:     Array<T>(0x00000008005ce7a0)
 - java mirror:       a 'java/lang/Class'{0x00000000e02b1a60} = 'jdk/vm/ci/services/Services'
 - vtable length      5  (start addr: 0x0000000800c40f98)
 - itable length      2 (start addr: 0x0000000800c40fc0)
 - ---- static fields (3 words):
 - public static final 'IS_BUILDING_NATIVE_IMAGE' 'Z' @128 
 - public static final 'IS_IN_NATIVE_IMAGE' 'Z' @129 
 - private static volatile 'savedProperties' 'Ljava/util/Map;' @112 
 - static final 'JVMCI_ENABLED' 'Z' @130 
 - private static final 'servicesCache' 'Ljava/util/Map;' @116 
 - private static final 'MAX_UNICODE_IN_UTF8_LENGTH' 'I' @120 
 - private static final 'MAX_UTF8_PROPERTY_STRING_LENGTH' 'I' @124 
 - ---- non-static fields (0 words):
 - non-static oop maps: 
stack at sp + 4 slots: 0x00007f2200518500 is pointing into the stack for thread: 0x00007f21fc0b21e0
stack at sp + 5 slots: 0x00007f2203fb52fe: <offset 0x000000000093e2fe> in /nix/store/gpxl5qgg8kicmcvivwmybwjlpf7wh20l-graalvm17-ce-22.3.0/lib/server/libjvm.so at 0x00007f2203677000
stack at sp + 6 slots: 0x00007f22005183e0 is pointing into the stack for thread: 0x00007f21fc0b21e0
stack at sp + 7 slots: 0x00007f2200518440 is pointing into the stack for thread: 0x00007f21fc0b21e0


---------------  P R O C E S S  ---------------

Threads class SMR info:
_java_thread_list=0x00007f213c000c40, length=26, elements={
0x00007f21fc026690, 0x00007f21fc0a64d0, 0x00007f21fc0a7910, 0x00007f21fc0ae050,
0x00007f21fc0af400, 0x00007f21fc0b07f0, 0x00007f21fc0b21e0, 0x00007f21fc0b36f0,
0x00007f21fc0b4b40, 0x00007f21fc0d7e90, 0x00007f21fc11fa30, 0x00007f21fc2c52f0,
0x00007f21fc31d980, 0x00007f21fc320640, 0x00007f219402bec0, 0x00007f21943fd600,
0x00007f2194760e40, 0x00007f21fc3633a0, 0x00007f21fc410260, 0x00007f216c000ff0,
0x00007f21783e2380, 0x00007f21681b8290, 0x00007f21681ba890, 0x00007f217c00b310,
0x00007f21681bb7a0, 0x00007f2168121140
}

Java Threads: ( => current thread )
  0x00007f21fc026690 JavaThread "main" [_thread_blocked, id=9023, stack(0x00007f2203492000,0x00007f2203592000)]
  0x00007f21fc0a64d0 JavaThread "Reference Handler" daemon [_thread_blocked, id=9027, stack(0x00007f22014a9000,0x00007f22015a9000)]
  0x00007f21fc0a7910 JavaThread "Finalizer" daemon [_thread_blocked, id=9028, stack(0x00007f2200b00000,0x00007f2200c00000)]
  0x00007f21fc0ae050 JavaThread "Signal Dispatcher" daemon [_thread_blocked, id=9029, stack(0x00007f220071a000,0x00007f220081a000)]
  0x00007f21fc0af400 JavaThread "Service Thread" daemon [_thread_blocked, id=9030, stack(0x00007f220061a000,0x00007f220071a000)]
  0x00007f21fc0b07f0 JavaThread "Monitor Deflation Thread" daemon [_thread_blocked, id=9031, stack(0x00007f220051a000,0x00007f220061a000)]
=>0x00007f21fc0b21e0 JavaThread "JVMCI-native CompilerThread0" daemon [_thread_in_vm, id=9032, stack(0x00007f220031a000,0x00007f220051a000)]
  0x00007f21fc0b36f0 JavaThread "C1 CompilerThread0" daemon [_thread_blocked, id=9033, stack(0x00007f220011a000,0x00007f220031a000)]
  0x00007f21fc0b4b40 JavaThread "Sweeper thread" daemon [_thread_blocked, id=9034, stack(0x00007f220001a000,0x00007f220011a000)]
  0x00007f21fc0d7e90 JavaThread "Common-Cleaner" daemon [_thread_blocked, id=9038, stack(0x00007f21e33b3000,0x00007f21e34b3000)]
  0x00007f21fc11fa30 JavaThread "Notification Thread" daemon [_thread_blocked, id=9039, stack(0x00007f21e32b3000,0x00007f21e33b3000)]
  0x00007f21fc2c52f0 JavaThread "Active Thread: Equinox Container: 17200e9a-b0ee-4a91-b3be-21774033ef69" [_thread_blocked, id=9064, stack(0x00007f21e0d00000,0x00007f21e0e00000)]
  0x00007f21fc31d980 JavaThread "Framework Event Dispatcher: Equinox Container: 17200e9a-b0ee-4a91-b3be-21774033ef69" daemon [_thread_blocked, id=9069, stack(0x00007f21e0b00000,0x00007f21e0c00000)]
  0x00007f21fc320640 JavaThread "Start Level: Equinox Container: 17200e9a-b0ee-4a91-b3be-21774033ef69" daemon [_thread_blocked, id=9070, stack(0x00007f21e0900000,0x00007f21e0a00000)]
  0x00007f219402bec0 JavaThread "SCR Component Actor" daemon [_thread_blocked, id=9075, stack(0x00007f21e0700000,0x00007f21e0800000)]
  0x00007f21943fd600 JavaThread "Worker-JM" [_thread_blocked, id=9090, stack(0x00007f21e0300000,0x00007f21e0400000)]
  0x00007f2194760e40 JavaThread "Bundle File Closer" daemon [_thread_blocked, id=9103, stack(0x00007f21aa700000,0x00007f21aa800000)]
  0x00007f21fc3633a0 JavaThread "pool-3-thread-1" [_thread_blocked, id=9108, stack(0x00007f21aa500000,0x00007f21aa600000)]
  0x00007f21fc410260 JavaThread "pool-2-thread-1" [_thread_blocked, id=9109, stack(0x00007f21aa300000,0x00007f21aa400000)]
  0x00007f216c000ff0 JavaThread "Worker-4: Publish Diagnostics" [_thread_blocked, id=9115, stack(0x00007f21a9f00000,0x00007f21aa000000)]
  0x00007f21783e2380 JavaThread "Worker-7: Compacting resource model" [_thread_blocked, id=9295, stack(0x00007f21aa600000,0x00007f21aa700000)]
  0x00007f21681b8290 JavaThread "Thread-7" [_thread_blocked, id=9341, stack(0x00007f21a9700000,0x00007f21a9800000)]
  0x00007f21681ba890 JavaThread "Thread-9" [_thread_blocked, id=9343, stack(0x00007f21a9400000,0x00007f21a9500000)]
  0x00007f217c00b310 JavaThread "Java indexing" daemon [_thread_blocked, id=9695, stack(0x00007f21a9900000,0x00007f21a9a00000)]
  0x00007f21681bb7a0 JavaThread "Thread-20" [_thread_blocked, id=9753, stack(0x00007f21aab00000,0x00007f21aac00000)]
  0x00007f2168121140 JavaThread "Thread-21" [_thread_blocked, id=9754, stack(0x00007f21aad00000,0x00007f21aae00000)]

Other Threads:
  0x00007f21fc0a1c10 VMThread "VM Thread" [stack: 0x00007f22015ab000,0x00007f22016ab000] [id=9025] _threads_hazard_ptr=0x00007f213c000c40
  0x00007f21fc1213d0 WatcherThread [stack: 0x00007f21e31b3000,0x00007f21e32b3000] [id=9040]
  0x00007f21fc03df30 GCTaskThread "GC Thread#0" [stack: 0x00007f2203055000,0x00007f2203155000] [id=9024]

Threads with active compile tasks:
JVMCI-native CompilerThread0   636957 12806       4       org.eclipse.core.internal.resources.Resource::equals (66 bytes)

VM state: synchronizing (normal execution)

VM Mutex/Monitor currently owned by a thread:  ([mutex/lock_event])
[0x00007f21fc023840] Threads_lock - owner thread: 0x00007f21fc0a1c10
[0x00007f21fc023ff0] Heap_lock - owner thread: 0x00007f21fc2c52f0

OutOfMemory and StackOverflow Exception counts:
OutOfMemoryError java_heap_errors=8
LinkageErrors=51

Heap address: 0x00000000e0000000, size: 512 MB, Compressed Oops mode: 32-bit

CDS archive(s) mapped at: [0x0000000800000000-0x0000000800bc8000-0x0000000800bc8000), size 12353536, SharedBaseAddress: 0x0000000800000000, ArchiveRelocationMode: 0.
Compressed class space mapped at: 0x0000000800c00000-0x0000000840c00000, reserved size: 1073741824
Narrow klass base: 0x0000000800000000, Narrow klass shift: 0, Narrow klass range: 0x100000000

GC Precious Log:
 CPUs: 8 total, 1 available
 Memory: 1024M
 Large Page Support: Disabled
 NUMA Support: Disabled
 Compressed Oops: Enabled (32-bit)
 Alignments: Space 512K, Generation 512K, Heap 2M
 Heap Min Capacity: 100M
 Heap Initial Capacity: 100M
 Heap Max Capacity: 512M
 Pre-touch: Disabled
 Parallel Workers: 1

Heap:
 PSYoungGen      total 56320K, used 38400K [0x00000000f5580000, 0x00000000fa500000, 0x0000000100000000)
  eden space 38400K, 100% used [0x00000000f5580000,0x00000000f7b00000,0x00000000f7b00000)
  from space 17920K, 0% used [0x00000000f9180000,0x00000000f9180000,0x00000000fa300000)
  to   space 20480K, 0% used [0x00000000f7b00000,0x00000000f7b00000,0x00000000f8f00000)
 ParOldGen       total 349696K, used 349695K [0x00000000e0000000, 0x00000000f5580000, 0x00000000f5580000)
  object space 349696K, 99% used [0x00000000e0000000,0x00000000f557ffe8,0x00000000f5580000)
 Metaspace       used 57503K, committed 58368K, reserved 1105920K
  class space    used 5159K, committed 5568K, reserved 1048576K

Card table byte_map: [0x00007f2203155000,0x00007f2203256000] _byte_map_base: 0x00007f2202a55000

Marking Bits: (ParMarkBitMap*) 0x00007f22048a54c0
 Begin Bits: [0x00007f2201fa8000, 0x00007f22027a8000)
 End Bits:   [0x00007f22027a8000, 0x00007f2202fa8000)

Polling page: 0x00007f220346f000

Metaspace:

Usage:
  Non-class:     51.12 MB used.
      Class:      5.04 MB used.
       Both:     56.16 MB used.

Virtual space:
  Non-class space:       56.00 MB reserved,      51.56 MB ( 92%) committed,  7 nodes.
      Class space:        1.00 GB reserved,       5.44 MB ( <1%) committed,  1 nodes.
             Both:        1.05 GB reserved,      57.00 MB (  5%) committed. 

Chunk freelists:
   Non-Class:  179.00 KB
       Class:  2.62 MB
        Both:  2.80 MB

MaxMetaspaceSize: unlimited
CompressedClassSpaceSize: 1.00 GB
Initial GC threshold: 21.00 MB
Current GC threshold: 94.81 MB
CDS: on
MetaspaceReclaimPolicy: balanced
 - commit_granule_bytes: 65536.
 - commit_granule_words: 8192.
 - virtual_space_node_default_size: 1048576.
 - enlarge_chunks_in_place: 1.
 - new_chunks_are_fully_committed: 0.
 - uncommit_free_chunks: 1.
 - use_allocation_guard: 0.
 - handle_deallocations: 1.


Internal statistics:

num_allocs_failed_limit: 6.
num_arena_births: 392.
num_arena_deaths: 70.
num_vsnodes_births: 8.
num_vsnodes_deaths: 0.
num_space_committed: 909.
num_space_uncommitted: 0.
num_chunks_returned_to_freelist: 93.
num_chunks_taken_from_freelist: 2758.
num_chunk_merges: 33.
num_chunk_splits: 1791.
num_chunks_enlarged: 1145.
num_purges: 8.
num_inconsistent_stats: 0.

CodeHeap 'non-profiled nmethods': size=120036Kb used=2845Kb max_used=3004Kb free=117190Kb
 bounds [0x00007f21eaf7a000, 0x00007f21eb26a000, 0x00007f21f24b3000]
CodeHeap 'profiled nmethods': size=120032Kb used=20592Kb max_used=21596Kb free=99439Kb
 bounds [0x00007f21e3a42000, 0x00007f21e4f72000, 0x00007f21eaf7a000]
CodeHeap 'non-nmethods': size=5692Kb used=1346Kb max_used=1368Kb free=4345Kb
 bounds [0x00007f21e34b3000, 0x00007f21e3723000, 0x00007f21e3a42000]
 total_blobs=8723 nmethods=8050 adapters=584
 compilation: enabled
              stopped_count=0, restarted_count=0
 full_count=0

JVMCI Events (20 events):
Event: 350.710 Thread 0x00007f21fc0b21e0 compacted oop handles in JVMCI runtime 0 from 114 to 113
Event: 352.290 Thread 0x00007f21fc0b21e0 compacted oop handles in JVMCI runtime 0 from 129 to 128
Event: 358.172 Thread 0x00007f21fc0b21e0 compacted oop handles in JVMCI runtime 0 from 145 to 140
Event: 363.982 Thread 0x00007f21fc0b21e0 compacted oop handles in JVMCI runtime 0 from 157 to 107
Event: 368.375 Thread 0x00007f21fc0b21e0 compacted oop handles in JVMCI runtime 0 from 122 to 121
Event: 375.969 Thread 0x00007f21fc0b21e0 compacted oop handles in JVMCI runtime 0 from 137 to 101
Event: 383.363 Thread 0x00007f21fc0b21e0 compacted oop handles in JVMCI runtime 0 from 151 to 150
Event: 420.681 Thread 0x00007f21fc0b21e0 compacted oop handles in JVMCI runtime 0 from 164 to 85
Event: 450.105 Thread 0x00007f21fc0b21e0 compacted oop handles in JVMCI runtime 0 from 103 to 102
Event: 453.385 Thread 0x00007f21fc0b21e0 detaching from JVMCI runtime 0: releasing idle compiler thread (0 other threads still attached)
Event: 453.385 Thread 0x00007f21fc0b21e0 shutting down HotSpotJVMCIRuntime for JVMCI runtime 0
Event: 453.385 Thread 0x00007f21fc0b21e0 shut down JVMCI runtime 0
Event: 455.009 Thread 0x00007f21fc0b21e0 destroyed JavaVM[1]@0x00007f21aba9e340 for JVMCI runtime 0
Event: 455.009 Thread 0x00007f21fc0b21e0 compacted oop handles in JVMCI runtime 0 from 106 to 106
Event: 455.009 Thread 0x00007f21fc0b21e0 releasing handles for JVMCI runtime 0: oop handles=106, metadata handles={total=1760, live=1427, blocks=55}
Event: 455.009 Thread 0x00007f21fc0b21e0 detached from JVMCI runtime 0
Event: 496.069 Thread 0x00007f21fc0b21e0 attached to JVMCI runtime 0
Event: 496.070 Thread 0x00007f21fc0b21e0 created JavaVM[2]@0x00007f2117a9e340 for JVMCI runtime 0
Event: 499.177 Thread 0x00007f21fc0b21e0 initializing JVMCI runtime 0
Event: 499.177 Thread 0x00007f21fc0b21e0 done waiting for JavaVM references initialization in JVMCI runtime 0

Compilation events (20 events):
Event: 432.865 Thread 0x00007f21fc0b21e0 nmethod 12493 0x00007f21eb224390 code [0x00007f21eb224520, 0x00007f21eb224718]
Event: 432.865 Thread 0x00007f21fc0b21e0 12445       4       org.eclipse.jdt.internal.compiler.problem.ProblemReporter::getIrritant (2649 bytes)
Event: 441.508 Thread 0x00007f21fc0b21e0 nmethod 12445 0x00007f21eb222710 code [0x00007f21eb222940, 0x00007f21eb2242d0]
Event: 441.508 Thread 0x00007f21fc0b21e0 12804       4       java.util.ArrayList::grow (11 bytes)
Event: 450.105 Thread 0x00007f21fc0b21e0 nmethod 12804 0x00007f21eb221b90 code [0x00007f21eb221d60, 0x00007f21eb222450]
Event: 450.105 Thread 0x00007f21fc0b21e0 11796       4       org.eclipse.jdt.internal.compiler.classfmt.ClassFileStruct::i4At (69 bytes)
Event: 451.764 Thread 0x00007f21fc0b21e0 nmethod 11796 0x00007f21eb221810 code [0x00007f21eb221980, 0x00007f21eb221a80]
Event: 451.764 Thread 0x00007f21fc0b21e0 12768       4       org.eclipse.jdt.internal.compiler.lookup.TypeBinding::uncapture (2 bytes)
Event: 451.766 Thread 0x00007f21fc0b21e0 nmethod 12768 0x00007f21eb221490 code [0x00007f21eb221600, 0x00007f21eb221640]
Event: 455.010 Thread 0x00007f21fc0b36f0 12805       3       java.util.concurrent.ThreadPoolExecutor::runStateAtLeast (11 bytes)
Event: 455.010 Thread 0x00007f21fc0b36f0 nmethod 12805 0x00007f21e43d2d90 code [0x00007f21e43d2f20, 0x00007f21e43d3070]
Event: 496.069 Thread 0x00007f21fc0b21e0 12806       4       org.eclipse.core.internal.resources.Resource::equals (66 bytes)
Event: 515.353 Thread 0x00007f21fc0b36f0 12807       3       java.io.DataOutputStream::writeUTF (411 bytes)
Event: 529.272 Thread 0x00007f21fc0b36f0 nmethod 12807 0x00007f21e3a89f90 code [0x00007f21e3a8a320, 0x00007f21e3a8c6c0]
Event: 577.087 Thread 0x00007f21fc0b36f0 12808       3       java.util.Collections$UnmodifiableMap$UnmodifiableEntrySet$UnmodifiableEntry::getKey (10 bytes)
Event: 581.775 Thread 0x00007f21fc0b36f0 nmethod 12808 0x00007f21e4a8f690 code [0x00007f21e4a8f840, 0x00007f21e4a8fb60]
Event: 581.775 Thread 0x00007f21fc0b36f0 12809       3       java.util.Collections$UnmodifiableMap$UnmodifiableEntrySet$UnmodifiableEntry::getValue (10 bytes)
Event: 581.775 Thread 0x00007f21fc0b36f0 nmethod 12809 0x00007f21e4a8f090 code [0x00007f21e4a8f240, 0x00007f21e4a8f560]
Event: 596.878 Thread 0x00007f21fc0b36f0 12810       3       java.io.DataOutputStream::incCount (20 bytes)
Event: 598.352 Thread 0x00007f21fc0b36f0 nmethod 12810 0x00007f21e4a9da10 code [0x00007f21e4a9dba0, 0x00007f21e4a9dcf0]

GC Heap History (20 events):
Event: 613.671 GC heap before
{Heap before GC invocations=371 (full 271):
 PSYoungGen      total 56320K, used 38400K [0x00000000f5580000, 0x00000000fa500000, 0x0000000100000000)
  eden space 38400K, 100% used [0x00000000f5580000,0x00000000f7b00000,0x00000000f7b00000)
  from space 17920K, 0% used [0x00000000f9180000,0x00000000f9180000,0x00000000fa300000)
  to   space 20480K, 0% used [0x00000000f7b00000,0x00000000f7b00000,0x00000000f8f00000)
 ParOldGen       total 349696K, used 349695K [0x00000000e0000000, 0x00000000f5580000, 0x00000000f5580000)
  object space 349696K, 99% used [0x00000000e0000000,0x00000000f557fff0,0x00000000f5580000)
 Metaspace       used 57502K, committed 58368K, reserved 1105920K
  class space    used 5159K, committed 5568K, reserved 1048576K
}
Event: 615.087 GC heap after
{Heap after GC invocations=371 (full 271):
 PSYoungGen      total 58880K, used 38400K [0x00000000f5580000, 0x00000000fa500000, 0x0000000100000000)
  eden space 38400K, 100% used [0x00000000f5580000,0x00000000f7b00000,0x00000000f7b00000)
  from space 20480K, 0% used [0x00000000f7b00000,0x00000000f7b00000,0x00000000f8f00000)
  to   space 17920K, 0% used [0x00000000f9180000,0x00000000f9180000,0x00000000fa300000)
 ParOldGen       total 349696K, used 349695K [0x00000000e0000000, 0x00000000f5580000, 0x00000000f5580000)
  object space 349696K, 99% used [0x00000000e0000000,0x00000000f557fff0,0x00000000f5580000)
 Metaspace       used 57502K, committed 58368K, reserved 1105920K
  class space    used 5159K, committed 5568K, reserved 1048576K
}
Event: 615.087 GC heap before
{Heap before GC invocations=372 (full 272):
 PSYoungGen      total 58880K, used 38400K [0x00000000f5580000, 0x00000000fa500000, 0x0000000100000000)
  eden space 38400K, 100% used [0x00000000f5580000,0x00000000f7b00000,0x00000000f7b00000)
  from space 20480K, 0% used [0x00000000f7b00000,0x00000000f7b00000,0x00000000f8f00000)
  to   space 17920K, 0% used [0x00000000f9180000,0x00000000f9180000,0x00000000fa300000)
 ParOldGen       total 349696K, used 349695K [0x00000000e0000000, 0x00000000f5580000, 0x00000000f5580000)
  object space 349696K, 99% used [0x00000000e0000000,0x00000000f557fff0,0x00000000f5580000)
 Metaspace       used 57502K, committed 58368K, reserved 1105920K
  class space    used 5159K, committed 5568K, reserved 1048576K
}
Event: 616.500 GC heap after
{Heap after GC invocations=372 (full 272):
 PSYoungGen      total 56320K, used 38400K [0x00000000f5580000, 0x00000000fa500000, 0x0000000100000000)
  eden space 38400K, 100% used [0x00000000f5580000,0x00000000f7b00000,0x00000000f7b00000)
  from space 17920K, 0% used [0x00000000f9180000,0x00000000f9180000,0x00000000fa300000)
  to   space 20480K, 0% used [0x00000000f7b00000,0x00000000f7b00000,0x00000000f8f00000)
 ParOldGen       total 349696K, used 349695K [0x00000000e0000000, 0x00000000f5580000, 0x00000000f5580000)
  object space 349696K, 99% used [0x00000000e0000000,0x00000000f557ffd0,0x00000000f5580000)
 Metaspace       used 57502K, committed 58368K, reserved 1105920K
  class space    used 5159K, committed 5568K, reserved 1048576K
}
Event: 616.500 GC heap before
{Heap before GC invocations=373 (full 273):
 PSYoungGen      total 56320K, used 38400K [0x00000000f5580000, 0x00000000fa500000, 0x0000000100000000)
  eden space 38400K, 100% used [0x00000000f5580000,0x00000000f7b00000,0x00000000f7b00000)
  from space 17920K, 0% used [0x00000000f9180000,0x00000000f9180000,0x00000000fa300000)
  to   space 20480K, 0% used [0x00000000f7b00000,0x00000000f7b00000,0x00000000f8f00000)
 ParOldGen       total 349696K, used 349696K [0x00000000e0000000, 0x00000000f5580000, 0x00000000f5580000)
  object space 349696K, 100% used [0x00000000e0000000,0x00000000f5580000,0x00000000f5580000)
 Metaspace       used 57502K, committed 58368K, reserved 1105920K
  class space    used 5159K, committed 5568K, reserved 1048576K
}
Event: 618.376 GC heap after
{Heap after GC invocations=373 (full 273):
 PSYoungGen      total 58880K, used 38400K [0x00000000f5580000, 0x00000000fa500000, 0x0000000100000000)
  eden space 38400K, 100% used [0x00000000f5580000,0x00000000f7b00000,0x00000000f7b00000)
  from space 20480K, 0% used [0x00000000f7b00000,0x00000000f7b00000,0x00000000f8f00000)
  to   space 17920K, 0% used [0x00000000f9180000,0x00000000f9180000,0x00000000fa300000)
 ParOldGen       total 349696K, used 349696K [0x00000000e0000000, 0x00000000f5580000, 0x00000000f5580000)
  object space 349696K, 100% used [0x00000000e0000000,0x00000000f5580000,0x00000000f5580000)
 Metaspace       used 57502K, committed 58368K, reserved 1105920K
  class space    used 5159K, committed 5568K, reserved 1048576K
}
Event: 618.377 GC heap before
{Heap before GC invocations=374 (full 274):
 PSYoungGen      total 58880K, used 38400K [0x00000000f5580000, 0x00000000fa500000, 0x0000000100000000)
  eden space 38400K, 100% used [0x00000000f5580000,0x00000000f7b00000,0x00000000f7b00000)
  from space 20480K, 0% used [0x00000000f7b00000,0x00000000f7b00000,0x00000000f8f00000)
  to   space 17920K, 0% used [0x00000000f9180000,0x00000000f9180000,0x00000000fa300000)
 ParOldGen       total 349696K, used 349696K [0x00000000e0000000, 0x00000000f5580000, 0x00000000f5580000)
  object space 349696K, 100% used [0x00000000e0000000,0x00000000f5580000,0x00000000f5580000)
 Metaspace       used 57502K, committed 58368K, reserved 1105920K
  class space    used 5159K, committed 5568K, reserved 1048576K
}
Event: 622.205 GC heap after
{Heap after GC invocations=374 (full 274):
 PSYoungGen      total 56320K, used 38400K [0x00000000f5580000, 0x00000000fa500000, 0x0000000100000000)
  eden space 38400K, 100% used [0x00000000f5580000,0x00000000f7b00000,0x00000000f7b00000)
  from space 17920K, 0% used [0x00000000f9180000,0x00000000f9180000,0x00000000fa300000)
  to   space 20480K, 0% used [0x00000000f7b00000,0x00000000f7b00000,0x00000000f8f00000)
 ParOldGen       total 349696K, used 349696K [0x00000000e0000000, 0x00000000f5580000, 0x00000000f5580000)
  object space 349696K, 100% used [0x00000000e0000000,0x00000000f5580000,0x00000000f5580000)
 Metaspace       used 57502K, committed 58368K, reserved 1105920K
  class space    used 5159K, committed 5568K, reserved 1048576K
}
Event: 622.206 GC heap before
{Heap before GC invocations=375 (full 275):
 PSYoungGen      total 56320K, used 38400K [0x00000000f5580000, 0x00000000fa500000, 0x0000000100000000)
  eden space 38400K, 100% used [0x00000000f5580000,0x00000000f7b00000,0x00000000f7b00000)
  from space 17920K, 0% used [0x00000000f9180000,0x00000000f9180000,0x00000000fa300000)
  to   space 20480K, 0% used [0x00000000f7b00000,0x00000000f7b00000,0x00000000f8f00000)
 ParOldGen       total 349696K, used 349696K [0x00000000e0000000, 0x00000000f5580000, 0x00000000f5580000)
  object space 349696K, 100% used [0x00000000e0000000,0x00000000f5580000,0x00000000f5580000)
 Metaspace       used 57503K, committed 58368K, reserved 1105920K
  class space    used 5159K, committed 5568K, reserved 1048576K
}
Event: 626.962 GC heap after
{Heap after GC invocations=375 (full 275):
 PSYoungGen      total 58880K, used 38400K [0x00000000f5580000, 0x00000000fa500000, 0x0000000100000000)
  eden space 38400K, 100% used [0x00000000f5580000,0x00000000f7b00000,0x00000000f7b00000)
  from space 20480K, 0% used [0x00000000f7b00000,0x00000000f7b00000,0x00000000f8f00000)
  to   space 17920K, 0% used [0x00000000f9180000,0x00000000f9180000,0x00000000fa300000)
 ParOldGen       total 349696K, used 349695K [0x00000000e0000000, 0x00000000f5580000, 0x00000000f5580000)
  object space 349696K, 99% used [0x00000000e0000000,0x00000000f557ffd0,0x00000000f5580000)
 Metaspace       used 57503K, committed 58368K, reserved 1105920K
  class space    used 5159K, committed 5568K, reserved 1048576K
}
Event: 626.966 GC heap before
{Heap before GC invocations=376 (full 276):
 PSYoungGen      total 58880K, used 38400K [0x00000000f5580000, 0x00000000fa500000, 0x0000000100000000)
  eden space 38400K, 100% used [0x00000000f5580000,0x00000000f7b00000,0x00000000f7b00000)
  from space 20480K, 0% used [0x00000000f7b00000,0x00000000f7b00000,0x00000000f8f00000)
  to   space 17920K, 0% used [0x00000000f9180000,0x00000000f9180000,0x00000000fa300000)
 ParOldGen       total 349696K, used 349695K [0x00000000e0000000, 0x00000000f5580000, 0x00000000f5580000)
  object space 349696K, 99% used [0x00000000e0000000,0x00000000f557ffe8,0x00000000f5580000)
 Metaspace       used 57503K, committed 58368K, reserved 1105920K
  class space    used 5159K, committed 5568K, reserved 1048576K
}
Event: 630.608 GC heap after
{Heap after GC invocations=376 (full 276):
 PSYoungGen      total 56320K, used 38399K [0x00000000f5580000, 0x00000000fa500000, 0x0000000100000000)
  eden space 38400K, 99% used [0x00000000f5580000,0x00000000f7afffe0,0x00000000f7b00000)
  from space 17920K, 0% used [0x00000000f9180000,0x00000000f9180000,0x00000000fa300000)
  to   space 20480K, 0% used [0x00000000f7b00000,0x00000000f7b00000,0x00000000f8f00000)
 ParOldGen       total 349696K, used 349695K [0x00000000e0000000, 0x00000000f5580000, 0x00000000f5580000)
  object space 349696K, 99% used [0x00000000e0000000,0x00000000f557ffe8,0x00000000f5580000)
 Metaspace       used 57503K, committed 58368K, reserved 1105920K
  class space    used 5159K, committed 5568K, reserved 1048576K
}
Event: 630.608 GC heap before
{Heap before GC invocations=377 (full 277):
 PSYoungGen      total 56320K, used 38400K [0x00000000f5580000, 0x00000000fa500000, 0x0000000100000000)
  eden space 38400K, 100% used [0x00000000f5580000,0x00000000f7b00000,0x00000000f7b00000)
  from space 17920K, 0% used [0x00000000f9180000,0x00000000f9180000,0x00000000fa300000)
  to   space 20480K, 0% used [0x00000000f7b00000,0x00000000f7b00000,0x00000000f8f00000)
 ParOldGen       total 349696K, used 349695K [0x00000000e0000000, 0x00000000f5580000, 0x00000000f5580000)
  object space 349696K, 99% used [0x00000000e0000000,0x00000000f557ffe8,0x00000000f5580000)
 Metaspace       used 57503K, committed 58368K, reserved 1105920K
  class space    used 5159K, committed 5568K, reserved 1048576K
}
Event: 632.119 GC heap after
{Heap after GC invocations=377 (full 277):
 PSYoungGen      total 58880K, used 38400K [0x00000000f5580000, 0x00000000fa500000, 0x0000000100000000)
  eden space 38400K, 100% used [0x00000000f5580000,0x00000000f7b00000,0x00000000f7b00000)
  from space 20480K, 0% used [0x00000000f7b00000,0x00000000f7b00000,0x00000000f8f00000)
  to   space 17920K, 0% used [0x00000000f9180000,0x00000000f9180000,0x00000000fa300000)
 ParOldGen       total 349696K, used 349695K [0x00000000e0000000, 0x00000000f5580000, 0x00000000f5580000)
  object space 349696K, 99% used [0x00000000e0000000,0x00000000f557ffe8,0x00000000f5580000)
 Metaspace       used 57503K, committed 58368K, reserved 1105920K
  class space    used 5159K, committed 5568K, reserved 1048576K
}
Event: 632.119 GC heap before
{Heap before GC invocations=378 (full 278):
 PSYoungGen      total 58880K, used 38400K [0x00000000f5580000, 0x00000000fa500000, 0x0000000100000000)
  eden space 38400K, 100% used [0x00000000f5580000,0x00000000f7b00000,0x00000000f7b00000)
  from space 20480K, 0% used [0x00000000f7b00000,0x00000000f7b00000,0x00000000f8f00000)
  to   space 17920K, 0% used [0x00000000f9180000,0x00000000f9180000,0x00000000fa300000)
 ParOldGen       total 349696K, used 349695K [0x00000000e0000000, 0x00000000f5580000, 0x00000000f5580000)
  object space 349696K, 99% used [0x00000000e0000000,0x00000000f557ffe8,0x00000000f5580000)
 Metaspace       used 57503K, committed 58368K, reserved 1105920K
  class space    used 5159K, committed 5568K, reserved 1048576K
}
Event: 633.697 GC heap after
{Heap after GC invocations=378 (full 278):
 PSYoungGen      total 56320K, used 38400K [0x00000000f5580000, 0x00000000fa500000, 0x0000000100000000)
  eden space 38400K, 100% used [0x00000000f5580000,0x00000000f7b00000,0x00000000f7b00000)
  from space 17920K, 0% used [0x00000000f9180000,0x00000000f9180000,0x00000000fa300000)
  to   space 20480K, 0% used [0x00000000f7b00000,0x00000000f7b00000,0x00000000f8f00000)
 ParOldGen       total 349696K, used 349695K [0x00000000e0000000, 0x00000000f5580000, 0x00000000f5580000)
  object space 349696K, 99% used [0x00000000e0000000,0x00000000f557ffe8,0x00000000f5580000)
 Metaspace       used 57503K, committed 58368K, reserved 1105920K
  class space    used 5159K, committed 5568K, reserved 1048576K
}
Event: 633.697 GC heap before
{Heap before GC invocations=379 (full 279):
 PSYoungGen      total 56320K, used 38400K [0x00000000f5580000, 0x00000000fa500000, 0x0000000100000000)
  eden space 38400K, 100% used [0x00000000f5580000,0x00000000f7b00000,0x00000000f7b00000)
  from space 17920K, 0% used [0x00000000f9180000,0x00000000f9180000,0x00000000fa300000)
  to   space 20480K, 0% used [0x00000000f7b00000,0x00000000f7b00000,0x00000000f8f00000)
 ParOldGen       total 349696K, used 349695K [0x00000000e0000000, 0x00000000f5580000, 0x00000000f5580000)
  object space 349696K, 99% used [0x00000000e0000000,0x00000000f557ffe8,0x00000000f5580000)
 Metaspace       used 57503K, committed 58368K, reserved 1105920K
  class space    used 5159K, committed 5568K, reserved 1048576K
}
Event: 635.333 GC heap after
{Heap after GC invocations=379 (full 279):
 PSYoungGen      total 58880K, used 38400K [0x00000000f5580000, 0x00000000fa500000, 0x0000000100000000)
  eden space 38400K, 100% used [0x00000000f5580000,0x00000000f7b00000,0x00000000f7b00000)
  from space 20480K, 0% used [0x00000000f7b00000,0x00000000f7b00000,0x00000000f8f00000)
  to   space 17920K, 0% used [0x00000000f9180000,0x00000000f9180000,0x00000000fa300000)
 ParOldGen       total 349696K, used 349695K [0x00000000e0000000, 0x00000000f5580000, 0x00000000f5580000)
  object space 349696K, 99% used [0x00000000e0000000,0x00000000f557ffe8,0x00000000f5580000)
 Metaspace       used 57503K, committed 58368K, reserved 1105920K
  class space    used 5159K, committed 5568K, reserved 1048576K
}
Event: 635.333 GC heap before
{Heap before GC invocations=380 (full 280):
 PSYoungGen      total 58880K, used 38400K [0x00000000f5580000, 0x00000000fa500000, 0x0000000100000000)
  eden space 38400K, 100% used [0x00000000f5580000,0x00000000f7b00000,0x00000000f7b00000)
  from space 20480K, 0% used [0x00000000f7b00000,0x00000000f7b00000,0x00000000f8f00000)
  to   space 17920K, 0% used [0x00000000f9180000,0x00000000f9180000,0x00000000fa300000)
 ParOldGen       total 349696K, used 349695K [0x00000000e0000000, 0x00000000f5580000, 0x00000000f5580000)
  object space 349696K, 99% used [0x00000000e0000000,0x00000000f557ffe8,0x00000000f5580000)
 Metaspace       used 57503K, committed 58368K, reserved 1105920K
  class space    used 5159K, committed 5568K, reserved 1048576K
}
Event: 636.801 GC heap after
{Heap after GC invocations=380 (full 280):
 PSYoungGen      total 56320K, used 38400K [0x00000000f5580000, 0x00000000fa500000, 0x0000000100000000)
  eden space 38400K, 100% used [0x00000000f5580000,0x00000000f7b00000,0x00000000f7b00000)
  from space 17920K, 0% used [0x00000000f9180000,0x00000000f9180000,0x00000000fa300000)
  to   space 20480K, 0% used [0x00000000f7b00000,0x00000000f7b00000,0x00000000f8f00000)
 ParOldGen       total 349696K, used 349695K [0x00000000e0000000, 0x00000000f5580000, 0x00000000f5580000)
  object space 349696K, 99% used [0x00000000e0000000,0x00000000f557ffe8,0x00000000f5580000)
 Metaspace       used 57503K, committed 58368K, reserved 1105920K
  class space    used 5159K, committed 5568K, reserved 1048576K
}

Dll operation events (8 events):
Event: 0.002 Loaded shared library /nix/store/gpxl5qgg8kicmcvivwmybwjlpf7wh20l-graalvm17-ce-22.3.0/lib/libjava.so
Event: 0.061 Loaded shared library /nix/store/gpxl5qgg8kicmcvivwmybwjlpf7wh20l-graalvm17-ce-22.3.0/lib/libjsvml.so
Event: 0.489 Loaded shared library /nix/store/gpxl5qgg8kicmcvivwmybwjlpf7wh20l-graalvm17-ce-22.3.0/lib/libnio.so
Event: 0.494 Loaded shared library /nix/store/gpxl5qgg8kicmcvivwmybwjlpf7wh20l-graalvm17-ce-22.3.0/lib/libjvmcicompiler.so
Event: 0.591 Loaded shared library /nix/store/gpxl5qgg8kicmcvivwmybwjlpf7wh20l-graalvm17-ce-22.3.0/lib/libzip.so
Event: 1.181 Loaded shared library /nix/store/gpxl5qgg8kicmcvivwmybwjlpf7wh20l-graalvm17-ce-22.3.0/lib/libjimage.so
Event: 5.414 Loaded shared library /nix/store/gpxl5qgg8kicmcvivwmybwjlpf7wh20l-graalvm17-ce-22.3.0/lib/libnet.so
Event: 8.854 Loaded shared library /home/runner/.cache/jdt-language-server/config/org.eclipse.equinox.launcher/org.eclipse.equinox.launcher.gtk.linux.x86_64_1.2.400.v20211117-0650/eclipse_11600.so

Deoptimization events (20 events):
Event: 176.663 Thread 0x00007f216c000ff0 Uncommon trap: trap_request=0xffffffcd fr.pc=0x00007f21eb1dd6fc relative=0x000000000000015c
Event: 176.663 Thread 0x00007f216c000ff0 Uncommon trap: reason=intrinsic_or_type_checked_inlining action=reinterpret pc=0x00007f21eb1dd6fc method=org.eclipse.jdt.internal.core.NameLookup.findType(Ljava/lang/String;Ljava/lang/String;ZIZ[Lorg/eclipse/jdt/core/IPackageFragmentRoot;)Lorg/eclipse/jdt
Event: 176.663 Thread 0x00007f216c000ff0 DEOPT PACKING pc=0x00007f21eb1dd6fc sp=0x00007f21a9ffd5f0
Event: 176.663 Thread 0x00007f216c000ff0 DEOPT UNPACKING pc=0x00007f21e3505325 sp=0x00007f21a9ffc9d8 mode 3
Event: 180.257 Thread 0x00007f216c000ff0 DEOPT PACKING pc=0x00007f21e445f2f7 sp=0x00007f21a9ffc9b0
Event: 180.257 Thread 0x00007f216c000ff0 DEOPT UNPACKING pc=0x00007f21e3505325 sp=0x00007f21a9ffbec8 mode 0
Event: 300.755 Thread 0x00007f216c000ff0 DEOPT PACKING pc=0x00007f21e445f2f7 sp=0x00007f21a9ffce40
Event: 300.755 Thread 0x00007f216c000ff0 DEOPT UNPACKING pc=0x00007f21e3505325 sp=0x00007f21a9ffc358 mode 0
Event: 606.295 Thread 0x00007f216c000ff0 Uncommon trap: trap_request=0xffffff8f fr.pc=0x00007f21eb16ea3c relative=0x000000000000097c
Event: 606.295 Thread 0x00007f216c000ff0 Uncommon trap: reason=constraint action=none pc=0x00007f21eb16ea3c method=java.util.HashMap.putVal(ILjava/lang/Object;Ljava/lang/Object;ZZ)Ljava/lang/Object; @ 29 jvmci
Event: 606.295 Thread 0x00007f216c000ff0 DEOPT PACKING pc=0x00007f21eb16ea3c sp=0x00007f21a9ffd0e0
Event: 606.295 Thread 0x00007f216c000ff0 DEOPT UNPACKING pc=0x00007f21e3505325 sp=0x00007f21a9ffc580 mode 3
Event: 616.500 Thread 0x00007f216c000ff0 Uncommon trap: trap_request=0xffffff8f fr.pc=0x00007f21eb16ea58 relative=0x0000000000000998
Event: 616.500 Thread 0x00007f216c000ff0 Uncommon trap: reason=constraint action=none pc=0x00007f21eb16ea58 method=java.util.HashMap.putVal(ILjava/lang/Object;Ljava/lang/Object;ZZ)Ljava/lang/Object; @ 145 jvmci
Event: 616.500 Thread 0x00007f216c000ff0 DEOPT PACKING pc=0x00007f21eb16ea58 sp=0x00007f21a9ffd0e0
Event: 616.500 Thread 0x00007f216c000ff0 DEOPT UNPACKING pc=0x00007f21e3505325 sp=0x00007f21a9ffc580 mode 3
Event: 636.801 Thread 0x00007f21fc3633a0 Uncommon trap: trap_request=0xffffff8f fr.pc=0x00007f21eafb2855 relative=0x0000000000000435
Event: 636.801 Thread 0x00007f21fc3633a0 Uncommon trap: reason=constraint action=none pc=0x00007f21eafb2855 method=java.lang.StringBuilder.append(Ljava/lang/String;)Ljava/lang/StringBuilder; @ 0 jvmci
Event: 636.801 Thread 0x00007f21fc3633a0 DEOPT PACKING pc=0x00007f21eafb2855 sp=0x00007f21aa5fe7f0
Event: 636.801 Thread 0x00007f21fc3633a0 DEOPT UNPACKING pc=0x00007f21e3505325 sp=0x00007f21aa5fdcc8 mode 3

Classes unloaded (20 events):
Event: 142.973 Thread 0x00007f21fc0a1c10 Unloading class 0x0000000800da0c00 'java/lang/invoke/LambdaForm$MH+0x0000000800da0c00'
Event: 142.973 Thread 0x00007f21fc0a1c10 Unloading class 0x0000000800da0800 'java/lang/invoke/LambdaForm$MH+0x0000000800da0800'
Event: 142.973 Thread 0x00007f21fc0a1c10 Unloading class 0x0000000800da0400 'java/lang/invoke/LambdaForm$MH+0x0000000800da0400'
Event: 142.973 Thread 0x00007f21fc0a1c10 Unloading class 0x0000000800da0000 'jdk/internal/reflect/GeneratedConstructorAccessor4'
Event: 142.973 Thread 0x00007f21fc0a1c10 Unloading class 0x0000000800d95400 'java/lang/invoke/LambdaForm$MH+0x0000000800d95400'
Event: 142.973 Thread 0x00007f21fc0a1c10 Unloading class 0x0000000800d95000 'java/lang/invoke/LambdaForm$MH+0x0000000800d95000'
Event: 142.973 Thread 0x00007f21fc0a1c10 Unloading class 0x0000000800d94c00 'java/lang/invoke/LambdaForm$MH+0x0000000800d94c00'
Event: 142.973 Thread 0x00007f21fc0a1c10 Unloading class 0x0000000800d94800 'java/lang/invoke/LambdaForm$MH+0x0000000800d94800'
Event: 142.973 Thread 0x00007f21fc0a1c10 Unloading class 0x0000000800d94400 'java/lang/invoke/LambdaForm$MH+0x0000000800d94400'
Event: 142.973 Thread 0x00007f21fc0a1c10 Unloading class 0x0000000800d94000 'java/lang/invoke/LambdaForm$MH+0x0000000800d94000'
Event: 142.973 Thread 0x00007f21fc0a1c10 Unloading class 0x0000000800d8c000 'jdk/internal/reflect/GeneratedConstructorAccessor3'
Event: 142.973 Thread 0x00007f21fc0a1c10 Unloading class 0x0000000800cb2800 'java/lang/invoke/LambdaForm$MH+0x0000000800cb2800'
Event: 142.973 Thread 0x00007f21fc0a1c10 Unloading class 0x0000000800cb2000 'java/lang/invoke/LambdaForm$MH+0x0000000800cb2000'
Event: 142.973 Thread 0x00007f21fc0a1c10 Unloading class 0x0000000800cb1c00 'java/lang/invoke/LambdaForm$MH+0x0000000800cb1c00'
Event: 142.973 Thread 0x00007f21fc0a1c10 Unloading class 0x0000000800cb1800 'java/lang/invoke/LambdaForm$MH+0x0000000800cb1800'
Event: 142.973 Thread 0x00007f21fc0a1c10 Unloading class 0x0000000800cb1000 'java/lang/invoke/LambdaForm$MH+0x0000000800cb1000'
Event: 142.973 Thread 0x00007f21fc0a1c10 Unloading class 0x0000000800cb0c00 'java/lang/invoke/LambdaForm$MH+0x0000000800cb0c00'
Event: 142.973 Thread 0x00007f21fc0a1c10 Unloading class 0x0000000800cb0800 'java/lang/invoke/LambdaForm$MH+0x0000000800cb0800'
Event: 142.973 Thread 0x00007f21fc0a1c10 Unloading class 0x0000000800cb0000 'java/lang/invoke/LambdaForm$MH+0x0000000800cb0000'
Event: 307.981 Thread 0x00007f21fc0a1c10 Unloading class 0x0000000800dba400 'jdk/internal/reflect/GeneratedConstructorAccessor32'

Classes redefined (0 events):
No events

Internal exceptions (20 events):
Event: 87.574 Thread 0x00007f2194628be0 Implicit null exception at 0x00007f21eb1b88d9 to 0x00007f21eb1ba3e8
Event: 96.553 Thread 0x00007f2194628be0 Implicit null exception at 0x00007f21eb1ebe66 to 0x00007f21eb1ee986
Event: 109.068 Thread 0x00007f2168136c90 Exception <a 'java/lang/ArrayIndexOutOfBoundsException'{0x00000000f7607400}: Index 848 out of bounds for length 848> (0x00000000f7607400) 
thrown [src/hotspot/share/interpreter/interpreterRuntime.cpp, line 428]
Event: 109.267 Thread 0x00007f2168136c90 Exception <a 'java/lang/ArrayIndexOutOfBoundsException'{0x00000000f783cd20}: Index 848 out of bounds for length 848> (0x00000000f783cd20) 
thrown [src/hotspot/share/interpreter/interpreterRuntime.cpp, line 428]
Event: 152.875 Thread 0x00007f2194628be0 Exception <a 'java/lang/OutOfMemoryError'{0x00000000e00be798}> (0x00000000e00be798) 
thrown [src/hotspot/share/gc/shared/memAllocator.cpp, line 138]
Event: 152.875 Thread 0x00007f2194628be0 Implicit null exception at 0x00007f21eb1a9c37 to 0x00007f21eb1a9e5e
Event: 157.404 Thread 0x00007f2194628be0 Exception <a 'java/lang/OutOfMemoryError'{0x00000000e00bdc58}> (0x00000000e00bdc58) 
thrown [src/hotspot/share/gc/shared/memAllocator.cpp, line 136]
Event: 171.553 Thread 0x00007f21681336d0 Exception <a 'java/lang/ArrayIndexOutOfBoundsException'{0x00000000f78bd760}> (0x00000000f78bd760) 
thrown [src/hotspot/share/runtime/sharedRuntime.cpp, line 628]
Event: 171.577 Thread 0x00007f21681336d0 Exception <a 'java/lang/ArrayIndexOutOfBoundsException'{0x00000000f79fa858}> (0x00000000f79fa858) 
thrown [src/hotspot/share/runtime/sharedRuntime.cpp, line 628]
Event: 171.661 Thread 0x00007f21681336d0 Exception <a 'java/io/FileNotFoundException'{0x00000000f7a649f8}> (0x00000000f7a649f8) 
thrown [src/hotspot/share/prims/jni.cpp, line 516]
Event: 173.856 Thread 0x00007f21681336d0 Implicit null exception at 0x00007f21eb0d90cc to 0x00007f21e3504f68
Event: 606.295 Thread 0x00007f216c000ff0 Exception <a 'java/lang/OutOfMemoryError'{0x00000000e00bdc58}> (0x00000000e00bdc58) 
thrown [src/hotspot/share/gc/shared/memAllocator.cpp, line 138]
Event: 606.295 Thread 0x00007f216c000ff0 Implicit null exception at 0x00007f21eb16e7e1 to 0x00007f21eb16ea21
Event: 610.772 Thread 0x00007f21fc3633a0 Exception <a 'java/lang/OutOfMemoryError'{0x00000000e00bdf78}> (0x00000000e00bdf78) 
thrown [src/hotspot/share/gc/shared/memAllocator.cpp, line 136]
Event: 615.087 Thread 0x00007f216c000ff0 Exception <a 'java/lang/OutOfMemoryError'{0x00000000e00bdc58}> (0x00000000e00bdc58) 
thrown [src/hotspot/share/gc/shared/memAllocator.cpp, line 138]
Event: 616.500 Thread 0x00007f216c000ff0 Implicit null exception at 0x00007f21eb16e84c to 0x00007f21eb16ea3d
Event: 622.205 Thread 0x00007f21fc3633a0 Exception <a 'java/lang/OutOfMemoryError'{0x00000000e00bdf78}> (0x00000000e00bdf78) 
thrown [src/hotspot/share/gc/shared/memAllocator.cpp, line 136]
Event: 633.697 Thread 0x00007f21fc3633a0 Exception <a 'java/lang/OutOfMemoryError'{0x00000000e00bdc58}> (0x00000000e00bdc58) 
thrown [src/hotspot/share/gc/shared/memAllocator.cpp, line 138]
Event: 636.801 Thread 0x00007f21fc3633a0 Implicit null exception at 0x00007f21eafb26f8 to 0x00007f21eafb283a
Event: 636.801 Thread 0x00007f21fc0b21e0 Exception <a 'java/lang/OutOfMemoryError'{0x00000000e00bdf78}> (0x00000000e00bdf78) 
thrown [src/hotspot/share/gc/shared/memAllocator.cpp, line 136]

VM Operations (20 events):
Event: 607.781 Executing VM operation: ParallelGCFailedAllocation done
Event: 607.781 Executing VM operation: ParallelGCFailedAllocation
Event: 610.772 Executing VM operation: ParallelGCFailedAllocation done
Event: 610.772 Executing VM operation: ParallelGCFailedAllocation
Event: 612.189 Executing VM operation: ParallelGCFailedAllocation done
Event: 612.189 Executing VM operation: ParallelGCFailedAllocation
Event: 615.087 Executing VM operation: ParallelGCFailedAllocation done
Event: 615.087 Executing VM operation: ParallelGCFailedAllocation
Event: 616.500 Executing VM operation: ParallelGCFailedAllocation done
Event: 616.500 Executing VM operation: ParallelGCFailedAllocation
Event: 622.205 Executing VM operation: ParallelGCFailedAllocation done
Event: 622.205 Executing VM operation: ParallelGCFailedAllocation
Event: 626.962 Executing VM operation: ParallelGCFailedAllocation done
Event: 626.965 Executing VM operation: ParallelGCFailedAllocation
Event: 630.608 Executing VM operation: ParallelGCFailedAllocation done
Event: 630.608 Executing VM operation: ParallelGCFailedAllocation
Event: 633.697 Executing VM operation: ParallelGCFailedAllocation done
Event: 633.697 Executing VM operation: ParallelGCFailedAllocation
Event: 636.801 Executing VM operation: ParallelGCFailedAllocation done
Event: 636.802 Executing VM operation: ParallelGCFailedAllocation

Events (20 events):
Event: 166.057 Thread 0x00007f21fc0b4b40 flushing nmethod 0x00007f21e4d97890
Event: 166.057 Thread 0x00007f21fc0b4b40 flushing nmethod 0x00007f21e4d9af90
Event: 166.057 Thread 0x00007f21fc0b4b40 flushing nmethod 0x00007f21e4da7c10
Event: 166.057 Thread 0x00007f21fc0b4b40 flushing nmethod 0x00007f21e4db6a90
Event: 166.057 Thread 0x00007f21fc0b4b40 flushing nmethod 0x00007f21e4dc3710
Event: 166.057 Thread 0x00007f21fc0b4b40 flushing nmethod 0x00007f21e4dd0f10
Event: 171.170 Thread 0x00007f21800080d0 Thread exited: 0x00007f21800080d0
Event: 171.174 Thread 0x00007f2180026c80 Thread exited: 0x00007f2180026c80
Event: 171.174 Thread 0x00007f2194480a40 Thread exited: 0x00007f2194480a40
Event: 171.176 Thread 0x00007f216003e330 Thread exited: 0x00007f216003e330
Event: 171.176 Thread 0x00007f21800010d0 Thread exited: 0x00007f21800010d0
Event: 171.264 Thread 0x00007f2184000ff0 Thread exited: 0x00007f2184000ff0
Event: 171.355 Thread 0x00007f21681bb7a0 Thread added: 0x00007f21681bb7a0
Event: 171.361 Protecting memory [0x00007f21aab00000,0x00007f21aab04000] with protection modes 0
Event: 171.464 Thread 0x00007f2168121140 Thread added: 0x00007f2168121140
Event: 171.464 Protecting memory [0x00007f21aad00000,0x00007f21aad04000] with protection modes 0
Event: 171.470 Thread 0x00007f21681336d0 Thread added: 0x00007f21681336d0
Event: 171.470 Protecting memory [0x00007f21e0200000,0x00007f21e0204000] with protection modes 0
Event: 173.959 Thread 0x00007f21681336d0 Thread exited: 0x00007f21681336d0
Event: 235.060 Thread 0x00007f2130008170 Thread exited: 0x00007f2130008170


Dynamic libraries:
e0000000-f5580000 rw-p 00000000 00:00 0 
f5580000-fa500000 rw-p 00000000 00:00 0 
fa500000-100000000 ---p 00000000 00:00 0 
800000000-800449000 rw-p 00001000 00:13ec 4611686019135357769            /nix/store/gpxl5qgg8kicmcvivwmybwjlpf7wh20l-graalvm17-ce-22.3.0/lib/server/classes.jsa
800449000-800bc8000 r--p 0044a000 00:13ec 4611686019135357769            /nix/store/gpxl5qgg8kicmcvivwmybwjlpf7wh20l-graalvm17-ce-22.3.0/lib/server/classes.jsa
800bc8000-800c00000 ---p 00000000 00:00 0 
800c00000-800c20000 rw-p 00000000 00:00 0 
800c20000-800c40000 rw-p 00000000 00:00 0 
800c40000-800cc0000 rw-p 00000000 00:00 0 
800cc0000-800d00000 rw-p 00000000 00:00 0 
800d00000-800dc0000 rw-p 00000000 00:00 0 
800dc0000-800e00000 rw-p 00000000 00:00 0 
800e00000-801170000 rw-p 00000000 00:00 0 
801170000-840c00000 ---p 00000000 00:00 0 
561e709db000-561e709dc000 r-xp 00000000 00:13ec 4611686019099417844      /nix/store/gpxl5qgg8kicmcvivwmybwjlpf7wh20l-graalvm17-ce-22.3.0/bin/.java-wrapped
561e709dd000-561e709de000 r--p 00001000 00:13ec 4611686019099417844      /nix/store/gpxl5qgg8kicmcvivwmybwjlpf7wh20l-graalvm17-ce-22.3.0/bin/.java-wrapped
561e709de000-561e709df000 rw-p 00002000 00:13ec 4611686019099417844      /nix/store/gpxl5qgg8kicmcvivwmybwjlpf7wh20l-graalvm17-ce-22.3.0/bin/.java-wrapped
561e709df000-561e709e0000 rw-p 00004000 00:13ec 4611686019099417844      /nix/store/gpxl5qgg8kicmcvivwmybwjlpf7wh20l-graalvm17-ce-22.3.0/bin/.java-wrapped
561e709e0000-561e709e1000 rw-p 00005000 00:13ec 4611686019099417844      /nix/store/gpxl5qgg8kicmcvivwmybwjlpf7wh20l-graalvm17-ce-22.3.0/bin/.java-wrapped
561e71f08000-561e71f50000 rw-p 00000000 00:00 0                          [heap]
7f2110000000-7f2110027000 rw-p 00000000 00:00 0 
7f2110027000-7f2114000000 ---p 00000000 00:00 0 
7f2116e00000-7f2116f00000 ---p 00000000 00:00 0 
7f2116f00000-7f21174af000 r--p 01122000 00:13ec 4611686019135190040      /nix/store/gpxl5qgg8kicmcvivwmybwjlpf7wh20l-graalvm17-ce-22.3.0/lib/libjvmcicompiler.so
7f21174af000-7f2117600000 r--p 00000000 00:00 0 
7f2117600000-7f211763d000 rw-p 00000000 00:00 0 
7f211763d000-7f2117b5d000 rw-p 0185f000 00:13ec 4611686019135190040      /nix/store/gpxl5qgg8kicmcvivwmybwjlpf7wh20l-graalvm17-ce-22.3.0/lib/libjvmcicompiler.so
7f2117b5d000-7f2117f44000 r--p 01d7f000 00:13ec 4611686019135190040      /nix/store/gpxl5qgg8kicmcvivwmybwjlpf7wh20l-graalvm17-ce-22.3.0/lib/libjvmcicompiler.so
7f2118000000-7f2118021000 rw-p 00000000 00:00 0 
7f2118021000-7f211c000000 ---p 00000000 00:00 0 
7f211c000000-7f211c021000 rw-p 00000000 00:00 0 
7f211c021000-7f2120000000 ---p 00000000 00:00 0 
7f2120000000-7f2120021000 rw-p 00000000 00:00 0 
7f2120021000-7f2124000000 ---p 00000000 00:00 0 
7f2124000000-7f2124030000 rw-p 00000000 00:00 0 
7f2124030000-7f2128000000 ---p 00000000 00:00 0 
7f2128000000-7f2128032000 rw-p 00000000 00:00 0 
7f2128032000-7f212c000000 ---p 00000000 00:00 0 
7f212c000000-7f212c021000 rw-p 00000000 00:00 0 
7f212c021000-7f2130000000 ---p 00000000 00:00 0 
7f2130000000-7f2130021000 rw-p 00000000 00:00 0 
7f2130021000-7f2134000000 ---p 00000000 00:00 0 
7f2134000000-7f2134065000 rw-p 00000000 00:00 0 
7f2134065000-7f2138000000 ---p 00000000 00:00 0 
7f2138000000-7f213804b000 rw-p 00000000 00:00 0 
7f213804b000-7f213c000000 ---p 00000000 00:00 0 
7f213c000000-7f213c02a000 rw-p 00000000 00:00 0 
7f213c02a000-7f2140000000 ---p 00000000 00:00 0 
7f2140000000-7f2140047000 rw-p 00000000 00:00 0 
7f2140047000-7f2144000000 ---p 00000000 00:00 0 
7f2144000000-7f2144026000 rw-p 00000000 00:00 0 
7f2144026000-7f2148000000 ---p 00000000 00:00 0 
7f2148000000-7f2148021000 rw-p 00000000 00:00 0 
7f2148021000-7f214c000000 ---p 00000000 00:00 0 
7f214c000000-7f214c0df000 rw-p 00000000 00:00 0 
7f214c0df000-7f2150000000 ---p 00000000 00:00 0 
7f2150000000-7f2150021000 rw-p 00000000 00:00 0 
7f2150021000-7f2154000000 ---p 00000000 00:00 0 
7f2154c00000-7f2154fe0000 rw-p 00000000 00:00 0 
7f2154fe0000-7f2155400000 ---p 00000000 00:00 0 
7f21564b3000-7f2160000000 r--s 00000000 00:13ec 4611686019135192581      /nix/store/gpxl5qgg8kicmcvivwmybwjlpf7wh20l-graalvm17-ce-22.3.0/lib/modules
7f2160000000-7f2160060000 rw-p 00000000 00:00 0 
7f2160060000-7f2164000000 ---p 00000000 00:00 0 
7f2164000000-7f216405f000 rw-p 00000000 00:00 0 
7f216405f000-7f2168000000 ---p 00000000 00:00 0 
7f2168000000-7f21681ce000 rw-p 00000000 00:00 0 
7f21681ce000-7f216c000000 ---p 00000000 00:00 0 
7f216c000000-7f216c0b8000 rw-p 00000000 00:00 0 
7f216c0b8000-7f2170000000 ---p 00000000 00:00 0 
7f2170000000-7f2170021000 rw-p 00000000 00:00 0 
7f2170021000-7f2174000000 ---p 00000000 00:00 0 
7f2174000000-7f2174021000 rw-p 00000000 00:00 0 
7f2174021000-7f2178000000 ---p 00000000 00:00 0 
7f2178000000-7f2178416000 rw-p 00000000 00:00 0 
7f2178416000-7f217c000000 ---p 00000000 00:00 0 
7f217c000000-7f217c021000 rw-p 00000000 00:00 0 
7f217c021000-7f2180000000 ---p 00000000 00:00 0 
7f2180000000-7f2180046000 rw-p 00000000 00:00 0 
7f2180046000-7f2184000000 ---p 00000000 00:00 0 
7f2184000000-7f218404e000 rw-p 00000000 00:00 0 
7f218404e000-7f2188000000 ---p 00000000 00:00 0 
7f2188000000-7f2188021000 rw-p 00000000 00:00 0 
7f2188021000-7f218c000000 ---p 00000000 00:00 0 
7f218c000000-7f218c021000 rw-p 00000000 00:00 0 
7f218c021000-7f2190000000 ---p 00000000 00:00 0 
7f2190000000-7f2190021000 rw-p 00000000 00:00 0 
7f2190021000-7f2194000000 ---p 00000000 00:00 0 
7f2194000000-7f21948b1000 rw-p 00000000 00:00 0 
7f21948b1000-7f2198000000 ---p 00000000 00:00 0 
7f2198800000-7f21988e0000 rw-p 00000000 00:00 0 
7f21988e0000-7f2199000000 rw-p 00000000 00:00 0 
7f2199400000-7f2199b00000 rw-p 00000000 00:00 0 
7f2199b00000-7f2199bb0000 rw-p 00000000 00:00 0 
7f2199bb0000-7f2199c00000 ---p 00000000 00:00 0 
7f219a400000-7f219a580000 rw-p 00000000 00:00 0 
7f219a580000-7f219a600000 rw-p 00000000 00:00 0 
7f219a600000-7f219ab80000 rw-p 00000000 00:00 0 
7f219ab80000-7f219ac00000 rw-p 00000000 00:00 0 
7f219ac00000-7f219ad00000 rw-p 00000000 00:00 0 
7f219ad00000-7f219ae00000 rw-p 00000000 00:00 0 
7f219ae00000-7f219b180000 rw-p 00000000 00:00 0 
7f219b180000-7f219b200000 rw-p 00000000 00:00 0 
7f219b200000-7f219b400000 rw-p 00000000 00:00 0 
7f219b400000-7f219b500000 rw-p 00000000 00:00 0 
7f219b500000-7f219b600000 rw-p 00000000 00:00 0 
7f219b600000-7f219bb80000 rw-p 00000000 00:00 0 
7f219bb80000-7f219bc00000 rw-p 00000000 00:00 0 
7f219bc00000-7f219bc10000 r-xp 00000000 00:13e9 356                      /home/runner/.cache/jdt-language-server/config/org.eclipse.equinox.launcher/org.eclipse.equinox.launcher.gtk.linux.x86_64_1.2.400.v20211117-0650/eclipse_11600.so
7f219bc10000-7f219be0f000 ---p 00010000 00:13e9 356                      /home/runner/.cache/jdt-language-server/config/org.eclipse.equinox.launcher/org.eclipse.equinox.launcher.gtk.linux.x86_64_1.2.400.v20211117-0650/eclipse_11600.so
7f219be0f000-7f219be10000 r--p 0000f000 00:13e9 356                      /home/runner/.cache/jdt-language-server/config/org.eclipse.equinox.launcher/org.eclipse.equinox.launcher.gtk.linux.x86_64_1.2.400.v20211117-0650/eclipse_11600.so
7f219be10000-7f219be11000 rw-p 00010000 00:13e9 356                      /home/runner/.cache/jdt-language-server/config/org.eclipse.equinox.launcher/org.eclipse.equinox.launcher.gtk.linux.x86_64_1.2.400.v20211117-0650/eclipse_11600.so
7f219c000000-7f219c021000 rw-p 00000000 00:00 0 
7f219c021000-7f21a0000000 ---p 00000000 00:00 0 
7f21a0000000-7f21a0021000 rw-p 00000000 00:00 0 
7f21a0021000-7f21a4000000 ---p 00000000 00:00 0 
7f21a4000000-7f21a4021000 rw-p 00000000 00:00 0 
7f21a4021000-7f21a8000000 ---p 00000000 00:00 0 
7f21a8600000-7f21a8604000 ---p 00000000 00:00 0 
7f21a8604000-7f21a8700000 rw-p 00000000 00:00 0 
7f21a8700000-7f21a8704000 ---p 00000000 00:00 0 
7f21a8704000-7f21a8800000 rw-p 00000000 00:00 0 
7f21a8900000-7f21a8904000 ---p 00000000 00:00 0 
7f21a8904000-7f21a8a00000 rw-p 00000000 00:00 0 
7f21a8b00000-7f21a8b04000 ---p 00000000 00:00 0 
7f21a8b04000-7f21a8c00000 rw-p 00000000 00:00 0 
7f21a8d00000-7f21a8d04000 ---p 00000000 00:00 0 
7f21a8d04000-7f21a8e00000 rw-p 00000000 00:00 0 
7f21a8f00000-7f21a8f04000 ---p 00000000 00:00 0 
7f21a8f04000-7f21a9000000 rw-p 00000000 00:00 0 
7f21a9100000-7f21a9104000 ---p 00000000 00:00 0 
7f21a9104000-7f21a9200000 rw-p 00000000 00:00 0 
7f21a9300000-7f21a9304000 ---p 00000000 00:00 0 
7f21a9304000-7f21a9400000 rw-p 00000000 00:00 0 
7f21a9400000-7f21a9404000 ---p 00000000 00:00 0 
7f21a9404000-7f21a9500000 rw-p 00000000 00:00 0 
7f21a9500000-7f21a9504000 ---p 00000000 00:00 0 
7f21a9504000-7f21a9600000 rw-p 00000000 00:00 0 
7f21a9700000-7f21a9704000 ---p 00000000 00:00 0 
7f21a9704000-7f21a9800000 rw-p 00000000 00:00 0 
7f21a9900000-7f21a9904000 ---p 00000000 00:00 0 
7f21a9904000-7f21a9a00000 rw-p 00000000 00:00 0 
7f21a9b00000-7f21a9b04000 ---p 00000000 00:00 0 
7f21a9b04000-7f21a9c00000 rw-p 00000000 00:00 0 
7f21a9d00000-7f21a9d04000 ---p 00000000 00:00 0 
7f21a9d04000-7f21a9e00000 rw-p 00000000 00:00 0 
7f21a9f00000-7f21a9f04000 ---p 00000000 00:00 0 
7f21a9f04000-7f21aa000000 rw-p 00000000 00:00 0 
7f21aa100000-7f21aa104000 ---p 00000000 00:00 0 
7f21aa104000-7f21aa200000 rw-p 00000000 00:00 0 
7f21aa300000-7f21aa304000 ---p 00000000 00:00 0 
7f21aa304000-7f21aa400000 rw-p 00000000 00:00 0 
7f21aa500000-7f21aa504000 ---p 00000000 00:00 0 
7f21aa504000-7f21aa600000 rw-p 00000000 00:00 0 
7f21aa600000-7f21aa604000 ---p 00000000 00:00 0 
7f21aa604000-7f21aa700000 rw-p 00000000 00:00 0 
7f21aa700000-7f21aa704000 ---p 00000000 00:00 0 
7f21aa704000-7f21aa800000 rw-p 00000000 00:00 0 
7f21aa900000-7f21aa904000 ---p 00000000 00:00 0 
7f21aa904000-7f21aaa00000 rw-p 00000000 00:00 0 
7f21aaa00000-7f21aaa04000 ---p 00000000 00:00 0 
7f21aaa04000-7f21aab00000 rw-p 00000000 00:00 0 
7f21aab00000-7f21aab04000 ---p 00000000 00:00 0 
7f21aab04000-7f21aac00000 rw-p 00000000 00:00 0 
7f21aac00000-7f21aac04000 ---p 00000000 00:00 0 
7f21aac04000-7f21aad00000 rw-p 00000000 00:00 0 
7f21aad00000-7f21aad04000 ---p 00000000 00:00 0 
7f21aad04000-7f21aae00000 rw-p 00000000 00:00 0 
7f21aba68000-7f21abf00000 rw-p 00000000 00:00 0 
7f21ac000000-7f21ac021000 rw-p 00000000 00:00 0 
7f21ac021000-7f21b0000000 ---p 00000000 00:00 0 
7f21b0000000-7f21b0021000 rw-p 00000000 00:00 0 
7f21b0021000-7f21b4000000 ---p 00000000 00:00 0 
7f21b4000000-7f21b4021000 rw-p 00000000 00:00 0 
7f21b4021000-7f21b8000000 ---p 00000000 00:00 0 
7f21b8000000-7f21b8021000 rw-p 00000000 00:00 0 
7f21b8021000-7f21bc000000 ---p 00000000 00:00 0 
7f21bc000000-7f21bc0e4000 rw-p 00000000 00:00 0 
7f21bc0e4000-7f21c0000000 ---p 00000000 00:00 0 
7f21c0000000-7f21c0b3b000 rw-p 00000000 00:00 0 
7f21c0b3b000-7f21c4000000 ---p 00000000 00:00 0 
7f21c4000000-7f21c4021000 rw-p 00000000 00:00 0 
7f21c4021000-7f21c8000000 ---p 00000000 00:00 0 
7f21c8000000-7f21c8021000 rw-p 00000000 00:00 0 
7f21c8021000-7f21cc000000 ---p 00000000 00:00 0 
7f21cc000000-7f21cc021000 rw-p 00000000 00:00 0 
7f21cc021000-7f21d0000000 ---p 00000000 00:00 0 
7f21d0000000-7f21d0021000 rw-p 00000000 00:00 0 
7f21d0021000-7f21d4000000 ---p 00000000 00:00 0 
7f21d4000000-7f21d4021000 rw-p 00000000 00:00 0 
7f21d4021000-7f21d8000000 ---p 00000000 00:00 0 
7f21d8000000-7f21d8021000 rw-p 00000000 00:00 0 
7f21d8021000-7f21dc000000 ---p 00000000 00:00 0 
7f21dc000000-7f21dc1ca000 rw-p 00000000 00:00 0 
7f21dc1ca000-7f21e0000000 ---p 00000000 00:00 0 
7f21e0100000-7f21e0104000 ---p 00000000 00:00 0 
7f21e0104000-7f21e0200000 rw-p 00000000 00:00 0 
7f21e0200000-7f21e0204000 ---p 00000000 00:00 0 
7f21e0204000-7f21e0300000 rw-p 00000000 00:00 0 
7f21e0300000-7f21e0304000 ---p 00000000 00:00 0 
7f21e0304000-7f21e0400000 rw-p 00000000 00:00 0 
7f21e0500000-7f21e0504000 ---p 00000000 00:00 0 
7f21e0504000-7f21e0600000 rw-p 00000000 00:00 0 
7f21e0700000-7f21e0704000 ---p 00000000 00:00 0 
7f21e0704000-7f21e0800000 rw-p 00000000 00:00 0 
7f21e0900000-7f21e0904000 ---p 00000000 00:00 0 
7f21e0904000-7f21e0a00000 rw-p 00000000 00:00 0 
7f21e0b00000-7f21e0b04000 ---p 00000000 00:00 0 
7f21e0b04000-7f21e0c00000 rw-p 00000000 00:00 0 
7f21e0d00000-7f21e0d04000 ---p 00000000 00:00 0 
7f21e0d04000-7f21e0e00000 rw-p 00000000 00:00 0 
7f21e0e00000-7f21e2f6a000 r-xp 00000000 00:13ec 4611686019135190040      /nix/store/gpxl5qgg8kicmcvivwmybwjlpf7wh20l-graalvm17-ce-22.3.0/lib/libjvmcicompiler.so
7f21e2f6a000-7f21e3169000 ---p 0216a000 00:13ec 4611686019135190040      /nix/store/gpxl5qgg8kicmcvivwmybwjlpf7wh20l-graalvm17-ce-22.3.0/lib/libjvmcicompiler.so
7f21e3169000-7f21e316a000 r--p 02169000 00:13ec 4611686019135190040      /nix/store/gpxl5qgg8kicmcvivwmybwjlpf7wh20l-graalvm17-ce-22.3.0/lib/libjvmcicompiler.so
7f21e316a000-7f21e316c000 rw-p 0216a000 00:13ec 4611686019135190040      /nix/store/gpxl5qgg8kicmcvivwmybwjlpf7wh20l-graalvm17-ce-22.3.0/lib/libjvmcicompiler.so
7f21e316c000-7f21e316d000 rw-p 00000000 00:00 0 
7f21e316d000-7f21e3172000 rw-p 023c3000 00:13ec 4611686019135190040      /nix/store/gpxl5qgg8kicmcvivwmybwjlpf7wh20l-graalvm17-ce-22.3.0/lib/libjvmcicompiler.so
7f21e31b1000-7f21e31b2000 ---p 00000000 00:00 0 
7f21e31b2000-7f21e32b3000 rw-p 00000000 00:00 0 
7f21e32b3000-7f21e32b7000 ---p 00000000 00:00 0 
7f21e32b7000-7f21e33b3000 rw-p 00000000 00:00 0 
7f21e33b3000-7f21e33b7000 ---p 00000000 00:00 0 
7f21e33b7000-7f21e34b3000 rw-p 00000000 00:00 0 
7f21e34b3000-7f21e3723000 rwxp 00000000 00:00 0 
7f21e3723000-7f21e3a42000 ---p 00000000 00:00 0 
7f21e3a42000-7f21e4f72000 rwxp 00000000 00:00 0 
7f21e4f72000-7f21eaf7a000 ---p 00000000 00:00 0 
7f21eaf7a000-7f21eb26a000 rwxp 00000000 00:00 0 
7f21eb26a000-7f21f24b3000 ---p 00000000 00:00 0 
7f21f24b3000-7f21fc000000 r--s 00000000 00:13ec 4611686019135192581      /nix/store/gpxl5qgg8kicmcvivwmybwjlpf7wh20l-graalvm17-ce-22.3.0/lib/modules
7f21fc000000-7f21fc41f000 rw-p 00000000 00:00 0 
7f21fc41f000-7f2200000000 ---p 00000000 00:00 0 
7f220001a000-7f220001e000 ---p 00000000 00:00 0 
7f220001e000-7f220011a000 rw-p 00000000 00:00 0 
7f220011a000-7f220011e000 ---p 00000000 00:00 0 
7f220011e000-7f220031a000 rw-p 00000000 00:00 0 
7f220031a000-7f220031e000 ---p 00000000 00:00 0 
7f220031e000-7f220051a000 rw-p 00000000 00:00 0 
7f220051a000-7f220051e000 ---p 00000000 00:00 0 
7f220051e000-7f220061a000 rw-p 00000000 00:00 0 
7f220061a000-7f220061e000 ---p 00000000 00:00 0 
7f220061e000-7f220071a000 rw-p 00000000 00:00 0 
7f220071a000-7f220071e000 ---p 00000000 00:00 0 
7f220071e000-7f220081a000 rw-p 00000000 00:00 0 
7f220081a000-7f2200b00000 r--p 00000000 00:13ad 28444448                 /usr/lib/locale/locale-archive
7f2200b00000-7f2200b04000 ---p 00000000 00:00 0 
7f2200b04000-7f2201000000 rw-p 00000000 00:00 0 
7f2201000000-7f22012c0000 rw-p 00000000 00:00 0 
7f22012c0000-7f2201300000 rw-p 00000000 00:00 0 
7f2201300000-7f2201400000 rw-p 00000000 00:00 0 
7f2201446000-7f220144a000 ---p 00000000 00:00 0 
7f220144a000-7f2201468000 rw-p 00000000 00:00 0 
7f2201468000-7f220146f000 r-xp 00000000 00:13ec 4611686019135192580      /nix/store/gpxl5qgg8kicmcvivwmybwjlpf7wh20l-graalvm17-ce-22.3.0/lib/libzip.so
7f220146f000-7f2201470000 ---p 00007000 00:13ec 4611686019135192580      /nix/store/gpxl5qgg8kicmcvivwmybwjlpf7wh20l-graalvm17-ce-22.3.0/lib/libzip.so
7f2201470000-7f2201471000 r--p 00007000 00:13ec 4611686019135192580      /nix/store/gpxl5qgg8kicmcvivwmybwjlpf7wh20l-graalvm17-ce-22.3.0/lib/libzip.so
7f2201471000-7f2201472000 rw-p 00008000 00:13ec 4611686019135192580      /nix/store/gpxl5qgg8kicmcvivwmybwjlpf7wh20l-graalvm17-ce-22.3.0/lib/libzip.so
7f2201472000-7f2201474000 rw-p 0000b000 00:13ec 4611686019135192580      /nix/store/gpxl5qgg8kicmcvivwmybwjlpf7wh20l-graalvm17-ce-22.3.0/lib/libzip.so
7f2201474000-7f2201489000 r-xp 00000000 00:13ec 4611686019135192570      /nix/store/gpxl5qgg8kicmcvivwmybwjlpf7wh20l-graalvm17-ce-22.3.0/lib/libnet.so
7f2201489000-7f220148a000 ---p 00015000 00:13ec 4611686019135192570      /nix/store/gpxl5qgg8kicmcvivwmybwjlpf7wh20l-graalvm17-ce-22.3.0/lib/libnet.so
7f220148a000-7f220148b000 r--p 00015000 00:13ec 4611686019135192570      /nix/store/gpxl5qgg8kicmcvivwmybwjlpf7wh20l-graalvm17-ce-22.3.0/lib/libnet.so
7f220148b000-7f220148c000 rw-p 00016000 00:13ec 4611686019135192570      /nix/store/gpxl5qgg8kicmcvivwmybwjlpf7wh20l-graalvm17-ce-22.3.0/lib/libnet.so
7f220148c000-7f220148f000 rw-p 0001b000 00:13ec 4611686019135192570      /nix/store/gpxl5qgg8kicmcvivwmybwjlpf7wh20l-graalvm17-ce-22.3.0/lib/libnet.so
7f220148f000-7f22014a2000 r-xp 00000000 00:13ec 4611686019135192571      /nix/store/gpxl5qgg8kicmcvivwmybwjlpf7wh20l-graalvm17-ce-22.3.0/lib/libnio.so
7f22014a2000-7f22014a3000 r--p 00012000 00:13ec 4611686019135192571      /nix/store/gpxl5qgg8kicmcvivwmybwjlpf7wh20l-graalvm17-ce-22.3.0/lib/libnio.so
7f22014a3000-7f22014a4000 rw-p 00013000 00:13ec 4611686019135192571      /nix/store/gpxl5qgg8kicmcvivwmybwjlpf7wh20l-graalvm17-ce-22.3.0/lib/libnio.so
7f22014a4000-7f22014a9000 rw-p 00019000 00:13ec 4611686019135192571      /nix/store/gpxl5qgg8kicmcvivwmybwjlpf7wh20l-graalvm17-ce-22.3.0/lib/libnio.so
7f22014a9000-7f22014ad000 ---p 00000000 00:00 0 
7f22014ad000-7f22015a9000 rw-p 00000000 00:00 0 
7f22015a9000-7f22015aa000 ---p 00000000 00:00 0 
7f22015aa000-7f22016ab000 rw-p 00000000 00:00 0 
7f22016ab000-7f2201779000 r-xp 00000000 00:13ec 4611686019135190036      /nix/store/gpxl5qgg8kicmcvivwmybwjlpf7wh20l-graalvm17-ce-22.3.0/lib/libjsvml.so
7f2201779000-7f220177a000 r--p 000cd000 00:13ec 4611686019135190036      /nix/store/gpxl5qgg8kicmcvivwmybwjlpf7wh20l-graalvm17-ce-22.3.0/lib/libjsvml.so
7f220177a000-7f220177b000 rw-p 000ce000 00:13ec 4611686019135190036      /nix/store/gpxl5qgg8kicmcvivwmybwjlpf7wh20l-graalvm17-ce-22.3.0/lib/libjsvml.so
7f220177b000-7f2203053000 rw-p 00000000 00:00 0 
7f2203053000-7f2203054000 ---p 00000000 00:00 0 
7f2203054000-7f22031ff000 rw-p 00000000 00:00 0 
7f22031ff000-7f2203228000 rw-p 00000000 00:00 0 
7f2203228000-7f2203255000 ---p 00000000 00:00 0 
7f2203255000-7f220325c000 rw-p 00000000 00:00 0 
7f220325c000-7f2203341000 ---p 00000000 00:00 0 
7f2203341000-7f220336c000 rw-p 00000000 00:00 0 
7f220336c000-7f220342c000 ---p 00000000 00:00 0 
7f220342c000-7f2203431000 rw-p 00000000 00:00 0 
7f2203431000-7f2203438000 ---p 00000000 00:00 0 
7f2203438000-7f220345c000 r-xp 00000000 00:13ec 4611686019135190028      /nix/store/gpxl5qgg8kicmcvivwmybwjlpf7wh20l-graalvm17-ce-22.3.0/lib/libjava.so
7f220345c000-7f220345d000 ---p 00024000 00:13ec 4611686019135190028      /nix/store/gpxl5qgg8kicmcvivwmybwjlpf7wh20l-graalvm17-ce-22.3.0/lib/libjava.so
7f220345d000-7f220345e000 r--p 00024000 00:13ec 4611686019135190028      /nix/store/gpxl5qgg8kicmcvivwmybwjlpf7wh20l-graalvm17-ce-22.3.0/lib/libjava.so
7f220345e000-7f220345f000 rw-p 00025000 00:13ec 4611686019135190028      /nix/store/gpxl5qgg8kicmcvivwmybwjlpf7wh20l-graalvm17-ce-22.3.0/lib/libjava.so
7f220345f000-7f2203460000 rw-p 00000000 00:00 0 
7f2203460000-7f2203467000 rw-p 0002f000 00:13ec 4611686019135190028      /nix/store/gpxl5qgg8kicmcvivwmybwjlpf7wh20l-graalvm17-ce-22.3.0/lib/libjava.so
7f2203467000-7f220346f000 rw-s 00000000 00:31a 670                       /tmp/hsperfdata_runner/9017
7f220346f000-7f2203470000 ---p 00000000 00:00 0 
7f2203470000-7f2203471000 r--p 00000000 00:00 0 
7f2203471000-7f2203472000 rwxp 00000000 00:00 0 
7f2203472000-7f220348d000 r-xp 00000000 00:13ec 4611686019135190032      /nix/store/gpxl5qgg8kicmcvivwmybwjlpf7wh20l-graalvm17-ce-22.3.0/lib/libjimage.so
7f220348d000-7f220348e000 ---p 0001b000 00:13ec 4611686019135190032      /nix/store/gpxl5qgg8kicmcvivwmybwjlpf7wh20l-graalvm17-ce-22.3.0/lib/libjimage.so
7f220348e000-7f2203490000 r--p 0001b000 00:13ec 4611686019135190032      /nix/store/gpxl5qgg8kicmcvivwmybwjlpf7wh20l-graalvm17-ce-22.3.0/lib/libjimage.so
7f2203490000-7f2203491000 rw-p 0001d000 00:13ec 4611686019135190032      /nix/store/gpxl5qgg8kicmcvivwmybwjlpf7wh20l-graalvm17-ce-22.3.0/lib/libjimage.so
7f2203491000-7f2203492000 rw-p 00024000 00:13ec 4611686019135190032      /nix/store/gpxl5qgg8kicmcvivwmybwjlpf7wh20l-graalvm17-ce-22.3.0/lib/libjimage.so
7f2203492000-7f2203496000 ---p 00000000 00:00 0 
7f2203496000-7f2203592000 rw-p 00000000 00:00 0 
7f2203592000-7f22035a0000 r--p 00000000 00:13ec 4611686019027979927      /nix/store/4nlgxhb09sdr51nc9hdm8az5b08vzkgx-glibc-2.35-163/lib/libm.so.6
7f22035a0000-7f2203613000 r-xp 0000e000 00:13ec 4611686019027979927      /nix/store/4nlgxhb09sdr51nc9hdm8az5b08vzkgx-glibc-2.35-163/lib/libm.so.6
7f2203613000-7f2203670000 r--p 00081000 00:13ec 4611686019027979927      /nix/store/4nlgxhb09sdr51nc9hdm8az5b08vzkgx-glibc-2.35-163/lib/libm.so.6
7f2203670000-7f2203671000 r--p 000dd000 00:13ec 4611686019027979927      /nix/store/4nlgxhb09sdr51nc9hdm8az5b08vzkgx-glibc-2.35-163/lib/libm.so.6
7f2203671000-7f2203672000 rw-p 000de000 00:13ec 4611686019027979927      /nix/store/4nlgxhb09sdr51nc9hdm8az5b08vzkgx-glibc-2.35-163/lib/libm.so.6
7f2203672000-7f2203673000 r--p 00000000 00:13ec 4611686019027979946      /nix/store/4nlgxhb09sdr51nc9hdm8az5b08vzkgx-glibc-2.35-163/lib/librt.so.1
7f2203673000-7f2203674000 r-xp 00001000 00:13ec 4611686019027979946      /nix/store/4nlgxhb09sdr51nc9hdm8az5b08vzkgx-glibc-2.35-163/lib/librt.so.1
7f2203674000-7f2203675000 r--p 00002000 00:13ec 4611686019027979946      /nix/store/4nlgxhb09sdr51nc9hdm8az5b08vzkgx-glibc-2.35-163/lib/librt.so.1
7f2203675000-7f2203676000 r--p 00002000 00:13ec 4611686019027979946      /nix/store/4nlgxhb09sdr51nc9hdm8az5b08vzkgx-glibc-2.35-163/lib/librt.so.1
7f2203676000-7f2203677000 rw-p 00003000 00:13ec 4611686019027979946      /nix/store/4nlgxhb09sdr51nc9hdm8az5b08vzkgx-glibc-2.35-163/lib/librt.so.1
7f2203677000-7f220478a000 r-xp 00000000 00:13ec 4611686019135360866      /nix/store/gpxl5qgg8kicmcvivwmybwjlpf7wh20l-graalvm17-ce-22.3.0/lib/server/libjvm.so
7f220478a000-7f220478b000 ---p 01113000 00:13ec 4611686019135360866      /nix/store/gpxl5qgg8kicmcvivwmybwjlpf7wh20l-graalvm17-ce-22.3.0/lib/server/libjvm.so
7f220478b000-7f2204840000 r--p 01113000 00:13ec 4611686019135360866      /nix/store/gpxl5qgg8kicmcvivwmybwjlpf7wh20l-graalvm17-ce-22.3.0/lib/server/libjvm.so
7f2204840000-7f2204874000 rw-p 011c8000 00:13ec 4611686019135360866      /nix/store/gpxl5qgg8kicmcvivwmybwjlpf7wh20l-graalvm17-ce-22.3.0/lib/server/libjvm.so
7f2204874000-7f22048d0000 rw-p 00000000 00:00 0 
7f22048d0000-7f22048f8000 r--p 00000000 00:13ec 4611686019027979918      /nix/store/4nlgxhb09sdr51nc9hdm8az5b08vzkgx-glibc-2.35-163/lib/libc.so.6
7f22048f8000-7f2204a6e000 r-xp 00028000 00:13ec 4611686019027979918      /nix/store/4nlgxhb09sdr51nc9hdm8az5b08vzkgx-glibc-2.35-163/lib/libc.so.6
7f2204a6e000-7f2204ac6000 r--p 0019e000 00:13ec 4611686019027979918      /nix/store/4nlgxhb09sdr51nc9hdm8az5b08vzkgx-glibc-2.35-163/lib/libc.so.6
7f2204ac6000-7f2204aca000 r--p 001f6000 00:13ec 4611686019027979918      /nix/store/4nlgxhb09sdr51nc9hdm8az5b08vzkgx-glibc-2.35-163/lib/libc.so.6
7f2204aca000-7f2204acc000 rw-p 001fa000 00:13ec 4611686019027979918      /nix/store/4nlgxhb09sdr51nc9hdm8az5b08vzkgx-glibc-2.35-163/lib/libc.so.6
7f2204acc000-7f2204adb000 rw-p 00000000 00:00 0 
7f2204adb000-7f2204adc000 r--p 00000000 00:13ec 4611686019027979923      /nix/store/4nlgxhb09sdr51nc9hdm8az5b08vzkgx-glibc-2.35-163/lib/libdl.so.2
7f2204adc000-7f2204add000 r-xp 00001000 00:13ec 4611686019027979923      /nix/store/4nlgxhb09sdr51nc9hdm8az5b08vzkgx-glibc-2.35-163/lib/libdl.so.2
7f2204add000-7f2204ade000 r--p 00002000 00:13ec 4611686019027979923      /nix/store/4nlgxhb09sdr51nc9hdm8az5b08vzkgx-glibc-2.35-163/lib/libdl.so.2
7f2204ade000-7f2204adf000 r--p 00002000 00:13ec 4611686019027979923      /nix/store/4nlgxhb09sdr51nc9hdm8az5b08vzkgx-glibc-2.35-163/lib/libdl.so.2
7f2204adf000-7f2204ae0000 rw-p 00003000 00:13ec 4611686019027979923      /nix/store/4nlgxhb09sdr51nc9hdm8az5b08vzkgx-glibc-2.35-163/lib/libdl.so.2
7f2204ae0000-7f2204ae1000 r--p 00000000 00:13ec 4611686019027979942      /nix/store/4nlgxhb09sdr51nc9hdm8az5b08vzkgx-glibc-2.35-163/lib/libpthread.so.0
7f2204ae1000-7f2204ae2000 r-xp 00001000 00:13ec 4611686019027979942      /nix/store/4nlgxhb09sdr51nc9hdm8az5b08vzkgx-glibc-2.35-163/lib/libpthread.so.0
7f2204ae2000-7f2204ae3000 r--p 00002000 00:13ec 4611686019027979942      /nix/store/4nlgxhb09sdr51nc9hdm8az5b08vzkgx-glibc-2.35-163/lib/libpthread.so.0
7f2204ae3000-7f2204ae4000 r--p 00002000 00:13ec 4611686019027979942      /nix/store/4nlgxhb09sdr51nc9hdm8az5b08vzkgx-glibc-2.35-163/lib/libpthread.so.0
7f2204ae4000-7f2204ae5000 rw-p 00003000 00:13ec 4611686019027979942      /nix/store/4nlgxhb09sdr51nc9hdm8az5b08vzkgx-glibc-2.35-163/lib/libpthread.so.0
7f2204ae5000-7f2204af3000 r-xp 00000000 00:13ec 4611686019135190033      /nix/store/gpxl5qgg8kicmcvivwmybwjlpf7wh20l-graalvm17-ce-22.3.0/lib/libjli.so
7f2204af3000-7f2204af4000 ---p 0000e000 00:13ec 4611686019135190033      /nix/store/gpxl5qgg8kicmcvivwmybwjlpf7wh20l-graalvm17-ce-22.3.0/lib/libjli.so
7f2204af4000-7f2204af5000 r--p 0000e000 00:13ec 4611686019135190033      /nix/store/gpxl5qgg8kicmcvivwmybwjlpf7wh20l-graalvm17-ce-22.3.0/lib/libjli.so
7f2204af5000-7f2204af6000 rw-p 0000f000 00:13ec 4611686019135190033      /nix/store/gpxl5qgg8kicmcvivwmybwjlpf7wh20l-graalvm17-ce-22.3.0/lib/libjli.so
7f2204af6000-7f2204af7000 rw-p 00012000 00:13ec 4611686019135190033      /nix/store/gpxl5qgg8kicmcvivwmybwjlpf7wh20l-graalvm17-ce-22.3.0/lib/libjli.so
7f2204af7000-7f2204afa000 r--p 00000000 00:13ec 4611686019106210071      /nix/store/026hln0aq1hyshaxsdvhg0kmcm6yf45r-zlib-1.2.13/lib/libz.so.1.2.13
7f2204afa000-7f2204b0c000 r-xp 00003000 00:13ec 4611686019106210071      /nix/store/026hln0aq1hyshaxsdvhg0kmcm6yf45r-zlib-1.2.13/lib/libz.so.1.2.13
7f2204b0c000-7f2204b13000 r--p 00015000 00:13ec 4611686019106210071      /nix/store/026hln0aq1hyshaxsdvhg0kmcm6yf45r-zlib-1.2.13/lib/libz.so.1.2.13
7f2204b13000-7f2204b14000 r--p 0001b000 00:13ec 4611686019106210071      /nix/store/026hln0aq1hyshaxsdvhg0kmcm6yf45r-zlib-1.2.13/lib/libz.so.1.2.13
7f2204b14000-7f2204b15000 rw-p 0001c000 00:13ec 4611686019106210071      /nix/store/026hln0aq1hyshaxsdvhg0kmcm6yf45r-zlib-1.2.13/lib/libz.so.1.2.13
7f2204b15000-7f2204b17000 rw-p 00000000 00:00 0 
7f2204b17000-7f2204b19000 r--p 00000000 00:13ec 4611686019027979912      /nix/store/4nlgxhb09sdr51nc9hdm8az5b08vzkgx-glibc-2.35-163/lib/ld-linux-x86-64.so.2
7f2204b19000-7f2204b40000 r-xp 00002000 00:13ec 4611686019027979912      /nix/store/4nlgxhb09sdr51nc9hdm8az5b08vzkgx-glibc-2.35-163/lib/ld-linux-x86-64.so.2
7f2204b40000-7f2204b4c000 r--p 00029000 00:13ec 4611686019027979912      /nix/store/4nlgxhb09sdr51nc9hdm8az5b08vzkgx-glibc-2.35-163/lib/ld-linux-x86-64.so.2
7f2204b4c000-7f2204b4e000 r--p 00034000 00:13ec 4611686019027979912      /nix/store/4nlgxhb09sdr51nc9hdm8az5b08vzkgx-glibc-2.35-163/lib/ld-linux-x86-64.so.2
7f2204b4e000-7f2204b50000 rw-p 00036000 00:13ec 4611686019027979912      /nix/store/4nlgxhb09sdr51nc9hdm8az5b08vzkgx-glibc-2.35-163/lib/ld-linux-x86-64.so.2
7fff404d2000-7fff404f7000 rw-p 00000000 00:00 0                          [stack]
7fff404fa000-7fff404fe000 r--p 00000000 00:00 0                          [vvar]
7fff404fe000-7fff40500000 r-xp 00000000 00:00 0                          [vdso]
ffffffffff600000-ffffffffff601000 --xp 00000000 00:00 0                  [vsyscall]


VM Arguments:
jvm_args: -XX:ThreadPriorityPolicy=1 -XX:+UnlockExperimentalVMOptions -XX:+EnableJVMCIProduct -XX:JVMCIThreadsPerNativeLibraryRuntime=1 -XX:-UnlockExperimentalVMOptions -Declipse.application=org.eclipse.jdt.ls.core.id1 -Dosgi.bundles.defaultStartLevel=4 -Declipse.product=org.eclipse.jdt.ls.core.product -Dlog.level=ALL -Xverify:none -XX:+UseParallelGC -XX:GCTimeRatio=4 -XX:AdaptiveSizePolicyWeight=90 -Dsun.zip.disableMemoryMapping=true -Xmx512m -Xms100m 
java_command: /nix/store/m6gcpi1ii6rghy04cjwjddcavv7i90df-jdt-language-server-1.9.0/share/java/plugins/org.eclipse.equinox.launcher_1.6.400.v20210924-0641.jar --add-modules=ALL-SYSTEM --add-opens java.base/java.util=ALL-UNNAMED --add-opens java.base/java.lang=ALL-UNNAMED -configuration /home/runner/.cache/jdt-language-server/config -data /home/runner/.cache/jdt-language-server/data/home/runner/justaliljavaproject-1
java_class_path (initial): /nix/store/m6gcpi1ii6rghy04cjwjddcavv7i90df-jdt-language-server-1.9.0/share/java/plugins/org.eclipse.equinox.launcher_1.6.400.v20210924-0641.jar
Launcher Type: SUN_STANDARD

[Global flags]
    uintx AdaptiveSizePolicyWeight                 = 90                                        {product} {command line}
     intx CICompilerCount                          = 2                                         {product} {ergonomic}
     bool EnableJVMCIProduct                       = true                                {JVMCI product} {jimage}
    uintx GCTimeRatio                              = 4                                         {product} {command line}
   size_t InitialHeapSize                          = 104857600                                 {product} {command line}
     uint JVMCIThreadsPerNativeLibraryRuntime      = 1                                   {JVMCI product} {jimage}
   size_t MaxHeapSize                              = 536870912                                 {product} {command line}
   size_t MaxNewSize                               = 178782208                                 {product} {ergonomic}
   size_t MinHeapDeltaBytes                        = 524288                                    {product} {ergonomic}
   size_t MinHeapSize                              = 104857600                                 {product} {command line}
   size_t NewSize                                  = 34603008                                  {product} {ergonomic}
    uintx NonNMethodCodeHeapSize                   = 5826188                                {pd product} {ergonomic}
    uintx NonProfiledCodeHeapSize                  = 122916026                              {pd product} {ergonomic}
   size_t OldSize                                  = 70254592                                  {product} {ergonomic}
    uintx ProfiledCodeHeapSize                     = 122916026                              {pd product} {ergonomic}
    uintx ReservedCodeCacheSize                    = 251658240                              {pd product} {ergonomic}
     bool SegmentedCodeCache                       = true                                      {product} {ergonomic}
   size_t SoftMaxHeapSize                          = 536870912                              {manageable} {ergonomic}
     intx ThreadPriorityPolicy                     = 1                                         {product} {jimage}
     bool UseCompressedClassPointers               = true                           {product lp64_product} {ergonomic}
     bool UseCompressedOops                        = true                           {product lp64_product} {ergonomic}
     bool UseParallelGC                            = true                                      {product} {command line}

Logging:
Log output configuration:
 #0: stdout all=warning uptime,level,tags
 #1: stderr all=off uptime,level,tags

Environment Variables:
JAVA_HOME=/nix/store/gpxl5qgg8kicmcvivwmybwjlpf7wh20l-graalvm17-ce-22.3.0
PATH=/nix/store/1d6ian3r8kdzspw8hacjhl3xkp40g1lj-binutils-wrapper-2.39/bin:/nix/store/dq0xwmsk1g0i2ayg6pb7y87na2knzylh-gcc-wrapper-11.3.0/bin:/nix/store/bap4d0lpcrhpwmpb8ayjcgkmvfj62lnq-bash-interactive-5.1-p16/bin:/nix/store/pr5n59mb4jzmfx6kanwxly0l07p861fg-patchelf-0.15.0/bin:/nix/store/1gf2flfqnpqbr1b4p4qz2f72y42bs56r-gcc-11.3.0/bin:/nix/store/57xv61c5zi8pphjbcwxxjlgc34p61ic9-glibc-2.35-163-bin/bin:/nix/store/a7gvj343m05j2s32xcnwr35v31ynlypr-coreutils-9.1/bin:/nix/store/039g378vc3pc3dvi9dzdlrd0i4q93qwf-binutils-2.39/bin:/nix/store/y5fcw4xnkg8hwaaf35nfc41vdzy32cm7-vim-9.0.0609/bin:/nix/store/gpxl5qgg8kicmcvivwmybwjlpf7wh20l-graalvm17-ce-22.3.0/bin:/nix/store/6z9ag3ihc8mq2hzsw48lhbznvzny65nz-apache-maven-3.8.6/bin:/nix/store/m6gcpi1ii6rghy04cjwjddcavv7i90df-jdt-language-server-1.9.0/bin:/nix/store/84xs5alhs01zrbr4ywm05kxbjbp5590l-java-debug/bin:/nix/store/mydc6f4k2z73xlcz7ilif3v2lcaiqvza-findutils-4.9.0/bin:/nix/store/j9p3g8472iijd50vhdprx0nmk2fqn5gv-diffutils-3.8/bin:/nix/store/89zs7rms6x00xfq4dq6m7mjnhkr8a6r4-gnused-4.8/bin:/nix/store/86bp03jkmsl6f92w0yzg4s59g5mhxwmy-gnugrep-3.7/bin:/nix/store/hwcdqw4jrjnd37wxqgsd47hd0j8bnj09-gawk-5.1.1/bin:/nix/store/cfbhw8r8ags41vwqaz47r583d0p4h4a1-gnutar-1.34/bin:/nix/store/p3m1ndl1lapwrlh698bnb5lvvxh67378-gzip-1.12/bin:/nix/store/a8mhcagrsly7c7mpjrpsnaahk4aax056-bzip2-1.0.8-bin/bin:/nix/store/mblgz65m3zv9x548a3d5m96fj2pbwr09-gnumake-4.3/bin:/nix/store/dsd5gz46hdbdk2rfdimqddhq6m8m8fqs-bash-5.1-p16/bin:/nix/store/v7ljksji50mg3w61dykaa3n3y79n6nil-patch-2.7.6/bin:/nix/store/zlcnmqq14jz5x9439jf937mvayyl63da-xz-5.2.7-bin/bin:/nix/store/y6aj732zm9m87c82fpvf103a1xb22blp-file-5.43/bin:/nix/store/i4kzir3m7mrisxmf5xvlnkw01x4qaqr4-prybar-elisp-0.0.0-e0d9a52/bin:/nix/store/lwwivxf6h7x3cvxp9zv8sj0mv7dak99r-prybar-lua-0.0.0-e0d9a52/bin:/nix/store/gxj28g1cg4hq3qanmjv07156h800qr58-prybar-python3-0.0.0-e0d9a52/bin:/nix/store/hshkjnxrgidigf8x75vg6lqng2xlx9i3-prybar-sqlite-0.0.0-e0d9a52/bin:/nix/store/c4w01bpjgyy5ixmwdk8m1pw87zq4sl26-prybar-tcl-0.0
LD_LIBRARY_PATH=/nix/store/a4pff549sk2idnkpzk5nsfps3mdkdnvm-cups-2.4.2-lib/lib:/nix/store/72mqxxhh3cy5yifh92wh2yb8cl2hikyy-cairo-1.16.0/lib:/nix/store/2k366jrbsra97gjfxwvrhvixjfxdach5-glib-2.74.1/lib:/nix/store/2j2znigd8ak37rlwh9khz0ry3clqlw1l-gtk+3-3.24.34/lib:/nix/store/hisqvx32cd57apbpcsnkpx6k3549wql1-libglvnd-1.4.0/lib:/nix/store/p36pgcv991mq5srvg765b78yqpxvk3qs-mesa-21.3.3-drivers/lib:/nix/store/mav4251if1ahjq5vkpwycyyvnmy459c4-pulseaudio-14.2/lib
DISPLAY=:0
LANG=en_US.UTF-8

Signal Handlers:
   SIGSEGV: crash_handler in libjvm.so, mask=11100100010111111101111111111110, flags=SA_RESTART|SA_SIGINFO
    SIGBUS: crash_handler in libjvm.so, mask=11100100010111111101111111111110, flags=SA_RESTART|SA_SIGINFO
    SIGFPE: crash_handler in libjvm.so, mask=11100100010111111101111111111110, flags=SA_RESTART|SA_SIGINFO
   SIGPIPE: IsolateEnterStub_IgnoreSIGPIPEStartupHook_noopSignalHandler_8f19bff2f35b5f630d83b364d6b2339320d4ec70_216e8361c6bc87a8f89f58cc10d3b2fd4415bf87 in libjvmcicompiler.so, mask=00000000000000000000000000000000, flags=SA_RESTART
  *** Handler was modified!
  *** Expected: javaSignalHandler in libjvm.so, mask=11100100110111111111111111111110, flags=SA_RESTART|SA_SIGINFO
   SIGXFSZ: javaSignalHandler in libjvm.so, mask=11100100010111111101111111111110, flags=SA_RESTART|SA_SIGINFO
    SIGILL: crash_handler in libjvm.so, mask=11100100010111111101111111111110, flags=SA_RESTART|SA_SIGINFO
   SIGUSR2: SR_handler in libjvm.so, mask=00000000000000000000000000000000, flags=SA_RESTART|SA_SIGINFO
    SIGHUP: UserHandler in libjvm.so, mask=11100100010111111101111111111110, flags=SA_RESTART|SA_SIGINFO
    SIGINT: UserHandler in libjvm.so, mask=11100100010111111101111111111110, flags=SA_RESTART|SA_SIGINFO
   SIGTERM: UserHandler in libjvm.so, mask=11100100010111111101111111111110, flags=SA_RESTART|SA_SIGINFO
   SIGQUIT: UserHandler in libjvm.so, mask=11100100010111111101111111111110, flags=SA_RESTART|SA_SIGINFO
  *** Handler was modified!
  *** Expected: javaSignalHandler in libjvm.so, mask=11100100110111111111111111111110, flags=SA_RESTART|SA_SIGINFO
   SIGTRAP: crash_handler in libjvm.so, mask=11100100010111111101111111111110, flags=SA_RESTART|SA_SIGINFO


---------------  S Y S T E M  ---------------

OS:
DISTRIB_ID=Ubuntu
DISTRIB_RELEASE=20.04
DISTRIB_CODENAME=focal
DISTRIB_DESCRIPTION="Ubuntu 20.04.2 LTS"
uname: Linux 5.15.0-1032-gcp #40~20.04.1-Ubuntu SMP Tue Apr 11 02:49:52 UTC 2023 x86_64
OS uptime: 0 days 4:34 hours
libc: glibc 2.35 NPTL 2.35 
rlimit (soft/hard): STACK 8192k/infinity , CORE infinity/infinity , NPROC infinity/infinity , NOFILE 5242/5242 , AS infinity/infinity , CPU infinity/infinity , DATA infinity/infinity , FSIZE infinity/infinity , MEMLOCK 64k/64k
load average: 18.84 17.10 16.21

/proc/meminfo:
MemTotal:       65852700 kB
MemFree:        17156056 kB
MemAvailable:   39404184 kB
Buffers:         2173284 kB
Cached:         18801720 kB
SwapCached:            0 kB
Active:          8258076 kB
Inactive:       36371468 kB
Active(anon):      17516 kB
Inactive(anon): 23266836 kB
Active(file):    8240560 kB
Inactive(file): 13104632 kB
Unevictable:       43484 kB
Mlocked:           43484 kB
SwapTotal:             0 kB
SwapFree:              0 kB
Dirty:             74264 kB
Writeback:             0 kB
AnonPages:      23083384 kB
Mapped:          2039504 kB
Shmem:             27812 kB
KReclaimable:    1629536 kB
Slab:            2882208 kB
SReclaimable:    1629536 kB
SUnreclaim:      1252672 kB
KernelStack:      429376 kB
PageTables:       250884 kB
NFS_Unstable:          0 kB
Bounce:                0 kB
WritebackTmp:          0 kB
CommitLimit:    32926348 kB
Committed_AS:   77517608 kB
VmallocTotal:   34359738367 kB
VmallocUsed:      469700 kB
VmallocChunk:          0 kB
Percpu:            62336 kB
HardwareCorrupted:     0 kB
AnonHugePages:   4143104 kB
ShmemHugePages:        0 kB
ShmemPmdMapped:        0 kB
FileHugePages:         0 kB
FilePmdMapped:         0 kB
HugePages_Total:       0
HugePages_Free:        0
HugePages_Rsvd:        0
HugePages_Surp:        0
Hugepagesize:       2048 kB
Hugetlb:               0 kB
DirectMap4k:     4322104 kB
DirectMap2M:    39714816 kB
DirectMap1G:    25165824 kB

/sys/kernel/mm/transparent_hugepage/enabled: always [madvise] never
/sys/kernel/mm/transparent_hugepage/defrag (defrag/compaction efforts parameter): always defer defer+madvise [madvise] never

Process Memory:
Virtual Size: 5454920K (peak: 5541676K)
Resident Set Size: 778972K (peak: 817304K) (anon: 582772K, file: 196200K, shmem: 0K)
Swapped out: 0K
C-Heap outstanding allocations: 38994K, retained: 16169K
glibc malloc tunables: (default)

/proc/sys/kernel/threads-max (system-wide limit on the number of threads): 514406
/proc/sys/vm/max_map_count (maximum number of memory map areas a process may have): 65530
/proc/sys/kernel/pid_max (system-wide limit on number of process identifiers): 4194304

container (cgroup) information:
container_type: cgroupv1
cpu_cpuset_cpus: 2-7
cpu_memory_nodes: 0
active_processor_count: 1
cpu_quota: 50000
cpu_period: 100000
cpu_shares: 512
memory_limit_in_bytes: 1048576 k
memory_and_swap_limit_in_bytes: 1048576 k
memory_soft_limit_in_bytes: 524288 k
memory_usage_in_bytes: 697216 k
memory_max_usage_in_bytes: 1048576 k
maximum number of tasks: 1000
current number of tasks: 57

KVM virtualization detected
Steal ticks since vm start: 0
Steal ticks percentage since vm start:  0.000

CPU: total 8 (initial active 1) (8 cores per cpu, 2 threads per core) family 23 model 49 stepping 0 microcode 0xffffffff, cx8, cmov, fxsr, ht, mmx, 3dnowpref, sse, sse2, sse3, ssse3, sse4a, sse4.1, sse4.2, popcnt, lzcnt, tsc, tscinvbit, avx, avx2, aes, clmul, bmi1, bmi2, adx, sha, fma, vzeroupper, clflush, clflushopt, hv
CPU Model and flags from /proc/cpuinfo:
model name	: AMD EPYC 7B12
flags		: fpu vme de pse tsc msr pae mce cx8 apic sep mtrr pge mca cmov pat pse36 clflush mmx fxsr sse sse2 ht syscall nx mmxext fxsr_opt pdpe1gb rdtscp lm constant_tsc rep_good nopl nonstop_tsc cpuid extd_apicid tsc_known_freq pni pclmulqdq ssse3 fma cx16 sse4_1 sse4_2 movbe popcnt aes xsave avx f16c rdrand hypervisor lahf_lm cmp_legacy cr8_legacy abm sse4a misalignsse 3dnowprefetch osvw topoext ssbd ibrs ibpb stibp vmmcall fsgsbase tsc_adjust bmi1 avx2 smep bmi2 rdseed adx smap clflushopt clwb sha_ni xsaveopt xsavec xgetbv1 clzero xsaveerptr arat npt nrip_save umip rdpid

Online cpus: 0-7
Offline cpus: 
BIOS frequency limitation: <Not Available>
Frequency switch latency (ns): <Not Available>
Available cpu frequencies: <Not Available>
Current governor: <Not Available>
Core performance/turbo boost: <Not Available>

Memory: 4k page, physical 1048576k(351356k free), swap 0k(0k free)
Page Sizes: 4k

vm_info: OpenJDK 64-Bit Server VM (17.0.5+8-jvmci-22.3-b08) for linux-amd64 JRE (17.0.5+8-jvmci-22.3-b08), built on Oct 19 2022 09:01:27 by "buildslave" with gcc 10.3.0

END.
