#
# A fatal error has been detected by the Java Runtime Environment:
#
#  Internal Error (jvmciRuntime.cpp:1609), pid=27, tid=43
#  fatal error: Fatal exception in JVMCI: Error calling jdk.vm.ci.services.Services.serializeSavedProperties
#
# JRE version: OpenJDK Runtime Environment GraalVM CE 22.3.0 (17.0.5+8) (build 17.0.5+8-jvmci-22.3-b08)
# Java VM: OpenJDK 64-Bit Server VM GraalVM CE 22.3.0 (17.0.5+8-jvmci-22.3-b08, mixed mode, sharing, tiered, jvmci, jvmci compiler, compressed oops, compressed class ptrs, parallel gc, linux-amd64)
# Problematic frame:
# V  [libjvm.so+0x972714]  JVMCIRuntime::fatal_exception(JVMCIEnv*, char const*)+0x74
#
# Core dump will be written. Default location: Core dumps may be processed with "/usr/share/apport/apport -p%p -s%s -c%c -d%d -P%P -u%u -g%g -- %E" (or dumping to /home/runner/justaliljavaproject-1/core.27)
#
# If you would like to submit a bug report, please visit:
#   https://github.com/oracle/graal/issues
#

---------------  S U M M A R Y ------------

Command Line: -XX:ThreadPriorityPolicy=1 -XX:+UnlockExperimentalVMOptions -XX:+EnableJVMCIProduct -XX:JVMCIThreadsPerNativeLibraryRuntime=1 -XX:-UnlockExperimentalVMOptions -Declipse.application=org.eclipse.jdt.ls.core.id1 -Dosgi.bundles.defaultStartLevel=4 -Declipse.product=org.eclipse.jdt.ls.core.product -Dlog.level=ALL -Xverify:none -XX:+UseParallelGC -XX:GCTimeRatio=4 -XX:AdaptiveSizePolicyWeight=90 -Dsun.zip.disableMemoryMapping=true -Xmx512m -Xms100m /nix/store/m6gcpi1ii6rghy04cjwjddcavv7i90df-jdt-language-server-1.9.0/share/java/plugins/org.eclipse.equinox.launcher_1.6.400.v20210924-0641.jar --add-modules=ALL-SYSTEM --add-opens java.base/java.util=ALL-UNNAMED --add-opens java.base/java.lang=ALL-UNNAMED -configuration /home/runner/.cache/jdt-language-server/config -data /home/runner/.cache/jdt-language-server/data/home/runner/justaliljavaproject-1

Host: AMD EPYC 7B12, 4 cores, 1G, Ubuntu 20.04.2 LTS
Time: Sat Apr 22 17:55:53 2023 UTC elapsed time: 1937.398407 seconds (0d 0h 32m 17s)

---------------  T H R E A D  ---------------

Current thread (0x00007f38680b2210):  JavaThread "JVMCI-native CompilerThread0" daemon [_thread_in_vm, id=43, stack(0x00007f384efb3000,0x00007f384f1b3000)]


Current CompileTask:
JVMCI-native:1937399 11696       4       java.util.concurrent.locks.ReentrantReadWriteLock$Sync::tryReleaseShared (146 bytes)

Stack: [0x00007f384efb3000,0x00007f384f1b3000],  sp=0x00007f384f1b1380,  free space=2040k
Native frames: (J=compiled Java code, j=interpreted, Vv=VM code, C=native code)
V  [libjvm.so+0x972714]  JVMCIRuntime::fatal_exception(JVMCIEnv*, char const*)+0x74
V  [libjvm.so+0x93e2fe]  JVMCIEnv::copy_saved_properties()+0x14e
V  [libjvm.so+0x9732a9]  JVMCIRuntime::initialize(JVMCIEnv*)+0xb19
V  [libjvm.so+0x9738a2]  JVMCIRuntime::get_HotSpotJVMCIRuntime(JVMCIEnv*)+0x12
V  [libjvm.so+0x9749f2]  JVMCIRuntime::compile_method(JVMCIEnv*, JVMCICompiler*, methodHandle const&, int)+0xd2
V  [libjvm.so+0x5b0d20]  CompileBroker::invoke_compiler_on_method(CompileTask*)+0x1470
V  [libjvm.so+0x5b12e8]  CompileBroker::compiler_thread_loop()+0x528
V  [libjvm.so+0xd82460]  JavaThread::thread_main_inner()+0xd0
V  [libjvm.so+0xd85a40]  Thread::call_run()+0xc0
V  [libjvm.so+0xbdb1e1]  thread_native_entry(Thread*)+0xe1

Register to memory mapping:

RAX=0x00007f386ec3f000 points into unknown readable memory: 0x0000000000000058 | 58 00 00 00 00 00 00 00
RBX=0x00007f386fd3a398: <offset 0x0000000000ef5398> in /nix/store/gpxl5qgg8kicmcvivwmybwjlpf7wh20l-graalvm17-ce-22.3.0/lib/server/libjvm.so at 0x00007f386ee45000
RCX=0x00007f386fcf21e8: <offset 0x0000000000ead1e8> in /nix/store/gpxl5qgg8kicmcvivwmybwjlpf7wh20l-graalvm17-ce-22.3.0/lib/server/libjvm.so at 0x00007f386ee45000
RDX=0x0000000000000649 is an unknown value
RSP=0x00007f384f1b1380 is pointing into the stack for thread: 0x00007f38680b2210
RBP=0x00007f384f1b13a0 is pointing into the stack for thread: 0x00007f38680b2210
RSI=0x00007f386fd3ac48: <offset 0x0000000000ef5c48> in /nix/store/gpxl5qgg8kicmcvivwmybwjlpf7wh20l-graalvm17-ce-22.3.0/lib/server/libjvm.so at 0x00007f386ee45000
RDI=0x00000000e0000000 is an oop: [B 
{0x00000000e0000000} - klass: {type array byte}
 - length: 31
R8 =0x00007f386fd3a398: <offset 0x0000000000ef5398> in /nix/store/gpxl5qgg8kicmcvivwmybwjlpf7wh20l-graalvm17-ce-22.3.0/lib/server/libjvm.so at 0x00007f386ee45000
R9 =0x0000000000000003 is an unknown value
R10=0x00007f387008bda0: <offset 0x0000000001246da0> in /nix/store/gpxl5qgg8kicmcvivwmybwjlpf7wh20l-graalvm17-ce-22.3.0/lib/server/libjvm.so at 0x00007f386ee45000
R11=0x000000080044f048 is pointing into metadata
R12=0x0 is NULL
R13=0x00007f38680b2210 is a thread
R14=0x00007f3868000b80 points into unknown readable memory: 0x00007f386ff6ba38 | 38 ba f6 6f 38 7f 00 00
R15=0x00007f3870079e40: <offset 0x0000000001234e40> in /nix/store/gpxl5qgg8kicmcvivwmybwjlpf7wh20l-graalvm17-ce-22.3.0/lib/server/libjvm.so at 0x00007f386ee45000


Registers:
RAX=0x00007f386ec3f000, RBX=0x00007f386fd3a398, RCX=0x00007f386fcf21e8, RDX=0x0000000000000649
RSP=0x00007f384f1b1380, RBP=0x00007f384f1b13a0, RSI=0x00007f386fd3ac48, RDI=0x00000000e0000000
R8 =0x00007f386fd3a398, R9 =0x0000000000000003, R10=0x00007f387008bda0, R11=0x000000080044f048
R12=0x0000000000000000, R13=0x00007f38680b2210, R14=0x00007f3868000b80, R15=0x00007f3870079e40
RIP=0x00007f386f7b7714, EFLAGS=0x0000000000010206, CSGSFS=0x002b000000000033, ERR=0x0000000000000006
  TRAPNO=0x000000000000000e

Top of Stack: (sp=0x00007f384f1b1380)
0x00007f384f1b1380:   00007f384f1b1940 00007f38680b2210
0x00007f384f1b1390:   00007f386d5dd8a8 0000000800c484e8
0x00007f384f1b13a0:   00007f384f1b1500 00007f386f7832fe
0x00007f384f1b13b0:   00007f384f1b13e0 00007f384f1b1440 

Instructions: (pc=0x00007f386f7b7714)
0x00007f386f7b7614:   30 e8 f6 cf e8 ff 4c 89 e7 e8 2e 48 d1 ff 84 db
0x00007f386f7b7624:   75 2a 4d 85 ed 74 04 4d 8b 6d 00 48 83 c4 08 44
0x00007f386f7b7634:   89 f9 4c 89 f2 4c 89 ee 5b 4c 89 e7 41 5c 41 5d
0x00007f386f7b7644:   41 5e 41 5f 5d e9 e2 47 d1 ff 66 90 48 83 c4 08
0x00007f386f7b7654:   5b 41 5c 41 5d 41 5e 41 5f 5d c3 90 31 d2 be 08
0x00007f386f7b7664:   00 00 00 4c 89 ff e8 b1 78 a3 ff 49 89 c5 e9 37
0x00007f386f7b7674:   ff ff ff 66 0f 1f 84 00 00 00 00 00 48 8b 7a 08
0x00007f386f7b7684:   e9 6d ff ff ff 0f 1f 80 00 00 00 00 e8 5b 48 0a
0x00007f386f7b7694:   00 84 c0 75 89 e9 6a ff ff ff 66 90 55 48 89 e5
0x00007f386f7b76a4:   41 56 41 55 41 54 49 89 fc 53 48 89 f3 66 48 8d
0x00007f386f7b76b4:   3d 27 5e 85 00 66 66 48 e8 df 43 8d ff 4c 8b 28
0x00007f386f7b76c4:   8b 05 be 72 8a 00 85 c0 75 14 ba 01 00 00 00 48
0x00007f386f7b76d4:   8d 0d ae 72 8a 00 f0 0f b1 11 85 c0 74 4e be c8
0x00007f386f7b76e4:   00 00 00 4c 89 ef e8 01 0b 41 00 48 8d 05 12 ac
0x00007f386f7b76f4:   85 00 49 89 d8 48 8d 0d e8 aa 53 00 ba 49 06 00
0x00007f386f7b7704:   00 48 8d 35 3c 35 58 00 bf 00 00 00 e0 48 8b 00
0x00007f386f7b7714:   c6 00 58 31 c0 e8 e2 91 c6 ff 5b 41 5c 41 5d 41
0x00007f386f7b7724:   5e 5d e9 55 34 26 00 0f 1f 44 00 00 48 8d 05 81
0x00007f386f7b7734:   a3 8b 00 48 89 df 4c 8b 30 e8 9e 43 8d ff 48 89
0x00007f386f7b7744:   de 48 89 c2 49 8b 06 4c 89 f7 ff 50 08 4c 89 f7
0x00007f386f7b7754:   e8 a7 5c 27 00 4d 85 e4 74 12 be 01 00 00 00 4c
0x00007f386f7b7764:   89 e7 e8 35 43 fc ff eb 82 0f 1f 00 be 01 00 00
0x00007f386f7b7774:   00 4c 89 ef e8 d3 fd ff ff e9 6d ff ff ff 66 66
0x00007f386f7b7784:   2e 0f 1f 84 00 00 00 00 00 0f 1f 00 55 48 89 e5
0x00007f386f7b7794:   41 57 41 56 41 55 41 54 53 48 81 ec 08 02 00 00
0x00007f386f7b77a4:   64 48 8b 04 25 28 00 00 00 48 89 45 c8 8b 07 83
0x00007f386f7b77b4:   f8 02 0f 84 11 04 00 00 4c 8b 6f 18 49 89 ff 49
0x00007f386f7b77c4:   89 f4 4d 85 ed 74 14 4c 89 ef e8 5d 57 22 00 41
0x00007f386f7b77d4:   8b 07 83 f8 02 0f 84 19 04 00 00 48 8d 1d 9a 06
0x00007f386f7b77e4:   8a 00 4c 8d 35 0b 3c 58 00 eb 38 90 48 85 d2 7f
0x00007f386f7b77f4:   0d 48 8d 05 b4 c0 85 00 48 83 38 00 7e 0e 41 8b
0x00007f386f7b7804:   77 2c 4c 89 f7 31 c0 e8 a0 b2 f7 ff 49 8b 7f 18 


Stack slot to memory mapping:
stack at sp + 0 slots: 0x00007f384f1b1940 is pointing into the stack for thread: 0x00007f38680b2210
stack at sp + 1 slots: 0x00007f38680b2210 is a thread
stack at sp + 2 slots: 0x00007f386d5dd8a8 points into unknown readable memory: 0x65730018bd2bffff | ff ff 2b bd 18 00 73 65
stack at sp + 3 slots: 0x0000000800c484e8 is a pointer to class: 
jdk.vm.ci.services.Services {0x0000000800c484e8}
 - instance size:     2
 - klass size:        65
 - access:            public final synchronized 
 - state:             fully_initialized
 - name:              'jdk/vm/ci/services/Services'
 - super:             'java/lang/Object'
 - sub:               
 - arrays:            NULL
 - methods:           Array<T>(0x00007f386c48a208)
 - method ordering:   Array<T>(0x0000000800928960)
 - default_methods:   Array<T>(0x0000000000000000)
 - local interfaces:  Array<T>(0x00000008005ce810)
 - trans. interfaces: Array<T>(0x00000008005ce810)
 - constants:         constant pool [427] {0x00007f386c4892e8} for 'jdk/vm/ci/services/Services' cache=0x00007f386c48b4d8
 - class loader data:  loader data: 0x00007f38680283f0 of 'bootstrap'
 - source file:       'Services.java'
 - class annotations:       Array<T>(0x0000000000000000)
 - class type annotations:  Array<T>(0x0000000000000000)
 - field annotations:       Array<T>(0x0000000000000000)
 - field type annotations:  Array<T>(0x0000000000000000)
 - inner classes:     Array<T>(0x00007f386c48b4a8)
 - nest members:     Array<T>(0x00007f386c48b4c8)
 - permitted subclasses:     Array<T>(0x00000008005ce7a0)
 - java mirror:       a 'java/lang/Class'{0x00000000e0177980} = 'jdk/vm/ci/services/Services'
 - vtable length      5  (start addr: 0x0000000800c486b8)
 - itable length      2 (start addr: 0x0000000800c486e0)
 - ---- static fields (3 words):
 - public static final 'IS_BUILDING_NATIVE_IMAGE' 'Z' @128 
 - public static final 'IS_IN_NATIVE_IMAGE' 'Z' @129 
 - private static volatile 'savedProperties' 'Ljava/util/Map;' @112 
 - static final 'JVMCI_ENABLED' 'Z' @130 
 - private static final 'servicesCache' 'Ljava/util/Map;' @116 
 - private static final 'MAX_UNICODE_IN_UTF8_LENGTH' 'I' @120 
 - private static final 'MAX_UTF8_PROPERTY_STRING_LENGTH' 'I' @124 
 - ---- non-static fields (0 words):
 - non-static oop maps: 
stack at sp + 4 slots: 0x00007f384f1b1500 is pointing into the stack for thread: 0x00007f38680b2210
stack at sp + 5 slots: 0x00007f386f7832fe: <offset 0x000000000093e2fe> in /nix/store/gpxl5qgg8kicmcvivwmybwjlpf7wh20l-graalvm17-ce-22.3.0/lib/server/libjvm.so at 0x00007f386ee45000
stack at sp + 6 slots: 0x00007f384f1b13e0 is pointing into the stack for thread: 0x00007f38680b2210
stack at sp + 7 slots: 0x00007f384f1b1440 is pointing into the stack for thread: 0x00007f38680b2210


---------------  P R O C E S S  ---------------

Threads class SMR info:
_java_thread_list=0x00007f37f0040cf0, length=27, elements={
0x00007f3868026690, 0x00007f38680a64d0, 0x00007f38680a7910, 0x00007f38680ae080,
0x00007f38680af430, 0x00007f38680b0820, 0x00007f38680b2210, 0x00007f38680b3720,
0x00007f38680b4b70, 0x00007f38680d7e50, 0x00007f386811f5b0, 0x00007f3868303d10,
0x00007f3868337370, 0x00007f38683392d0, 0x00007f38685fe850, 0x00007f38040171b0,
0x00007f38042ba070, 0x00007f37e80010d0, 0x00007f38042a4660, 0x00007f38046885f0,
0x00007f38683e0290, 0x00007f3868364830, 0x00007f37f802d430, 0x00007f37fc112320,
0x00007f37fc18b070, 0x00007f37fc18d260, 0x0000560af07031e0
}

Java Threads: ( => current thread )
  0x00007f3868026690 JavaThread "main" [_thread_blocked, id=35, stack(0x00007f386ec60000,0x00007f386ed60000)]
  0x00007f38680a64d0 JavaThread "Reference Handler" daemon [_thread_blocked, id=38, stack(0x00007f386cc77000,0x00007f386cd77000)]
  0x00007f38680a7910 JavaThread "Finalizer" daemon [_thread_blocked, id=39, stack(0x00007f386c300000,0x00007f386c400000)]
  0x00007f38680ae080 JavaThread "Signal Dispatcher" daemon [_thread_blocked, id=40, stack(0x00007f384f3b3000,0x00007f384f4b3000)]
  0x00007f38680af430 JavaThread "Service Thread" daemon [_thread_blocked, id=41, stack(0x00007f384f2b3000,0x00007f384f3b3000)]
  0x00007f38680b0820 JavaThread "Monitor Deflation Thread" daemon [_thread_blocked, id=42, stack(0x00007f384f1b3000,0x00007f384f2b3000)]
=>0x00007f38680b2210 JavaThread "JVMCI-native CompilerThread0" daemon [_thread_in_vm, id=43, stack(0x00007f384efb3000,0x00007f384f1b3000)]
  0x00007f38680b3720 JavaThread "C1 CompilerThread0" daemon [_thread_blocked, id=44, stack(0x00007f384edb3000,0x00007f384efb3000)]
  0x00007f38680b4b70 JavaThread "Sweeper thread" daemon [_thread_blocked, id=45, stack(0x00007f384ecb3000,0x00007f384edb3000)]
  0x00007f38680d7e50 JavaThread "Common-Cleaner" daemon [_thread_blocked, id=46, stack(0x00007f384ebb3000,0x00007f384ecb3000)]
  0x00007f386811f5b0 JavaThread "Notification Thread" daemon [_thread_blocked, id=47, stack(0x00007f384eab3000,0x00007f384ebb3000)]
  0x00007f3868303d10 JavaThread "Active Thread: Equinox Container: f0ab1af9-dd4f-4a18-bd28-cd47840d5a8c" [_thread_blocked, id=66, stack(0x00007f384c500000,0x00007f384c600000)]
  0x00007f3868337370 JavaThread "Framework Event Dispatcher: Equinox Container: f0ab1af9-dd4f-4a18-bd28-cd47840d5a8c" daemon [_thread_blocked, id=67, stack(0x00007f384c300000,0x00007f384c400000)]
  0x00007f38683392d0 JavaThread "Start Level: Equinox Container: f0ab1af9-dd4f-4a18-bd28-cd47840d5a8c" daemon [_thread_blocked, id=68, stack(0x00007f384c100000,0x00007f384c200000)]
  0x00007f38685fe850 JavaThread "Refresh Thread: Equinox Container: f0ab1af9-dd4f-4a18-bd28-cd47840d5a8c" daemon [_thread_blocked, id=69, stack(0x00007f3816d00000,0x00007f3816e00000)]
  0x00007f38040171b0 JavaThread "SCR Component Actor" daemon [_thread_blocked, id=70, stack(0x00007f3816b00000,0x00007f3816c00000)]
  0x00007f38042ba070 JavaThread "Worker-JM" [_thread_blocked, id=72, stack(0x00007f3816900000,0x00007f3816a00000)]
  0x00007f37e80010d0 JavaThread "Worker-1" [_thread_blocked, id=74, stack(0x00007f3816500000,0x00007f3816600000)]
  0x00007f38042a4660 JavaThread "Java indexing" daemon [_thread_blocked, id=75, stack(0x00007f3816a00000,0x00007f3816b00000)]
  0x00007f38046885f0 JavaThread "Bundle File Closer" daemon [_thread_blocked, id=90, stack(0x00007f3816300000,0x00007f3816400000)]
  0x00007f38683e0290 JavaThread "pool-3-thread-1" [_thread_blocked, id=116, stack(0x00007f3816100000,0x00007f3816200000)]
  0x00007f3868364830 JavaThread "pool-2-thread-1" [_thread_in_native, id=151, stack(0x00007f3815d00000,0x00007f3815e00000)]
  0x00007f37f802d430 JavaThread "Worker-4: Java indexing... " [_thread_blocked, id=159, stack(0x00007f3815900000,0x00007f3815a00000)]
  0x00007f37fc112320 JavaThread "Thread-2" [_thread_blocked, id=168, stack(0x00007f3816600000,0x00007f3816700000)]
  0x00007f37fc18b070 JavaThread "Thread-9" [_thread_blocked, id=175, stack(0x00007f3814c00000,0x00007f3814d00000)]
  0x00007f37fc18d260 JavaThread "Thread-11" [_thread_blocked, id=177, stack(0x00007f3814900000,0x00007f3814a00000)]
  0x0000560af07031e0 JavaThread "Worker-7" [_thread_blocked, id=182, stack(0x00007f3815b00000,0x00007f3815c00000)]

Other Threads:
  0x00007f38680a1c10 VMThread "VM Thread" [stack: 0x00007f386cd79000,0x00007f386ce79000] [id=37] _threads_hazard_ptr=0x00007f37f0040cf0
  0x00007f3868120f50 WatcherThread [stack: 0x00007f384e9b3000,0x00007f384eab3000] [id=48]
  0x00007f386803df30 GCTaskThread "GC Thread#0" [stack: 0x00007f386e823000,0x00007f386e923000] [id=36]

Threads with active compile tasks:
JVMCI-native CompilerThread0  1937460 11696       4       java.util.concurrent.locks.ReentrantReadWriteLock$Sync::tryReleaseShared (146 bytes)

VM state: synchronizing (normal execution)

VM Mutex/Monitor currently owned by a thread:  ([mutex/lock_event])
[0x00007f3868023840] Threads_lock - owner thread: 0x00007f38680a1c10
[0x00007f3868023ff0] Heap_lock - owner thread: 0x00007f37f802d430

OutOfMemory and StackOverflow Exception counts:
OutOfMemoryError java_heap_errors=2
LinkageErrors=58

Heap address: 0x00000000e0000000, size: 512 MB, Compressed Oops mode: 32-bit

CDS archive(s) mapped at: [0x0000000800000000-0x0000000800bc8000-0x0000000800bc8000), size 12353536, SharedBaseAddress: 0x0000000800000000, ArchiveRelocationMode: 0.
Compressed class space mapped at: 0x0000000800c00000-0x0000000840c00000, reserved size: 1073741824
Narrow klass base: 0x0000000800000000, Narrow klass shift: 0, Narrow klass range: 0x100000000

GC Precious Log:
 CPUs: 4 total, 1 available
 Memory: 1024M
 Large Page Support: Disabled
 NUMA Support: Disabled
 Compressed Oops: Enabled (32-bit)
 Alignments: Space 512K, Generation 512K, Heap 2M
 Heap Min Capacity: 100M
 Heap Initial Capacity: 100M
 Heap Max Capacity: 512M
 Pre-touch: Disabled
 Parallel Workers: 1

Heap:
 PSYoungGen      total 23040K, used 16383K [0x00000000f5580000, 0x00000000f7380000, 0x0000000100000000)
  eden space 16384K, 99% used [0x00000000f5580000,0x00000000f657fff8,0x00000000f6580000)
  from space 6656K, 0% used [0x00000000f6580000,0x00000000f6580000,0x00000000f6c00000)
  to   space 6656K, 0% used [0x00000000f6c00000,0x00000000f6c00000,0x00000000f7280000)
 ParOldGen       total 349696K, used 349696K [0x00000000e0000000, 0x00000000f5580000, 0x00000000f5580000)
  object space 349696K, 100% used [0x00000000e0000000,0x00000000f5580000,0x00000000f5580000)
 Metaspace       used 59047K, committed 59968K, reserved 1105920K
  class space    used 5550K, committed 5952K, reserved 1048576K

Card table byte_map: [0x00007f386e923000,0x00007f386ea24000] _byte_map_base: 0x00007f386e223000

Marking Bits: (ParMarkBitMap*) 0x00007f38700734c0
 Begin Bits: [0x00007f386d776000, 0x00007f386df76000)
 End Bits:   [0x00007f386df76000, 0x00007f386e776000)

Polling page: 0x00007f386ec3d000

Metaspace:

Usage:
  Non-class:     52.24 MB used.
      Class:      5.42 MB used.
       Both:     57.66 MB used.

Virtual space:
  Non-class space:       56.00 MB reserved,      52.75 MB ( 94%) committed,  7 nodes.
      Class space:        1.00 GB reserved,       5.81 MB ( <1%) committed,  1 nodes.
             Both:        1.05 GB reserved,      58.56 MB (  5%) committed. 

Chunk freelists:
   Non-Class:  3.29 MB
       Class:  2.07 MB
        Both:  5.35 MB

MaxMetaspaceSize: unlimited
CompressedClassSpaceSize: 1.00 GB
Initial GC threshold: 21.00 MB
Current GC threshold: 97.50 MB
CDS: on
MetaspaceReclaimPolicy: balanced
 - commit_granule_bytes: 65536.
 - commit_granule_words: 8192.
 - virtual_space_node_default_size: 1048576.
 - enlarge_chunks_in_place: 1.
 - new_chunks_are_fully_committed: 0.
 - uncommit_free_chunks: 1.
 - use_allocation_guard: 0.
 - handle_deallocations: 1.


Internal statistics:

num_allocs_failed_limit: 6.
num_arena_births: 406.
num_arena_deaths: 92.
num_vsnodes_births: 8.
num_vsnodes_deaths: 0.
num_space_committed: 935.
num_space_uncommitted: 0.
num_chunks_returned_to_freelist: 124.
num_chunks_taken_from_freelist: 2623.
num_chunk_merges: 42.
num_chunk_splits: 1722.
num_chunks_enlarged: 1112.
num_purges: 10.
num_inconsistent_stats: 0.

CodeHeap 'non-profiled nmethods': size=120036Kb used=2850Kb max_used=2850Kb free=117185Kb
 bounds [0x00007f3856f7a000, 0x00007f385724a000, 0x00007f385e4b3000]
CodeHeap 'profiled nmethods': size=120032Kb used=20286Kb max_used=20286Kb free=99745Kb
 bounds [0x00007f384fa42000, 0x00007f3850e12000, 0x00007f3856f7a000]
CodeHeap 'non-nmethods': size=5692Kb used=1402Kb max_used=1406Kb free=4289Kb
 bounds [0x00007f384f4b3000, 0x00007f384f723000, 0x00007f384fa42000]
 total_blobs=9128 nmethods=8392 adapters=621
 compilation: enabled
              stopped_count=0, restarted_count=0
 full_count=0

JVMCI Events (20 events):
Event: 1599.562 Thread 0x00007f38680b2210 compacted oop handles in JVMCI runtime 0 from 41 to 41
Event: 1599.562 Thread 0x00007f38680b2210 releasing handles for JVMCI runtime 0: oop handles=41, metadata handles={total=128, live=118, blocks=54}
Event: 1599.562 Thread 0x00007f38680b2210 detached from JVMCI runtime 0
Event: 1637.995 Thread 0x00007f38680b2210 attached to JVMCI runtime 0
Event: 1637.998 Thread 0x00007f38680b2210 created JavaVM[9]@0x00007f37ee69e340 for JVMCI runtime 0
Event: 1639.262 Thread 0x00007f38680b2210 initializing JVMCI runtime 0
Event: 1639.262 Thread 0x00007f38680b2210 done waiting for JavaVM references initialization in JVMCI runtime 0
Event: 1659.157 Thread 0x00007f38680b2210 initialized JVMCI runtime 0
Event: 1736.763 Thread 0x00007f38680b2210 compacted oop handles in JVMCI runtime 0 from 59 to 56
Event: 1742.490 Thread 0x00007f38680b2210 detaching from JVMCI runtime 0: releasing idle compiler thread (0 other threads still attached)
Event: 1742.490 Thread 0x00007f38680b2210 shutting down HotSpotJVMCIRuntime for JVMCI runtime 0
Event: 1742.490 Thread 0x00007f38680b2210 shut down JVMCI runtime 0
Event: 1743.683 Thread 0x00007f38680b2210 destroyed JavaVM[9]@0x00007f37ee69e340 for JVMCI runtime 0
Event: 1743.683 Thread 0x00007f38680b2210 compacted oop handles in JVMCI runtime 0 from 60 to 60
Event: 1743.683 Thread 0x00007f38680b2210 releasing handles for JVMCI runtime 0: oop handles=60, metadata handles={total=128, live=115, blocks=54}
Event: 1743.683 Thread 0x00007f38680b2210 detached from JVMCI runtime 0
Event: 1886.370 Thread 0x00007f38680b2210 attached to JVMCI runtime 0
Event: 1886.372 Thread 0x00007f38680b2210 created JavaVM[10]@0x00007f37ee69e340 for JVMCI runtime 0
Event: 1887.479 Thread 0x00007f38680b2210 initializing JVMCI runtime 0
Event: 1887.479 Thread 0x00007f38680b2210 done waiting for JavaVM references initialization in JVMCI runtime 0

Compilation events (20 events):
Event: 1589.805 Thread 0x00007f38680b2210 nmethod 11688% 0x00007f385723e290 code [0x00007f385723e480, 0x00007f385723ede0]
Event: 1589.805 Thread 0x00007f38680b2210 11685       4       java.net.URI$Parser::checkChars (44 bytes)
Event: 1593.296 Thread 0x00007f38680b3720 11690       1       org.eclipse.osgi.internal.location.BasicLocation::isReadOnly (5 bytes)
Event: 1593.296 Thread 0x00007f38680b3720 nmethod 11690 0x00007f385723f410 code [0x00007f385723f5a0, 0x00007f385723f670]
Event: 1598.287 Thread 0x00007f38680b2210 nmethod 11685 0x00007f385723f710 code [0x00007f385723f8c0, 0x00007f385723fda0]
Event: 1598.287 Thread 0x00007f38680b2210 11689       4       java.util.HashMap$Node::<init> (26 bytes)
Event: 1598.290 Thread 0x00007f38680b2210 nmethod 11689 0x00007f3857240190 code [0x00007f3857240300, 0x00007f3857240378]
Event: 1637.995 Thread 0x00007f38680b2210 11691       4       org.eclipse.core.internal.resources.Resource::equals (66 bytes)
Event: 1646.163 Thread 0x00007f38680b3720 11692       3       java.lang.StringBuffer::<init> (6 bytes)
Event: 1647.279 Thread 0x00007f38680b3720 nmethod 11692 0x00007f3850e11310 code [0x00007f3850e114c0, 0x00007f3850e11600]
Event: 1679.390 Thread 0x00007f38680b2210 nmethod 11691 0x00007f3857240490 code [0x00007f3857240680, 0x00007f3857240910]
Event: 1679.390 Thread 0x00007f38680b2210 11693       4       org.eclipse.core.runtime.Path::toOSString (227 bytes)
Event: 1736.763 Thread 0x00007f38680b2210 nmethod 11693 0x00007f3857240b90 code [0x00007f3857240d60, 0x00007f3857241a28]
Event: 1736.763 Thread 0x00007f38680b2210 11694       4       java.lang.AbstractStringBuilder::putStringAt (12 bytes)
Event: 1741.379 Thread 0x00007f38680b2210 nmethod 11694 0x00007f3857242090 code [0x00007f3857242220, 0x00007f38572424d0]
Event: 1829.662 Thread 0x00007f38680b3720 11695       1       org.eclipse.jdt.ls.core.internal.LanguageServer::getParentProcessId (5 bytes)
Event: 1829.663 Thread 0x00007f38680b3720 nmethod 11695 0x00007f3857242690 code [0x00007f3857242820, 0x00007f38572428f0]
Event: 1886.370 Thread 0x00007f38680b2210 11696       4       java.util.concurrent.locks.ReentrantReadWriteLock$Sync::tryReleaseShared (146 bytes)
Event: 1916.402 Thread 0x00007f38680b3720 11699       3       java.util.concurrent.TimeUnit::toNanos (45 bytes)
Event: 1916.402 Thread 0x00007f38680b3720 nmethod 11699 0x00007f3850e11690 code [0x00007f3850e11840, 0x00007f3850e11ab0]

GC Heap History (20 events):
Event: 1921.668 GC heap before
{Heap before GC invocations=1670 (full 1477):
 PSYoungGen      total 23040K, used 16383K [0x00000000f5580000, 0x00000000f7380000, 0x0000000100000000)
  eden space 16384K, 99% used [0x00000000f5580000,0x00000000f657fff8,0x00000000f6580000)
  from space 6656K, 0% used [0x00000000f6580000,0x00000000f6580000,0x00000000f6c00000)
  to   space 6656K, 0% used [0x00000000f6c00000,0x00000000f6c00000,0x00000000f7280000)
 ParOldGen       total 349696K, used 349694K [0x00000000e0000000, 0x00000000f5580000, 0x00000000f5580000)
  object space 349696K, 99% used [0x00000000e0000000,0x00000000f557f8d8,0x00000000f5580000)
 Metaspace       used 59047K, committed 59968K, reserved 1105920K
  class space    used 5550K, committed 5952K, reserved 1048576K
}
Event: 1923.148 GC heap after
{Heap after GC invocations=1670 (full 1477):
 PSYoungGen      total 23040K, used 16383K [0x00000000f5580000, 0x00000000f7380000, 0x0000000100000000)
  eden space 16384K, 99% used [0x00000000f5580000,0x00000000f657ffe0,0x00000000f6580000)
  from space 6656K, 0% used [0x00000000f6c00000,0x00000000f6c00000,0x00000000f7280000)
  to   space 6656K, 0% used [0x00000000f6580000,0x00000000f6580000,0x00000000f6c00000)
 ParOldGen       total 349696K, used 349694K [0x00000000e0000000, 0x00000000f5580000, 0x00000000f5580000)
  object space 349696K, 99% used [0x00000000e0000000,0x00000000f557f8d8,0x00000000f5580000)
 Metaspace       used 59047K, committed 59968K, reserved 1105920K
  class space    used 5550K, committed 5952K, reserved 1048576K
}
Event: 1923.149 GC heap before
{Heap before GC invocations=1671 (full 1478):
 PSYoungGen      total 23040K, used 16383K [0x00000000f5580000, 0x00000000f7380000, 0x0000000100000000)
  eden space 16384K, 99% used [0x00000000f5580000,0x00000000f657fff8,0x00000000f6580000)
  from space 6656K, 0% used [0x00000000f6c00000,0x00000000f6c00000,0x00000000f7280000)
  to   space 6656K, 0% used [0x00000000f6580000,0x00000000f6580000,0x00000000f6c00000)
 ParOldGen       total 349696K, used 349694K [0x00000000e0000000, 0x00000000f5580000, 0x00000000f5580000)
  object space 349696K, 99% used [0x00000000e0000000,0x00000000f557f8d8,0x00000000f5580000)
 Metaspace       used 59047K, committed 59968K, reserved 1105920K
  class space    used 5550K, committed 5952K, reserved 1048576K
}
Event: 1924.380 GC heap after
{Heap after GC invocations=1671 (full 1478):
 PSYoungGen      total 23040K, used 16383K [0x00000000f5580000, 0x00000000f7380000, 0x0000000100000000)
  eden space 16384K, 99% used [0x00000000f5580000,0x00000000f657fff8,0x00000000f6580000)
  from space 6656K, 0% used [0x00000000f6580000,0x00000000f6580000,0x00000000f6c00000)
  to   space 6656K, 0% used [0x00000000f6c00000,0x00000000f6c00000,0x00000000f7280000)
 ParOldGen       total 349696K, used 349694K [0x00000000e0000000, 0x00000000f5580000, 0x00000000f5580000)
  object space 349696K, 99% used [0x00000000e0000000,0x00000000f557f8d8,0x00000000f5580000)
 Metaspace       used 59047K, committed 59968K, reserved 1105920K
  class space    used 5550K, committed 5952K, reserved 1048576K
}
Event: 1924.380 GC heap before
{Heap before GC invocations=1672 (full 1479):
 PSYoungGen      total 23040K, used 16383K [0x00000000f5580000, 0x00000000f7380000, 0x0000000100000000)
  eden space 16384K, 99% used [0x00000000f5580000,0x00000000f657fff8,0x00000000f6580000)
  from space 6656K, 0% used [0x00000000f6580000,0x00000000f6580000,0x00000000f6c00000)
  to   space 6656K, 0% used [0x00000000f6c00000,0x00000000f6c00000,0x00000000f7280000)
 ParOldGen       total 349696K, used 349696K [0x00000000e0000000, 0x00000000f5580000, 0x00000000f5580000)
  object space 349696K, 100% used [0x00000000e0000000,0x00000000f5580000,0x00000000f5580000)
 Metaspace       used 59047K, committed 59968K, reserved 1105920K
  class space    used 5550K, committed 5952K, reserved 1048576K
}
Event: 1926.701 GC heap after
{Heap after GC invocations=1672 (full 1479):
 PSYoungGen      total 23040K, used 16383K [0x00000000f5580000, 0x00000000f7380000, 0x0000000100000000)
  eden space 16384K, 99% used [0x00000000f5580000,0x00000000f657fe48,0x00000000f6580000)
  from space 6656K, 0% used [0x00000000f6c00000,0x00000000f6c00000,0x00000000f7280000)
  to   space 6656K, 0% used [0x00000000f6580000,0x00000000f6580000,0x00000000f6c00000)
 ParOldGen       total 349696K, used 349696K [0x00000000e0000000, 0x00000000f5580000, 0x00000000f5580000)
  object space 349696K, 100% used [0x00000000e0000000,0x00000000f5580000,0x00000000f5580000)
 Metaspace       used 59047K, committed 59968K, reserved 1105920K
  class space    used 5550K, committed 5952K, reserved 1048576K
}
Event: 1926.704 GC heap before
{Heap before GC invocations=1673 (full 1480):
 PSYoungGen      total 23040K, used 16383K [0x00000000f5580000, 0x00000000f7380000, 0x0000000100000000)
  eden space 16384K, 99% used [0x00000000f5580000,0x00000000f657fff8,0x00000000f6580000)
  from space 6656K, 0% used [0x00000000f6c00000,0x00000000f6c00000,0x00000000f7280000)
  to   space 6656K, 0% used [0x00000000f6580000,0x00000000f6580000,0x00000000f6c00000)
 ParOldGen       total 349696K, used 349696K [0x00000000e0000000, 0x00000000f5580000, 0x00000000f5580000)
  object space 349696K, 100% used [0x00000000e0000000,0x00000000f5580000,0x00000000f5580000)
 Metaspace       used 59047K, committed 59968K, reserved 1105920K
  class space    used 5550K, committed 5952K, reserved 1048576K
}
Event: 1928.312 GC heap after
{Heap after GC invocations=1673 (full 1480):
 PSYoungGen      total 23040K, used 16383K [0x00000000f5580000, 0x00000000f7380000, 0x0000000100000000)
  eden space 16384K, 99% used [0x00000000f5580000,0x00000000f657ff80,0x00000000f6580000)
  from space 6656K, 0% used [0x00000000f6580000,0x00000000f6580000,0x00000000f6c00000)
  to   space 6656K, 0% used [0x00000000f6c00000,0x00000000f6c00000,0x00000000f7280000)
 ParOldGen       total 349696K, used 349696K [0x00000000e0000000, 0x00000000f5580000, 0x00000000f5580000)
  object space 349696K, 100% used [0x00000000e0000000,0x00000000f5580000,0x00000000f5580000)
 Metaspace       used 59047K, committed 59968K, reserved 1105920K
  class space    used 5550K, committed 5952K, reserved 1048576K
}
Event: 1928.328 GC heap before
{Heap before GC invocations=1674 (full 1481):
 PSYoungGen      total 23040K, used 16383K [0x00000000f5580000, 0x00000000f7380000, 0x0000000100000000)
  eden space 16384K, 99% used [0x00000000f5580000,0x00000000f657fff8,0x00000000f6580000)
  from space 6656K, 0% used [0x00000000f6580000,0x00000000f6580000,0x00000000f6c00000)
  to   space 6656K, 0% used [0x00000000f6c00000,0x00000000f6c00000,0x00000000f7280000)
 ParOldGen       total 349696K, used 349696K [0x00000000e0000000, 0x00000000f5580000, 0x00000000f5580000)
  object space 349696K, 100% used [0x00000000e0000000,0x00000000f5580000,0x00000000f5580000)
 Metaspace       used 59047K, committed 59968K, reserved 1105920K
  class space    used 5550K, committed 5952K, reserved 1048576K
}
Event: 1930.064 GC heap after
{Heap after GC invocations=1674 (full 1481):
 PSYoungGen      total 23040K, used 16383K [0x00000000f5580000, 0x00000000f7380000, 0x0000000100000000)
  eden space 16384K, 99% used [0x00000000f5580000,0x00000000f657ffe0,0x00000000f6580000)
  from space 6656K, 0% used [0x00000000f6c00000,0x00000000f6c00000,0x00000000f7280000)
  to   space 6656K, 0% used [0x00000000f6580000,0x00000000f6580000,0x00000000f6c00000)
 ParOldGen       total 349696K, used 349696K [0x00000000e0000000, 0x00000000f5580000, 0x00000000f5580000)
  object space 349696K, 100% used [0x00000000e0000000,0x00000000f5580000,0x00000000f5580000)
 Metaspace       used 59047K, committed 59968K, reserved 1105920K
  class space    used 5550K, committed 5952K, reserved 1048576K
}
Event: 1930.065 GC heap before
{Heap before GC invocations=1675 (full 1482):
 PSYoungGen      total 23040K, used 16383K [0x00000000f5580000, 0x00000000f7380000, 0x0000000100000000)
  eden space 16384K, 99% used [0x00000000f5580000,0x00000000f657fff8,0x00000000f6580000)
  from space 6656K, 0% used [0x00000000f6c00000,0x00000000f6c00000,0x00000000f7280000)
  to   space 6656K, 0% used [0x00000000f6580000,0x00000000f6580000,0x00000000f6c00000)
 ParOldGen       total 349696K, used 349696K [0x00000000e0000000, 0x00000000f5580000, 0x00000000f5580000)
  object space 349696K, 100% used [0x00000000e0000000,0x00000000f5580000,0x00000000f5580000)
 Metaspace       used 59047K, committed 59968K, reserved 1105920K
  class space    used 5550K, committed 5952K, reserved 1048576K
}
Event: 1932.082 GC heap after
{Heap after GC invocations=1675 (full 1482):
 PSYoungGen      total 23040K, used 16383K [0x00000000f5580000, 0x00000000f7380000, 0x0000000100000000)
  eden space 16384K, 99% used [0x00000000f5580000,0x00000000f657fff8,0x00000000f6580000)
  from space 6656K, 0% used [0x00000000f6580000,0x00000000f6580000,0x00000000f6c00000)
  to   space 6656K, 0% used [0x00000000f6c00000,0x00000000f6c00000,0x00000000f7280000)
 ParOldGen       total 349696K, used 349696K [0x00000000e0000000, 0x00000000f5580000, 0x00000000f5580000)
  object space 349696K, 100% used [0x00000000e0000000,0x00000000f5580000,0x00000000f5580000)
 Metaspace       used 59047K, committed 59968K, reserved 1105920K
  class space    used 5550K, committed 5952K, reserved 1048576K
}
Event: 1932.082 GC heap before
{Heap before GC invocations=1676 (full 1483):
 PSYoungGen      total 23040K, used 16383K [0x00000000f5580000, 0x00000000f7380000, 0x0000000100000000)
  eden space 16384K, 99% used [0x00000000f5580000,0x00000000f657fff8,0x00000000f6580000)
  from space 6656K, 0% used [0x00000000f6580000,0x00000000f6580000,0x00000000f6c00000)
  to   space 6656K, 0% used [0x00000000f6c00000,0x00000000f6c00000,0x00000000f7280000)
 ParOldGen       total 349696K, used 349696K [0x00000000e0000000, 0x00000000f5580000, 0x00000000f5580000)
  object space 349696K, 100% used [0x00000000e0000000,0x00000000f5580000,0x00000000f5580000)
 Metaspace       used 59047K, committed 59968K, reserved 1105920K
  class space    used 5550K, committed 5952K, reserved 1048576K
}
Event: 1933.466 GC heap after
{Heap after GC invocations=1676 (full 1483):
 PSYoungGen      total 23040K, used 16383K [0x00000000f5580000, 0x00000000f7380000, 0x0000000100000000)
  eden space 16384K, 99% used [0x00000000f5580000,0x00000000f657fff8,0x00000000f6580000)
  from space 6656K, 0% used [0x00000000f6c00000,0x00000000f6c00000,0x00000000f7280000)
  to   space 6656K, 0% used [0x00000000f6580000,0x00000000f6580000,0x00000000f6c00000)
 ParOldGen       total 349696K, used 349696K [0x00000000e0000000, 0x00000000f5580000, 0x00000000f5580000)
  object space 349696K, 100% used [0x00000000e0000000,0x00000000f5580000,0x00000000f5580000)
 Metaspace       used 59047K, committed 59968K, reserved 1105920K
  class space    used 5550K, committed 5952K, reserved 1048576K
}
Event: 1933.468 GC heap before
{Heap before GC invocations=1677 (full 1484):
 PSYoungGen      total 23040K, used 16383K [0x00000000f5580000, 0x00000000f7380000, 0x0000000100000000)
  eden space 16384K, 99% used [0x00000000f5580000,0x00000000f657fff8,0x00000000f6580000)
  from space 6656K, 0% used [0x00000000f6c00000,0x00000000f6c00000,0x00000000f7280000)
  to   space 6656K, 0% used [0x00000000f6580000,0x00000000f6580000,0x00000000f6c00000)
 ParOldGen       total 349696K, used 349696K [0x00000000e0000000, 0x00000000f5580000, 0x00000000f5580000)
  object space 349696K, 100% used [0x00000000e0000000,0x00000000f5580000,0x00000000f5580000)
 Metaspace       used 59047K, committed 59968K, reserved 1105920K
  class space    used 5550K, committed 5952K, reserved 1048576K
}
Event: 1934.794 GC heap after
{Heap after GC invocations=1677 (full 1484):
 PSYoungGen      total 23040K, used 16383K [0x00000000f5580000, 0x00000000f7380000, 0x0000000100000000)
  eden space 16384K, 99% used [0x00000000f5580000,0x00000000f657fff8,0x00000000f6580000)
  from space 6656K, 0% used [0x00000000f6580000,0x00000000f6580000,0x00000000f6c00000)
  to   space 6656K, 0% used [0x00000000f6c00000,0x00000000f6c00000,0x00000000f7280000)
 ParOldGen       total 349696K, used 349694K [0x00000000e0000000, 0x00000000f5580000, 0x00000000f5580000)
  object space 349696K, 99% used [0x00000000e0000000,0x00000000f557fa60,0x00000000f5580000)
 Metaspace       used 59047K, committed 59968K, reserved 1105920K
  class space    used 5550K, committed 5952K, reserved 1048576K
}
Event: 1934.839 GC heap before
{Heap before GC invocations=1678 (full 1485):
 PSYoungGen      total 23040K, used 16383K [0x00000000f5580000, 0x00000000f7380000, 0x0000000100000000)
  eden space 16384K, 99% used [0x00000000f5580000,0x00000000f657fff8,0x00000000f6580000)
  from space 6656K, 0% used [0x00000000f6580000,0x00000000f6580000,0x00000000f6c00000)
  to   space 6656K, 0% used [0x00000000f6c00000,0x00000000f6c00000,0x00000000f7280000)
 ParOldGen       total 349696K, used 349694K [0x00000000e0000000, 0x00000000f5580000, 0x00000000f5580000)
  object space 349696K, 99% used [0x00000000e0000000,0x00000000f557fb48,0x00000000f5580000)
 Metaspace       used 59047K, committed 59968K, reserved 1105920K
  class space    used 5550K, committed 5952K, reserved 1048576K
}
Event: 1936.089 GC heap after
{Heap after GC invocations=1678 (full 1485):
 PSYoungGen      total 23040K, used 16383K [0x00000000f5580000, 0x00000000f7380000, 0x0000000100000000)
  eden space 16384K, 99% used [0x00000000f5580000,0x00000000f657fff8,0x00000000f6580000)
  from space 6656K, 0% used [0x00000000f6c00000,0x00000000f6c00000,0x00000000f7280000)
  to   space 6656K, 0% used [0x00000000f6580000,0x00000000f6580000,0x00000000f6c00000)
 ParOldGen       total 349696K, used 349694K [0x00000000e0000000, 0x00000000f5580000, 0x00000000f5580000)
  object space 349696K, 99% used [0x00000000e0000000,0x00000000f557fa98,0x00000000f5580000)
 Metaspace       used 59047K, committed 59968K, reserved 1105920K
  class space    used 5550K, committed 5952K, reserved 1048576K
}
Event: 1936.089 GC heap before
{Heap before GC invocations=1679 (full 1486):
 PSYoungGen      total 23040K, used 16383K [0x00000000f5580000, 0x00000000f7380000, 0x0000000100000000)
  eden space 16384K, 99% used [0x00000000f5580000,0x00000000f657fff8,0x00000000f6580000)
  from space 6656K, 0% used [0x00000000f6c00000,0x00000000f6c00000,0x00000000f7280000)
  to   space 6656K, 0% used [0x00000000f6580000,0x00000000f6580000,0x00000000f6c00000)
 ParOldGen       total 349696K, used 349694K [0x00000000e0000000, 0x00000000f5580000, 0x00000000f5580000)
  object space 349696K, 99% used [0x00000000e0000000,0x00000000f557fa98,0x00000000f5580000)
 Metaspace       used 59047K, committed 59968K, reserved 1105920K
  class space    used 5550K, committed 5952K, reserved 1048576K
}
Event: 1937.378 GC heap after
{Heap after GC invocations=1679 (full 1486):
 PSYoungGen      total 23040K, used 16383K [0x00000000f5580000, 0x00000000f7380000, 0x0000000100000000)
  eden space 16384K, 99% used [0x00000000f5580000,0x00000000f657fff8,0x00000000f6580000)
  from space 6656K, 0% used [0x00000000f6580000,0x00000000f6580000,0x00000000f6c00000)
  to   space 6656K, 0% used [0x00000000f6c00000,0x00000000f6c00000,0x00000000f7280000)
 ParOldGen       total 349696K, used 349694K [0x00000000e0000000, 0x00000000f5580000, 0x00000000f5580000)
  object space 349696K, 99% used [0x00000000e0000000,0x00000000f557fa98,0x00000000f5580000)
 Metaspace       used 59047K, committed 59968K, reserved 1105920K
  class space    used 5550K, committed 5952K, reserved 1048576K
}

Dll operation events (9 events):
Event: 0.163 Loaded shared library /nix/store/gpxl5qgg8kicmcvivwmybwjlpf7wh20l-graalvm17-ce-22.3.0/lib/libjava.so
Event: 0.457 Loaded shared library /nix/store/gpxl5qgg8kicmcvivwmybwjlpf7wh20l-graalvm17-ce-22.3.0/lib/libjsvml.so
Event: 0.949 Loaded shared library /nix/store/gpxl5qgg8kicmcvivwmybwjlpf7wh20l-graalvm17-ce-22.3.0/lib/libnio.so
Event: 0.981 Loaded shared library /nix/store/gpxl5qgg8kicmcvivwmybwjlpf7wh20l-graalvm17-ce-22.3.0/lib/libzip.so
Event: 1.013 Loaded shared library /nix/store/gpxl5qgg8kicmcvivwmybwjlpf7wh20l-graalvm17-ce-22.3.0/lib/libjvmcicompiler.so
Event: 1.885 Loaded shared library /nix/store/gpxl5qgg8kicmcvivwmybwjlpf7wh20l-graalvm17-ce-22.3.0/lib/libjimage.so
Event: 3.139 Loaded shared library /nix/store/gpxl5qgg8kicmcvivwmybwjlpf7wh20l-graalvm17-ce-22.3.0/lib/libnet.so
Event: 10.978 Loaded shared library /home/runner/.cache/jdt-language-server/config/org.eclipse.equinox.launcher/org.eclipse.equinox.launcher.gtk.linux.x86_64_1.2.400.v20211117-0650/eclipse_11600.so
Event: 30.346 Loaded shared library /nix/store/gpxl5qgg8kicmcvivwmybwjlpf7wh20l-graalvm17-ce-22.3.0/lib/libextnet.so

Deoptimization events (20 events):
Event: 96.723 Thread 0x00007f38042a4660 DEOPT PACKING pc=0x00007f3850a3f827 sp=0x00007f3816afe1f0
Event: 96.723 Thread 0x00007f38042a4660 DEOPT UNPACKING pc=0x00007f384f505325 sp=0x00007f3816afd6b0 mode 0
Event: 97.015 Thread 0x00007f38042a4660 DEOPT PACKING pc=0x00007f3850a3f827 sp=0x00007f3816afe1f0
Event: 97.015 Thread 0x00007f38042a4660 DEOPT UNPACKING pc=0x00007f384f505325 sp=0x00007f3816afd6b0 mode 0
Event: 102.378 Thread 0x00007f38042a4660 DEOPT PACKING pc=0x00007f3850c0bcb3 sp=0x00007f3816afe480
Event: 102.378 Thread 0x00007f38042a4660 DEOPT UNPACKING pc=0x00007f384f505325 sp=0x00007f3816afd940 mode 0
Event: 102.548 Thread 0x00007f38042a4660 DEOPT PACKING pc=0x00007f3850de6883 sp=0x00007f3816afdf40
Event: 102.548 Thread 0x00007f38042a4660 DEOPT UNPACKING pc=0x00007f384f505325 sp=0x00007f3816afd3f0 mode 0
Event: 102.661 Thread 0x00007f38042a4660 DEOPT PACKING pc=0x00007f3850de9340 sp=0x00007f3816afe2f0
Event: 102.661 Thread 0x00007f38042a4660 DEOPT UNPACKING pc=0x00007f384f505325 sp=0x00007f3816afd778 mode 0
Event: 102.952 Thread 0x00007f38042a4660 DEOPT PACKING pc=0x00007f3850df5d2d sp=0x00007f3816afe530
Event: 102.952 Thread 0x00007f38042a4660 DEOPT UNPACKING pc=0x00007f384f505325 sp=0x00007f3816afda20 mode 0
Event: 451.443 Thread 0x00007f38042a4660 DEOPT PACKING pc=0x00007f3850dfbbdd sp=0x00007f3816afe530
Event: 451.443 Thread 0x00007f38042a4660 DEOPT UNPACKING pc=0x00007f384f505325 sp=0x00007f3816afda20 mode 0
Event: 1050.433 Thread 0x00007f38680b2210 DEOPT PACKING pc=0x00007f385041b43a sp=0x00007f384f1b0f10
Event: 1050.433 Thread 0x00007f38680b2210 DEOPT UNPACKING pc=0x00007f384f505325 sp=0x00007f384f1b0478 mode 0
Event: 1933.468 Thread 0x00007f38042a4660 Uncommon trap: trap_request=0xffffff8f fr.pc=0x00007f385720fe02 relative=0x0000000000001042
Event: 1933.468 Thread 0x00007f38042a4660 Uncommon trap: reason=constraint action=none pc=0x00007f385720fe02 method=org.eclipse.jdt.internal.core.index.DiskIndex.copyQueryResults(Lorg/eclipse/jdt/internal/compiler/util/HashtableOfObject;I)V @ 123 jvmci
Event: 1934.838 Thread 0x00007f38042a4660 DEOPT PACKING pc=0x00007f385720fe02 sp=0x00007f3816afe550
Event: 1934.838 Thread 0x00007f38042a4660 DEOPT UNPACKING pc=0x00007f384f505325 sp=0x00007f3816afda28 mode 3

Classes unloaded (20 events):
Event: 111.649 Thread 0x00007f38680a1c10 Unloading class 0x0000000800d98400 'java/lang/invoke/LambdaForm$MH+0x0000000800d98400'
Event: 111.649 Thread 0x00007f38680a1c10 Unloading class 0x0000000800d98000 'jdk/internal/reflect/GeneratedConstructorAccessor3'
Event: 111.649 Thread 0x00007f38680a1c10 Unloading class 0x0000000800d06800 'java/lang/invoke/LambdaForm$MH+0x0000000800d06800'
Event: 111.649 Thread 0x00007f38680a1c10 Unloading class 0x0000000800d06000 'java/lang/invoke/LambdaForm$MH+0x0000000800d06000'
Event: 111.649 Thread 0x00007f38680a1c10 Unloading class 0x0000000800d05c00 'java/lang/invoke/LambdaForm$MH+0x0000000800d05c00'
Event: 111.649 Thread 0x00007f38680a1c10 Unloading class 0x0000000800d05800 'java/lang/invoke/LambdaForm$MH+0x0000000800d05800'
Event: 111.650 Thread 0x00007f38680a1c10 Unloading class 0x0000000800d05000 'java/lang/invoke/LambdaForm$MH+0x0000000800d05000'
Event: 111.650 Thread 0x00007f38680a1c10 Unloading class 0x0000000800d04c00 'java/lang/invoke/LambdaForm$MH+0x0000000800d04c00'
Event: 111.650 Thread 0x00007f38680a1c10 Unloading class 0x0000000800d04800 'java/lang/invoke/LambdaForm$MH+0x0000000800d04800'
Event: 111.650 Thread 0x00007f38680a1c10 Unloading class 0x0000000800d04000 'java/lang/invoke/LambdaForm$MH+0x0000000800d04000'
Event: 111.650 Thread 0x00007f38680a1c10 Unloading class 0x0000000800c1d000 'jdk/internal/reflect/GeneratedMethodAccessor5'
Event: 111.650 Thread 0x00007f38680a1c10 Unloading class 0x0000000800c1cc00 'jdk/internal/reflect/GeneratedMethodAccessor4'
Event: 111.650 Thread 0x00007f38680a1c10 Unloading class 0x0000000800c1c800 'jdk/internal/reflect/GeneratedMethodAccessor3'
Event: 111.650 Thread 0x00007f38680a1c10 Unloading class 0x0000000800c1c400 'jdk/internal/reflect/GeneratedMethodAccessor2'
Event: 111.650 Thread 0x00007f38680a1c10 Unloading class 0x0000000800c1c000 'jdk/internal/reflect/GeneratedMethodAccessor1'
Event: 111.650 Thread 0x00007f38680a1c10 Unloading class 0x0000000800c01c00 'java/lang/invoke/LambdaForm$DMH+0x0000000800c01c00'
Event: 970.654 Thread 0x00007f38680a1c10 Unloading class 0x00000008011e4400 'jdk/internal/reflect/GeneratedSerializationConstructorAccessor6'
Event: 970.654 Thread 0x00007f38680a1c10 Unloading class 0x00000008011e4800 'jdk/internal/reflect/GeneratedSerializationConstructorAccessor5'
Event: 1004.642 Thread 0x00007f38680a1c10 Unloading class 0x0000000800f19000 'jdk/internal/reflect/GeneratedSerializationConstructorAccessor7'
Event: 1124.740 Thread 0x00007f38680a1c10 Unloading class 0x0000000800f18800 'jdk/internal/reflect/GeneratedSerializationConstructorAccessor8'

Classes redefined (0 events):
No events

Internal exceptions (20 events):
Event: 78.605 Thread 0x00007f37fc18c180 Exception <a 'java/lang/ArrayIndexOutOfBoundsException'{0x00000000f75431b0}: Index 46 out of bounds for length 46> (0x00000000f75431b0) 
thrown [src/hotspot/share/interpreter/interpreterRuntime.cpp, line 428]
Event: 78.664 Thread 0x00007f37fc116bb0 Exception <a 'java/lang/NoSuchMethodError'{0x00000000f76f1790}: 'void java.lang.invoke.DirectMethodHandle$Holder.invokeSpecial(java.lang.Object, java.lang.Object, int)'> (0x00000000f76f1790) 
thrown [src/hotspot/share/interpreter/linkResolver.cpp, line 758]
Event: 78.664 Thread 0x00007f37fc114bf0 Exception <a 'java/lang/NoSuchMethodError'{0x00000000f76d9960}: 'void java.lang.invoke.DirectMethodHandle$Holder.invokeSpecial(java.lang.Object, java.lang.Object, int)'> (0x00000000f76d9960) 
thrown [src/hotspot/share/interpreter/linkResolver.cpp, line 758]
Event: 80.041 Thread 0x00007f37fc18e370 Exception <a 'java/lang/ArrayIndexOutOfBoundsException'{0x00000000f57f23b8}: Index 46 out of bounds for length 46> (0x00000000f57f23b8) 
thrown [src/hotspot/share/interpreter/interpreterRuntime.cpp, line 428]
Event: 80.206 Thread 0x00007f37fc18c180 Exception <a 'java/lang/ArrayIndexOutOfBoundsException'{0x00000000f5cdde38}: Index 46 out of bounds for length 46> (0x00000000f5cdde38) 
thrown [src/hotspot/share/interpreter/interpreterRuntime.cpp, line 428]
Event: 80.485 Thread 0x00007f37fc18e370 Exception <a 'java/lang/ArrayIndexOutOfBoundsException'{0x00000000f63b7730}: Index 46 out of bounds for length 46> (0x00000000f63b7730) 
thrown [src/hotspot/share/interpreter/interpreterRuntime.cpp, line 428]
Event: 80.639 Thread 0x00007f37fc18c180 Exception <a 'java/lang/ArrayIndexOutOfBoundsException'{0x00000000f6a27c98}: Index 46 out of bounds for length 46> (0x00000000f6a27c98) 
thrown [src/hotspot/share/interpreter/interpreterRuntime.cpp, line 428]
Event: 80.946 Thread 0x00007f37fc18c180 Exception <a 'java/lang/ArrayIndexOutOfBoundsException'{0x00000000f73b0158}: Index 46 out of bounds for length 46> (0x00000000f73b0158) 
thrown [src/hotspot/share/interpreter/interpreterRuntime.cpp, line 428]
Event: 81.456 Thread 0x00007f37fc18c180 Exception <a 'java/lang/ArrayIndexOutOfBoundsException'{0x00000000f594d090}: Index 46 out of bounds for length 46> (0x00000000f594d090) 
thrown [src/hotspot/share/interpreter/interpreterRuntime.cpp, line 428]
Event: 81.660 Thread 0x00007f37fc18c180 Exception <a 'java/lang/ArrayIndexOutOfBoundsException'{0x00000000f665b4b0}: Index 46 out of bounds for length 46> (0x00000000f665b4b0) 
thrown [src/hotspot/share/interpreter/interpreterRuntime.cpp, line 428]
Event: 81.746 Thread 0x00007f37fc18c180 Exception <a 'java/lang/ArrayIndexOutOfBoundsException'{0x00000000f6982130}: Index 46 out of bounds for length 46> (0x00000000f6982130) 
thrown [src/hotspot/share/interpreter/interpreterRuntime.cpp, line 428]
Event: 81.762 Thread 0x00007f37fc18c180 Exception <a 'java/lang/ArrayIndexOutOfBoundsException'{0x00000000f6b10178}: Index 46 out of bounds for length 46> (0x00000000f6b10178) 
thrown [src/hotspot/share/interpreter/interpreterRuntime.cpp, line 428]
Event: 81.945 Thread 0x00007f37fc18c180 Exception <a 'java/lang/ArrayIndexOutOfBoundsException'{0x00000000f6ebf200}: Index 46 out of bounds for length 46> (0x00000000f6ebf200) 
thrown [src/hotspot/share/interpreter/interpreterRuntime.cpp, line 428]
Event: 81.961 Thread 0x00007f37fc18c180 Exception <a 'java/lang/ArrayIndexOutOfBoundsException'{0x00000000f708d920}: Index 46 out of bounds for length 46> (0x00000000f708d920) 
thrown [src/hotspot/share/interpreter/interpreterRuntime.cpp, line 428]
Event: 82.259 Thread 0x00007f37fc18c180 Exception <a 'java/lang/ArrayIndexOutOfBoundsException'{0x00000000f77bfab8}: Index 46 out of bounds for length 46> (0x00000000f77bfab8) 
thrown [src/hotspot/share/interpreter/interpreterRuntime.cpp, line 428]
Event: 82.485 Thread 0x00007f37fc18f880 Exception <a 'java/lang/NoSuchMethodError'{0x00000000f7e62ed0}: 'int java.lang.invoke.DirectMethodHandle$Holder.invokeSpecialIFC(java.lang.Object, java.lang.Object, java.lang.Object, java.lang.Object)'> (0x00000000f7e62ed0) 
thrown [src/hotspot/share/interpreter/linkResolver.cpp, line 758]
Event: 87.662 Thread 0x00007f37e80010d0 Implicit null exception at 0x00007f38570bbb3f to 0x00007f38570bbc83
Event: 1933.468 Thread 0x00007f38042a4660 Exception <a 'java/lang/OutOfMemoryError'{0x00000000e0011d20}> (0x00000000e0011d20) 
thrown [src/hotspot/share/gc/shared/memAllocator.cpp, line 138]
Event: 1933.468 Thread 0x00007f38042a4660 Implicit null exception at 0x00007f385720f853 to 0x00007f385720fde7
Event: 1937.378 Thread 0x00007f38680b2210 Exception <a 'java/lang/OutOfMemoryError'{0x00000000e00111e0}> (0x00000000e00111e0) 
thrown [src/hotspot/share/gc/shared/memAllocator.cpp, line 136]

VM Operations (20 events):
Event: 1920.123 Executing VM operation: ParallelGCFailedAllocation done
Event: 1920.123 Executing VM operation: ParallelGCFailedAllocation
Event: 1921.663 Executing VM operation: ParallelGCFailedAllocation done
Event: 1921.666 Executing VM operation: ParallelGCFailedAllocation
Event: 1923.148 Executing VM operation: ParallelGCFailedAllocation done
Event: 1923.148 Executing VM operation: ParallelGCFailedAllocation
Event: 1924.380 Executing VM operation: ParallelGCFailedAllocation done
Event: 1924.380 Executing VM operation: ParallelGCFailedAllocation
Event: 1926.703 Executing VM operation: ParallelGCFailedAllocation done
Event: 1926.704 Executing VM operation: ParallelGCFailedAllocation
Event: 1928.313 Executing VM operation: ParallelGCFailedAllocation done
Event: 1928.315 Executing VM operation: ParallelGCFailedAllocation
Event: 1930.064 Executing VM operation: ParallelGCFailedAllocation done
Event: 1930.065 Executing VM operation: ParallelGCFailedAllocation
Event: 1933.467 Executing VM operation: ParallelGCFailedAllocation done
Event: 1933.468 Executing VM operation: ParallelGCFailedAllocation
Event: 1934.838 Executing VM operation: ParallelGCFailedAllocation done
Event: 1934.839 Executing VM operation: ParallelGCFailedAllocation
Event: 1937.378 Executing VM operation: ParallelGCFailedAllocation done
Event: 1937.378 Executing VM operation: ParallelGCFailedAllocation

Events (20 events):
Event: 84.073 Thread 0x00007f37fc118090 Thread exited: 0x00007f37fc118090
Event: 84.256 Thread 0x00007f37fc112f70 Thread exited: 0x00007f37fc112f70
Event: 85.568 Thread 0x00007f37fc114bf0 Thread exited: 0x00007f37fc114bf0
Event: 87.191 Thread 0x00007f37fc115ac0 Thread exited: 0x00007f37fc115ac0
Event: 87.648 Thread 0x00007f37fc113d20 Thread exited: 0x00007f37fc113d20
Event: 91.993 Thread 0x00007f38680b4b70 flushing nmethod 0x00007f385715d910
Event: 91.999 Thread 0x00007f38680b4b70 flushing nmethod 0x00007f384ff81c90
Event: 91.999 Thread 0x00007f38680b4b70 flushing nmethod 0x00007f384ff83090
Event: 92.002 Thread 0x00007f38680b4b70 flushing nmethod 0x00007f385039e210
Event: 92.006 Thread 0x00007f38680b4b70 flushing nmethod 0x00007f3850a52610
Event: 135.149 Thread 0x00007f37f80e81a0 Thread exited: 0x00007f37f80e81a0
Event: 135.149 Thread 0x00007f3804324470 Thread exited: 0x00007f3804324470
Event: 135.155 Thread 0x00007f37e83041d0 Thread exited: 0x00007f37e83041d0
Event: 165.055 Thread 0x00007f37f0001c20 Thread exited: 0x00007f37f0001c20
Event: 692.362 Thread 0x00007f37f0001c20 Thread added: 0x00007f37f0001c20
Event: 692.362 Protecting memory [0x00007f3815b00000,0x00007f3815b04000] with protection modes 0
Event: 708.667 Thread 0x00007f37f0001c20 Thread exited: 0x00007f37f0001c20
Event: 1639.264 Thread 0x0000560af07031e0 Thread added: 0x0000560af07031e0
Event: 1639.264 Protecting memory [0x00007f3815b00000,0x00007f3815b04000] with protection modes 0
Event: 1706.486 Thread 0x0000560af067c7e0 Thread exited: 0x0000560af067c7e0


Dynamic libraries:
e0000000-f5580000 rw-p 00000000 00:00 0 
f5580000-f7380000 rw-p 00000000 00:00 0 
f7380000-100000000 ---p 00000000 00:00 0 
800000000-800449000 rw-p 00001000 00:1caa 4611686019135357769            /nix/store/gpxl5qgg8kicmcvivwmybwjlpf7wh20l-graalvm17-ce-22.3.0/lib/server/classes.jsa
800449000-800bc8000 r--p 0044a000 00:1caa 4611686019135357769            /nix/store/gpxl5qgg8kicmcvivwmybwjlpf7wh20l-graalvm17-ce-22.3.0/lib/server/classes.jsa
800bc8000-800c00000 ---p 00000000 00:00 0 
800c00000-800c20000 rw-p 00000000 00:00 0 
800c20000-800c40000 rw-p 00000000 00:00 0 
800c40000-800cc0000 rw-p 00000000 00:00 0 
800cc0000-800d00000 rw-p 00000000 00:00 0 
800d00000-800dc0000 rw-p 00000000 00:00 0 
800dc0000-800e00000 rw-p 00000000 00:00 0 
800e00000-800f80000 rw-p 00000000 00:00 0 
800f80000-800fc0000 rw-p 00000000 00:00 0 
800fc0000-801000000 rw-p 00000000 00:00 0 
801000000-801140000 rw-p 00000000 00:00 0 
801140000-801150000 rw-p 00000000 00:00 0 
801150000-801180000 ---p 00000000 00:00 0 
801180000-801200000 rw-p 00000000 00:00 0 
801200000-840c00000 ---p 00000000 00:00 0 
560af011a000-560af011b000 r-xp 00000000 00:1caa 4611686019099417844      /nix/store/gpxl5qgg8kicmcvivwmybwjlpf7wh20l-graalvm17-ce-22.3.0/bin/.java-wrapped
560af011c000-560af011d000 r--p 00001000 00:1caa 4611686019099417844      /nix/store/gpxl5qgg8kicmcvivwmybwjlpf7wh20l-graalvm17-ce-22.3.0/bin/.java-wrapped
560af011d000-560af011e000 rw-p 00002000 00:1caa 4611686019099417844      /nix/store/gpxl5qgg8kicmcvivwmybwjlpf7wh20l-graalvm17-ce-22.3.0/bin/.java-wrapped
560af011e000-560af011f000 rw-p 00004000 00:1caa 4611686019099417844      /nix/store/gpxl5qgg8kicmcvivwmybwjlpf7wh20l-graalvm17-ce-22.3.0/bin/.java-wrapped
560af011f000-560af0120000 rw-p 00005000 00:1caa 4611686019099417844      /nix/store/gpxl5qgg8kicmcvivwmybwjlpf7wh20l-graalvm17-ce-22.3.0/bin/.java-wrapped
560af0654000-560af0786000 rw-p 00000000 00:00 0                          [heap]
7f37de4b3000-7f37e8000000 r--s 00000000 00:1caa 4611686019135192581      /nix/store/gpxl5qgg8kicmcvivwmybwjlpf7wh20l-graalvm17-ce-22.3.0/lib/modules
7f37e8000000-7f37e8346000 rw-p 00000000 00:00 0 
7f37e8346000-7f37ec000000 ---p 00000000 00:00 0 
7f37eda00000-7f37edb00000 ---p 00000000 00:00 0 
7f37edb00000-7f37ee0af000 r--p 01122000 00:1caa 4611686019135190040      /nix/store/gpxl5qgg8kicmcvivwmybwjlpf7wh20l-graalvm17-ce-22.3.0/lib/libjvmcicompiler.so
7f37ee0af000-7f37ee200000 r--p 00000000 00:00 0 
7f37ee200000-7f37ee23d000 rw-p 00000000 00:00 0 
7f37ee23d000-7f37ee75d000 rw-p 0185f000 00:1caa 4611686019135190040      /nix/store/gpxl5qgg8kicmcvivwmybwjlpf7wh20l-graalvm17-ce-22.3.0/lib/libjvmcicompiler.so
7f37ee75d000-7f37eeb44000 r--p 01d7f000 00:1caa 4611686019135190040      /nix/store/gpxl5qgg8kicmcvivwmybwjlpf7wh20l-graalvm17-ce-22.3.0/lib/libjvmcicompiler.so
7f37eec00000-7f37ef0d0000 rw-p 00000000 00:00 0 
7f37ef0d0000-7f37ef400000 ---p 00000000 00:00 0 
7f37f0000000-7f37f0153000 rw-p 00000000 00:00 0 
7f37f0153000-7f37f4000000 ---p 00000000 00:00 0 
7f37f4000000-7f37f4021000 rw-p 00000000 00:00 0 
7f37f4021000-7f37f8000000 ---p 00000000 00:00 0 
7f37f8000000-7f37f8123000 rw-p 00000000 00:00 0 
7f37f8123000-7f37fc000000 ---p 00000000 00:00 0 
7f37fc000000-7f37fc1d1000 rw-p 00000000 00:00 0 
7f37fc1d1000-7f3800000000 ---p 00000000 00:00 0 
7f3800000000-7f3800021000 rw-p 00000000 00:00 0 
7f3800021000-7f3804000000 ---p 00000000 00:00 0 
7f3804000000-7f38048b8000 rw-p 00000000 00:00 0 
7f38048b8000-7f3808000000 ---p 00000000 00:00 0 
7f3808000000-7f3808021000 rw-p 00000000 00:00 0 
7f3808021000-7f380c000000 ---p 00000000 00:00 0 
7f380c000000-7f380c021000 rw-p 00000000 00:00 0 
7f380c021000-7f3810000000 ---p 00000000 00:00 0 
7f3810000000-7f3810380000 rw-p 00000000 00:00 0 
7f3810380000-7f38103f0000 rw-p 00000000 00:00 0 
7f38103f0000-7f3810400000 ---p 00000000 00:00 0 
7f3810400000-7f3810800000 rw-p 00000000 00:00 0 
7f3810800000-7f3810b00000 rw-p 00000000 00:00 0 
7f3810b00000-7f3810c00000 rw-p 00000000 00:00 0 
7f3810c00000-7f3811000000 rw-p 00000000 00:00 0 
7f3811000000-7f3811100000 rw-p 00000000 00:00 0 
7f3811100000-7f3811200000 rw-p 00000000 00:00 0 
7f3811200000-7f38112c0000 rw-p 00000000 00:00 0 
7f38112c0000-7f3811300000 rw-p 00000000 00:00 0 
7f3811300000-7f3811500000 rw-p 00000000 00:00 0 
7f3811500000-7f3811600000 rw-p 00000000 00:00 0 
7f3811600000-7f3811700000 rw-p 00000000 00:00 0 
7f3811700000-7f3811800000 rw-p 00000000 00:00 0 
7f3811c00000-7f3811d00000 rw-p 00000000 00:00 0 
7f3811d00000-7f3811e00000 rw-p 00000000 00:00 0 
7f3811e00000-7f3812400000 rw-p 00000000 00:00 0 
7f3812400000-7f3812500000 rw-p 00000000 00:00 0 
7f3812500000-7f3812600000 rw-p 00000000 00:00 0 
7f3812600000-7f3812900000 rw-p 00000000 00:00 0 
7f3812900000-7f3812a00000 rw-p 00000000 00:00 0 
7f3812a00000-7f3812c00000 rw-p 00000000 00:00 0 
7f3813000000-7f3813010000 r-xp 00000000 00:1c61 359                      /home/runner/.cache/jdt-language-server/config/org.eclipse.equinox.launcher/org.eclipse.equinox.launcher.gtk.linux.x86_64_1.2.400.v20211117-0650/eclipse_11600.so
7f3813010000-7f381320f000 ---p 00010000 00:1c61 359                      /home/runner/.cache/jdt-language-server/config/org.eclipse.equinox.launcher/org.eclipse.equinox.launcher.gtk.linux.x86_64_1.2.400.v20211117-0650/eclipse_11600.so
7f381320f000-7f3813210000 r--p 0000f000 00:1c61 359                      /home/runner/.cache/jdt-language-server/config/org.eclipse.equinox.launcher/org.eclipse.equinox.launcher.gtk.linux.x86_64_1.2.400.v20211117-0650/eclipse_11600.so
7f3813210000-7f3813211000 rw-p 00010000 00:1c61 359                      /home/runner/.cache/jdt-language-server/config/org.eclipse.equinox.launcher/org.eclipse.equinox.launcher.gtk.linux.x86_64_1.2.400.v20211117-0650/eclipse_11600.so
7f3814300000-7f3814304000 ---p 00000000 00:00 0 
7f3814304000-7f3814400000 rw-p 00000000 00:00 0 
7f3814500000-7f3814504000 ---p 00000000 00:00 0 
7f3814504000-7f3814600000 rw-p 00000000 00:00 0 
7f3814700000-7f3814704000 ---p 00000000 00:00 0 
7f3814704000-7f3814800000 rw-p 00000000 00:00 0 
7f3814900000-7f3814904000 ---p 00000000 00:00 0 
7f3814904000-7f3814a00000 rw-p 00000000 00:00 0 
7f3814b00000-7f3814b04000 ---p 00000000 00:00 0 
7f3814b04000-7f3814c00000 rw-p 00000000 00:00 0 
7f3814c00000-7f3814c04000 ---p 00000000 00:00 0 
7f3814c04000-7f3814d00000 rw-p 00000000 00:00 0 
7f3814d00000-7f3814d04000 ---p 00000000 00:00 0 
7f3814d04000-7f3814e00000 rw-p 00000000 00:00 0 
7f3814f00000-7f3814f04000 ---p 00000000 00:00 0 
7f3814f04000-7f3815000000 rw-p 00000000 00:00 0 
7f3815100000-7f3815104000 ---p 00000000 00:00 0 
7f3815104000-7f3815200000 rw-p 00000000 00:00 0 
7f3815300000-7f3815304000 ---p 00000000 00:00 0 
7f3815304000-7f3815400000 rw-p 00000000 00:00 0 
7f3815500000-7f3815504000 ---p 00000000 00:00 0 
7f3815504000-7f3815600000 rw-p 00000000 00:00 0 
7f3815700000-7f3815704000 ---p 00000000 00:00 0 
7f3815704000-7f3815800000 rw-p 00000000 00:00 0 
7f3815900000-7f3815904000 ---p 00000000 00:00 0 
7f3815904000-7f3815a00000 rw-p 00000000 00:00 0 
7f3815a00000-7f3815a04000 ---p 00000000 00:00 0 
7f3815a04000-7f3815b00000 rw-p 00000000 00:00 0 
7f3815b00000-7f3815b04000 ---p 00000000 00:00 0 
7f3815b04000-7f3815c00000 rw-p 00000000 00:00 0 
7f3815d00000-7f3815d04000 ---p 00000000 00:00 0 
7f3815d04000-7f3815e00000 rw-p 00000000 00:00 0 
7f3815f00000-7f3815f04000 ---p 00000000 00:00 0 
7f3815f04000-7f3816000000 rw-p 00000000 00:00 0 
7f3816100000-7f3816104000 ---p 00000000 00:00 0 
7f3816104000-7f3816200000 rw-p 00000000 00:00 0 
7f3816300000-7f3816304000 ---p 00000000 00:00 0 
7f3816304000-7f3816400000 rw-p 00000000 00:00 0 
7f3816400000-7f3816404000 ---p 00000000 00:00 0 
7f3816404000-7f3816500000 rw-p 00000000 00:00 0 
7f3816500000-7f3816504000 ---p 00000000 00:00 0 
7f3816504000-7f3816600000 rw-p 00000000 00:00 0 
7f3816600000-7f3816604000 ---p 00000000 00:00 0 
7f3816604000-7f3816700000 rw-p 00000000 00:00 0 
7f3816700000-7f3816704000 ---p 00000000 00:00 0 
7f3816704000-7f3816800000 rw-p 00000000 00:00 0 
7f3816900000-7f3816904000 ---p 00000000 00:00 0 
7f3816904000-7f3816a00000 rw-p 00000000 00:00 0 
7f3816a00000-7f3816a04000 ---p 00000000 00:00 0 
7f3816a04000-7f3816b00000 rw-p 00000000 00:00 0 
7f3816b00000-7f3816b04000 ---p 00000000 00:00 0 
7f3816b04000-7f3816c00000 rw-p 00000000 00:00 0 
7f3816d00000-7f3816d04000 ---p 00000000 00:00 0 
7f3816d04000-7f3816e00000 rw-p 00000000 00:00 0 
7f3817a68000-7f3817f00000 rw-p 00000000 00:00 0 
7f3818000000-7f3818021000 rw-p 00000000 00:00 0 
7f3818021000-7f381c000000 ---p 00000000 00:00 0 
7f381c000000-7f381c055000 rw-p 00000000 00:00 0 
7f381c055000-7f3820000000 ---p 00000000 00:00 0 
7f3820000000-7f3820095000 rw-p 00000000 00:00 0 
7f3820095000-7f3824000000 ---p 00000000 00:00 0 
7f3824000000-7f3824021000 rw-p 00000000 00:00 0 
7f3824021000-7f3828000000 ---p 00000000 00:00 0 
7f3828000000-7f38280ed000 rw-p 00000000 00:00 0 
7f38280ed000-7f382c000000 ---p 00000000 00:00 0 
7f382c000000-7f382cbc2000 rw-p 00000000 00:00 0 
7f382cbc2000-7f3830000000 ---p 00000000 00:00 0 
7f3830000000-7f3830062000 rw-p 00000000 00:00 0 
7f3830062000-7f3834000000 ---p 00000000 00:00 0 
7f3834000000-7f3834021000 rw-p 00000000 00:00 0 
7f3834021000-7f3838000000 ---p 00000000 00:00 0 
7f3838000000-7f3838021000 rw-p 00000000 00:00 0 
7f3838021000-7f383c000000 ---p 00000000 00:00 0 
7f383c000000-7f383c070000 rw-p 00000000 00:00 0 
7f383c070000-7f3840000000 ---p 00000000 00:00 0 
7f3840000000-7f384002f000 rw-p 00000000 00:00 0 
7f384002f000-7f3844000000 ---p 00000000 00:00 0 
7f3844000000-7f3844021000 rw-p 00000000 00:00 0 
7f3844021000-7f3848000000 ---p 00000000 00:00 0 
7f3848000000-7f3848234000 rw-p 00000000 00:00 0 
7f3848234000-7f384c000000 ---p 00000000 00:00 0 
7f384c100000-7f384c104000 ---p 00000000 00:00 0 
7f384c104000-7f384c200000 rw-p 00000000 00:00 0 
7f384c300000-7f384c304000 ---p 00000000 00:00 0 
7f384c304000-7f384c400000 rw-p 00000000 00:00 0 
7f384c500000-7f384c504000 ---p 00000000 00:00 0 
7f384c504000-7f384c600000 rw-p 00000000 00:00 0 
7f384c600000-7f384e76a000 r-xp 00000000 00:1caa 4611686019135190040      /nix/store/gpxl5qgg8kicmcvivwmybwjlpf7wh20l-graalvm17-ce-22.3.0/lib/libjvmcicompiler.so
7f384e76a000-7f384e969000 ---p 0216a000 00:1caa 4611686019135190040      /nix/store/gpxl5qgg8kicmcvivwmybwjlpf7wh20l-graalvm17-ce-22.3.0/lib/libjvmcicompiler.so
7f384e969000-7f384e96a000 r--p 02169000 00:1caa 4611686019135190040      /nix/store/gpxl5qgg8kicmcvivwmybwjlpf7wh20l-graalvm17-ce-22.3.0/lib/libjvmcicompiler.so
7f384e96a000-7f384e96c000 rw-p 0216a000 00:1caa 4611686019135190040      /nix/store/gpxl5qgg8kicmcvivwmybwjlpf7wh20l-graalvm17-ce-22.3.0/lib/libjvmcicompiler.so
7f384e96c000-7f384e96d000 rw-p 00000000 00:00 0 
7f384e96d000-7f384e972000 rw-p 023c3000 00:1caa 4611686019135190040      /nix/store/gpxl5qgg8kicmcvivwmybwjlpf7wh20l-graalvm17-ce-22.3.0/lib/libjvmcicompiler.so
7f384e9b1000-7f384e9b2000 ---p 00000000 00:00 0 
7f384e9b2000-7f384eab3000 rw-p 00000000 00:00 0 
7f384eab3000-7f384eab7000 ---p 00000000 00:00 0 
7f384eab7000-7f384ebb3000 rw-p 00000000 00:00 0 
7f384ebb3000-7f384ebb7000 ---p 00000000 00:00 0 
7f384ebb7000-7f384ecb3000 rw-p 00000000 00:00 0 
7f384ecb3000-7f384ecb7000 ---p 00000000 00:00 0 
7f384ecb7000-7f384edb3000 rw-p 00000000 00:00 0 
7f384edb3000-7f384edb7000 ---p 00000000 00:00 0 
7f384edb7000-7f384efb3000 rw-p 00000000 00:00 0 
7f384efb3000-7f384efb7000 ---p 00000000 00:00 0 
7f384efb7000-7f384f1b3000 rw-p 00000000 00:00 0 
7f384f1b3000-7f384f1b7000 ---p 00000000 00:00 0 
7f384f1b7000-7f384f2b3000 rw-p 00000000 00:00 0 
7f384f2b3000-7f384f2b7000 ---p 00000000 00:00 0 
7f384f2b7000-7f384f3b3000 rw-p 00000000 00:00 0 
7f384f3b3000-7f384f3b7000 ---p 00000000 00:00 0 
7f384f3b7000-7f384f4b3000 rw-p 00000000 00:00 0 
7f384f4b3000-7f384f723000 rwxp 00000000 00:00 0 
7f384f723000-7f384fa42000 ---p 00000000 00:00 0 
7f384fa42000-7f3850e12000 rwxp 00000000 00:00 0 
7f3850e12000-7f3856f7a000 ---p 00000000 00:00 0 
7f3856f7a000-7f385724a000 rwxp 00000000 00:00 0 
7f385724a000-7f385e4b3000 ---p 00000000 00:00 0 
7f385e4b3000-7f3868000000 r--s 00000000 00:1caa 4611686019135192581      /nix/store/gpxl5qgg8kicmcvivwmybwjlpf7wh20l-graalvm17-ce-22.3.0/lib/modules
7f3868000000-7f3868602000 rw-p 00000000 00:00 0 
7f3868602000-7f386c000000 ---p 00000000 00:00 0 
7f386c01a000-7f386c300000 r--p 00000000 00:1b37 28444448                 /usr/lib/locale/locale-archive
7f386c300000-7f386c304000 ---p 00000000 00:00 0 
7f386c304000-7f386c800000 rw-p 00000000 00:00 0 
7f386c800000-7f386ca00000 rw-p 00000000 00:00 0 
7f386ca00000-7f386cb00000 rw-p 00000000 00:00 0 
7f386cb00000-7f386cc00000 rw-p 00000000 00:00 0 
7f386cc0f000-7f386cc11000 r-xp 00000000 00:1caa 4611686019135190017      /nix/store/gpxl5qgg8kicmcvivwmybwjlpf7wh20l-graalvm17-ce-22.3.0/lib/libextnet.so
7f386cc11000-7f386cc12000 r--p 00001000 00:1caa 4611686019135190017      /nix/store/gpxl5qgg8kicmcvivwmybwjlpf7wh20l-graalvm17-ce-22.3.0/lib/libextnet.so
7f386cc12000-7f386cc13000 rw-p 00002000 00:1caa 4611686019135190017      /nix/store/gpxl5qgg8kicmcvivwmybwjlpf7wh20l-graalvm17-ce-22.3.0/lib/libextnet.so
7f386cc13000-7f386cc14000 rw-p 00004000 00:1caa 4611686019135190017      /nix/store/gpxl5qgg8kicmcvivwmybwjlpf7wh20l-graalvm17-ce-22.3.0/lib/libextnet.so
7f386cc14000-7f386cc18000 ---p 00000000 00:00 0 
7f386cc18000-7f386cc36000 rw-p 00000000 00:00 0 
7f386cc36000-7f386cc3d000 r-xp 00000000 00:1caa 4611686019135192580      /nix/store/gpxl5qgg8kicmcvivwmybwjlpf7wh20l-graalvm17-ce-22.3.0/lib/libzip.so
7f386cc3d000-7f386cc3e000 ---p 00007000 00:1caa 4611686019135192580      /nix/store/gpxl5qgg8kicmcvivwmybwjlpf7wh20l-graalvm17-ce-22.3.0/lib/libzip.so
7f386cc3e000-7f386cc3f000 r--p 00007000 00:1caa 4611686019135192580      /nix/store/gpxl5qgg8kicmcvivwmybwjlpf7wh20l-graalvm17-ce-22.3.0/lib/libzip.so
7f386cc3f000-7f386cc40000 rw-p 00008000 00:1caa 4611686019135192580      /nix/store/gpxl5qgg8kicmcvivwmybwjlpf7wh20l-graalvm17-ce-22.3.0/lib/libzip.so
7f386cc40000-7f386cc42000 rw-p 0000b000 00:1caa 4611686019135192580      /nix/store/gpxl5qgg8kicmcvivwmybwjlpf7wh20l-graalvm17-ce-22.3.0/lib/libzip.so
7f386cc42000-7f386cc57000 r-xp 00000000 00:1caa 4611686019135192570      /nix/store/gpxl5qgg8kicmcvivwmybwjlpf7wh20l-graalvm17-ce-22.3.0/lib/libnet.so
7f386cc57000-7f386cc58000 ---p 00015000 00:1caa 4611686019135192570      /nix/store/gpxl5qgg8kicmcvivwmybwjlpf7wh20l-graalvm17-ce-22.3.0/lib/libnet.so
7f386cc58000-7f386cc59000 r--p 00015000 00:1caa 4611686019135192570      /nix/store/gpxl5qgg8kicmcvivwmybwjlpf7wh20l-graalvm17-ce-22.3.0/lib/libnet.so
7f386cc59000-7f386cc5a000 rw-p 00016000 00:1caa 4611686019135192570      /nix/store/gpxl5qgg8kicmcvivwmybwjlpf7wh20l-graalvm17-ce-22.3.0/lib/libnet.so
7f386cc5a000-7f386cc5d000 rw-p 0001b000 00:1caa 4611686019135192570      /nix/store/gpxl5qgg8kicmcvivwmybwjlpf7wh20l-graalvm17-ce-22.3.0/lib/libnet.so
7f386cc5d000-7f386cc70000 r-xp 00000000 00:1caa 4611686019135192571      /nix/store/gpxl5qgg8kicmcvivwmybwjlpf7wh20l-graalvm17-ce-22.3.0/lib/libnio.so
7f386cc70000-7f386cc71000 r--p 00012000 00:1caa 4611686019135192571      /nix/store/gpxl5qgg8kicmcvivwmybwjlpf7wh20l-graalvm17-ce-22.3.0/lib/libnio.so
7f386cc71000-7f386cc72000 rw-p 00013000 00:1caa 4611686019135192571      /nix/store/gpxl5qgg8kicmcvivwmybwjlpf7wh20l-graalvm17-ce-22.3.0/lib/libnio.so
7f386cc72000-7f386cc77000 rw-p 00019000 00:1caa 4611686019135192571      /nix/store/gpxl5qgg8kicmcvivwmybwjlpf7wh20l-graalvm17-ce-22.3.0/lib/libnio.so
7f386cc77000-7f386cc7b000 ---p 00000000 00:00 0 
7f386cc7b000-7f386cd77000 rw-p 00000000 00:00 0 
7f386cd77000-7f386cd78000 ---p 00000000 00:00 0 
7f386cd78000-7f386ce79000 rw-p 00000000 00:00 0 
7f386ce79000-7f386cf47000 r-xp 00000000 00:1caa 4611686019135190036      /nix/store/gpxl5qgg8kicmcvivwmybwjlpf7wh20l-graalvm17-ce-22.3.0/lib/libjsvml.so
7f386cf47000-7f386cf48000 r--p 000cd000 00:1caa 4611686019135190036      /nix/store/gpxl5qgg8kicmcvivwmybwjlpf7wh20l-graalvm17-ce-22.3.0/lib/libjsvml.so
7f386cf48000-7f386cf49000 rw-p 000ce000 00:1caa 4611686019135190036      /nix/store/gpxl5qgg8kicmcvivwmybwjlpf7wh20l-graalvm17-ce-22.3.0/lib/libjsvml.so
7f386cf49000-7f386e821000 rw-p 00000000 00:00 0 
7f386e821000-7f386e822000 ---p 00000000 00:00 0 
7f386e822000-7f386e9cd000 rw-p 00000000 00:00 0 
7f386e9cd000-7f386e9dd000 rw-p 00000000 00:00 0 
7f386e9dd000-7f386ea23000 ---p 00000000 00:00 0 
7f386ea23000-7f386ea2a000 rw-p 00000000 00:00 0 
7f386ea2a000-7f386eb0f000 ---p 00000000 00:00 0 
7f386eb0f000-7f386eb37000 rw-p 00000000 00:00 0 
7f386eb37000-7f386ebfa000 ---p 00000000 00:00 0 
7f386ebfa000-7f386ebff000 rw-p 00000000 00:00 0 
7f386ebff000-7f386ec06000 ---p 00000000 00:00 0 
7f386ec06000-7f386ec2a000 r-xp 00000000 00:1caa 4611686019135190028      /nix/store/gpxl5qgg8kicmcvivwmybwjlpf7wh20l-graalvm17-ce-22.3.0/lib/libjava.so
7f386ec2a000-7f386ec2b000 ---p 00024000 00:1caa 4611686019135190028      /nix/store/gpxl5qgg8kicmcvivwmybwjlpf7wh20l-graalvm17-ce-22.3.0/lib/libjava.so
7f386ec2b000-7f386ec2c000 r--p 00024000 00:1caa 4611686019135190028      /nix/store/gpxl5qgg8kicmcvivwmybwjlpf7wh20l-graalvm17-ce-22.3.0/lib/libjava.so
7f386ec2c000-7f386ec2d000 rw-p 00025000 00:1caa 4611686019135190028      /nix/store/gpxl5qgg8kicmcvivwmybwjlpf7wh20l-graalvm17-ce-22.3.0/lib/libjava.so
7f386ec2d000-7f386ec2e000 rw-p 00000000 00:00 0 
7f386ec2e000-7f386ec35000 rw-p 0002f000 00:1caa 4611686019135190028      /nix/store/gpxl5qgg8kicmcvivwmybwjlpf7wh20l-graalvm17-ce-22.3.0/lib/libjava.so
7f386ec35000-7f386ec3d000 rw-s 00000000 00:237 353                       /tmp/hsperfdata_runner/27
7f386ec3d000-7f386ec3e000 ---p 00000000 00:00 0 
7f386ec3e000-7f386ec3f000 r--p 00000000 00:00 0 
7f386ec3f000-7f386ec40000 rwxp 00000000 00:00 0 
7f386ec40000-7f386ec5b000 r-xp 00000000 00:1caa 4611686019135190032      /nix/store/gpxl5qgg8kicmcvivwmybwjlpf7wh20l-graalvm17-ce-22.3.0/lib/libjimage.so
7f386ec5b000-7f386ec5c000 ---p 0001b000 00:1caa 4611686019135190032      /nix/store/gpxl5qgg8kicmcvivwmybwjlpf7wh20l-graalvm17-ce-22.3.0/lib/libjimage.so
7f386ec5c000-7f386ec5e000 r--p 0001b000 00:1caa 4611686019135190032      /nix/store/gpxl5qgg8kicmcvivwmybwjlpf7wh20l-graalvm17-ce-22.3.0/lib/libjimage.so
7f386ec5e000-7f386ec5f000 rw-p 0001d000 00:1caa 4611686019135190032      /nix/store/gpxl5qgg8kicmcvivwmybwjlpf7wh20l-graalvm17-ce-22.3.0/lib/libjimage.so
7f386ec5f000-7f386ec60000 rw-p 00024000 00:1caa 4611686019135190032      /nix/store/gpxl5qgg8kicmcvivwmybwjlpf7wh20l-graalvm17-ce-22.3.0/lib/libjimage.so
7f386ec60000-7f386ec64000 ---p 00000000 00:00 0 
7f386ec64000-7f386ed60000 rw-p 00000000 00:00 0 
7f386ed60000-7f386ed6e000 r--p 00000000 00:1caa 4611686019027979927      /nix/store/4nlgxhb09sdr51nc9hdm8az5b08vzkgx-glibc-2.35-163/lib/libm.so.6
7f386ed6e000-7f386ede1000 r-xp 0000e000 00:1caa 4611686019027979927      /nix/store/4nlgxhb09sdr51nc9hdm8az5b08vzkgx-glibc-2.35-163/lib/libm.so.6
7f386ede1000-7f386ee3e000 r--p 00081000 00:1caa 4611686019027979927      /nix/store/4nlgxhb09sdr51nc9hdm8az5b08vzkgx-glibc-2.35-163/lib/libm.so.6
7f386ee3e000-7f386ee3f000 r--p 000dd000 00:1caa 4611686019027979927      /nix/store/4nlgxhb09sdr51nc9hdm8az5b08vzkgx-glibc-2.35-163/lib/libm.so.6
7f386ee3f000-7f386ee40000 rw-p 000de000 00:1caa 4611686019027979927      /nix/store/4nlgxhb09sdr51nc9hdm8az5b08vzkgx-glibc-2.35-163/lib/libm.so.6
7f386ee40000-7f386ee41000 r--p 00000000 00:1caa 4611686019027979946      /nix/store/4nlgxhb09sdr51nc9hdm8az5b08vzkgx-glibc-2.35-163/lib/librt.so.1
7f386ee41000-7f386ee42000 r-xp 00001000 00:1caa 4611686019027979946      /nix/store/4nlgxhb09sdr51nc9hdm8az5b08vzkgx-glibc-2.35-163/lib/librt.so.1
7f386ee42000-7f386ee43000 r--p 00002000 00:1caa 4611686019027979946      /nix/store/4nlgxhb09sdr51nc9hdm8az5b08vzkgx-glibc-2.35-163/lib/librt.so.1
7f386ee43000-7f386ee44000 r--p 00002000 00:1caa 4611686019027979946      /nix/store/4nlgxhb09sdr51nc9hdm8az5b08vzkgx-glibc-2.35-163/lib/librt.so.1
7f386ee44000-7f386ee45000 rw-p 00003000 00:1caa 4611686019027979946      /nix/store/4nlgxhb09sdr51nc9hdm8az5b08vzkgx-glibc-2.35-163/lib/librt.so.1
7f386ee45000-7f386ff58000 r-xp 00000000 00:1caa 4611686019135360866      /nix/store/gpxl5qgg8kicmcvivwmybwjlpf7wh20l-graalvm17-ce-22.3.0/lib/server/libjvm.so
7f386ff58000-7f386ff59000 ---p 01113000 00:1caa 4611686019135360866      /nix/store/gpxl5qgg8kicmcvivwmybwjlpf7wh20l-graalvm17-ce-22.3.0/lib/server/libjvm.so
7f386ff59000-7f387000e000 r--p 01113000 00:1caa 4611686019135360866      /nix/store/gpxl5qgg8kicmcvivwmybwjlpf7wh20l-graalvm17-ce-22.3.0/lib/server/libjvm.so
7f387000e000-7f3870042000 rw-p 011c8000 00:1caa 4611686019135360866      /nix/store/gpxl5qgg8kicmcvivwmybwjlpf7wh20l-graalvm17-ce-22.3.0/lib/server/libjvm.so
7f3870042000-7f387009e000 rw-p 00000000 00:00 0 
7f387009e000-7f38700c6000 r--p 00000000 00:1caa 4611686019027979918      /nix/store/4nlgxhb09sdr51nc9hdm8az5b08vzkgx-glibc-2.35-163/lib/libc.so.6
7f38700c6000-7f387023c000 r-xp 00028000 00:1caa 4611686019027979918      /nix/store/4nlgxhb09sdr51nc9hdm8az5b08vzkgx-glibc-2.35-163/lib/libc.so.6
7f387023c000-7f3870294000 r--p 0019e000 00:1caa 4611686019027979918      /nix/store/4nlgxhb09sdr51nc9hdm8az5b08vzkgx-glibc-2.35-163/lib/libc.so.6
7f3870294000-7f3870298000 r--p 001f6000 00:1caa 4611686019027979918      /nix/store/4nlgxhb09sdr51nc9hdm8az5b08vzkgx-glibc-2.35-163/lib/libc.so.6
7f3870298000-7f387029a000 rw-p 001fa000 00:1caa 4611686019027979918      /nix/store/4nlgxhb09sdr51nc9hdm8az5b08vzkgx-glibc-2.35-163/lib/libc.so.6
7f387029a000-7f38702a9000 rw-p 00000000 00:00 0 
7f38702a9000-7f38702aa000 r--p 00000000 00:1caa 4611686019027979923      /nix/store/4nlgxhb09sdr51nc9hdm8az5b08vzkgx-glibc-2.35-163/lib/libdl.so.2
7f38702aa000-7f38702ab000 r-xp 00001000 00:1caa 4611686019027979923      /nix/store/4nlgxhb09sdr51nc9hdm8az5b08vzkgx-glibc-2.35-163/lib/libdl.so.2
7f38702ab000-7f38702ac000 r--p 00002000 00:1caa 4611686019027979923      /nix/store/4nlgxhb09sdr51nc9hdm8az5b08vzkgx-glibc-2.35-163/lib/libdl.so.2
7f38702ac000-7f38702ad000 r--p 00002000 00:1caa 4611686019027979923      /nix/store/4nlgxhb09sdr51nc9hdm8az5b08vzkgx-glibc-2.35-163/lib/libdl.so.2
7f38702ad000-7f38702ae000 rw-p 00003000 00:1caa 4611686019027979923      /nix/store/4nlgxhb09sdr51nc9hdm8az5b08vzkgx-glibc-2.35-163/lib/libdl.so.2
7f38702ae000-7f38702af000 r--p 00000000 00:1caa 4611686019027979942      /nix/store/4nlgxhb09sdr51nc9hdm8az5b08vzkgx-glibc-2.35-163/lib/libpthread.so.0
7f38702af000-7f38702b0000 r-xp 00001000 00:1caa 4611686019027979942      /nix/store/4nlgxhb09sdr51nc9hdm8az5b08vzkgx-glibc-2.35-163/lib/libpthread.so.0
7f38702b0000-7f38702b1000 r--p 00002000 00:1caa 4611686019027979942      /nix/store/4nlgxhb09sdr51nc9hdm8az5b08vzkgx-glibc-2.35-163/lib/libpthread.so.0
7f38702b1000-7f38702b2000 r--p 00002000 00:1caa 4611686019027979942      /nix/store/4nlgxhb09sdr51nc9hdm8az5b08vzkgx-glibc-2.35-163/lib/libpthread.so.0
7f38702b2000-7f38702b3000 rw-p 00003000 00:1caa 4611686019027979942      /nix/store/4nlgxhb09sdr51nc9hdm8az5b08vzkgx-glibc-2.35-163/lib/libpthread.so.0
7f38702b3000-7f38702c1000 r-xp 00000000 00:1caa 4611686019135190033      /nix/store/gpxl5qgg8kicmcvivwmybwjlpf7wh20l-graalvm17-ce-22.3.0/lib/libjli.so
7f38702c1000-7f38702c2000 ---p 0000e000 00:1caa 4611686019135190033      /nix/store/gpxl5qgg8kicmcvivwmybwjlpf7wh20l-graalvm17-ce-22.3.0/lib/libjli.so
7f38702c2000-7f38702c3000 r--p 0000e000 00:1caa 4611686019135190033      /nix/store/gpxl5qgg8kicmcvivwmybwjlpf7wh20l-graalvm17-ce-22.3.0/lib/libjli.so
7f38702c3000-7f38702c4000 rw-p 0000f000 00:1caa 4611686019135190033      /nix/store/gpxl5qgg8kicmcvivwmybwjlpf7wh20l-graalvm17-ce-22.3.0/lib/libjli.so
7f38702c4000-7f38702c5000 rw-p 00012000 00:1caa 4611686019135190033      /nix/store/gpxl5qgg8kicmcvivwmybwjlpf7wh20l-graalvm17-ce-22.3.0/lib/libjli.so
7f38702c5000-7f38702c8000 r--p 00000000 00:1caa 4611686019106210071      /nix/store/026hln0aq1hyshaxsdvhg0kmcm6yf45r-zlib-1.2.13/lib/libz.so.1.2.13
7f38702c8000-7f38702da000 r-xp 00003000 00:1caa 4611686019106210071      /nix/store/026hln0aq1hyshaxsdvhg0kmcm6yf45r-zlib-1.2.13/lib/libz.so.1.2.13
7f38702da000-7f38702e1000 r--p 00015000 00:1caa 4611686019106210071      /nix/store/026hln0aq1hyshaxsdvhg0kmcm6yf45r-zlib-1.2.13/lib/libz.so.1.2.13
7f38702e1000-7f38702e2000 r--p 0001b000 00:1caa 4611686019106210071      /nix/store/026hln0aq1hyshaxsdvhg0kmcm6yf45r-zlib-1.2.13/lib/libz.so.1.2.13
7f38702e2000-7f38702e3000 rw-p 0001c000 00:1caa 4611686019106210071      /nix/store/026hln0aq1hyshaxsdvhg0kmcm6yf45r-zlib-1.2.13/lib/libz.so.1.2.13
7f38702e3000-7f38702e5000 rw-p 00000000 00:00 0 
7f38702e5000-7f38702e9000 r--p 00000000 00:00 0                          [vvar]
7f38702e9000-7f38702eb000 r-xp 00000000 00:00 0                          [vdso]
7f38702eb000-7f38702ed000 r--p 00000000 00:1caa 4611686019027979912      /nix/store/4nlgxhb09sdr51nc9hdm8az5b08vzkgx-glibc-2.35-163/lib/ld-linux-x86-64.so.2
7f38702ed000-7f3870314000 r-xp 00002000 00:1caa 4611686019027979912      /nix/store/4nlgxhb09sdr51nc9hdm8az5b08vzkgx-glibc-2.35-163/lib/ld-linux-x86-64.so.2
7f3870314000-7f3870320000 r--p 00029000 00:1caa 4611686019027979912      /nix/store/4nlgxhb09sdr51nc9hdm8az5b08vzkgx-glibc-2.35-163/lib/ld-linux-x86-64.so.2
7f3870320000-7f3870322000 r--p 00034000 00:1caa 4611686019027979912      /nix/store/4nlgxhb09sdr51nc9hdm8az5b08vzkgx-glibc-2.35-163/lib/ld-linux-x86-64.so.2
7f3870322000-7f3870324000 rw-p 00036000 00:1caa 4611686019027979912      /nix/store/4nlgxhb09sdr51nc9hdm8az5b08vzkgx-glibc-2.35-163/lib/ld-linux-x86-64.so.2
7ffd59dd6000-7ffd59dfb000 rw-p 00000000 00:00 0                          [stack]
ffffffffff600000-ffffffffff601000 --xp 00000000 00:00 0                  [vsyscall]


VM Arguments:
jvm_args: -XX:ThreadPriorityPolicy=1 -XX:+UnlockExperimentalVMOptions -XX:+EnableJVMCIProduct -XX:JVMCIThreadsPerNativeLibraryRuntime=1 -XX:-UnlockExperimentalVMOptions -Declipse.application=org.eclipse.jdt.ls.core.id1 -Dosgi.bundles.defaultStartLevel=4 -Declipse.product=org.eclipse.jdt.ls.core.product -Dlog.level=ALL -Xverify:none -XX:+UseParallelGC -XX:GCTimeRatio=4 -XX:AdaptiveSizePolicyWeight=90 -Dsun.zip.disableMemoryMapping=true -Xmx512m -Xms100m 
java_command: /nix/store/m6gcpi1ii6rghy04cjwjddcavv7i90df-jdt-language-server-1.9.0/share/java/plugins/org.eclipse.equinox.launcher_1.6.400.v20210924-0641.jar --add-modules=ALL-SYSTEM --add-opens java.base/java.util=ALL-UNNAMED --add-opens java.base/java.lang=ALL-UNNAMED -configuration /home/runner/.cache/jdt-language-server/config -data /home/runner/.cache/jdt-language-server/data/home/runner/justaliljavaproject-1
java_class_path (initial): /nix/store/m6gcpi1ii6rghy04cjwjddcavv7i90df-jdt-language-server-1.9.0/share/java/plugins/org.eclipse.equinox.launcher_1.6.400.v20210924-0641.jar
Launcher Type: SUN_STANDARD

[Global flags]
    uintx AdaptiveSizePolicyWeight                 = 90                                        {product} {command line}
     intx CICompilerCount                          = 2                                         {product} {ergonomic}
     bool EnableJVMCIProduct                       = true                                {JVMCI product} {jimage}
    uintx GCTimeRatio                              = 4                                         {product} {command line}
   size_t InitialHeapSize                          = 104857600                                 {product} {command line}
     uint JVMCIThreadsPerNativeLibraryRuntime      = 1                                   {JVMCI product} {jimage}
   size_t MaxHeapSize                              = 536870912                                 {product} {command line}
   size_t MaxNewSize                               = 178782208                                 {product} {ergonomic}
   size_t MinHeapDeltaBytes                        = 524288                                    {product} {ergonomic}
   size_t MinHeapSize                              = 104857600                                 {product} {command line}
   size_t NewSize                                  = 34603008                                  {product} {ergonomic}
    uintx NonNMethodCodeHeapSize                   = 5826188                                {pd product} {ergonomic}
    uintx NonProfiledCodeHeapSize                  = 122916026                              {pd product} {ergonomic}
   size_t OldSize                                  = 70254592                                  {product} {ergonomic}
    uintx ProfiledCodeHeapSize                     = 122916026                              {pd product} {ergonomic}
    uintx ReservedCodeCacheSize                    = 251658240                              {pd product} {ergonomic}
     bool SegmentedCodeCache                       = true                                      {product} {ergonomic}
   size_t SoftMaxHeapSize                          = 536870912                              {manageable} {ergonomic}
     intx ThreadPriorityPolicy                     = 1                                         {product} {jimage}
     bool UseCompressedClassPointers               = true                           {product lp64_product} {ergonomic}
     bool UseCompressedOops                        = true                           {product lp64_product} {ergonomic}
     bool UseParallelGC                            = true                                      {product} {command line}

Logging:
Log output configuration:
 #0: stdout all=warning uptime,level,tags
 #1: stderr all=off uptime,level,tags

Environment Variables:
JAVA_HOME=/nix/store/gpxl5qgg8kicmcvivwmybwjlpf7wh20l-graalvm17-ce-22.3.0
PATH=/nix/store/1d6ian3r8kdzspw8hacjhl3xkp40g1lj-binutils-wrapper-2.39/bin:/nix/store/dq0xwmsk1g0i2ayg6pb7y87na2knzylh-gcc-wrapper-11.3.0/bin:/nix/store/bap4d0lpcrhpwmpb8ayjcgkmvfj62lnq-bash-interactive-5.1-p16/bin:/nix/store/pr5n59mb4jzmfx6kanwxly0l07p861fg-patchelf-0.15.0/bin:/nix/store/1gf2flfqnpqbr1b4p4qz2f72y42bs56r-gcc-11.3.0/bin:/nix/store/57xv61c5zi8pphjbcwxxjlgc34p61ic9-glibc-2.35-163-bin/bin:/nix/store/a7gvj343m05j2s32xcnwr35v31ynlypr-coreutils-9.1/bin:/nix/store/039g378vc3pc3dvi9dzdlrd0i4q93qwf-binutils-2.39/bin:/nix/store/y5fcw4xnkg8hwaaf35nfc41vdzy32cm7-vim-9.0.0609/bin:/nix/store/gpxl5qgg8kicmcvivwmybwjlpf7wh20l-graalvm17-ce-22.3.0/bin:/nix/store/6z9ag3ihc8mq2hzsw48lhbznvzny65nz-apache-maven-3.8.6/bin:/nix/store/m6gcpi1ii6rghy04cjwjddcavv7i90df-jdt-language-server-1.9.0/bin:/nix/store/84xs5alhs01zrbr4ywm05kxbjbp5590l-java-debug/bin:/nix/store/mydc6f4k2z73xlcz7ilif3v2lcaiqvza-findutils-4.9.0/bin:/nix/store/j9p3g8472iijd50vhdprx0nmk2fqn5gv-diffutils-3.8/bin:/nix/store/89zs7rms6x00xfq4dq6m7mjnhkr8a6r4-gnused-4.8/bin:/nix/store/86bp03jkmsl6f92w0yzg4s59g5mhxwmy-gnugrep-3.7/bin:/nix/store/hwcdqw4jrjnd37wxqgsd47hd0j8bnj09-gawk-5.1.1/bin:/nix/store/cfbhw8r8ags41vwqaz47r583d0p4h4a1-gnutar-1.34/bin:/nix/store/p3m1ndl1lapwrlh698bnb5lvvxh67378-gzip-1.12/bin:/nix/store/a8mhcagrsly7c7mpjrpsnaahk4aax056-bzip2-1.0.8-bin/bin:/nix/store/mblgz65m3zv9x548a3d5m96fj2pbwr09-gnumake-4.3/bin:/nix/store/dsd5gz46hdbdk2rfdimqddhq6m8m8fqs-bash-5.1-p16/bin:/nix/store/v7ljksji50mg3w61dykaa3n3y79n6nil-patch-2.7.6/bin:/nix/store/zlcnmqq14jz5x9439jf937mvayyl63da-xz-5.2.7-bin/bin:/nix/store/y6aj732zm9m87c82fpvf103a1xb22blp-file-5.43/bin:/nix/store/i4kzir3m7mrisxmf5xvlnkw01x4qaqr4-prybar-elisp-0.0.0-e0d9a52/bin:/nix/store/lwwivxf6h7x3cvxp9zv8sj0mv7dak99r-prybar-lua-0.0.0-e0d9a52/bin:/nix/store/gxj28g1cg4hq3qanmjv07156h800qr58-prybar-python3-0.0.0-e0d9a52/bin:/nix/store/hshkjnxrgidigf8x75vg6lqng2xlx9i3-prybar-sqlite-0.0.0-e0d9a52/bin:/nix/store/c4w01bpjgyy5ixmwdk8m1pw87zq4sl26-prybar-tcl-0.0
LD_LIBRARY_PATH=/nix/store/a4pff549sk2idnkpzk5nsfps3mdkdnvm-cups-2.4.2-lib/lib:/nix/store/72mqxxhh3cy5yifh92wh2yb8cl2hikyy-cairo-1.16.0/lib:/nix/store/2k366jrbsra97gjfxwvrhvixjfxdach5-glib-2.74.1/lib:/nix/store/2j2znigd8ak37rlwh9khz0ry3clqlw1l-gtk+3-3.24.34/lib:/nix/store/hisqvx32cd57apbpcsnkpx6k3549wql1-libglvnd-1.4.0/lib:/nix/store/p36pgcv991mq5srvg765b78yqpxvk3qs-mesa-21.3.3-drivers/lib:/nix/store/mav4251if1ahjq5vkpwycyyvnmy459c4-pulseaudio-14.2/lib
DISPLAY=:0
LANG=en_US.UTF-8

Signal Handlers:
   SIGSEGV: crash_handler in libjvm.so, mask=11100100010111111101111111111110, flags=SA_RESTART|SA_SIGINFO
    SIGBUS: crash_handler in libjvm.so, mask=11100100010111111101111111111110, flags=SA_RESTART|SA_SIGINFO
    SIGFPE: crash_handler in libjvm.so, mask=11100100010111111101111111111110, flags=SA_RESTART|SA_SIGINFO
   SIGPIPE: IsolateEnterStub_IgnoreSIGPIPEStartupHook_noopSignalHandler_8f19bff2f35b5f630d83b364d6b2339320d4ec70_216e8361c6bc87a8f89f58cc10d3b2fd4415bf87 in libjvmcicompiler.so, mask=00000000000000000000000000000000, flags=SA_RESTART
  *** Handler was modified!
  *** Expected: javaSignalHandler in libjvm.so, mask=11100100110111111111111111111110, flags=SA_RESTART|SA_SIGINFO
   SIGXFSZ: javaSignalHandler in libjvm.so, mask=11100100010111111101111111111110, flags=SA_RESTART|SA_SIGINFO
    SIGILL: crash_handler in libjvm.so, mask=11100100010111111101111111111110, flags=SA_RESTART|SA_SIGINFO
   SIGUSR2: SR_handler in libjvm.so, mask=00000000000000000000000000000000, flags=SA_RESTART|SA_SIGINFO
    SIGHUP: UserHandler in libjvm.so, mask=11100100010111111101111111111110, flags=SA_RESTART|SA_SIGINFO
    SIGINT: UserHandler in libjvm.so, mask=11100100010111111101111111111110, flags=SA_RESTART|SA_SIGINFO
   SIGTERM: UserHandler in libjvm.so, mask=11100100010111111101111111111110, flags=SA_RESTART|SA_SIGINFO
   SIGQUIT: UserHandler in libjvm.so, mask=11100100010111111101111111111110, flags=SA_RESTART|SA_SIGINFO
  *** Handler was modified!
  *** Expected: javaSignalHandler in libjvm.so, mask=11100100110111111111111111111110, flags=SA_RESTART|SA_SIGINFO
   SIGTRAP: crash_handler in libjvm.so, mask=11100100010111111101111111111110, flags=SA_RESTART|SA_SIGINFO


---------------  S Y S T E M  ---------------

OS:
DISTRIB_ID=Ubuntu
DISTRIB_RELEASE=20.04
DISTRIB_CODENAME=focal
DISTRIB_DESCRIPTION="Ubuntu 20.04.2 LTS"
uname: Linux 5.15.0-1032-gcp #40~20.04.1-Ubuntu SMP Tue Apr 11 02:49:52 UTC 2023 x86_64
OS uptime: 0 days 6:00 hours
libc: glibc 2.35 NPTL 2.35 
rlimit (soft/hard): STACK 8192k/infinity , CORE infinity/infinity , NPROC infinity/infinity , NOFILE 5242/5242 , AS infinity/infinity , CPU infinity/infinity , DATA infinity/infinity , FSIZE infinity/infinity , MEMLOCK 64k/64k
load average: 25.13 17.67 14.40

/proc/meminfo:
MemTotal:       32872688 kB
MemFree:         1209180 kB
MemAvailable:   16494496 kB
Buffers:         1536568 kB
Cached:         11871100 kB
SwapCached:            0 kB
Active:          7099828 kB
Inactive:       19200268 kB
Active(anon):      21624 kB
Inactive(anon): 12622144 kB
Active(file):    7078204 kB
Inactive(file):  6578124 kB
Unevictable:       42216 kB
Mlocked:           42216 kB
SwapTotal:             0 kB
SwapFree:              0 kB
Dirty:            140044 kB
Writeback:             0 kB
AnonPages:      12622192 kB
Mapped:          2449272 kB
Shmem:             43900 kB
KReclaimable:    2094824 kB
Slab:            4103484 kB
SReclaimable:    2094824 kB
SUnreclaim:      2008660 kB
KernelStack:      516552 kB
PageTables:       303296 kB
NFS_Unstable:          0 kB
Bounce:                0 kB
WritebackTmp:          0 kB
CommitLimit:    16436344 kB
Committed_AS:   71135228 kB
VmallocTotal:   34359738367 kB
VmallocUsed:      560820 kB
VmallocChunk:          0 kB
Percpu:            41280 kB
HardwareCorrupted:     0 kB
AnonHugePages:    227328 kB
ShmemHugePages:        0 kB
ShmemPmdMapped:        0 kB
FileHugePages:         0 kB
FilePmdMapped:         0 kB
HugePages_Total:       0
HugePages_Free:        0
HugePages_Rsvd:        0
HugePages_Surp:        0
Hugepagesize:       2048 kB
Hugetlb:               0 kB
DirectMap4k:     4717368 kB
DirectMap2M:    28833792 kB
DirectMap1G:     2097152 kB

/sys/kernel/mm/transparent_hugepage/enabled: always [madvise] never
/sys/kernel/mm/transparent_hugepage/defrag (defrag/compaction efforts parameter): always defer defer+madvise [madvise] never

Process Memory:
Virtual Size: 3879940K (peak: 3962600K)
Resident Set Size: 601548K (peak: 782744K) (anon: 531172K, file: 70376K, shmem: 0K)
Swapped out: 0K
C-Heap outstanding allocations: 42062K, retained: 13625K
glibc malloc tunables: (default)

/proc/sys/kernel/threads-max (system-wide limit on the number of threads): 256750
/proc/sys/vm/max_map_count (maximum number of memory map areas a process may have): 65530
/proc/sys/kernel/pid_max (system-wide limit on number of process identifiers): 4194304

container (cgroup) information:
container_type: cgroupv1
cpu_cpuset_cpus: 1-3
cpu_memory_nodes: 0
active_processor_count: 1
cpu_quota: 50000
cpu_period: 100000
cpu_shares: 512
memory_limit_in_bytes: 1048576 k
memory_and_swap_limit_in_bytes: 1048576 k
memory_soft_limit_in_bytes: 524288 k
memory_usage_in_bytes: 731452 k
memory_max_usage_in_bytes: 950476 k
maximum number of tasks: 1000
current number of tasks: 73

KVM virtualization detected
Steal ticks since vm start: 0
Steal ticks percentage since vm start:  0.000

CPU: total 4 (initial active 1) (4 cores per cpu, 2 threads per core) family 23 model 49 stepping 0 microcode 0xffffffff, cx8, cmov, fxsr, ht, mmx, 3dnowpref, sse, sse2, sse3, ssse3, sse4a, sse4.1, sse4.2, popcnt, lzcnt, tsc, tscinvbit, avx, avx2, aes, clmul, bmi1, bmi2, adx, sha, fma, vzeroupper, clflush, clflushopt, hv
CPU Model and flags from /proc/cpuinfo:
model name	: AMD EPYC 7B12
flags		: fpu vme de pse tsc msr pae mce cx8 apic sep mtrr pge mca cmov pat pse36 clflush mmx fxsr sse sse2 ht syscall nx mmxext fxsr_opt pdpe1gb rdtscp lm constant_tsc rep_good nopl nonstop_tsc cpuid extd_apicid tsc_known_freq pni pclmulqdq ssse3 fma cx16 sse4_1 sse4_2 movbe popcnt aes xsave avx f16c rdrand hypervisor lahf_lm cmp_legacy cr8_legacy abm sse4a misalignsse 3dnowprefetch osvw topoext ssbd ibrs ibpb stibp vmmcall fsgsbase tsc_adjust bmi1 avx2 smep bmi2 rdseed adx smap clflushopt clwb sha_ni xsaveopt xsavec xgetbv1 clzero xsaveerptr arat npt nrip_save umip rdpid

Online cpus: 0-3
Offline cpus: 
BIOS frequency limitation: <Not Available>
Frequency switch latency (ns): <Not Available>
Available cpu frequencies: <Not Available>
Current governor: <Not Available>
Core performance/turbo boost: <Not Available>

Memory: 4k page, physical 1048576k(317116k free), swap 0k(0k free)
Page Sizes: 4k

vm_info: OpenJDK 64-Bit Server VM (17.0.5+8-jvmci-22.3-b08) for linux-amd64 JRE (17.0.5+8-jvmci-22.3-b08), built on Oct 19 2022 09:01:27 by "buildslave" with gcc 10.3.0

END.
