#
# A fatal error has been detected by the Java Runtime Environment:
#
#  Internal Error (jvmciRuntime.cpp:1609), pid=1754, tid=1768
#  fatal error: Fatal exception in JVMCI: Error calling jdk.vm.ci.services.Services.serializeSavedProperties
#
# JRE version: OpenJDK Runtime Environment GraalVM CE 22.3.0 (17.0.5+8) (build 17.0.5+8-jvmci-22.3-b08)
# Java VM: OpenJDK 64-Bit Server VM GraalVM CE 22.3.0 (17.0.5+8-jvmci-22.3-b08, mixed mode, sharing, tiered, jvmci, jvmci compiler, compressed oops, compressed class ptrs, parallel gc, linux-amd64)
# Problematic frame:
# V  [libjvm.so+0x972714]  JVMCIRuntime::fatal_exception(JVMCIEnv*, char const*)+0x74
#
# Core dump will be written. Default location: Core dumps may be processed with "/usr/share/apport/apport -p%p -s%s -c%c -d%d -P%P -u%u -g%g -- %E" (or dumping to /home/runner/justaliljavaproject-1/core.1754)
#
# If you would like to submit a bug report, please visit:
#   https://github.com/oracle/graal/issues
#

---------------  S U M M A R Y ------------

Command Line: -XX:ThreadPriorityPolicy=1 -XX:+UnlockExperimentalVMOptions -XX:+EnableJVMCIProduct -XX:JVMCIThreadsPerNativeLibraryRuntime=1 -XX:-UnlockExperimentalVMOptions -Declipse.application=org.eclipse.jdt.ls.core.id1 -Dosgi.bundles.defaultStartLevel=4 -Declipse.product=org.eclipse.jdt.ls.core.product -Dlog.level=ALL -Xverify:none -XX:+UseParallelGC -XX:GCTimeRatio=4 -XX:AdaptiveSizePolicyWeight=90 -Dsun.zip.disableMemoryMapping=true -Xmx512m -Xms100m /nix/store/m6gcpi1ii6rghy04cjwjddcavv7i90df-jdt-language-server-1.9.0/share/java/plugins/org.eclipse.equinox.launcher_1.6.400.v20210924-0641.jar --add-modules=ALL-SYSTEM --add-opens java.base/java.util=ALL-UNNAMED --add-opens java.base/java.lang=ALL-UNNAMED -configuration /home/runner/.cache/jdt-language-server/config -data /home/runner/.cache/jdt-language-server/data/home/runner/justaliljavaproject-1

Host: AMD EPYC 7B12, 4 cores, 1G, Ubuntu 20.04.2 LTS
Time: Thu Apr 27 18:20:33 2023 UTC elapsed time: 746.194244 seconds (0d 0h 12m 26s)

---------------  T H R E A D  ---------------

Current thread (0x00007f03cc0b2210):  JavaThread "JVMCI-native CompilerThread0" daemon [_thread_in_vm, id=1768, stack(0x00007f03b2ccd000,0x00007f03b2ecd000)]


Current CompileTask:
JVMCI-native: 746217 11371   !   4       org.eclipse.osgi.internal.loader.BundleLoader::findRequiredSource (283 bytes)

Stack: [0x00007f03b2ccd000,0x00007f03b2ecd000],  sp=0x00007f03b2ecb380,  free space=2040k
Native frames: (J=compiled Java code, j=interpreted, Vv=VM code, C=native code)
V  [libjvm.so+0x972714]  JVMCIRuntime::fatal_exception(JVMCIEnv*, char const*)+0x74
V  [libjvm.so+0x93e2fe]  JVMCIEnv::copy_saved_properties()+0x14e
V  [libjvm.so+0x9732a9]  JVMCIRuntime::initialize(JVMCIEnv*)+0xb19
V  [libjvm.so+0x9738a2]  JVMCIRuntime::get_HotSpotJVMCIRuntime(JVMCIEnv*)+0x12
V  [libjvm.so+0x9749f2]  JVMCIRuntime::compile_method(JVMCIEnv*, JVMCICompiler*, methodHandle const&, int)+0xd2
V  [libjvm.so+0x5b0d20]  CompileBroker::invoke_compiler_on_method(CompileTask*)+0x1470
V  [libjvm.so+0x5b12e8]  CompileBroker::compiler_thread_loop()+0x528
V  [libjvm.so+0xd82460]  JavaThread::thread_main_inner()+0xd0
V  [libjvm.so+0xd85a40]  Thread::call_run()+0xc0
V  [libjvm.so+0xbdb1e1]  thread_native_entry(Thread*)+0xe1

Register to memory mapping:

RAX=0x00007f03d2a3f000 points into unknown readable memory: 0x0000000000000058 | 58 00 00 00 00 00 00 00
RBX=0x00007f03d3b3a398: <offset 0x0000000000ef5398> in /nix/store/gpxl5qgg8kicmcvivwmybwjlpf7wh20l-graalvm17-ce-22.3.0/lib/server/libjvm.so at 0x00007f03d2c45000
RCX=0x00007f03d3af21e8: <offset 0x0000000000ead1e8> in /nix/store/gpxl5qgg8kicmcvivwmybwjlpf7wh20l-graalvm17-ce-22.3.0/lib/server/libjvm.so at 0x00007f03d2c45000
RDX=0x0000000000000649 is an unknown value
RSP=0x00007f03b2ecb380 is pointing into the stack for thread: 0x00007f03cc0b2210
RBP=0x00007f03b2ecb3a0 is pointing into the stack for thread: 0x00007f03cc0b2210
RSI=0x00007f03d3b3ac48: <offset 0x0000000000ef5c48> in /nix/store/gpxl5qgg8kicmcvivwmybwjlpf7wh20l-graalvm17-ce-22.3.0/lib/server/libjvm.so at 0x00007f03d2c45000
RDI=0x00000000e0000000 is an oop: java.util.LinkedHashMap$Entry 
{0x00000000e0000000} - klass: 'java/util/LinkedHashMap$Entry'
 - ---- fields (total size 5 words):
 - final 'hash' 'I' @12  -2034522908 (86bba4e4)
 - final 'key' 'Ljava/lang/Object;' @16  a 'java/util/jar/Attributes$Name'{0x00000000e05d1770} (e05d1770)
 - 'value' 'Ljava/lang/Object;' @20  "GoZoR7ZdrDyDBvcVw5utRi10FBgsWEKRHoQyLZ61RR8="{0x00000000e0000028} (e0000028)
 - 'next' 'Ljava/util/HashMap$Node;' @24  NULL (0)
 - 'before' 'Ljava/util/LinkedHashMap$Entry;' @28  NULL (0)
 - 'after' 'Ljava/util/LinkedHashMap$Entry;' @32  NULL (0)
R8 =0x00007f03d3b3a398: <offset 0x0000000000ef5398> in /nix/store/gpxl5qgg8kicmcvivwmybwjlpf7wh20l-graalvm17-ce-22.3.0/lib/server/libjvm.so at 0x00007f03d2c45000
R9 =0x00007f03b2ecb330 is pointing into the stack for thread: 0x00007f03cc0b2210
R10=0x00007f03b2ecc948 is pointing into the stack for thread: 0x00007f03cc0b2210
R11=0x0000000000000293 is an unknown value
R12=0x0 is NULL
R13=0x00007f03cc0b2210 is a thread
R14=0x00007f03cc000b80 points into unknown readable memory: 0x00007f03d3d6ba38 | 38 ba d6 d3 03 7f 00 00
R15=0x00007f03d3e79e40: <offset 0x0000000001234e40> in /nix/store/gpxl5qgg8kicmcvivwmybwjlpf7wh20l-graalvm17-ce-22.3.0/lib/server/libjvm.so at 0x00007f03d2c45000


Registers:
RAX=0x00007f03d2a3f000, RBX=0x00007f03d3b3a398, RCX=0x00007f03d3af21e8, RDX=0x0000000000000649
RSP=0x00007f03b2ecb380, RBP=0x00007f03b2ecb3a0, RSI=0x00007f03d3b3ac48, RDI=0x00000000e0000000
R8 =0x00007f03d3b3a398, R9 =0x00007f03b2ecb330, R10=0x00007f03b2ecc948, R11=0x0000000000000293
R12=0x0000000000000000, R13=0x00007f03cc0b2210, R14=0x00007f03cc000b80, R15=0x00007f03d3e79e40
RIP=0x00007f03d35b7714, EFLAGS=0x0000000000010206, CSGSFS=0x002b000000000033, ERR=0x0000000000000006
  TRAPNO=0x000000000000000e

Top of Stack: (sp=0x00007f03b2ecb380)
0x00007f03b2ecb380:   00007f03b2ecb940 00007f03cc0b2210
0x00007f03b2ecb390:   00007f03d13d08c8 0000000800c417a0
0x00007f03b2ecb3a0:   00007f03b2ecb500 00007f03d35832fe
0x00007f03b2ecb3b0:   00007f03b2ecb3e0 00007f03b2ecb440 

Instructions: (pc=0x00007f03d35b7714)
0x00007f03d35b7614:   30 e8 f6 cf e8 ff 4c 89 e7 e8 2e 48 d1 ff 84 db
0x00007f03d35b7624:   75 2a 4d 85 ed 74 04 4d 8b 6d 00 48 83 c4 08 44
0x00007f03d35b7634:   89 f9 4c 89 f2 4c 89 ee 5b 4c 89 e7 41 5c 41 5d
0x00007f03d35b7644:   41 5e 41 5f 5d e9 e2 47 d1 ff 66 90 48 83 c4 08
0x00007f03d35b7654:   5b 41 5c 41 5d 41 5e 41 5f 5d c3 90 31 d2 be 08
0x00007f03d35b7664:   00 00 00 4c 89 ff e8 b1 78 a3 ff 49 89 c5 e9 37
0x00007f03d35b7674:   ff ff ff 66 0f 1f 84 00 00 00 00 00 48 8b 7a 08
0x00007f03d35b7684:   e9 6d ff ff ff 0f 1f 80 00 00 00 00 e8 5b 48 0a
0x00007f03d35b7694:   00 84 c0 75 89 e9 6a ff ff ff 66 90 55 48 89 e5
0x00007f03d35b76a4:   41 56 41 55 41 54 49 89 fc 53 48 89 f3 66 48 8d
0x00007f03d35b76b4:   3d 27 5e 85 00 66 66 48 e8 df 43 8d ff 4c 8b 28
0x00007f03d35b76c4:   8b 05 be 72 8a 00 85 c0 75 14 ba 01 00 00 00 48
0x00007f03d35b76d4:   8d 0d ae 72 8a 00 f0 0f b1 11 85 c0 74 4e be c8
0x00007f03d35b76e4:   00 00 00 4c 89 ef e8 01 0b 41 00 48 8d 05 12 ac
0x00007f03d35b76f4:   85 00 49 89 d8 48 8d 0d e8 aa 53 00 ba 49 06 00
0x00007f03d35b7704:   00 48 8d 35 3c 35 58 00 bf 00 00 00 e0 48 8b 00
0x00007f03d35b7714:   c6 00 58 31 c0 e8 e2 91 c6 ff 5b 41 5c 41 5d 41
0x00007f03d35b7724:   5e 5d e9 55 34 26 00 0f 1f 44 00 00 48 8d 05 81
0x00007f03d35b7734:   a3 8b 00 48 89 df 4c 8b 30 e8 9e 43 8d ff 48 89
0x00007f03d35b7744:   de 48 89 c2 49 8b 06 4c 89 f7 ff 50 08 4c 89 f7
0x00007f03d35b7754:   e8 a7 5c 27 00 4d 85 e4 74 12 be 01 00 00 00 4c
0x00007f03d35b7764:   89 e7 e8 35 43 fc ff eb 82 0f 1f 00 be 01 00 00
0x00007f03d35b7774:   00 4c 89 ef e8 d3 fd ff ff e9 6d ff ff ff 66 66
0x00007f03d35b7784:   2e 0f 1f 84 00 00 00 00 00 0f 1f 00 55 48 89 e5
0x00007f03d35b7794:   41 57 41 56 41 55 41 54 53 48 81 ec 08 02 00 00
0x00007f03d35b77a4:   64 48 8b 04 25 28 00 00 00 48 89 45 c8 8b 07 83
0x00007f03d35b77b4:   f8 02 0f 84 11 04 00 00 4c 8b 6f 18 49 89 ff 49
0x00007f03d35b77c4:   89 f4 4d 85 ed 74 14 4c 89 ef e8 5d 57 22 00 41
0x00007f03d35b77d4:   8b 07 83 f8 02 0f 84 19 04 00 00 48 8d 1d 9a 06
0x00007f03d35b77e4:   8a 00 4c 8d 35 0b 3c 58 00 eb 38 90 48 85 d2 7f
0x00007f03d35b77f4:   0d 48 8d 05 b4 c0 85 00 48 83 38 00 7e 0e 41 8b
0x00007f03d35b7804:   77 2c 4c 89 f7 31 c0 e8 a0 b2 f7 ff 49 8b 7f 18 


Stack slot to memory mapping:
stack at sp + 0 slots: 0x00007f03b2ecb940 is pointing into the stack for thread: 0x00007f03cc0b2210
stack at sp + 1 slots: 0x00007f03cc0b2210 is a thread
stack at sp + 2 slots: 0x00007f03d13d08c8 points into unknown readable memory: 0x6573001880c9ffff | ff ff c9 80 18 00 73 65
stack at sp + 3 slots: 0x0000000800c417a0 is a pointer to class: 
jdk.vm.ci.services.Services {0x0000000800c417a0}
 - instance size:     2
 - klass size:        65
 - access:            public final synchronized 
 - state:             fully_initialized
 - name:              'jdk/vm/ci/services/Services'
 - super:             'java/lang/Object'
 - sub:               
 - arrays:            NULL
 - methods:           Array<T>(0x00007f03d04447e8)
 - method ordering:   Array<T>(0x0000000800928960)
 - default_methods:   Array<T>(0x0000000000000000)
 - local interfaces:  Array<T>(0x00000008005ce810)
 - trans. interfaces: Array<T>(0x00000008005ce810)
 - constants:         constant pool [427] {0x00007f03d04438c8} for 'jdk/vm/ci/services/Services' cache=0x00007f03d0445ab8
 - class loader data:  loader data: 0x00007f03cc0283f0 of 'bootstrap'
 - source file:       'Services.java'
 - class annotations:       Array<T>(0x0000000000000000)
 - class type annotations:  Array<T>(0x0000000000000000)
 - field annotations:       Array<T>(0x0000000000000000)
 - field type annotations:  Array<T>(0x0000000000000000)
 - inner classes:     Array<T>(0x00007f03d0445a88)
 - nest members:     Array<T>(0x00007f03d0445aa8)
 - permitted subclasses:     Array<T>(0x00000008005ce7a0)
 - java mirror:       a 'java/lang/Class'{0x00000000e0280710} = 'jdk/vm/ci/services/Services'
 - vtable length      5  (start addr: 0x0000000800c41970)
 - itable length      2 (start addr: 0x0000000800c41998)
 - ---- static fields (3 words):
 - public static final 'IS_BUILDING_NATIVE_IMAGE' 'Z' @128 
 - public static final 'IS_IN_NATIVE_IMAGE' 'Z' @129 
 - private static volatile 'savedProperties' 'Ljava/util/Map;' @112 
 - static final 'JVMCI_ENABLED' 'Z' @130 
 - private static final 'servicesCache' 'Ljava/util/Map;' @116 
 - private static final 'MAX_UNICODE_IN_UTF8_LENGTH' 'I' @120 
 - private static final 'MAX_UTF8_PROPERTY_STRING_LENGTH' 'I' @124 
 - ---- non-static fields (0 words):
 - non-static oop maps: 
stack at sp + 4 slots: 0x00007f03b2ecb500 is pointing into the stack for thread: 0x00007f03cc0b2210
stack at sp + 5 slots: 0x00007f03d35832fe: <offset 0x000000000093e2fe> in /nix/store/gpxl5qgg8kicmcvivwmybwjlpf7wh20l-graalvm17-ce-22.3.0/lib/server/libjvm.so at 0x00007f03d2c45000
stack at sp + 6 slots: 0x00007f03b2ecb3e0 is pointing into the stack for thread: 0x00007f03cc0b2210
stack at sp + 7 slots: 0x00007f03b2ecb440 is pointing into the stack for thread: 0x00007f03cc0b2210


---------------  P R O C E S S  ---------------

Threads class SMR info:
_java_thread_list=0x00007f03600eb740, length=28, elements={
0x00007f03cc026690, 0x00007f03cc0a64d0, 0x00007f03cc0a7910, 0x00007f03cc0ae080,
0x00007f03cc0af430, 0x00007f03cc0b0820, 0x00007f03cc0b2210, 0x00007f03cc0b3720,
0x00007f03cc0b4b70, 0x00007f03cc0dff50, 0x00007f03cc1279f0, 0x00007f03cc2cc2d0,
0x00007f03cc3145d0, 0x00007f03cc317260, 0x00007f036802be00, 0x00007f0368414ef0,
0x00007f034c000ff0, 0x00007f03687c6200, 0x00007f03cc362000, 0x00007f03cc3f72c0,
0x00007f0360050d30, 0x00007f03601bf920, 0x00007f03601c5830, 0x00007f034c04c330,
0x00007f036020eed0, 0x00007f03602125f0, 0x0000556a103b1cb0, 0x00007f0360213b00
}

Java Threads: ( => current thread )
  0x00007f03cc026690 JavaThread "main" [_thread_blocked, id=1760, stack(0x00007f03d2a60000,0x00007f03d2b60000)]
  0x00007f03cc0a64d0 JavaThread "Reference Handler" daemon [_thread_blocked, id=1763, stack(0x00007f03d01fe000,0x00007f03d02fe000)]
  0x00007f03cc0a7910 JavaThread "Finalizer" daemon [_thread_blocked, id=1764, stack(0x00007f03d00fe000,0x00007f03d01fe000)]
  0x00007f03cc0ae080 JavaThread "Signal Dispatcher" daemon [_thread_blocked, id=1765, stack(0x00007f03b30cd000,0x00007f03b31cd000)]
  0x00007f03cc0af430 JavaThread "Service Thread" daemon [_thread_blocked, id=1766, stack(0x00007f03b2fcd000,0x00007f03b30cd000)]
  0x00007f03cc0b0820 JavaThread "Monitor Deflation Thread" daemon [_thread_blocked, id=1767, stack(0x00007f03b2ecd000,0x00007f03b2fcd000)]
=>0x00007f03cc0b2210 JavaThread "JVMCI-native CompilerThread0" daemon [_thread_in_vm, id=1768, stack(0x00007f03b2ccd000,0x00007f03b2ecd000)]
  0x00007f03cc0b3720 JavaThread "C1 CompilerThread0" daemon [_thread_blocked, id=1769, stack(0x00007f03b2acd000,0x00007f03b2ccd000)]
  0x00007f03cc0b4b70 JavaThread "Sweeper thread" daemon [_thread_blocked, id=1770, stack(0x00007f03b29cd000,0x00007f03b2acd000)]
  0x00007f03cc0dff50 JavaThread "Common-Cleaner" daemon [_thread_blocked, id=1771, stack(0x00007f03b28cd000,0x00007f03b29cd000)]
  0x00007f03cc1279f0 JavaThread "Notification Thread" daemon [_thread_blocked, id=1772, stack(0x00007f03b27cd000,0x00007f03b28cd000)]
  0x00007f03cc2cc2d0 JavaThread "Active Thread: Equinox Container: ee5f9eea-cd7a-4c4d-b6c1-8bde85673748" [_thread_blocked, id=1785, stack(0x00007f03b25cb000,0x00007f03b26cb000)]
  0x00007f03cc3145d0 JavaThread "Framework Event Dispatcher: Equinox Container: ee5f9eea-cd7a-4c4d-b6c1-8bde85673748" daemon [_thread_blocked, id=1786, stack(0x00007f03b0100000,0x00007f03b0200000)]
  0x00007f03cc317260 JavaThread "Start Level: Equinox Container: ee5f9eea-cd7a-4c4d-b6c1-8bde85673748" daemon [_thread_blocked, id=1787, stack(0x00007f037ad00000,0x00007f037ae00000)]
  0x00007f036802be00 JavaThread "SCR Component Actor" daemon [_thread_blocked, id=1788, stack(0x00007f037ab00000,0x00007f037ac00000)]
  0x00007f0368414ef0 JavaThread "Worker-JM" [_thread_blocked, id=1798, stack(0x00007f037a700000,0x00007f037a800000)]
  0x00007f034c000ff0 JavaThread "Worker-2: Periodic workspace save." [_thread_blocked, id=1801, stack(0x00007f037a100000,0x00007f037a200000)]
  0x00007f03687c6200 JavaThread "Bundle File Closer" daemon [_thread_blocked, id=1807, stack(0x00007f0379d00000,0x00007f0379e00000)]
  0x00007f03cc362000 JavaThread "pool-3-thread-1" [_thread_blocked, id=1808, stack(0x00007f0379b00000,0x00007f0379c00000)]
  0x00007f03cc3f72c0 JavaThread "pool-2-thread-1" [_thread_blocked, id=1813, stack(0x00007f037a900000,0x00007f037aa00000)]
  0x00007f0360050d30 JavaThread "Worker-4: Compacting resource model" [_thread_blocked, id=1815, stack(0x00007f0379700000,0x00007f0379800000)]
  0x00007f03601bf920 JavaThread "Thread-3" [_thread_blocked, id=1890, stack(0x00007f0379100000,0x00007f0379200000)]
  0x00007f03601c5830 JavaThread "Thread-8" [_thread_blocked, id=1895, stack(0x00007f0378800000,0x00007f0378900000)]
  0x00007f034c04c330 JavaThread "Java indexing" daemon [_thread_blocked, id=2036, stack(0x00007f0378f00000,0x00007f0379000000)]
  0x00007f036020eed0 JavaThread "Thread-19" [_thread_blocked, id=2289, stack(0x00007f0379500000,0x00007f0379600000)]
  0x00007f03602125f0 JavaThread "Thread-20" [_thread_blocked, id=2318, stack(0x00007f037a500000,0x00007f037a600000)]
  0x0000556a103b1cb0 JavaThread "Worker-5" [_thread_blocked, id=2375, stack(0x00007f0379900000,0x00007f0379a00000)]
  0x00007f0360213b00 JavaThread "Thread-21" [_thread_blocked, id=2420, stack(0x00007f037a300000,0x00007f037a400000)]

Other Threads:
  0x00007f03cc0a1c10 VMThread "VM Thread" [stack: 0x00007f03d0300000,0x00007f03d0400000] [id=1762] _threads_hazard_ptr=0x00007f03600eb740
  0x00007f03cc129390 WatcherThread [stack: 0x00007f03b26cd000,0x00007f03b27cd000] [id=1773]
  0x00007f03cc03df30 GCTaskThread "GC Thread#0" [stack: 0x00007f03d2623000,0x00007f03d2723000] [id=1761]

Threads with active compile tasks:
JVMCI-native CompilerThread0   746979 11371   !   4       org.eclipse.osgi.internal.loader.BundleLoader::findRequiredSource (283 bytes)

VM state: synchronizing (normal execution)

VM Mutex/Monitor currently owned by a thread:  ([mutex/lock_event])
[0x00007f03cc023840] Threads_lock - owner thread: 0x00007f03cc0a1c10
[0x00007f03cc023ff0] Heap_lock - owner thread: 0x00007f03cc3f72c0

OutOfMemory and StackOverflow Exception counts:
OutOfMemoryError java_heap_errors=3
LinkageErrors=48

Heap address: 0x00000000e0000000, size: 512 MB, Compressed Oops mode: 32-bit

CDS archive(s) mapped at: [0x0000000800000000-0x0000000800bc8000-0x0000000800bc8000), size 12353536, SharedBaseAddress: 0x0000000800000000, ArchiveRelocationMode: 0.
Compressed class space mapped at: 0x0000000800c00000-0x0000000840c00000, reserved size: 1073741824
Narrow klass base: 0x0000000800000000, Narrow klass shift: 0, Narrow klass range: 0x100000000

GC Precious Log:
 CPUs: 4 total, 1 available
 Memory: 1024M
 Large Page Support: Disabled
 NUMA Support: Disabled
 Compressed Oops: Enabled (32-bit)
 Alignments: Space 512K, Generation 512K, Heap 2M
 Heap Min Capacity: 100M
 Heap Initial Capacity: 100M
 Heap Max Capacity: 512M
 Pre-touch: Disabled
 Parallel Workers: 1

Heap:
 PSYoungGen      total 31744K, used 23040K [0x00000000f5580000, 0x00000000f7e00000, 0x0000000100000000)
  eden space 23040K, 100% used [0x00000000f5580000,0x00000000f6c00000,0x00000000f6c00000)
  from space 8704K, 0% used [0x00000000f7580000,0x00000000f7580000,0x00000000f7e00000)
  to   space 8704K, 0% used [0x00000000f6c00000,0x00000000f6c00000,0x00000000f7480000)
 ParOldGen       total 349696K, used 349695K [0x00000000e0000000, 0x00000000f5580000, 0x00000000f5580000)
  object space 349696K, 99% used [0x00000000e0000000,0x00000000f557ffc8,0x00000000f5580000)
 Metaspace       used 54992K, committed 55872K, reserved 1105920K
  class space    used 5038K, committed 5440K, reserved 1048576K

Card table byte_map: [0x00007f03d2723000,0x00007f03d2824000] _byte_map_base: 0x00007f03d2023000

Marking Bits: (ParMarkBitMap*) 0x00007f03d3e734c0
 Begin Bits: [0x00007f03d1576000, 0x00007f03d1d76000)
 End Bits:   [0x00007f03d1d76000, 0x00007f03d2576000)

Polling page: 0x00007f03d2a3d000

Metaspace:

Usage:
  Non-class:     48.78 MB used.
      Class:      4.92 MB used.
       Both:     53.70 MB used.

Virtual space:
  Non-class space:       56.00 MB reserved,      49.25 MB ( 88%) committed,  7 nodes.
      Class space:        1.00 GB reserved,       5.31 MB ( <1%) committed,  1 nodes.
             Both:        1.05 GB reserved,      54.56 MB (  5%) committed. 

Chunk freelists:
   Non-Class:  2.00 MB
       Class:  2.76 MB
        Both:  4.76 MB

MaxMetaspaceSize: unlimited
CompressedClassSpaceSize: 1.00 GB
Initial GC threshold: 21.00 MB
Current GC threshold: 90.88 MB
CDS: on
MetaspaceReclaimPolicy: balanced
 - commit_granule_bytes: 65536.
 - commit_granule_words: 8192.
 - virtual_space_node_default_size: 1048576.
 - enlarge_chunks_in_place: 1.
 - new_chunks_are_fully_committed: 0.
 - uncommit_free_chunks: 1.
 - use_allocation_guard: 0.
 - handle_deallocations: 1.


Internal statistics:

num_allocs_failed_limit: 6.
num_arena_births: 378.
num_arena_deaths: 66.
num_vsnodes_births: 8.
num_vsnodes_deaths: 0.
num_space_committed: 869.
num_space_uncommitted: 0.
num_chunks_returned_to_freelist: 89.
num_chunks_taken_from_freelist: 2618.
num_chunk_merges: 32.
num_chunk_splits: 1705.
num_chunks_enlarged: 1085.
num_purges: 4.
num_inconsistent_stats: 0.

CodeHeap 'non-profiled nmethods': size=120036Kb used=3011Kb max_used=3087Kb free=117025Kb
 bounds [0x00007f03baf7a000, 0x00007f03bb28a000, 0x00007f03c24b3000]
CodeHeap 'profiled nmethods': size=120032Kb used=17242Kb max_used=19754Kb free=102789Kb
 bounds [0x00007f03b3a42000, 0x00007f03b4d92000, 0x00007f03baf7a000]
CodeHeap 'non-nmethods': size=5692Kb used=1352Kb max_used=1368Kb free=4339Kb
 bounds [0x00007f03b34b3000, 0x00007f03b3723000, 0x00007f03b3a42000]
 total_blobs=7976 nmethods=7297 adapters=581
 compilation: enabled
              stopped_count=0, restarted_count=0
 full_count=0

JVMCI Events (20 events):
Event: 385.459 Thread 0x00007f03cc0b2210 created JavaVM[3]@0x00007f035269e340 for JVMCI runtime 0
Event: 385.459 Thread 0x00007f03cc0b2210 initializing JVMCI runtime 0
Event: 385.459 Thread 0x00007f03cc0b2210 done waiting for JavaVM references initialization in JVMCI runtime 0
Event: 495.867 Thread 0x00007f03cc0b2210 initialized JVMCI runtime 0
Event: 526.832 Thread 0x00007f03cc0b2210 compacted oop handles in JVMCI runtime 0 from 66 to 59
Event: 541.725 Thread 0x00007f03cc0b2210 compacted oop handles in JVMCI runtime 0 from 81 to 78
Event: 557.115 Thread 0x00007f03cc0b2210 compacted oop handles in JVMCI runtime 0 from 90 to 53
Event: 564.570 Thread 0x00007f03cc0b2210 compacted oop handles in JVMCI runtime 0 from 59 to 57
Event: 566.954 Thread 0x00007f03cc0b2210 compacted oop handles in JVMCI runtime 0 from 70 to 63
Event: 568.263 Thread 0x00007f03cc0b2210 detaching from JVMCI runtime 0: releasing idle compiler thread (0 other threads still attached)
Event: 568.263 Thread 0x00007f03cc0b2210 shutting down HotSpotJVMCIRuntime for JVMCI runtime 0
Event: 568.263 Thread 0x00007f03cc0b2210 shut down JVMCI runtime 0
Event: 568.271 Thread 0x00007f03cc0b2210 destroyed JavaVM[3]@0x00007f035269e340 for JVMCI runtime 0
Event: 568.271 Thread 0x00007f03cc0b2210 compacted oop handles in JVMCI runtime 0 from 63 to 63
Event: 568.271 Thread 0x00007f03cc0b2210 releasing handles for JVMCI runtime 0: oop handles=63, metadata handles={total=224, live=205, blocks=67}
Event: 568.271 Thread 0x00007f03cc0b2210 detached from JVMCI runtime 0
Event: 592.776 Thread 0x00007f03cc0b2210 attached to JVMCI runtime 0
Event: 592.777 Thread 0x00007f03cc0b2210 created JavaVM[4]@0x00007f035269e340 for JVMCI runtime 0
Event: 592.777 Thread 0x00007f03cc0b2210 initializing JVMCI runtime 0
Event: 592.777 Thread 0x00007f03cc0b2210 done waiting for JavaVM references initialization in JVMCI runtime 0

Compilation events (20 events):
Event: 499.467 Thread 0x00007f03cc0b3720 11364  s    3       java.io.DataOutputStream::write (16 bytes)
Event: 499.468 Thread 0x00007f03cc0b3720 nmethod 11364 0x00007f03b3e10090 code [0x00007f03b3e10240, 0x00007f03b3e106e0]
Event: 513.436 Thread 0x00007f03cc0b3720 11367       3       org.eclipse.jface.text.AbstractLineTracker::checkRewriteSession (12 bytes)
Event: 516.520 Thread 0x00007f03cc0b3720 nmethod 11367 0x00007f03b3ab4690 code [0x00007f03b3ab4840, 0x00007f03b3ab4a60]
Event: 516.520 Thread 0x00007f03cc0b3720 11368       3       java.util.concurrent.ThreadPoolExecutor::runStateAtLeast (11 bytes)
Event: 516.523 Thread 0x00007f03cc0b3720 nmethod 11368 0x00007f03b3cfef90 code [0x00007f03b3cff120, 0x00007f03b3cff270]
Event: 526.832 Thread 0x00007f03cc0b2210 nmethod 11360 0x00007f03bb0fe590 code [0x00007f03bb0fe780, 0x00007f03bb0fef90]
Event: 526.832 Thread 0x00007f03cc0b2210 11366       4       java.util.Collections$UnmodifiableCollection$1::hasNext (10 bytes)
Event: 526.839 Thread 0x00007f03cc0b2210 nmethod 11366 0x00007f03bb0fe210 code [0x00007f03bb0fe3a0, 0x00007f03bb0fe4a0]
Event: 526.839 Thread 0x00007f03cc0b2210 11361       4       java.io.UnixFileSystem::normalize (131 bytes)
Event: 541.725 Thread 0x00007f03cc0b2210 nmethod 11361 0x00007f03baff0990 code [0x00007f03baff0bc0, 0x00007f03baff1798]
Event: 541.725 Thread 0x00007f03cc0b2210 11369       4       org.eclipse.jdt.internal.core.JrtPackageFragmentRoot::equals (69 bytes)
Event: 557.115 Thread 0x00007f03cc0b2210 nmethod 11369 0x00007f03bafefc90 code [0x00007f03bafefe60, 0x00007f03baff0550]
Event: 557.115 Thread 0x00007f03cc0b2210 11365       4       org.eclipse.core.runtime.Path::removeFirstSegments (94 bytes)
Event: 564.570 Thread 0x00007f03cc0b2210 nmethod 11365 0x00007f03bb0d3e10 code [0x00007f03bb0d3fc0, 0x00007f03bb0d46d0]
Event: 564.570 Thread 0x00007f03cc0b2210 11362       4       jdk.internal.reflect.Reflection::verifyModuleAccess (24 bytes)
Event: 566.954 Thread 0x00007f03cc0b2210 nmethod 11362 0x00007f03bb0d3010 code [0x00007f03bb0d31e0, 0x00007f03bb0d3820]
Event: 590.157 Thread 0x00007f03cc0b3720 11370       3       java.util.concurrent.ConcurrentHashMap::tableSizeFor (32 bytes)
Event: 590.158 Thread 0x00007f03cc0b3720 nmethod 11370 0x00007f03b3af1f10 code [0x00007f03b3af20c0, 0x00007f03b3af22e0]
Event: 592.776 Thread 0x00007f03cc0b2210 11371   !   4       org.eclipse.osgi.internal.loader.BundleLoader::findRequiredSource (283 bytes)

GC Heap History (20 events):
Event: 706.524 GC heap before
{Heap before GC invocations=537 (full 354):
 PSYoungGen      total 31744K, used 23039K [0x00000000f5580000, 0x00000000f7e00000, 0x0000000100000000)
  eden space 23040K, 99% used [0x00000000f5580000,0x00000000f6bffff8,0x00000000f6c00000)
  from space 8704K, 0% used [0x00000000f7580000,0x00000000f7580000,0x00000000f7e00000)
  to   space 8704K, 0% used [0x00000000f6c00000,0x00000000f6c00000,0x00000000f7480000)
 ParOldGen       total 349696K, used 349689K [0x00000000e0000000, 0x00000000f5580000, 0x00000000f5580000)
  object space 349696K, 99% used [0x00000000e0000000,0x00000000f557e760,0x00000000f5580000)
 Metaspace       used 54992K, committed 55872K, reserved 1105920K
  class space    used 5038K, committed 5440K, reserved 1048576K
}
Event: 712.540 GC heap after
{Heap after GC invocations=537 (full 354):
 PSYoungGen      total 31744K, used 23039K [0x00000000f5580000, 0x00000000f7e00000, 0x0000000100000000)
  eden space 23040K, 99% used [0x00000000f5580000,0x00000000f6bfffb0,0x00000000f6c00000)
  from space 8704K, 0% used [0x00000000f6c00000,0x00000000f6c00000,0x00000000f7480000)
  to   space 8704K, 0% used [0x00000000f7580000,0x00000000f7580000,0x00000000f7e00000)
 ParOldGen       total 349696K, used 349689K [0x00000000e0000000, 0x00000000f5580000, 0x00000000f5580000)
  object space 349696K, 99% used [0x00000000e0000000,0x00000000f557e748,0x00000000f5580000)
 Metaspace       used 54992K, committed 55872K, reserved 1105920K
  class space    used 5038K, committed 5440K, reserved 1048576K
}
Event: 712.555 GC heap before
{Heap before GC invocations=538 (full 355):
 PSYoungGen      total 31744K, used 23039K [0x00000000f5580000, 0x00000000f7e00000, 0x0000000100000000)
  eden space 23040K, 99% used [0x00000000f5580000,0x00000000f6bffff8,0x00000000f6c00000)
  from space 8704K, 0% used [0x00000000f6c00000,0x00000000f6c00000,0x00000000f7480000)
  to   space 8704K, 0% used [0x00000000f7580000,0x00000000f7580000,0x00000000f7e00000)
 ParOldGen       total 349696K, used 349689K [0x00000000e0000000, 0x00000000f5580000, 0x00000000f5580000)
  object space 349696K, 99% used [0x00000000e0000000,0x00000000f557e748,0x00000000f5580000)
 Metaspace       used 54992K, committed 55872K, reserved 1105920K
  class space    used 5038K, committed 5440K, reserved 1048576K
}
Event: 717.270 GC heap after
{Heap after GC invocations=538 (full 355):
 PSYoungGen      total 31744K, used 23039K [0x00000000f5580000, 0x00000000f7e00000, 0x0000000100000000)
  eden space 23040K, 99% used [0x00000000f5580000,0x00000000f6bfffe0,0x00000000f6c00000)
  from space 8704K, 0% used [0x00000000f7580000,0x00000000f7580000,0x00000000f7e00000)
  to   space 8704K, 0% used [0x00000000f6c00000,0x00000000f6c00000,0x00000000f7480000)
 ParOldGen       total 349696K, used 349689K [0x00000000e0000000, 0x00000000f5580000, 0x00000000f5580000)
  object space 349696K, 99% used [0x00000000e0000000,0x00000000f557e748,0x00000000f5580000)
 Metaspace       used 54992K, committed 55872K, reserved 1105920K
  class space    used 5038K, committed 5440K, reserved 1048576K
}
Event: 717.279 GC heap before
{Heap before GC invocations=539 (full 356):
 PSYoungGen      total 31744K, used 23039K [0x00000000f5580000, 0x00000000f7e00000, 0x0000000100000000)
  eden space 23040K, 99% used [0x00000000f5580000,0x00000000f6bffff8,0x00000000f6c00000)
  from space 8704K, 0% used [0x00000000f7580000,0x00000000f7580000,0x00000000f7e00000)
  to   space 8704K, 0% used [0x00000000f6c00000,0x00000000f6c00000,0x00000000f7480000)
 ParOldGen       total 349696K, used 349689K [0x00000000e0000000, 0x00000000f5580000, 0x00000000f5580000)
  object space 349696K, 99% used [0x00000000e0000000,0x00000000f557e748,0x00000000f5580000)
 Metaspace       used 54992K, committed 55872K, reserved 1105920K
  class space    used 5038K, committed 5440K, reserved 1048576K
}
Event: 721.627 GC heap after
{Heap after GC invocations=539 (full 356):
 PSYoungGen      total 31744K, used 23039K [0x00000000f5580000, 0x00000000f7e00000, 0x0000000100000000)
  eden space 23040K, 99% used [0x00000000f5580000,0x00000000f6bffff8,0x00000000f6c00000)
  from space 8704K, 0% used [0x00000000f6c00000,0x00000000f6c00000,0x00000000f7480000)
  to   space 8704K, 0% used [0x00000000f7580000,0x00000000f7580000,0x00000000f7e00000)
 ParOldGen       total 349696K, used 349689K [0x00000000e0000000, 0x00000000f5580000, 0x00000000f5580000)
  object space 349696K, 99% used [0x00000000e0000000,0x00000000f557e748,0x00000000f5580000)
 Metaspace       used 54992K, committed 55872K, reserved 1105920K
  class space    used 5038K, committed 5440K, reserved 1048576K
}
Event: 721.627 GC heap before
{Heap before GC invocations=540 (full 357):
 PSYoungGen      total 31744K, used 23039K [0x00000000f5580000, 0x00000000f7e00000, 0x0000000100000000)
  eden space 23040K, 99% used [0x00000000f5580000,0x00000000f6bffff8,0x00000000f6c00000)
  from space 8704K, 0% used [0x00000000f6c00000,0x00000000f6c00000,0x00000000f7480000)
  to   space 8704K, 0% used [0x00000000f7580000,0x00000000f7580000,0x00000000f7e00000)
 ParOldGen       total 349696K, used 349691K [0x00000000e0000000, 0x00000000f5580000, 0x00000000f5580000)
  object space 349696K, 99% used [0x00000000e0000000,0x00000000f557efd8,0x00000000f5580000)
 Metaspace       used 54992K, committed 55872K, reserved 1105920K
  class space    used 5038K, committed 5440K, reserved 1048576K
}
Event: 724.833 GC heap after
{Heap after GC invocations=540 (full 357):
 PSYoungGen      total 31744K, used 23039K [0x00000000f5580000, 0x00000000f7e00000, 0x0000000100000000)
  eden space 23040K, 99% used [0x00000000f5580000,0x00000000f6bffdb8,0x00000000f6c00000)
  from space 8704K, 0% used [0x00000000f7580000,0x00000000f7580000,0x00000000f7e00000)
  to   space 8704K, 0% used [0x00000000f6c00000,0x00000000f6c00000,0x00000000f7480000)
 ParOldGen       total 349696K, used 349691K [0x00000000e0000000, 0x00000000f5580000, 0x00000000f5580000)
  object space 349696K, 99% used [0x00000000e0000000,0x00000000f557efa8,0x00000000f5580000)
 Metaspace       used 54992K, committed 55872K, reserved 1105920K
  class space    used 5038K, committed 5440K, reserved 1048576K
}
Event: 724.839 GC heap before
{Heap before GC invocations=541 (full 358):
 PSYoungGen      total 31744K, used 23039K [0x00000000f5580000, 0x00000000f7e00000, 0x0000000100000000)
  eden space 23040K, 99% used [0x00000000f5580000,0x00000000f6bffff8,0x00000000f6c00000)
  from space 8704K, 0% used [0x00000000f7580000,0x00000000f7580000,0x00000000f7e00000)
  to   space 8704K, 0% used [0x00000000f6c00000,0x00000000f6c00000,0x00000000f7480000)
 ParOldGen       total 349696K, used 349691K [0x00000000e0000000, 0x00000000f5580000, 0x00000000f5580000)
  object space 349696K, 99% used [0x00000000e0000000,0x00000000f557efa8,0x00000000f5580000)
 Metaspace       used 54992K, committed 55872K, reserved 1105920K
  class space    used 5038K, committed 5440K, reserved 1048576K
}
Event: 728.864 GC heap after
{Heap after GC invocations=541 (full 358):
 PSYoungGen      total 31744K, used 23039K [0x00000000f5580000, 0x00000000f7e00000, 0x0000000100000000)
  eden space 23040K, 99% used [0x00000000f5580000,0x00000000f6bffe10,0x00000000f6c00000)
  from space 8704K, 0% used [0x00000000f6c00000,0x00000000f6c00000,0x00000000f7480000)
  to   space 8704K, 0% used [0x00000000f7580000,0x00000000f7580000,0x00000000f7e00000)
 ParOldGen       total 349696K, used 349691K [0x00000000e0000000, 0x00000000f5580000, 0x00000000f5580000)
  object space 349696K, 99% used [0x00000000e0000000,0x00000000f557efa8,0x00000000f5580000)
 Metaspace       used 54992K, committed 55872K, reserved 1105920K
  class space    used 5038K, committed 5440K, reserved 1048576K
}
Event: 728.870 GC heap before
{Heap before GC invocations=542 (full 359):
 PSYoungGen      total 31744K, used 23039K [0x00000000f5580000, 0x00000000f7e00000, 0x0000000100000000)
  eden space 23040K, 99% used [0x00000000f5580000,0x00000000f6bfffd8,0x00000000f6c00000)
  from space 8704K, 0% used [0x00000000f6c00000,0x00000000f6c00000,0x00000000f7480000)
  to   space 8704K, 0% used [0x00000000f7580000,0x00000000f7580000,0x00000000f7e00000)
 ParOldGen       total 349696K, used 349691K [0x00000000e0000000, 0x00000000f5580000, 0x00000000f5580000)
  object space 349696K, 99% used [0x00000000e0000000,0x00000000f557efa8,0x00000000f5580000)
 Metaspace       used 54992K, committed 55872K, reserved 1105920K
  class space    used 5038K, committed 5440K, reserved 1048576K
}
Event: 732.559 GC heap after
{Heap after GC invocations=542 (full 359):
 PSYoungGen      total 31744K, used 23039K [0x00000000f5580000, 0x00000000f7e00000, 0x0000000100000000)
  eden space 23040K, 99% used [0x00000000f5580000,0x00000000f6bffe48,0x00000000f6c00000)
  from space 8704K, 0% used [0x00000000f7580000,0x00000000f7580000,0x00000000f7e00000)
  to   space 8704K, 0% used [0x00000000f6c00000,0x00000000f6c00000,0x00000000f7480000)
 ParOldGen       total 349696K, used 349691K [0x00000000e0000000, 0x00000000f5580000, 0x00000000f5580000)
  object space 349696K, 99% used [0x00000000e0000000,0x00000000f557efa8,0x00000000f5580000)
 Metaspace       used 54992K, committed 55872K, reserved 1105920K
  class space    used 5038K, committed 5440K, reserved 1048576K
}
Event: 732.562 GC heap before
{Heap before GC invocations=543 (full 360):
 PSYoungGen      total 31744K, used 23040K [0x00000000f5580000, 0x00000000f7e00000, 0x0000000100000000)
  eden space 23040K, 100% used [0x00000000f5580000,0x00000000f6c00000,0x00000000f6c00000)
  from space 8704K, 0% used [0x00000000f7580000,0x00000000f7580000,0x00000000f7e00000)
  to   space 8704K, 0% used [0x00000000f6c00000,0x00000000f6c00000,0x00000000f7480000)
 ParOldGen       total 349696K, used 349695K [0x00000000e0000000, 0x00000000f5580000, 0x00000000f5580000)
  object space 349696K, 99% used [0x00000000e0000000,0x00000000f557fff8,0x00000000f5580000)
 Metaspace       used 54992K, committed 55872K, reserved 1105920K
  class space    used 5038K, committed 5440K, reserved 1048576K
}
Event: 735.377 GC heap after
{Heap after GC invocations=543 (full 360):
 PSYoungGen      total 31744K, used 23039K [0x00000000f5580000, 0x00000000f7e00000, 0x0000000100000000)
  eden space 23040K, 99% used [0x00000000f5580000,0x00000000f6bffe98,0x00000000f6c00000)
  from space 8704K, 0% used [0x00000000f6c00000,0x00000000f6c00000,0x00000000f7480000)
  to   space 8704K, 0% used [0x00000000f7580000,0x00000000f7580000,0x00000000f7e00000)
 ParOldGen       total 349696K, used 349695K [0x00000000e0000000, 0x00000000f5580000, 0x00000000f5580000)
  object space 349696K, 99% used [0x00000000e0000000,0x00000000f557fe70,0x00000000f5580000)
 Metaspace       used 54992K, committed 55872K, reserved 1105920K
  class space    used 5038K, committed 5440K, reserved 1048576K
}
Event: 735.418 GC heap before
{Heap before GC invocations=544 (full 361):
 PSYoungGen      total 31744K, used 23039K [0x00000000f5580000, 0x00000000f7e00000, 0x0000000100000000)
  eden space 23040K, 99% used [0x00000000f5580000,0x00000000f6bffff8,0x00000000f6c00000)
  from space 8704K, 0% used [0x00000000f6c00000,0x00000000f6c00000,0x00000000f7480000)
  to   space 8704K, 0% used [0x00000000f7580000,0x00000000f7580000,0x00000000f7e00000)
 ParOldGen       total 349696K, used 349695K [0x00000000e0000000, 0x00000000f5580000, 0x00000000f5580000)
  object space 349696K, 99% used [0x00000000e0000000,0x00000000f557fe70,0x00000000f5580000)
 Metaspace       used 54992K, committed 55872K, reserved 1105920K
  class space    used 5038K, committed 5440K, reserved 1048576K
}
Event: 739.052 GC heap after
{Heap after GC invocations=544 (full 361):
 PSYoungGen      total 31744K, used 23039K [0x00000000f5580000, 0x00000000f7e00000, 0x0000000100000000)
  eden space 23040K, 99% used [0x00000000f5580000,0x00000000f6bffe98,0x00000000f6c00000)
  from space 8704K, 0% used [0x00000000f7580000,0x00000000f7580000,0x00000000f7e00000)
  to   space 8704K, 0% used [0x00000000f6c00000,0x00000000f6c00000,0x00000000f7480000)
 ParOldGen       total 349696K, used 349695K [0x00000000e0000000, 0x00000000f5580000, 0x00000000f5580000)
  object space 349696K, 99% used [0x00000000e0000000,0x00000000f557fe70,0x00000000f5580000)
 Metaspace       used 54992K, committed 55872K, reserved 1105920K
  class space    used 5038K, committed 5440K, reserved 1048576K
}
Event: 739.061 GC heap before
{Heap before GC invocations=545 (full 362):
 PSYoungGen      total 31744K, used 23039K [0x00000000f5580000, 0x00000000f7e00000, 0x0000000100000000)
  eden space 23040K, 99% used [0x00000000f5580000,0x00000000f6bfff68,0x00000000f6c00000)
  from space 8704K, 0% used [0x00000000f7580000,0x00000000f7580000,0x00000000f7e00000)
  to   space 8704K, 0% used [0x00000000f6c00000,0x00000000f6c00000,0x00000000f7480000)
 ParOldGen       total 349696K, used 349695K [0x00000000e0000000, 0x00000000f5580000, 0x00000000f5580000)
  object space 349696K, 99% used [0x00000000e0000000,0x00000000f557fe70,0x00000000f5580000)
 Metaspace       used 54992K, committed 55872K, reserved 1105920K
  class space    used 5038K, committed 5440K, reserved 1048576K
}
Event: 742.434 GC heap after
{Heap after GC invocations=545 (full 362):
 PSYoungGen      total 31744K, used 23039K [0x00000000f5580000, 0x00000000f7e00000, 0x0000000100000000)
  eden space 23040K, 99% used [0x00000000f5580000,0x00000000f6bffe98,0x00000000f6c00000)
  from space 8704K, 0% used [0x00000000f6c00000,0x00000000f6c00000,0x00000000f7480000)
  to   space 8704K, 0% used [0x00000000f7580000,0x00000000f7580000,0x00000000f7e00000)
 ParOldGen       total 349696K, used 349695K [0x00000000e0000000, 0x00000000f5580000, 0x00000000f5580000)
  object space 349696K, 99% used [0x00000000e0000000,0x00000000f557fe70,0x00000000f5580000)
 Metaspace       used 54992K, committed 55872K, reserved 1105920K
  class space    used 5038K, committed 5440K, reserved 1048576K
}
Event: 742.434 GC heap before
{Heap before GC invocations=546 (full 363):
 PSYoungGen      total 31744K, used 23039K [0x00000000f5580000, 0x00000000f7e00000, 0x0000000100000000)
  eden space 23040K, 99% used [0x00000000f5580000,0x00000000f6bffe98,0x00000000f6c00000)
  from space 8704K, 0% used [0x00000000f6c00000,0x00000000f6c00000,0x00000000f7480000)
  to   space 8704K, 0% used [0x00000000f7580000,0x00000000f7580000,0x00000000f7e00000)
 ParOldGen       total 349696K, used 349695K [0x00000000e0000000, 0x00000000f5580000, 0x00000000f5580000)
  object space 349696K, 99% used [0x00000000e0000000,0x00000000f557fe70,0x00000000f5580000)
 Metaspace       used 54992K, committed 55872K, reserved 1105920K
  class space    used 5038K, committed 5440K, reserved 1048576K
}
Event: 746.111 GC heap after
{Heap after GC invocations=546 (full 363):
 PSYoungGen      total 31744K, used 23039K [0x00000000f5580000, 0x00000000f7e00000, 0x0000000100000000)
  eden space 23040K, 99% used [0x00000000f5580000,0x00000000f6bffe98,0x00000000f6c00000)
  from space 8704K, 0% used [0x00000000f7580000,0x00000000f7580000,0x00000000f7e00000)
  to   space 8704K, 0% used [0x00000000f6c00000,0x00000000f6c00000,0x00000000f7480000)
 ParOldGen       total 349696K, used 349695K [0x00000000e0000000, 0x00000000f5580000, 0x00000000f5580000)
  object space 349696K, 99% used [0x00000000e0000000,0x00000000f557fd90,0x00000000f5580000)
 Metaspace       used 54992K, committed 55872K, reserved 1105920K
  class space    used 5038K, committed 5440K, reserved 1048576K
}

Dll operation events (8 events):
Event: 0.011 Loaded shared library /nix/store/gpxl5qgg8kicmcvivwmybwjlpf7wh20l-graalvm17-ce-22.3.0/lib/libjava.so
Event: 0.056 Loaded shared library /nix/store/gpxl5qgg8kicmcvivwmybwjlpf7wh20l-graalvm17-ce-22.3.0/lib/libjsvml.so
Event: 0.254 Loaded shared library /nix/store/gpxl5qgg8kicmcvivwmybwjlpf7wh20l-graalvm17-ce-22.3.0/lib/libnio.so
Event: 0.260 Loaded shared library /nix/store/gpxl5qgg8kicmcvivwmybwjlpf7wh20l-graalvm17-ce-22.3.0/lib/libzip.so
Event: 0.272 Loaded shared library /nix/store/gpxl5qgg8kicmcvivwmybwjlpf7wh20l-graalvm17-ce-22.3.0/lib/libjvmcicompiler.so
Event: 0.679 Loaded shared library /nix/store/gpxl5qgg8kicmcvivwmybwjlpf7wh20l-graalvm17-ce-22.3.0/lib/libjimage.so
Event: 2.862 Loaded shared library /nix/store/gpxl5qgg8kicmcvivwmybwjlpf7wh20l-graalvm17-ce-22.3.0/lib/libnet.so
Event: 4.812 Loaded shared library /home/runner/.cache/jdt-language-server/config/org.eclipse.equinox.launcher/org.eclipse.equinox.launcher.gtk.linux.x86_64_1.2.400.v20211117-0650/eclipse_11600.so

Deoptimization events (20 events):
Event: 95.226 Thread 0x00007f0368626050 DEOPT PACKING pc=0x00007f03b4968d5d sp=0x00007f0379ffe530
Event: 95.226 Thread 0x00007f0368626050 DEOPT UNPACKING pc=0x00007f03b3505325 sp=0x00007f0379ffda20 mode 0
Event: 95.236 Thread 0x00007f0368626050 DEOPT PACKING pc=0x00007f03b4968d5d sp=0x00007f0379ffe530
Event: 95.236 Thread 0x00007f0368626050 DEOPT UNPACKING pc=0x00007f03b3505325 sp=0x00007f0379ffda20 mode 0
Event: 95.237 Thread 0x00007f0368626050 DEOPT PACKING pc=0x00007f03b4968d5d sp=0x00007f0379ffe530
Event: 95.237 Thread 0x00007f0368626050 DEOPT UNPACKING pc=0x00007f03b3505325 sp=0x00007f0379ffda20 mode 0
Event: 111.130 Thread 0x00007f0368626050 Uncommon trap: trap_request=0xffffff8f fr.pc=0x00007f03bb1bcb79 relative=0x0000000000000819
Event: 111.130 Thread 0x00007f0368626050 Uncommon trap: reason=constraint action=none pc=0x00007f03bb1bcb79 method=org.eclipse.jdt.internal.compiler.util.HashtableOfObject.<init>(I)V @ 65 jvmci
Event: 111.130 Thread 0x00007f0368626050 DEOPT PACKING pc=0x00007f03bb1bcb79 sp=0x00007f0379ffe490
Event: 111.130 Thread 0x00007f0368626050 DEOPT UNPACKING pc=0x00007f03b3505325 sp=0x00007f0379ffd8f8 mode 3
Event: 115.327 Thread 0x00007f0368626050 DEOPT PACKING pc=0x00007f03bb15df20 sp=0x00007f0379ffe510
Event: 115.327 Thread 0x00007f0368626050 DEOPT UNPACKING pc=0x00007f03b3505325 sp=0x00007f0379ffd9b0 mode 1
Event: 115.327 Thread 0x00007f0368626050 DEOPT PACKING pc=0x00007f03bb0ce2c4 sp=0x00007f0379ffe550
Event: 115.327 Thread 0x00007f0368626050 DEOPT UNPACKING pc=0x00007f03b3505325 sp=0x00007f0379ffda30 mode 1
Event: 116.764 Thread 0x00007f03601bf920 DEOPT PACKING pc=0x00007f03b3c1db7e sp=0x00007f03791fd1c0
Event: 116.764 Thread 0x00007f03601bf920 DEOPT UNPACKING pc=0x00007f03b3505325 sp=0x00007f03791fc738 mode 0
Event: 116.836 Thread 0x00007f03601bf920 Uncommon trap: trap_request=0xffffffed fr.pc=0x00007f03bb11c876 relative=0x0000000000001d96
Event: 116.836 Thread 0x00007f03601bf920 Uncommon trap: reason=null_assert_or_unreached0 action=reinterpret pc=0x00007f03bb11c876 method=org.eclipse.jdt.internal.core.index.DiskIndex.writeAllDocumentNames([Ljava/lang/String;Ljava/io/FileOutputStream;)V @ 492 jvmci
Event: 116.836 Thread 0x00007f03601bf920 DEOPT PACKING pc=0x00007f03bb11c876 sp=0x00007f03791fd230
Event: 116.836 Thread 0x00007f03601bf920 DEOPT UNPACKING pc=0x00007f03b3505325 sp=0x00007f03791fc748 mode 3

Classes unloaded (20 events):
Event: 106.354 Thread 0x00007f03cc0a1c10 Unloading class 0x0000000800d95000 'java/lang/invoke/LambdaForm$MH+0x0000000800d95000'
Event: 106.354 Thread 0x00007f03cc0a1c10 Unloading class 0x0000000800d94c00 'java/lang/invoke/LambdaForm$MH+0x0000000800d94c00'
Event: 106.354 Thread 0x00007f03cc0a1c10 Unloading class 0x0000000800d94800 'java/lang/invoke/LambdaForm$MH+0x0000000800d94800'
Event: 106.354 Thread 0x00007f03cc0a1c10 Unloading class 0x0000000800d94400 'java/lang/invoke/LambdaForm$MH+0x0000000800d94400'
Event: 106.354 Thread 0x00007f03cc0a1c10 Unloading class 0x0000000800d94000 'java/lang/invoke/LambdaForm$MH+0x0000000800d94000'
Event: 106.354 Thread 0x00007f03cc0a1c10 Unloading class 0x0000000800d78000 'jdk/internal/reflect/GeneratedConstructorAccessor3'
Event: 106.354 Thread 0x00007f03cc0a1c10 Unloading class 0x0000000800cb2800 'java/lang/invoke/LambdaForm$MH+0x0000000800cb2800'
Event: 106.354 Thread 0x00007f03cc0a1c10 Unloading class 0x0000000800cb2000 'java/lang/invoke/LambdaForm$MH+0x0000000800cb2000'
Event: 106.354 Thread 0x00007f03cc0a1c10 Unloading class 0x0000000800cb1c00 'java/lang/invoke/LambdaForm$MH+0x0000000800cb1c00'
Event: 106.354 Thread 0x00007f03cc0a1c10 Unloading class 0x0000000800cb1800 'java/lang/invoke/LambdaForm$MH+0x0000000800cb1800'
Event: 106.354 Thread 0x00007f03cc0a1c10 Unloading class 0x0000000800cb1000 'java/lang/invoke/LambdaForm$MH+0x0000000800cb1000'
Event: 106.354 Thread 0x00007f03cc0a1c10 Unloading class 0x0000000800cb0c00 'java/lang/invoke/LambdaForm$MH+0x0000000800cb0c00'
Event: 106.354 Thread 0x00007f03cc0a1c10 Unloading class 0x0000000800cb0800 'java/lang/invoke/LambdaForm$MH+0x0000000800cb0800'
Event: 106.354 Thread 0x00007f03cc0a1c10 Unloading class 0x0000000800cb0000 'java/lang/invoke/LambdaForm$MH+0x0000000800cb0000'
Event: 106.354 Thread 0x00007f03cc0a1c10 Unloading class 0x0000000800c85000 'jdk/internal/reflect/GeneratedMethodAccessor5'
Event: 106.354 Thread 0x00007f03cc0a1c10 Unloading class 0x0000000800c84c00 'jdk/internal/reflect/GeneratedMethodAccessor4'
Event: 106.354 Thread 0x00007f03cc0a1c10 Unloading class 0x0000000800c84800 'jdk/internal/reflect/GeneratedMethodAccessor3'
Event: 106.354 Thread 0x00007f03cc0a1c10 Unloading class 0x0000000800c84400 'jdk/internal/reflect/GeneratedMethodAccessor2'
Event: 106.354 Thread 0x00007f03cc0a1c10 Unloading class 0x0000000800c84000 'jdk/internal/reflect/GeneratedMethodAccessor1'
Event: 106.354 Thread 0x00007f03cc0a1c10 Unloading class 0x0000000800c01c00 'java/lang/invoke/LambdaForm$DMH+0x0000000800c01c00'

Classes redefined (0 events):
No events

Internal exceptions (20 events):
Event: 46.328 Thread 0x00007f0368626050 Implicit null exception at 0x00007f03bb120bb9 to 0x00007f03bb120fd4
Event: 46.956 Thread 0x00007f0360219f70 Exception <a 'java/lang/NoSuchMethodError'{0x00000000f5c80768}: 'void java.lang.invoke.DirectMethodHandle$Holder.invokeSpecial(java.lang.Object, java.lang.Object, int)'> (0x00000000f5c80768) 
thrown [src/hotspot/share/interpreter/linkResolver.cpp, line 758]
Event: 47.315 Thread 0x00007f03602114d0 Exception <a 'java/lang/ArrayIndexOutOfBoundsException'{0x00000000f6424090}: Index 46 out of bounds for length 46> (0x00000000f6424090) 
thrown [src/hotspot/share/interpreter/interpreterRuntime.cpp, line 428]
Event: 47.860 Thread 0x00007f03602114d0 Exception <a 'java/lang/ArrayIndexOutOfBoundsException'{0x00000000f615dac8}: Index 46 out of bounds for length 46> (0x00000000f615dac8) 
thrown [src/hotspot/share/interpreter/interpreterRuntime.cpp, line 428]
Event: 48.236 Thread 0x00007f03601c2fa0 Implicit null exception at 0x00007f03bb10ba93 to 0x00007f03bb10c118
Event: 49.424 Thread 0x00007f03602125f0 Exception <a 'java/lang/NoSuchMethodError'{0x00000000f5af32c0}: 'int java.lang.invoke.DirectMethodHandle$Holder.invokeSpecialIFC(java.lang.Object, java.lang.Object, java.lang.Object, java.lang.Object)'> (0x00000000f5af32c0) 
thrown [src/hotspot/share/interpreter/linkResolver.cpp, line 758]
Event: 50.218 Thread 0x00007f03580010d0 Implicit null exception at 0x00007f03bb130e3c to 0x00007f03b3504f68
Event: 50.218 Thread 0x00007f03580010d0 Implicit null exception at 0x00007f03bb0647bc to 0x00007f03b3504f68
Event: 52.837 Thread 0x00007f03601c2fa0 Implicit null exception at 0x00007f03bb0e4c90 to 0x00007f03b3504f68
Event: 54.648 Thread 0x00007f03601c2fa0 Implicit null exception at 0x00007f03bb0d525c to 0x00007f03b3504f68
Event: 54.814 Thread 0x00007f03580010d0 Implicit null exception at 0x00007f03bb02797a to 0x00007f03b3504f68
Event: 54.814 Thread 0x00007f03580010d0 Implicit null exception at 0x00007f03bafe32d7 to 0x00007f03b3504f68
Event: 54.814 Thread 0x00007f03580010d0 Implicit null exception at 0x00007f03bb03fa45 to 0x00007f03b3504f68
Event: 66.651 Thread 0x00007f0360050d30 Exception <a 'java/lang/NoSuchMethodError'{0x00000000f5d3f3c0}: 'java.lang.Object java.lang.invoke.DirectMethodHandle$Holder.newInvokeSpecial(java.lang.Object, java.lang.Object, java.lang.Object, int, java.lang.Object)'> (0x00000000f5d3f3c0) 
thrown [src/hotspot/share/interpreter/linkResolver.cpp, line 758]
Event: 66.652 Thread 0x00007f0360050d30 Exception <a 'java/lang/NoSuchMethodError'{0x00000000f5d440a8}: 'java.lang.Object java.lang.invoke.DirectMethodHandle$Holder.invokeSpecial(java.lang.Object, java.lang.Object, java.lang.Object, java.lang.Object, int, java.lang.Object)'> (0x00000000f5d440a8) 
thrown [src/hotspot/share/interpreter/linkResolver.cpp, line 758]
Event: 66.652 Thread 0x00007f0360050d30 Exception <a 'java/lang/NoSuchMethodError'{0x00000000f5d487e0}: 'java.lang.Object java.lang.invoke.Invokers$Holder.linkToTargetMethod(java.lang.Object, java.lang.Object, int, java.lang.Object, java.lang.Object)'> (0x00000000f5d487e0) 
thrown [src/hotspot/share/interpreter/linkResolver.cpp, line 758]
Event: 111.130 Thread 0x00007f0368626050 Exception <a 'java/lang/OutOfMemoryError'{0x00000000e00d1f68}> (0x00000000e00d1f68) 
thrown [src/hotspot/share/gc/shared/memAllocator.cpp, line 138]
Event: 111.130 Thread 0x00007f0368626050 Implicit null exception at 0x00007f03bb1bc937 to 0x00007f03bb1bcb5e
Event: 115.327 Thread 0x00007f0368626050 Exception <a 'java/lang/OutOfMemoryError'{0x00000000e00d1428}> (0x00000000e00d1428) 
thrown [src/hotspot/share/gc/shared/memAllocator.cpp, line 136]
Event: 746.112 Thread 0x00007f03cc0b2210 Exception <a 'java/lang/OutOfMemoryError'{0x00000000e00d1748}> (0x00000000e00d1748) 
thrown [src/hotspot/share/gc/shared/memAllocator.cpp, line 136]

VM Operations (20 events):
Event: 695.642 Executing VM operation: ParallelGCFailedAllocation
Event: 706.524 Executing VM operation: ParallelGCFailedAllocation done
Event: 706.524 Executing VM operation: ParallelGCFailedAllocation
Event: 712.553 Executing VM operation: ParallelGCFailedAllocation done
Event: 712.553 Executing VM operation: ParallelGCFailedAllocation
Event: 717.270 Executing VM operation: ParallelGCFailedAllocation done
Event: 717.279 Executing VM operation: ParallelGCFailedAllocation
Event: 721.627 Executing VM operation: ParallelGCFailedAllocation done
Event: 721.627 Executing VM operation: ParallelGCFailedAllocation
Event: 724.834 Executing VM operation: ParallelGCFailedAllocation done
Event: 724.835 Executing VM operation: ParallelGCFailedAllocation
Event: 728.870 Executing VM operation: ParallelGCFailedAllocation done
Event: 728.870 Executing VM operation: ParallelGCFailedAllocation
Event: 732.560 Executing VM operation: ParallelGCFailedAllocation done
Event: 732.562 Executing VM operation: ParallelGCFailedAllocation
Event: 735.414 Executing VM operation: ParallelGCFailedAllocation done
Event: 735.417 Executing VM operation: ParallelGCFailedAllocation
Event: 739.052 Executing VM operation: ParallelGCFailedAllocation done
Event: 739.059 Executing VM operation: ParallelGCFailedAllocation
Event: 746.112 Executing VM operation: ParallelGCFailedAllocation done

Events (20 events):
Event: 90.784 Thread 0x00007f03cc0b4b70 flushing nmethod 0x00007f03b4d61990
Event: 115.347 Thread 0x00007f038c05ea10 Thread added: 0x00007f038c05ea10
Event: 115.348 Protecting memory [0x00007f0379500000,0x00007f0379504000] with protection modes 0
Event: 115.349 Thread 0x00007f034c04c330 Thread added: 0x00007f034c04c330
Event: 115.349 loading class java/lang/Throwable$WrappedPrintStream
Event: 115.349 Protecting memory [0x00007f0378f00000,0x00007f0378f04000] with protection modes 0
Event: 115.356 loading class java/lang/Throwable$WrappedPrintStream done
Event: 116.554 Thread 0x00007f0368626050 Thread exited: 0x00007f0368626050
Event: 126.707 Thread 0x00007f03580010d0 Thread exited: 0x00007f03580010d0
Event: 126.707 Thread 0x00007f0358012240 Thread exited: 0x00007f0358012240
Event: 126.708 Thread 0x00007f0368497180 Thread exited: 0x00007f0368497180
Event: 185.263 Thread 0x00007f038c05ea10 Thread exited: 0x00007f038c05ea10
Event: 290.358 Thread 0x00007f036020eed0 Thread added: 0x00007f036020eed0
Event: 290.359 Protecting memory [0x00007f0379500000,0x00007f0379504000] with protection modes 0
Event: 312.939 Thread 0x00007f03602125f0 Thread added: 0x00007f03602125f0
Event: 312.940 Protecting memory [0x00007f037a500000,0x00007f037a504000] with protection modes 0
Event: 354.214 Thread 0x0000556a103b1cb0 Thread added: 0x0000556a103b1cb0
Event: 354.214 Protecting memory [0x00007f0379900000,0x00007f0379904000] with protection modes 0
Event: 386.749 Thread 0x00007f0360213b00 Thread added: 0x00007f0360213b00
Event: 386.749 Protecting memory [0x00007f037a300000,0x00007f037a304000] with protection modes 0


Dynamic libraries:
e0000000-f5580000 rw-p 00000000 00:00 0 
f5580000-f7e00000 rw-p 00000000 00:00 0 
f7e00000-100000000 ---p 00000000 00:00 0 
800000000-800449000 rw-p 00001000 00:2240 4611686019135357769            /nix/store/gpxl5qgg8kicmcvivwmybwjlpf7wh20l-graalvm17-ce-22.3.0/lib/server/classes.jsa
800449000-800bc8000 r--p 0044a000 00:2240 4611686019135357769            /nix/store/gpxl5qgg8kicmcvivwmybwjlpf7wh20l-graalvm17-ce-22.3.0/lib/server/classes.jsa
800bc8000-800c00000 ---p 00000000 00:00 0 
800c00000-800c20000 rw-p 00000000 00:00 0 
800c20000-800c40000 rw-p 00000000 00:00 0 
800c40000-800cc0000 rw-p 00000000 00:00 0 
800cc0000-800d00000 rw-p 00000000 00:00 0 
800d00000-800dc0000 rw-p 00000000 00:00 0 
800dc0000-800e00000 rw-p 00000000 00:00 0 
800e00000-801150000 rw-p 00000000 00:00 0 
801150000-840c00000 ---p 00000000 00:00 0 
556a0f64e000-556a0f64f000 r-xp 00000000 00:2240 4611686019099417844      /nix/store/gpxl5qgg8kicmcvivwmybwjlpf7wh20l-graalvm17-ce-22.3.0/bin/.java-wrapped
556a0f650000-556a0f651000 r--p 00001000 00:2240 4611686019099417844      /nix/store/gpxl5qgg8kicmcvivwmybwjlpf7wh20l-graalvm17-ce-22.3.0/bin/.java-wrapped
556a0f651000-556a0f652000 rw-p 00002000 00:2240 4611686019099417844      /nix/store/gpxl5qgg8kicmcvivwmybwjlpf7wh20l-graalvm17-ce-22.3.0/bin/.java-wrapped
556a0f652000-556a0f653000 rw-p 00004000 00:2240 4611686019099417844      /nix/store/gpxl5qgg8kicmcvivwmybwjlpf7wh20l-graalvm17-ce-22.3.0/bin/.java-wrapped
556a0f653000-556a0f654000 rw-p 00005000 00:2240 4611686019099417844      /nix/store/gpxl5qgg8kicmcvivwmybwjlpf7wh20l-graalvm17-ce-22.3.0/bin/.java-wrapped
556a10030000-556a10450000 rw-p 00000000 00:00 0                          [heap]
7f03424b3000-7f034c000000 r--s 00000000 00:2240 4611686019135192581      /nix/store/gpxl5qgg8kicmcvivwmybwjlpf7wh20l-graalvm17-ce-22.3.0/lib/modules
7f034c000000-7f034c0a6000 rw-p 00000000 00:00 0 
7f034c0a6000-7f0350000000 ---p 00000000 00:00 0 
7f0351a00000-7f0351b00000 ---p 00000000 00:00 0 
7f0351b00000-7f03520af000 r--p 01122000 00:2240 4611686019135190040      /nix/store/gpxl5qgg8kicmcvivwmybwjlpf7wh20l-graalvm17-ce-22.3.0/lib/libjvmcicompiler.so
7f03520af000-7f0352200000 r--p 00000000 00:00 0 
7f0352200000-7f035223d000 rw-p 00000000 00:00 0 
7f035223d000-7f035275d000 rw-p 0185f000 00:2240 4611686019135190040      /nix/store/gpxl5qgg8kicmcvivwmybwjlpf7wh20l-graalvm17-ce-22.3.0/lib/libjvmcicompiler.so
7f035275d000-7f0352b44000 r--p 01d7f000 00:2240 4611686019135190040      /nix/store/gpxl5qgg8kicmcvivwmybwjlpf7wh20l-graalvm17-ce-22.3.0/lib/libjvmcicompiler.so
7f0352c00000-7f0352c80000 rw-p 00000000 00:00 0 
7f0352c80000-7f0352e10000 rw-p 00000000 00:00 0 
7f0352e10000-7f0353400000 ---p 00000000 00:00 0 
7f0353800000-7f0353900000 rw-p 00000000 00:00 0 
7f0353900000-7f0353930000 rw-p 00000000 00:00 0 
7f0353930000-7f0353a00000 ---p 00000000 00:00 0 
7f0353a00000-7f0354000000 rw-p 00000000 00:00 0 
7f0354000000-7f0354021000 rw-p 00000000 00:00 0 
7f0354021000-7f0358000000 ---p 00000000 00:00 0 
7f0358000000-7f0358071000 rw-p 00000000 00:00 0 
7f0358071000-7f035c000000 ---p 00000000 00:00 0 
7f035c000000-7f035c021000 rw-p 00000000 00:00 0 
7f035c021000-7f0360000000 ---p 00000000 00:00 0 
7f0360000000-7f0360223000 rw-p 00000000 00:00 0 
7f0360223000-7f0364000000 ---p 00000000 00:00 0 
7f0364000000-7f0364021000 rw-p 00000000 00:00 0 
7f0364021000-7f0368000000 ---p 00000000 00:00 0 
7f0368000000-7f03688b0000 rw-p 00000000 00:00 0 
7f03688b0000-7f036c000000 ---p 00000000 00:00 0 
7f036c000000-7f036c02c000 rw-p 00000000 00:00 0 
7f036c02c000-7f0370000000 ---p 00000000 00:00 0 
7f0370000000-7f0370021000 rw-p 00000000 00:00 0 
7f0370021000-7f0374000000 ---p 00000000 00:00 0 
7f0375000000-7f0375800000 rw-p 00000000 00:00 0 
7f0375c00000-7f0375d80000 rw-p 00000000 00:00 0 
7f0375d80000-7f0375e00000 rw-p 00000000 00:00 0 
7f0375e00000-7f0376300000 rw-p 00000000 00:00 0 
7f0376300000-7f0376400000 rw-p 00000000 00:00 0 
7f0376400000-7f0376500000 rw-p 00000000 00:00 0 
7f0376500000-7f0376600000 rw-p 00000000 00:00 0 
7f0376600000-7f0376980000 rw-p 00000000 00:00 0 
7f0376980000-7f0376a00000 rw-p 00000000 00:00 0 
7f0376a00000-7f0376c00000 rw-p 00000000 00:00 0 
7f0376c00000-7f0376d00000 rw-p 00000000 00:00 0 
7f0376d00000-7f0376e00000 rw-p 00000000 00:00 0 
7f0376e00000-7f0377380000 rw-p 00000000 00:00 0 
7f0377380000-7f0377400000 rw-p 00000000 00:00 0 
7f0377500000-7f0377504000 ---p 00000000 00:00 0 
7f0377504000-7f0377600000 rw-p 00000000 00:00 0 
7f0377600000-7f0377610000 r-xp 00000000 00:223d 359                      /home/runner/.cache/jdt-language-server/config/org.eclipse.equinox.launcher/org.eclipse.equinox.launcher.gtk.linux.x86_64_1.2.400.v20211117-0650/eclipse_11600.so
7f0377610000-7f037780f000 ---p 00010000 00:223d 359                      /home/runner/.cache/jdt-language-server/config/org.eclipse.equinox.launcher/org.eclipse.equinox.launcher.gtk.linux.x86_64_1.2.400.v20211117-0650/eclipse_11600.so
7f037780f000-7f0377810000 r--p 0000f000 00:223d 359                      /home/runner/.cache/jdt-language-server/config/org.eclipse.equinox.launcher/org.eclipse.equinox.launcher.gtk.linux.x86_64_1.2.400.v20211117-0650/eclipse_11600.so
7f0377810000-7f0377811000 rw-p 00010000 00:223d 359                      /home/runner/.cache/jdt-language-server/config/org.eclipse.equinox.launcher/org.eclipse.equinox.launcher.gtk.linux.x86_64_1.2.400.v20211117-0650/eclipse_11600.so
7f0377900000-7f0377904000 ---p 00000000 00:00 0 
7f0377904000-7f0377a00000 rw-p 00000000 00:00 0 
7f0377b00000-7f0377b04000 ---p 00000000 00:00 0 
7f0377b04000-7f0377c00000 rw-p 00000000 00:00 0 
7f0377d00000-7f0377d04000 ---p 00000000 00:00 0 
7f0377d04000-7f0377e00000 rw-p 00000000 00:00 0 
7f0377f00000-7f0377f04000 ---p 00000000 00:00 0 
7f0377f04000-7f0378000000 rw-p 00000000 00:00 0 
7f0378100000-7f0378104000 ---p 00000000 00:00 0 
7f0378104000-7f0378200000 rw-p 00000000 00:00 0 
7f0378300000-7f0378304000 ---p 00000000 00:00 0 
7f0378304000-7f0378400000 rw-p 00000000 00:00 0 
7f0378500000-7f0378504000 ---p 00000000 00:00 0 
7f0378504000-7f0378600000 rw-p 00000000 00:00 0 
7f0378700000-7f0378704000 ---p 00000000 00:00 0 
7f0378704000-7f0378800000 rw-p 00000000 00:00 0 
7f0378800000-7f0378804000 ---p 00000000 00:00 0 
7f0378804000-7f0378900000 rw-p 00000000 00:00 0 
7f0378900000-7f0378904000 ---p 00000000 00:00 0 
7f0378904000-7f0378a00000 rw-p 00000000 00:00 0 
7f0378b00000-7f0378b04000 ---p 00000000 00:00 0 
7f0378b04000-7f0378c00000 rw-p 00000000 00:00 0 
7f0378d00000-7f0378d04000 ---p 00000000 00:00 0 
7f0378d04000-7f0378e00000 rw-p 00000000 00:00 0 
7f0378f00000-7f0378f04000 ---p 00000000 00:00 0 
7f0378f04000-7f0379000000 rw-p 00000000 00:00 0 
7f0379100000-7f0379104000 ---p 00000000 00:00 0 
7f0379104000-7f0379200000 rw-p 00000000 00:00 0 
7f0379300000-7f0379304000 ---p 00000000 00:00 0 
7f0379304000-7f0379400000 rw-p 00000000 00:00 0 
7f0379500000-7f0379504000 ---p 00000000 00:00 0 
7f0379504000-7f0379600000 rw-p 00000000 00:00 0 
7f0379700000-7f0379704000 ---p 00000000 00:00 0 
7f0379704000-7f0379800000 rw-p 00000000 00:00 0 
7f0379900000-7f0379904000 ---p 00000000 00:00 0 
7f0379904000-7f0379a00000 rw-p 00000000 00:00 0 
7f0379b00000-7f0379b04000 ---p 00000000 00:00 0 
7f0379b04000-7f0379c00000 rw-p 00000000 00:00 0 
7f0379d00000-7f0379d04000 ---p 00000000 00:00 0 
7f0379d04000-7f0379e00000 rw-p 00000000 00:00 0 
7f0379f00000-7f0379f04000 ---p 00000000 00:00 0 
7f0379f04000-7f037a000000 rw-p 00000000 00:00 0 
7f037a100000-7f037a104000 ---p 00000000 00:00 0 
7f037a104000-7f037a200000 rw-p 00000000 00:00 0 
7f037a300000-7f037a304000 ---p 00000000 00:00 0 
7f037a304000-7f037a400000 rw-p 00000000 00:00 0 
7f037a500000-7f037a504000 ---p 00000000 00:00 0 
7f037a504000-7f037a600000 rw-p 00000000 00:00 0 
7f037a700000-7f037a704000 ---p 00000000 00:00 0 
7f037a704000-7f037a800000 rw-p 00000000 00:00 0 
7f037a900000-7f037a904000 ---p 00000000 00:00 0 
7f037a904000-7f037aa00000 rw-p 00000000 00:00 0 
7f037ab00000-7f037ab04000 ---p 00000000 00:00 0 
7f037ab04000-7f037ac00000 rw-p 00000000 00:00 0 
7f037ad00000-7f037ad04000 ---p 00000000 00:00 0 
7f037ad04000-7f037ae00000 rw-p 00000000 00:00 0 
7f037ba68000-7f037bf00000 rw-p 00000000 00:00 0 
7f037c000000-7f037c055000 rw-p 00000000 00:00 0 
7f037c055000-7f0380000000 ---p 00000000 00:00 0 
7f0380000000-7f0380021000 rw-p 00000000 00:00 0 
7f0380021000-7f0384000000 ---p 00000000 00:00 0 
7f0384000000-7f0384081000 rw-p 00000000 00:00 0 
7f0384081000-7f0388000000 ---p 00000000 00:00 0 
7f0388000000-7f0388029000 rw-p 00000000 00:00 0 
7f0388029000-7f038c000000 ---p 00000000 00:00 0 
7f038c000000-7f038c101000 rw-p 00000000 00:00 0 
7f038c101000-7f0390000000 ---p 00000000 00:00 0 
7f0390000000-7f0390af1000 rw-p 00000000 00:00 0 
7f0390af1000-7f0394000000 ---p 00000000 00:00 0 
7f0394000000-7f0394025000 rw-p 00000000 00:00 0 
7f0394025000-7f0398000000 ---p 00000000 00:00 0 
7f0398000000-7f0398040000 rw-p 00000000 00:00 0 
7f0398040000-7f039c000000 ---p 00000000 00:00 0 
7f039c000000-7f039c02f000 rw-p 00000000 00:00 0 
7f039c02f000-7f03a0000000 ---p 00000000 00:00 0 
7f03a0000000-7f03a0021000 rw-p 00000000 00:00 0 
7f03a0021000-7f03a4000000 ---p 00000000 00:00 0 
7f03a4000000-7f03a4043000 rw-p 00000000 00:00 0 
7f03a4043000-7f03a8000000 ---p 00000000 00:00 0 
7f03a8000000-7f03a8066000 rw-p 00000000 00:00 0 
7f03a8066000-7f03ac000000 ---p 00000000 00:00 0 
7f03ac000000-7f03ac18c000 rw-p 00000000 00:00 0 
7f03ac18c000-7f03b0004000 ---p 00000000 00:00 0 
7f03b0004000-7f03b0100000 rw-p 00000000 00:00 0 
7f03b0100000-7f03b0104000 ---p 00000000 00:00 0 
7f03b0104000-7f03b0200000 rw-p 00000000 00:00 0 
7f03b0200000-7f03b236a000 r-xp 00000000 00:2240 4611686019135190040      /nix/store/gpxl5qgg8kicmcvivwmybwjlpf7wh20l-graalvm17-ce-22.3.0/lib/libjvmcicompiler.so
7f03b236a000-7f03b2569000 ---p 0216a000 00:2240 4611686019135190040      /nix/store/gpxl5qgg8kicmcvivwmybwjlpf7wh20l-graalvm17-ce-22.3.0/lib/libjvmcicompiler.so
7f03b2569000-7f03b256a000 r--p 02169000 00:2240 4611686019135190040      /nix/store/gpxl5qgg8kicmcvivwmybwjlpf7wh20l-graalvm17-ce-22.3.0/lib/libjvmcicompiler.so
7f03b256a000-7f03b256c000 rw-p 0216a000 00:2240 4611686019135190040      /nix/store/gpxl5qgg8kicmcvivwmybwjlpf7wh20l-graalvm17-ce-22.3.0/lib/libjvmcicompiler.so
7f03b256c000-7f03b256d000 rw-p 00000000 00:00 0 
7f03b256d000-7f03b2572000 rw-p 023c3000 00:2240 4611686019135190040      /nix/store/gpxl5qgg8kicmcvivwmybwjlpf7wh20l-graalvm17-ce-22.3.0/lib/libjvmcicompiler.so
7f03b25cb000-7f03b25cf000 ---p 00000000 00:00 0 
7f03b25cf000-7f03b26cb000 rw-p 00000000 00:00 0 
7f03b26cb000-7f03b26cc000 ---p 00000000 00:00 0 
7f03b26cc000-7f03b27cd000 rw-p 00000000 00:00 0 
7f03b27cd000-7f03b27d1000 ---p 00000000 00:00 0 
7f03b27d1000-7f03b28cd000 rw-p 00000000 00:00 0 
7f03b28cd000-7f03b28d1000 ---p 00000000 00:00 0 
7f03b28d1000-7f03b29cd000 rw-p 00000000 00:00 0 
7f03b29cd000-7f03b29d1000 ---p 00000000 00:00 0 
7f03b29d1000-7f03b2acd000 rw-p 00000000 00:00 0 
7f03b2acd000-7f03b2ad1000 ---p 00000000 00:00 0 
7f03b2ad1000-7f03b2ccd000 rw-p 00000000 00:00 0 
7f03b2ccd000-7f03b2cd1000 ---p 00000000 00:00 0 
7f03b2cd1000-7f03b2ecd000 rw-p 00000000 00:00 0 
7f03b2ecd000-7f03b2ed1000 ---p 00000000 00:00 0 
7f03b2ed1000-7f03b2fcd000 rw-p 00000000 00:00 0 
7f03b2fcd000-7f03b2fd1000 ---p 00000000 00:00 0 
7f03b2fd1000-7f03b30cd000 rw-p 00000000 00:00 0 
7f03b30cd000-7f03b30d1000 ---p 00000000 00:00 0 
7f03b30d1000-7f03b31cd000 rw-p 00000000 00:00 0 
7f03b31cd000-7f03b34b3000 r--p 00000000 00:21d3 28444448                 /usr/lib/locale/locale-archive
7f03b34b3000-7f03b3723000 rwxp 00000000 00:00 0 
7f03b3723000-7f03b3a42000 ---p 00000000 00:00 0 
7f03b3a42000-7f03b4d92000 rwxp 00000000 00:00 0 
7f03b4d92000-7f03baf7a000 ---p 00000000 00:00 0 
7f03baf7a000-7f03bb28a000 rwxp 00000000 00:00 0 
7f03bb28a000-7f03c24b3000 ---p 00000000 00:00 0 
7f03c24b3000-7f03cc000000 r--s 00000000 00:2240 4611686019135192581      /nix/store/gpxl5qgg8kicmcvivwmybwjlpf7wh20l-graalvm17-ce-22.3.0/lib/modules
7f03cc000000-7f03cc414000 rw-p 00000000 00:00 0 
7f03cc414000-7f03d0000000 ---p 00000000 00:00 0 
7f03d00fe000-7f03d0102000 ---p 00000000 00:00 0 
7f03d0102000-7f03d01fe000 rw-p 00000000 00:00 0 
7f03d01fe000-7f03d0202000 ---p 00000000 00:00 0 
7f03d0202000-7f03d02fe000 rw-p 00000000 00:00 0 
7f03d02fe000-7f03d02ff000 ---p 00000000 00:00 0 
7f03d02ff000-7f03d0800000 rw-p 00000000 00:00 0 
7f03d0800000-7f03d0ac0000 rw-p 00000000 00:00 0 
7f03d0ac0000-7f03d0b00000 rw-p 00000000 00:00 0 
7f03d0b00000-7f03d0c00000 rw-p 00000000 00:00 0 
7f03d0c16000-7f03d0c1a000 ---p 00000000 00:00 0 
7f03d0c1a000-7f03d0c38000 rw-p 00000000 00:00 0 
7f03d0c38000-7f03d0c3f000 r-xp 00000000 00:2240 4611686019135192580      /nix/store/gpxl5qgg8kicmcvivwmybwjlpf7wh20l-graalvm17-ce-22.3.0/lib/libzip.so
7f03d0c3f000-7f03d0c40000 ---p 00007000 00:2240 4611686019135192580      /nix/store/gpxl5qgg8kicmcvivwmybwjlpf7wh20l-graalvm17-ce-22.3.0/lib/libzip.so
7f03d0c40000-7f03d0c41000 r--p 00007000 00:2240 4611686019135192580      /nix/store/gpxl5qgg8kicmcvivwmybwjlpf7wh20l-graalvm17-ce-22.3.0/lib/libzip.so
7f03d0c41000-7f03d0c42000 rw-p 00008000 00:2240 4611686019135192580      /nix/store/gpxl5qgg8kicmcvivwmybwjlpf7wh20l-graalvm17-ce-22.3.0/lib/libzip.so
7f03d0c42000-7f03d0c44000 rw-p 0000b000 00:2240 4611686019135192580      /nix/store/gpxl5qgg8kicmcvivwmybwjlpf7wh20l-graalvm17-ce-22.3.0/lib/libzip.so
7f03d0c44000-7f03d0c59000 r-xp 00000000 00:2240 4611686019135192570      /nix/store/gpxl5qgg8kicmcvivwmybwjlpf7wh20l-graalvm17-ce-22.3.0/lib/libnet.so
7f03d0c59000-7f03d0c5a000 ---p 00015000 00:2240 4611686019135192570      /nix/store/gpxl5qgg8kicmcvivwmybwjlpf7wh20l-graalvm17-ce-22.3.0/lib/libnet.so
7f03d0c5a000-7f03d0c5b000 r--p 00015000 00:2240 4611686019135192570      /nix/store/gpxl5qgg8kicmcvivwmybwjlpf7wh20l-graalvm17-ce-22.3.0/lib/libnet.so
7f03d0c5b000-7f03d0c5c000 rw-p 00016000 00:2240 4611686019135192570      /nix/store/gpxl5qgg8kicmcvivwmybwjlpf7wh20l-graalvm17-ce-22.3.0/lib/libnet.so
7f03d0c5c000-7f03d0c5f000 rw-p 0001b000 00:2240 4611686019135192570      /nix/store/gpxl5qgg8kicmcvivwmybwjlpf7wh20l-graalvm17-ce-22.3.0/lib/libnet.so
7f03d0c5f000-7f03d0c72000 r-xp 00000000 00:2240 4611686019135192571      /nix/store/gpxl5qgg8kicmcvivwmybwjlpf7wh20l-graalvm17-ce-22.3.0/lib/libnio.so
7f03d0c72000-7f03d0c73000 r--p 00012000 00:2240 4611686019135192571      /nix/store/gpxl5qgg8kicmcvivwmybwjlpf7wh20l-graalvm17-ce-22.3.0/lib/libnio.so
7f03d0c73000-7f03d0c74000 rw-p 00013000 00:2240 4611686019135192571      /nix/store/gpxl5qgg8kicmcvivwmybwjlpf7wh20l-graalvm17-ce-22.3.0/lib/libnio.so
7f03d0c74000-7f03d0c79000 rw-p 00019000 00:2240 4611686019135192571      /nix/store/gpxl5qgg8kicmcvivwmybwjlpf7wh20l-graalvm17-ce-22.3.0/lib/libnio.so
7f03d0c79000-7f03d0d47000 r-xp 00000000 00:2240 4611686019135190036      /nix/store/gpxl5qgg8kicmcvivwmybwjlpf7wh20l-graalvm17-ce-22.3.0/lib/libjsvml.so
7f03d0d47000-7f03d0d48000 r--p 000cd000 00:2240 4611686019135190036      /nix/store/gpxl5qgg8kicmcvivwmybwjlpf7wh20l-graalvm17-ce-22.3.0/lib/libjsvml.so
7f03d0d48000-7f03d0d49000 rw-p 000ce000 00:2240 4611686019135190036      /nix/store/gpxl5qgg8kicmcvivwmybwjlpf7wh20l-graalvm17-ce-22.3.0/lib/libjsvml.so
7f03d0d49000-7f03d2621000 rw-p 00000000 00:00 0 
7f03d2621000-7f03d2622000 ---p 00000000 00:00 0 
7f03d2622000-7f03d27cd000 rw-p 00000000 00:00 0 
7f03d27cd000-7f03d27e2000 rw-p 00000000 00:00 0 
7f03d27e2000-7f03d2823000 ---p 00000000 00:00 0 
7f03d2823000-7f03d282b000 rw-p 00000000 00:00 0 
7f03d282b000-7f03d290f000 ---p 00000000 00:00 0 
7f03d290f000-7f03d2936000 rw-p 00000000 00:00 0 
7f03d2936000-7f03d29fa000 ---p 00000000 00:00 0 
7f03d29fa000-7f03d29ff000 rw-p 00000000 00:00 0 
7f03d29ff000-7f03d2a06000 ---p 00000000 00:00 0 
7f03d2a06000-7f03d2a2a000 r-xp 00000000 00:2240 4611686019135190028      /nix/store/gpxl5qgg8kicmcvivwmybwjlpf7wh20l-graalvm17-ce-22.3.0/lib/libjava.so
7f03d2a2a000-7f03d2a2b000 ---p 00024000 00:2240 4611686019135190028      /nix/store/gpxl5qgg8kicmcvivwmybwjlpf7wh20l-graalvm17-ce-22.3.0/lib/libjava.so
7f03d2a2b000-7f03d2a2c000 r--p 00024000 00:2240 4611686019135190028      /nix/store/gpxl5qgg8kicmcvivwmybwjlpf7wh20l-graalvm17-ce-22.3.0/lib/libjava.so
7f03d2a2c000-7f03d2a2d000 rw-p 00025000 00:2240 4611686019135190028      /nix/store/gpxl5qgg8kicmcvivwmybwjlpf7wh20l-graalvm17-ce-22.3.0/lib/libjava.so
7f03d2a2d000-7f03d2a2e000 rw-p 00000000 00:00 0 
7f03d2a2e000-7f03d2a35000 rw-p 0002f000 00:2240 4611686019135190028      /nix/store/gpxl5qgg8kicmcvivwmybwjlpf7wh20l-graalvm17-ce-22.3.0/lib/libjava.so
7f03d2a35000-7f03d2a3d000 rw-s 00000000 00:1f6a 735                      /tmp/hsperfdata_runner/1754
7f03d2a3d000-7f03d2a3e000 ---p 00000000 00:00 0 
7f03d2a3e000-7f03d2a3f000 r--p 00000000 00:00 0 
7f03d2a3f000-7f03d2a40000 rwxp 00000000 00:00 0 
7f03d2a40000-7f03d2a5b000 r-xp 00000000 00:2240 4611686019135190032      /nix/store/gpxl5qgg8kicmcvivwmybwjlpf7wh20l-graalvm17-ce-22.3.0/lib/libjimage.so
7f03d2a5b000-7f03d2a5c000 ---p 0001b000 00:2240 4611686019135190032      /nix/store/gpxl5qgg8kicmcvivwmybwjlpf7wh20l-graalvm17-ce-22.3.0/lib/libjimage.so
7f03d2a5c000-7f03d2a5e000 r--p 0001b000 00:2240 4611686019135190032      /nix/store/gpxl5qgg8kicmcvivwmybwjlpf7wh20l-graalvm17-ce-22.3.0/lib/libjimage.so
7f03d2a5e000-7f03d2a5f000 rw-p 0001d000 00:2240 4611686019135190032      /nix/store/gpxl5qgg8kicmcvivwmybwjlpf7wh20l-graalvm17-ce-22.3.0/lib/libjimage.so
7f03d2a5f000-7f03d2a60000 rw-p 00024000 00:2240 4611686019135190032      /nix/store/gpxl5qgg8kicmcvivwmybwjlpf7wh20l-graalvm17-ce-22.3.0/lib/libjimage.so
7f03d2a60000-7f03d2a64000 ---p 00000000 00:00 0 
7f03d2a64000-7f03d2b60000 rw-p 00000000 00:00 0 
7f03d2b60000-7f03d2b6e000 r--p 00000000 00:2240 4611686019027979927      /nix/store/4nlgxhb09sdr51nc9hdm8az5b08vzkgx-glibc-2.35-163/lib/libm.so.6
7f03d2b6e000-7f03d2be1000 r-xp 0000e000 00:2240 4611686019027979927      /nix/store/4nlgxhb09sdr51nc9hdm8az5b08vzkgx-glibc-2.35-163/lib/libm.so.6
7f03d2be1000-7f03d2c3e000 r--p 00081000 00:2240 4611686019027979927      /nix/store/4nlgxhb09sdr51nc9hdm8az5b08vzkgx-glibc-2.35-163/lib/libm.so.6
7f03d2c3e000-7f03d2c3f000 r--p 000dd000 00:2240 4611686019027979927      /nix/store/4nlgxhb09sdr51nc9hdm8az5b08vzkgx-glibc-2.35-163/lib/libm.so.6
7f03d2c3f000-7f03d2c40000 rw-p 000de000 00:2240 4611686019027979927      /nix/store/4nlgxhb09sdr51nc9hdm8az5b08vzkgx-glibc-2.35-163/lib/libm.so.6
7f03d2c40000-7f03d2c41000 r--p 00000000 00:2240 4611686019027979946      /nix/store/4nlgxhb09sdr51nc9hdm8az5b08vzkgx-glibc-2.35-163/lib/librt.so.1
7f03d2c41000-7f03d2c42000 r-xp 00001000 00:2240 4611686019027979946      /nix/store/4nlgxhb09sdr51nc9hdm8az5b08vzkgx-glibc-2.35-163/lib/librt.so.1
7f03d2c42000-7f03d2c43000 r--p 00002000 00:2240 4611686019027979946      /nix/store/4nlgxhb09sdr51nc9hdm8az5b08vzkgx-glibc-2.35-163/lib/librt.so.1
7f03d2c43000-7f03d2c44000 r--p 00002000 00:2240 4611686019027979946      /nix/store/4nlgxhb09sdr51nc9hdm8az5b08vzkgx-glibc-2.35-163/lib/librt.so.1
7f03d2c44000-7f03d2c45000 rw-p 00003000 00:2240 4611686019027979946      /nix/store/4nlgxhb09sdr51nc9hdm8az5b08vzkgx-glibc-2.35-163/lib/librt.so.1
7f03d2c45000-7f03d3d58000 r-xp 00000000 00:2240 4611686019135360866      /nix/store/gpxl5qgg8kicmcvivwmybwjlpf7wh20l-graalvm17-ce-22.3.0/lib/server/libjvm.so
7f03d3d58000-7f03d3d59000 ---p 01113000 00:2240 4611686019135360866      /nix/store/gpxl5qgg8kicmcvivwmybwjlpf7wh20l-graalvm17-ce-22.3.0/lib/server/libjvm.so
7f03d3d59000-7f03d3e0e000 r--p 01113000 00:2240 4611686019135360866      /nix/store/gpxl5qgg8kicmcvivwmybwjlpf7wh20l-graalvm17-ce-22.3.0/lib/server/libjvm.so
7f03d3e0e000-7f03d3e42000 rw-p 011c8000 00:2240 4611686019135360866      /nix/store/gpxl5qgg8kicmcvivwmybwjlpf7wh20l-graalvm17-ce-22.3.0/lib/server/libjvm.so
7f03d3e42000-7f03d3e9e000 rw-p 00000000 00:00 0 
7f03d3e9e000-7f03d3ec6000 r--p 00000000 00:2240 4611686019027979918      /nix/store/4nlgxhb09sdr51nc9hdm8az5b08vzkgx-glibc-2.35-163/lib/libc.so.6
7f03d3ec6000-7f03d403c000 r-xp 00028000 00:2240 4611686019027979918      /nix/store/4nlgxhb09sdr51nc9hdm8az5b08vzkgx-glibc-2.35-163/lib/libc.so.6
7f03d403c000-7f03d4094000 r--p 0019e000 00:2240 4611686019027979918      /nix/store/4nlgxhb09sdr51nc9hdm8az5b08vzkgx-glibc-2.35-163/lib/libc.so.6
7f03d4094000-7f03d4098000 r--p 001f6000 00:2240 4611686019027979918      /nix/store/4nlgxhb09sdr51nc9hdm8az5b08vzkgx-glibc-2.35-163/lib/libc.so.6
7f03d4098000-7f03d409a000 rw-p 001fa000 00:2240 4611686019027979918      /nix/store/4nlgxhb09sdr51nc9hdm8az5b08vzkgx-glibc-2.35-163/lib/libc.so.6
7f03d409a000-7f03d40a9000 rw-p 00000000 00:00 0 
7f03d40a9000-7f03d40aa000 r--p 00000000 00:2240 4611686019027979923      /nix/store/4nlgxhb09sdr51nc9hdm8az5b08vzkgx-glibc-2.35-163/lib/libdl.so.2
7f03d40aa000-7f03d40ab000 r-xp 00001000 00:2240 4611686019027979923      /nix/store/4nlgxhb09sdr51nc9hdm8az5b08vzkgx-glibc-2.35-163/lib/libdl.so.2
7f03d40ab000-7f03d40ac000 r--p 00002000 00:2240 4611686019027979923      /nix/store/4nlgxhb09sdr51nc9hdm8az5b08vzkgx-glibc-2.35-163/lib/libdl.so.2
7f03d40ac000-7f03d40ad000 r--p 00002000 00:2240 4611686019027979923      /nix/store/4nlgxhb09sdr51nc9hdm8az5b08vzkgx-glibc-2.35-163/lib/libdl.so.2
7f03d40ad000-7f03d40ae000 rw-p 00003000 00:2240 4611686019027979923      /nix/store/4nlgxhb09sdr51nc9hdm8az5b08vzkgx-glibc-2.35-163/lib/libdl.so.2
7f03d40ae000-7f03d40af000 r--p 00000000 00:2240 4611686019027979942      /nix/store/4nlgxhb09sdr51nc9hdm8az5b08vzkgx-glibc-2.35-163/lib/libpthread.so.0
7f03d40af000-7f03d40b0000 r-xp 00001000 00:2240 4611686019027979942      /nix/store/4nlgxhb09sdr51nc9hdm8az5b08vzkgx-glibc-2.35-163/lib/libpthread.so.0
7f03d40b0000-7f03d40b1000 r--p 00002000 00:2240 4611686019027979942      /nix/store/4nlgxhb09sdr51nc9hdm8az5b08vzkgx-glibc-2.35-163/lib/libpthread.so.0
7f03d40b1000-7f03d40b2000 r--p 00002000 00:2240 4611686019027979942      /nix/store/4nlgxhb09sdr51nc9hdm8az5b08vzkgx-glibc-2.35-163/lib/libpthread.so.0
7f03d40b2000-7f03d40b3000 rw-p 00003000 00:2240 4611686019027979942      /nix/store/4nlgxhb09sdr51nc9hdm8az5b08vzkgx-glibc-2.35-163/lib/libpthread.so.0
7f03d40b3000-7f03d40c1000 r-xp 00000000 00:2240 4611686019135190033      /nix/store/gpxl5qgg8kicmcvivwmybwjlpf7wh20l-graalvm17-ce-22.3.0/lib/libjli.so
7f03d40c1000-7f03d40c2000 ---p 0000e000 00:2240 4611686019135190033      /nix/store/gpxl5qgg8kicmcvivwmybwjlpf7wh20l-graalvm17-ce-22.3.0/lib/libjli.so
7f03d40c2000-7f03d40c3000 r--p 0000e000 00:2240 4611686019135190033      /nix/store/gpxl5qgg8kicmcvivwmybwjlpf7wh20l-graalvm17-ce-22.3.0/lib/libjli.so
7f03d40c3000-7f03d40c4000 rw-p 0000f000 00:2240 4611686019135190033      /nix/store/gpxl5qgg8kicmcvivwmybwjlpf7wh20l-graalvm17-ce-22.3.0/lib/libjli.so
7f03d40c4000-7f03d40c5000 rw-p 00012000 00:2240 4611686019135190033      /nix/store/gpxl5qgg8kicmcvivwmybwjlpf7wh20l-graalvm17-ce-22.3.0/lib/libjli.so
7f03d40c5000-7f03d40c8000 r--p 00000000 00:2240 4611686019106210071      /nix/store/026hln0aq1hyshaxsdvhg0kmcm6yf45r-zlib-1.2.13/lib/libz.so.1.2.13
7f03d40c8000-7f03d40da000 r-xp 00003000 00:2240 4611686019106210071      /nix/store/026hln0aq1hyshaxsdvhg0kmcm6yf45r-zlib-1.2.13/lib/libz.so.1.2.13
7f03d40da000-7f03d40e1000 r--p 00015000 00:2240 4611686019106210071      /nix/store/026hln0aq1hyshaxsdvhg0kmcm6yf45r-zlib-1.2.13/lib/libz.so.1.2.13
7f03d40e1000-7f03d40e2000 r--p 0001b000 00:2240 4611686019106210071      /nix/store/026hln0aq1hyshaxsdvhg0kmcm6yf45r-zlib-1.2.13/lib/libz.so.1.2.13
7f03d40e2000-7f03d40e3000 rw-p 0001c000 00:2240 4611686019106210071      /nix/store/026hln0aq1hyshaxsdvhg0kmcm6yf45r-zlib-1.2.13/lib/libz.so.1.2.13
7f03d40e3000-7f03d40e5000 rw-p 00000000 00:00 0 
7f03d40e5000-7f03d40e7000 r--p 00000000 00:2240 4611686019027979912      /nix/store/4nlgxhb09sdr51nc9hdm8az5b08vzkgx-glibc-2.35-163/lib/ld-linux-x86-64.so.2
7f03d40e7000-7f03d410e000 r-xp 00002000 00:2240 4611686019027979912      /nix/store/4nlgxhb09sdr51nc9hdm8az5b08vzkgx-glibc-2.35-163/lib/ld-linux-x86-64.so.2
7f03d410e000-7f03d411a000 r--p 00029000 00:2240 4611686019027979912      /nix/store/4nlgxhb09sdr51nc9hdm8az5b08vzkgx-glibc-2.35-163/lib/ld-linux-x86-64.so.2
7f03d411a000-7f03d411c000 r--p 00034000 00:2240 4611686019027979912      /nix/store/4nlgxhb09sdr51nc9hdm8az5b08vzkgx-glibc-2.35-163/lib/ld-linux-x86-64.so.2
7f03d411c000-7f03d411e000 rw-p 00036000 00:2240 4611686019027979912      /nix/store/4nlgxhb09sdr51nc9hdm8az5b08vzkgx-glibc-2.35-163/lib/ld-linux-x86-64.so.2
7ffddc06b000-7ffddc090000 rw-p 00000000 00:00 0                          [stack]
7ffddc1cf000-7ffddc1d3000 r--p 00000000 00:00 0                          [vvar]
7ffddc1d3000-7ffddc1d5000 r-xp 00000000 00:00 0                          [vdso]
ffffffffff600000-ffffffffff601000 --xp 00000000 00:00 0                  [vsyscall]


VM Arguments:
jvm_args: -XX:ThreadPriorityPolicy=1 -XX:+UnlockExperimentalVMOptions -XX:+EnableJVMCIProduct -XX:JVMCIThreadsPerNativeLibraryRuntime=1 -XX:-UnlockExperimentalVMOptions -Declipse.application=org.eclipse.jdt.ls.core.id1 -Dosgi.bundles.defaultStartLevel=4 -Declipse.product=org.eclipse.jdt.ls.core.product -Dlog.level=ALL -Xverify:none -XX:+UseParallelGC -XX:GCTimeRatio=4 -XX:AdaptiveSizePolicyWeight=90 -Dsun.zip.disableMemoryMapping=true -Xmx512m -Xms100m 
java_command: /nix/store/m6gcpi1ii6rghy04cjwjddcavv7i90df-jdt-language-server-1.9.0/share/java/plugins/org.eclipse.equinox.launcher_1.6.400.v20210924-0641.jar --add-modules=ALL-SYSTEM --add-opens java.base/java.util=ALL-UNNAMED --add-opens java.base/java.lang=ALL-UNNAMED -configuration /home/runner/.cache/jdt-language-server/config -data /home/runner/.cache/jdt-language-server/data/home/runner/justaliljavaproject-1
java_class_path (initial): /nix/store/m6gcpi1ii6rghy04cjwjddcavv7i90df-jdt-language-server-1.9.0/share/java/plugins/org.eclipse.equinox.launcher_1.6.400.v20210924-0641.jar
Launcher Type: SUN_STANDARD

[Global flags]
    uintx AdaptiveSizePolicyWeight                 = 90                                        {product} {command line}
     intx CICompilerCount                          = 2                                         {product} {ergonomic}
     bool EnableJVMCIProduct                       = true                                {JVMCI product} {jimage}
    uintx GCTimeRatio                              = 4                                         {product} {command line}
   size_t InitialHeapSize                          = 104857600                                 {product} {command line}
     uint JVMCIThreadsPerNativeLibraryRuntime      = 1                                   {JVMCI product} {jimage}
   size_t MaxHeapSize                              = 536870912                                 {product} {command line}
   size_t MaxNewSize                               = 178782208                                 {product} {ergonomic}
   size_t MinHeapDeltaBytes                        = 524288                                    {product} {ergonomic}
   size_t MinHeapSize                              = 104857600                                 {product} {command line}
   size_t NewSize                                  = 34603008                                  {product} {ergonomic}
    uintx NonNMethodCodeHeapSize                   = 5826188                                {pd product} {ergonomic}
    uintx NonProfiledCodeHeapSize                  = 122916026                              {pd product} {ergonomic}
   size_t OldSize                                  = 70254592                                  {product} {ergonomic}
    uintx ProfiledCodeHeapSize                     = 122916026                              {pd product} {ergonomic}
    uintx ReservedCodeCacheSize                    = 251658240                              {pd product} {ergonomic}
     bool SegmentedCodeCache                       = true                                      {product} {ergonomic}
   size_t SoftMaxHeapSize                          = 536870912                              {manageable} {ergonomic}
     intx ThreadPriorityPolicy                     = 1                                         {product} {jimage}
     bool UseCompressedClassPointers               = true                           {product lp64_product} {ergonomic}
     bool UseCompressedOops                        = true                           {product lp64_product} {ergonomic}
     bool UseParallelGC                            = true                                      {product} {command line}

Logging:
Log output configuration:
 #0: stdout all=warning uptime,level,tags
 #1: stderr all=off uptime,level,tags

Environment Variables:
JAVA_HOME=/nix/store/gpxl5qgg8kicmcvivwmybwjlpf7wh20l-graalvm17-ce-22.3.0
PATH=/nix/store/1d6ian3r8kdzspw8hacjhl3xkp40g1lj-binutils-wrapper-2.39/bin:/nix/store/dq0xwmsk1g0i2ayg6pb7y87na2knzylh-gcc-wrapper-11.3.0/bin:/nix/store/bap4d0lpcrhpwmpb8ayjcgkmvfj62lnq-bash-interactive-5.1-p16/bin:/nix/store/pr5n59mb4jzmfx6kanwxly0l07p861fg-patchelf-0.15.0/bin:/nix/store/1gf2flfqnpqbr1b4p4qz2f72y42bs56r-gcc-11.3.0/bin:/nix/store/57xv61c5zi8pphjbcwxxjlgc34p61ic9-glibc-2.35-163-bin/bin:/nix/store/a7gvj343m05j2s32xcnwr35v31ynlypr-coreutils-9.1/bin:/nix/store/039g378vc3pc3dvi9dzdlrd0i4q93qwf-binutils-2.39/bin:/nix/store/y5fcw4xnkg8hwaaf35nfc41vdzy32cm7-vim-9.0.0609/bin:/nix/store/gpxl5qgg8kicmcvivwmybwjlpf7wh20l-graalvm17-ce-22.3.0/bin:/nix/store/6z9ag3ihc8mq2hzsw48lhbznvzny65nz-apache-maven-3.8.6/bin:/nix/store/m6gcpi1ii6rghy04cjwjddcavv7i90df-jdt-language-server-1.9.0/bin:/nix/store/84xs5alhs01zrbr4ywm05kxbjbp5590l-java-debug/bin:/nix/store/mydc6f4k2z73xlcz7ilif3v2lcaiqvza-findutils-4.9.0/bin:/nix/store/j9p3g8472iijd50vhdprx0nmk2fqn5gv-diffutils-3.8/bin:/nix/store/89zs7rms6x00xfq4dq6m7mjnhkr8a6r4-gnused-4.8/bin:/nix/store/86bp03jkmsl6f92w0yzg4s59g5mhxwmy-gnugrep-3.7/bin:/nix/store/hwcdqw4jrjnd37wxqgsd47hd0j8bnj09-gawk-5.1.1/bin:/nix/store/cfbhw8r8ags41vwqaz47r583d0p4h4a1-gnutar-1.34/bin:/nix/store/p3m1ndl1lapwrlh698bnb5lvvxh67378-gzip-1.12/bin:/nix/store/a8mhcagrsly7c7mpjrpsnaahk4aax056-bzip2-1.0.8-bin/bin:/nix/store/mblgz65m3zv9x548a3d5m96fj2pbwr09-gnumake-4.3/bin:/nix/store/dsd5gz46hdbdk2rfdimqddhq6m8m8fqs-bash-5.1-p16/bin:/nix/store/v7ljksji50mg3w61dykaa3n3y79n6nil-patch-2.7.6/bin:/nix/store/zlcnmqq14jz5x9439jf937mvayyl63da-xz-5.2.7-bin/bin:/nix/store/y6aj732zm9m87c82fpvf103a1xb22blp-file-5.43/bin:/nix/store/i4kzir3m7mrisxmf5xvlnkw01x4qaqr4-prybar-elisp-0.0.0-e0d9a52/bin:/nix/store/lwwivxf6h7x3cvxp9zv8sj0mv7dak99r-prybar-lua-0.0.0-e0d9a52/bin:/nix/store/gxj28g1cg4hq3qanmjv07156h800qr58-prybar-python3-0.0.0-e0d9a52/bin:/nix/store/hshkjnxrgidigf8x75vg6lqng2xlx9i3-prybar-sqlite-0.0.0-e0d9a52/bin:/nix/store/c4w01bpjgyy5ixmwdk8m1pw87zq4sl26-prybar-tcl-0.0
LD_LIBRARY_PATH=/nix/store/a4pff549sk2idnkpzk5nsfps3mdkdnvm-cups-2.4.2-lib/lib:/nix/store/72mqxxhh3cy5yifh92wh2yb8cl2hikyy-cairo-1.16.0/lib:/nix/store/2k366jrbsra97gjfxwvrhvixjfxdach5-glib-2.74.1/lib:/nix/store/2j2znigd8ak37rlwh9khz0ry3clqlw1l-gtk+3-3.24.34/lib:/nix/store/hisqvx32cd57apbpcsnkpx6k3549wql1-libglvnd-1.4.0/lib:/nix/store/p36pgcv991mq5srvg765b78yqpxvk3qs-mesa-21.3.3-drivers/lib:/nix/store/mav4251if1ahjq5vkpwycyyvnmy459c4-pulseaudio-14.2/lib
DISPLAY=:0
LANG=en_US.UTF-8

Signal Handlers:
   SIGSEGV: crash_handler in libjvm.so, mask=11100100010111111101111111111110, flags=SA_RESTART|SA_SIGINFO
    SIGBUS: crash_handler in libjvm.so, mask=11100100010111111101111111111110, flags=SA_RESTART|SA_SIGINFO
    SIGFPE: crash_handler in libjvm.so, mask=11100100010111111101111111111110, flags=SA_RESTART|SA_SIGINFO
   SIGPIPE: IsolateEnterStub_IgnoreSIGPIPEStartupHook_noopSignalHandler_8f19bff2f35b5f630d83b364d6b2339320d4ec70_216e8361c6bc87a8f89f58cc10d3b2fd4415bf87 in libjvmcicompiler.so, mask=00000000000000000000000000000000, flags=SA_RESTART
  *** Handler was modified!
  *** Expected: javaSignalHandler in libjvm.so, mask=11100100110111111111111111111110, flags=SA_RESTART|SA_SIGINFO
   SIGXFSZ: javaSignalHandler in libjvm.so, mask=11100100010111111101111111111110, flags=SA_RESTART|SA_SIGINFO
    SIGILL: crash_handler in libjvm.so, mask=11100100010111111101111111111110, flags=SA_RESTART|SA_SIGINFO
   SIGUSR2: SR_handler in libjvm.so, mask=00000000000000000000000000000000, flags=SA_RESTART|SA_SIGINFO
    SIGHUP: UserHandler in libjvm.so, mask=11100100010111111101111111111110, flags=SA_RESTART|SA_SIGINFO
    SIGINT: UserHandler in libjvm.so, mask=11100100010111111101111111111110, flags=SA_RESTART|SA_SIGINFO
   SIGTERM: UserHandler in libjvm.so, mask=11100100010111111101111111111110, flags=SA_RESTART|SA_SIGINFO
   SIGQUIT: UserHandler in libjvm.so, mask=11100100010111111101111111111110, flags=SA_RESTART|SA_SIGINFO
  *** Handler was modified!
  *** Expected: javaSignalHandler in libjvm.so, mask=11100100110111111111111111111110, flags=SA_RESTART|SA_SIGINFO
   SIGTRAP: crash_handler in libjvm.so, mask=11100100010111111101111111111110, flags=SA_RESTART|SA_SIGINFO


---------------  S Y S T E M  ---------------

OS:
DISTRIB_ID=Ubuntu
DISTRIB_RELEASE=20.04
DISTRIB_CODENAME=focal
DISTRIB_DESCRIPTION="Ubuntu 20.04.2 LTS"
uname: Linux 5.15.0-1032-gcp #40~20.04.1-Ubuntu SMP Tue Apr 11 02:49:52 UTC 2023 x86_64
OS uptime: 0 days 3:42 hours
libc: glibc 2.35 NPTL 2.35 
rlimit (soft/hard): STACK 8192k/infinity , CORE infinity/infinity , NPROC infinity/infinity , NOFILE 5242/5242 , AS infinity/infinity , CPU infinity/infinity , DATA infinity/infinity , FSIZE infinity/infinity , MEMLOCK 64k/64k
load average: 20.21 16.60 15.04

/proc/meminfo:
MemTotal:       32872688 kB
MemFree:         1184676 kB
MemAvailable:   17568476 kB
Buffers:         1666240 kB
Cached:         13140592 kB
SwapCached:            0 kB
Active:          6911560 kB
Inactive:       19874436 kB
Active(anon):      20512 kB
Inactive(anon): 11683456 kB
Active(file):    6891048 kB
Inactive(file):  8190980 kB
Unevictable:       41288 kB
Mlocked:           41288 kB
SwapTotal:             0 kB
SwapFree:              0 kB
Dirty:             12584 kB
Writeback:             0 kB
AnonPages:      11745232 kB
Mapped:          2296356 kB
Shmem:             36012 kB
KReclaimable:    1767608 kB
Slab:            3676976 kB
SReclaimable:    1767608 kB
SUnreclaim:      1909368 kB
KernelStack:      507120 kB
PageTables:       266648 kB
NFS_Unstable:          0 kB
Bounce:                0 kB
WritebackTmp:          0 kB
CommitLimit:    16436344 kB
Committed_AS:   64129100 kB
VmallocTotal:   34359738367 kB
VmallocUsed:      550360 kB
VmallocChunk:          0 kB
Percpu:            45888 kB
HardwareCorrupted:     0 kB
AnonHugePages:    196608 kB
ShmemHugePages:        0 kB
ShmemPmdMapped:        0 kB
FileHugePages:         0 kB
FilePmdMapped:         0 kB
HugePages_Total:       0
HugePages_Free:        0
HugePages_Rsvd:        0
HugePages_Surp:        0
Hugepagesize:       2048 kB
Hugetlb:               0 kB
DirectMap4k:     3889976 kB
DirectMap2M:    29661184 kB
DirectMap1G:     2097152 kB

/sys/kernel/mm/transparent_hugepage/enabled: always [madvise] never
/sys/kernel/mm/transparent_hugepage/defrag (defrag/compaction efforts parameter): always defer defer+madvise [madvise] never

Process Memory:
Virtual Size: 3884968K (peak: 3924620K)
Resident Set Size: 564036K (peak: 706928K) (anon: 533924K, file: 30112K, shmem: 0K)
Swapped out: 0K
C-Heap outstanding allocations: 38452K, retained: 12479K
glibc malloc tunables: (default)

/proc/sys/kernel/threads-max (system-wide limit on the number of threads): 256750
/proc/sys/vm/max_map_count (maximum number of memory map areas a process may have): 65530
/proc/sys/kernel/pid_max (system-wide limit on number of process identifiers): 4194304

container (cgroup) information:
container_type: cgroupv1
cpu_cpuset_cpus: 1-3
cpu_memory_nodes: 0
active_processor_count: 1
cpu_quota: 50000
cpu_period: 100000
cpu_shares: 512
memory_limit_in_bytes: 1048576 k
memory_and_swap_limit_in_bytes: 1048576 k
memory_soft_limit_in_bytes: 524288 k
memory_usage_in_bytes: 993264 k
memory_max_usage_in_bytes: 1048580 k
maximum number of tasks: 1000
current number of tasks: 106

KVM virtualization detected
Steal ticks since vm start: 0
Steal ticks percentage since vm start:  0.000

CPU: total 4 (initial active 1) (4 cores per cpu, 2 threads per core) family 23 model 49 stepping 0 microcode 0xffffffff, cx8, cmov, fxsr, ht, mmx, 3dnowpref, sse, sse2, sse3, ssse3, sse4a, sse4.1, sse4.2, popcnt, lzcnt, tsc, tscinvbit, avx, avx2, aes, clmul, bmi1, bmi2, adx, sha, fma, vzeroupper, clflush, clflushopt, hv
CPU Model and flags from /proc/cpuinfo:
model name	: AMD EPYC 7B12
flags		: fpu vme de pse tsc msr pae mce cx8 apic sep mtrr pge mca cmov pat pse36 clflush mmx fxsr sse sse2 ht syscall nx mmxext fxsr_opt pdpe1gb rdtscp lm constant_tsc rep_good nopl nonstop_tsc cpuid extd_apicid tsc_known_freq pni pclmulqdq ssse3 fma cx16 sse4_1 sse4_2 movbe popcnt aes xsave avx f16c rdrand hypervisor lahf_lm cmp_legacy cr8_legacy abm sse4a misalignsse 3dnowprefetch osvw topoext ssbd ibrs ibpb stibp vmmcall fsgsbase tsc_adjust bmi1 avx2 smep bmi2 rdseed adx smap clflushopt clwb sha_ni xsaveopt xsavec xgetbv1 clzero xsaveerptr arat npt nrip_save umip rdpid

Online cpus: 0-3
Offline cpus: 
BIOS frequency limitation: <Not Available>
Frequency switch latency (ns): <Not Available>
Available cpu frequencies: <Not Available>
Current governor: <Not Available>
Core performance/turbo boost: <Not Available>

Memory: 4k page, physical 1048576k(55300k free), swap 0k(0k free)
Page Sizes: 4k

vm_info: OpenJDK 64-Bit Server VM (17.0.5+8-jvmci-22.3-b08) for linux-amd64 JRE (17.0.5+8-jvmci-22.3-b08), built on Oct 19 2022 09:01:27 by "buildslave" with gcc 10.3.0

END.
