#
# A fatal error has been detected by the Java Runtime Environment:
#
#  Internal Error (jvmciRuntime.cpp:1609), pid=34, tid=51
#  fatal error: Fatal exception in JVMCI: Error calling jdk.vm.ci.services.Services.serializeSavedProperties
#
# JRE version: OpenJDK Runtime Environment GraalVM CE 22.3.0 (17.0.5+8) (build 17.0.5+8-jvmci-22.3-b08)
# Java VM: OpenJDK 64-Bit Server VM GraalVM CE 22.3.0 (17.0.5+8-jvmci-22.3-b08, mixed mode, sharing, tiered, jvmci, jvmci compiler, compressed oops, compressed class ptrs, parallel gc, linux-amd64)
# Problematic frame:
# V  [libjvm.so+0x972714]  JVMCIRuntime::fatal_exception(JVMCIEnv*, char const*)+0x74
#
# Core dump will be written. Default location: Core dumps may be processed with "/usr/share/apport/apport -p%p -s%s -c%c -d%d -P%P -u%u -g%g -- %E" (or dumping to /home/runner/justaliljavaproject-1/core.34)
#
# If you would like to submit a bug report, please visit:
#   https://github.com/oracle/graal/issues
#

---------------  S U M M A R Y ------------

Command Line: -XX:ThreadPriorityPolicy=1 -XX:+UnlockExperimentalVMOptions -XX:+EnableJVMCIProduct -XX:JVMCIThreadsPerNativeLibraryRuntime=1 -XX:-UnlockExperimentalVMOptions -Declipse.application=org.eclipse.jdt.ls.core.id1 -Dosgi.bundles.defaultStartLevel=4 -Declipse.product=org.eclipse.jdt.ls.core.product -Dlog.level=ALL -Xverify:none -XX:+UseParallelGC -XX:GCTimeRatio=4 -XX:AdaptiveSizePolicyWeight=90 -Dsun.zip.disableMemoryMapping=true -Xmx512m -Xms100m /nix/store/m6gcpi1ii6rghy04cjwjddcavv7i90df-jdt-language-server-1.9.0/share/java/plugins/org.eclipse.equinox.launcher_1.6.400.v20210924-0641.jar --add-modules=ALL-SYSTEM --add-opens java.base/java.util=ALL-UNNAMED --add-opens java.base/java.lang=ALL-UNNAMED -configuration /home/runner/.cache/jdt-language-server/config -data /home/runner/.cache/jdt-language-server/data/home/runner/justaliljavaproject-1

Host: AMD EPYC 7B12, 8 cores, 1G, Ubuntu 20.04.2 LTS
Time: Wed Mar 22 21:58:42 2023 UTC elapsed time: 2007.669881 seconds (0d 0h 33m 27s)

---------------  T H R E A D  ---------------

Current thread (0x00007f38280b21e0):  JavaThread "JVMCI-native CompilerThread0" daemon [_thread_in_vm, id=51, stack(0x00007f380df1a000,0x00007f380e11a000)]


Current CompileTask:
JVMCI-native:2007670 9934       4       org.eclipse.jdt.internal.compiler.lookup.PackageBinding::problemId (17 bytes)

Stack: [0x00007f380df1a000,0x00007f380e11a000],  sp=0x00007f380e118380,  free space=2040k
Native frames: (J=compiled Java code, j=interpreted, Vv=VM code, C=native code)
V  [libjvm.so+0x972714]  JVMCIRuntime::fatal_exception(JVMCIEnv*, char const*)+0x74
V  [libjvm.so+0x93e2fe]  JVMCIEnv::copy_saved_properties()+0x14e
V  [libjvm.so+0x9732a9]  JVMCIRuntime::initialize(JVMCIEnv*)+0xb19
V  [libjvm.so+0x9738a2]  JVMCIRuntime::get_HotSpotJVMCIRuntime(JVMCIEnv*)+0x12
V  [libjvm.so+0x9749f2]  JVMCIRuntime::compile_method(JVMCIEnv*, JVMCICompiler*, methodHandle const&, int)+0xd2
V  [libjvm.so+0x5b0d20]  CompileBroker::invoke_compiler_on_method(CompileTask*)+0x1470
V  [libjvm.so+0x5b12e8]  CompileBroker::compiler_thread_loop()+0x528
V  [libjvm.so+0xd82460]  JavaThread::thread_main_inner()+0xd0
V  [libjvm.so+0xd85a40]  Thread::call_run()+0xc0
V  [libjvm.so+0xbdb1e1]  thread_native_entry(Thread*)+0xe1

Register to memory mapping:

RAX=0x00007f382dbde000 points into unknown readable memory: 0x0000000000000058 | 58 00 00 00 00 00 00 00
RBX=0x00007f382ecd9398: <offset 0x0000000000ef5398> in /nix/store/gpxl5qgg8kicmcvivwmybwjlpf7wh20l-graalvm17-ce-22.3.0/lib/server/libjvm.so at 0x00007f382dde4000
RCX=0x00007f382ec911e8: <offset 0x0000000000ead1e8> in /nix/store/gpxl5qgg8kicmcvivwmybwjlpf7wh20l-graalvm17-ce-22.3.0/lib/server/libjvm.so at 0x00007f382dde4000
RDX=0x0000000000000649 is an unknown value
RSP=0x00007f380e118380 is pointing into the stack for thread: 0x00007f38280b21e0
RBP=0x00007f380e1183a0 is pointing into the stack for thread: 0x00007f38280b21e0
RSI=0x00007f382ecd9c48: <offset 0x0000000000ef5c48> in /nix/store/gpxl5qgg8kicmcvivwmybwjlpf7wh20l-graalvm17-ce-22.3.0/lib/server/libjvm.so at 0x00007f382dde4000
RDI=0x00000000e0000000 is an oop: java.lang.String 
{0x00000000e0000000} - klass: 'java/lang/String'
 - string: "resolution"
R8 =0x00007f382ecd9398: <offset 0x0000000000ef5398> in /nix/store/gpxl5qgg8kicmcvivwmybwjlpf7wh20l-graalvm17-ce-22.3.0/lib/server/libjvm.so at 0x00007f382dde4000
R9 =0x00007f380e118330 is pointing into the stack for thread: 0x00007f38280b21e0
R10=0x00007f380e119948 is pointing into the stack for thread: 0x00007f38280b21e0
R11=0x0000000000000293 is an unknown value
R12=0x0 is NULL
R13=0x00007f38280b21e0 is a thread
R14=0x00007f3828000b80 points into unknown readable memory: 0x00007f382ef0aa38 | 38 aa f0 2e 38 7f 00 00
R15=0x00007f382f018e40: <offset 0x0000000001234e40> in /nix/store/gpxl5qgg8kicmcvivwmybwjlpf7wh20l-graalvm17-ce-22.3.0/lib/server/libjvm.so at 0x00007f382dde4000


Registers:
RAX=0x00007f382dbde000, RBX=0x00007f382ecd9398, RCX=0x00007f382ec911e8, RDX=0x0000000000000649
RSP=0x00007f380e118380, RBP=0x00007f380e1183a0, RSI=0x00007f382ecd9c48, RDI=0x00000000e0000000
R8 =0x00007f382ecd9398, R9 =0x00007f380e118330, R10=0x00007f380e119948, R11=0x0000000000000293
R12=0x0000000000000000, R13=0x00007f38280b21e0, R14=0x00007f3828000b80, R15=0x00007f382f018e40
RIP=0x00007f382e756714, EFLAGS=0x0000000000010206, CSGSFS=0x002b000000000033, ERR=0x0000000000000006
  TRAPNO=0x000000000000000e

Top of Stack: (sp=0x00007f380e118380)
0x00007f380e118380:   00007f380e118940 00007f38280b21e0
0x00007f380e118390:   00007f382c56f8c8 0000000800c415a8
0x00007f380e1183a0:   00007f380e118500 00007f382e7222fe
0x00007f380e1183b0:   00007f380e1183e0 00007f380e118440 

Instructions: (pc=0x00007f382e756714)
0x00007f382e756614:   30 e8 f6 cf e8 ff 4c 89 e7 e8 2e 48 d1 ff 84 db
0x00007f382e756624:   75 2a 4d 85 ed 74 04 4d 8b 6d 00 48 83 c4 08 44
0x00007f382e756634:   89 f9 4c 89 f2 4c 89 ee 5b 4c 89 e7 41 5c 41 5d
0x00007f382e756644:   41 5e 41 5f 5d e9 e2 47 d1 ff 66 90 48 83 c4 08
0x00007f382e756654:   5b 41 5c 41 5d 41 5e 41 5f 5d c3 90 31 d2 be 08
0x00007f382e756664:   00 00 00 4c 89 ff e8 b1 78 a3 ff 49 89 c5 e9 37
0x00007f382e756674:   ff ff ff 66 0f 1f 84 00 00 00 00 00 48 8b 7a 08
0x00007f382e756684:   e9 6d ff ff ff 0f 1f 80 00 00 00 00 e8 5b 48 0a
0x00007f382e756694:   00 84 c0 75 89 e9 6a ff ff ff 66 90 55 48 89 e5
0x00007f382e7566a4:   41 56 41 55 41 54 49 89 fc 53 48 89 f3 66 48 8d
0x00007f382e7566b4:   3d 27 5e 85 00 66 66 48 e8 df 43 8d ff 4c 8b 28
0x00007f382e7566c4:   8b 05 be 72 8a 00 85 c0 75 14 ba 01 00 00 00 48
0x00007f382e7566d4:   8d 0d ae 72 8a 00 f0 0f b1 11 85 c0 74 4e be c8
0x00007f382e7566e4:   00 00 00 4c 89 ef e8 01 0b 41 00 48 8d 05 12 ac
0x00007f382e7566f4:   85 00 49 89 d8 48 8d 0d e8 aa 53 00 ba 49 06 00
0x00007f382e756704:   00 48 8d 35 3c 35 58 00 bf 00 00 00 e0 48 8b 00
0x00007f382e756714:   c6 00 58 31 c0 e8 e2 91 c6 ff 5b 41 5c 41 5d 41
0x00007f382e756724:   5e 5d e9 55 34 26 00 0f 1f 44 00 00 48 8d 05 81
0x00007f382e756734:   a3 8b 00 48 89 df 4c 8b 30 e8 9e 43 8d ff 48 89
0x00007f382e756744:   de 48 89 c2 49 8b 06 4c 89 f7 ff 50 08 4c 89 f7
0x00007f382e756754:   e8 a7 5c 27 00 4d 85 e4 74 12 be 01 00 00 00 4c
0x00007f382e756764:   89 e7 e8 35 43 fc ff eb 82 0f 1f 00 be 01 00 00
0x00007f382e756774:   00 4c 89 ef e8 d3 fd ff ff e9 6d ff ff ff 66 66
0x00007f382e756784:   2e 0f 1f 84 00 00 00 00 00 0f 1f 00 55 48 89 e5
0x00007f382e756794:   41 57 41 56 41 55 41 54 53 48 81 ec 08 02 00 00
0x00007f382e7567a4:   64 48 8b 04 25 28 00 00 00 48 89 45 c8 8b 07 83
0x00007f382e7567b4:   f8 02 0f 84 11 04 00 00 4c 8b 6f 18 49 89 ff 49
0x00007f382e7567c4:   89 f4 4d 85 ed 74 14 4c 89 ef e8 5d 57 22 00 41
0x00007f382e7567d4:   8b 07 83 f8 02 0f 84 19 04 00 00 48 8d 1d 9a 06
0x00007f382e7567e4:   8a 00 4c 8d 35 0b 3c 58 00 eb 38 90 48 85 d2 7f
0x00007f382e7567f4:   0d 48 8d 05 b4 c0 85 00 48 83 38 00 7e 0e 41 8b
0x00007f382e756804:   77 2c 4c 89 f7 31 c0 e8 a0 b2 f7 ff 49 8b 7f 18 


Stack slot to memory mapping:
stack at sp + 0 slots: 0x00007f380e118940 is pointing into the stack for thread: 0x00007f38280b21e0
stack at sp + 1 slots: 0x00007f38280b21e0 is a thread
stack at sp + 2 slots: 0x00007f382c56f8c8 points into unknown readable memory: 0x6573001880c9ffff | ff ff c9 80 18 00 73 65
stack at sp + 3 slots: 0x0000000800c415a8 is a pointer to class: 
jdk.vm.ci.services.Services {0x0000000800c415a8}
 - instance size:     2
 - klass size:        65
 - access:            public final synchronized 
 - state:             fully_initialized
 - name:              'jdk/vm/ci/services/Services'
 - super:             'java/lang/Object'
 - sub:               
 - arrays:            NULL
 - methods:           Array<T>(0x00007f380e840798)
 - method ordering:   Array<T>(0x0000000800928960)
 - default_methods:   Array<T>(0x0000000000000000)
 - local interfaces:  Array<T>(0x00000008005ce810)
 - trans. interfaces: Array<T>(0x00000008005ce810)
 - constants:         constant pool [427] {0x00007f380e83f840} for 'jdk/vm/ci/services/Services' cache=0x00007f380e841b48
 - class loader data:  loader data: 0x00007f38280283f0 of 'bootstrap'
 - source file:       'Services.java'
 - class annotations:       Array<T>(0x0000000000000000)
 - class type annotations:  Array<T>(0x0000000000000000)
 - field annotations:       Array<T>(0x0000000000000000)
 - field type annotations:  Array<T>(0x0000000000000000)
 - inner classes:     Array<T>(0x00007f380e841aa8)
 - nest members:     Array<T>(0x00007f380e841ac8)
 - permitted subclasses:     Array<T>(0x00000008005ce7a0)
 - java mirror:       a 'java/lang/Class'{0x00000000e014a7e8} = 'jdk/vm/ci/services/Services'
 - vtable length      5  (start addr: 0x0000000800c41778)
 - itable length      2 (start addr: 0x0000000800c417a0)
 - ---- static fields (3 words):
 - public static final 'IS_BUILDING_NATIVE_IMAGE' 'Z' @128 
 - public static final 'IS_IN_NATIVE_IMAGE' 'Z' @129 
 - private static volatile 'savedProperties' 'Ljava/util/Map;' @112 
 - static final 'JVMCI_ENABLED' 'Z' @130 
 - private static final 'servicesCache' 'Ljava/util/Map;' @116 
 - private static final 'MAX_UNICODE_IN_UTF8_LENGTH' 'I' @120 
 - private static final 'MAX_UTF8_PROPERTY_STRING_LENGTH' 'I' @124 
 - ---- non-static fields (0 words):
 - non-static oop maps: 
stack at sp + 4 slots: 0x00007f380e118500 is pointing into the stack for thread: 0x00007f38280b21e0
stack at sp + 5 slots: 0x00007f382e7222fe: <offset 0x000000000093e2fe> in /nix/store/gpxl5qgg8kicmcvivwmybwjlpf7wh20l-graalvm17-ce-22.3.0/lib/server/libjvm.so at 0x00007f382dde4000
stack at sp + 6 slots: 0x00007f380e1183e0 is pointing into the stack for thread: 0x00007f38280b21e0
stack at sp + 7 slots: 0x00007f380e118440 is pointing into the stack for thread: 0x00007f38280b21e0


---------------  P R O C E S S  ---------------

Threads class SMR info:
_java_thread_list=0x00007f37981aca30, length=35, elements={
0x00007f3828026690, 0x00007f38280a64d0, 0x00007f38280a7910, 0x00007f38280ae050,
0x00007f38280af400, 0x00007f38280b07f0, 0x00007f38280b21e0, 0x00007f38280b36f0,
0x00007f38280b4b40, 0x00007f38280e01c0, 0x00007f3828127aa0, 0x00007f3828344c30,
0x00007f382820b8b0, 0x00007f382820e7c0, 0x00007f38285f4a20, 0x00007f37bc01a6e0,
0x00007f37bc2d2760, 0x00007f37bc335360, 0x00007f37b00010d0, 0x00007f37bc352db0,
0x00007f37bc650000, 0x00007f3828443890, 0x00007f38283d47b0, 0x00007f3794000ff0,
0x00007f37980e86b0, 0x00007f37980ebf90, 0x00007f3798136c40, 0x00007f37980eac40,
0x00007f37980ed3e0, 0x00007f37980e9e60, 0x00007f37980e8fb0, 0x00007f37a41cdb50,
0x00007f37981389d0, 0x00007f3798138f50, 0x00007f37981394d0
}

Java Threads: ( => current thread )
  0x00007f3828026690 JavaThread "main" [_thread_blocked, id=41, stack(0x00007f382dbff000,0x00007f382dcff000)]
  0x00007f38280a64d0 JavaThread "Reference Handler" daemon [_thread_blocked, id=45, stack(0x00007f380f0af000,0x00007f380f1af000)]
  0x00007f38280a7910 JavaThread "Finalizer" daemon [_thread_blocked, id=46, stack(0x00007f380e700000,0x00007f380e800000)]
  0x00007f38280ae050 JavaThread "Signal Dispatcher" daemon [_thread_blocked, id=47, stack(0x00007f380e31a000,0x00007f380e41a000)]
  0x00007f38280af400 JavaThread "Service Thread" daemon [_thread_blocked, id=49, stack(0x00007f380e21a000,0x00007f380e31a000)]
  0x00007f38280b07f0 JavaThread "Monitor Deflation Thread" daemon [_thread_blocked, id=50, stack(0x00007f380e11a000,0x00007f380e21a000)]
=>0x00007f38280b21e0 JavaThread "JVMCI-native CompilerThread0" daemon [_thread_in_vm, id=51, stack(0x00007f380df1a000,0x00007f380e11a000)]
  0x00007f38280b36f0 JavaThread "C1 CompilerThread0" daemon [_thread_blocked, id=52, stack(0x00007f380dd1a000,0x00007f380df1a000)]
  0x00007f38280b4b40 JavaThread "Sweeper thread" daemon [_thread_blocked, id=53, stack(0x00007f380dc1a000,0x00007f380dd1a000)]
  0x00007f38280e01c0 JavaThread "Common-Cleaner" daemon [_thread_blocked, id=54, stack(0x00007f380db1a000,0x00007f380dc1a000)]
  0x00007f3828127aa0 JavaThread "Notification Thread" daemon [_thread_blocked, id=55, stack(0x00007f380da1a000,0x00007f380db1a000)]
  0x00007f3828344c30 JavaThread "Active Thread: Equinox Container: e385316a-47f9-4841-9a0c-0a9dbb55b7c3" [_thread_blocked, id=78, stack(0x00007f380c600000,0x00007f380c700000)]
  0x00007f382820b8b0 JavaThread "Framework Event Dispatcher: Equinox Container: e385316a-47f9-4841-9a0c-0a9dbb55b7c3" daemon [_thread_blocked, id=80, stack(0x00007f380c400000,0x00007f380c500000)]
  0x00007f382820e7c0 JavaThread "Start Level: Equinox Container: e385316a-47f9-4841-9a0c-0a9dbb55b7c3" daemon [_thread_blocked, id=81, stack(0x00007f380c200000,0x00007f380c300000)]
  0x00007f38285f4a20 JavaThread "Refresh Thread: Equinox Container: e385316a-47f9-4841-9a0c-0a9dbb55b7c3" daemon [_thread_blocked, id=85, stack(0x00007f380c000000,0x00007f380c100000)]
  0x00007f37bc01a6e0 JavaThread "SCR Component Actor" daemon [_thread_blocked, id=90, stack(0x00007f37d5b00000,0x00007f37d5c00000)]
  0x00007f37bc2d2760 JavaThread "Worker-JM" [_thread_blocked, id=108, stack(0x00007f37d5700000,0x00007f37d5800000)]
  0x00007f37bc335360 JavaThread "Worker-0: Periodic workspace save." [_thread_blocked, id=111, stack(0x00007f37d5500000,0x00007f37d5600000)]
  0x00007f37b00010d0 JavaThread "Worker-1: Compacting resource model" [_thread_blocked, id=116, stack(0x00007f37d5300000,0x00007f37d5400000)]
  0x00007f37bc352db0 JavaThread "Java indexing" daemon [_thread_blocked, id=126, stack(0x00007f37d5100000,0x00007f37d5200000)]
  0x00007f37bc650000 JavaThread "Bundle File Closer" daemon [_thread_blocked, id=145, stack(0x00007f37d4f00000,0x00007f37d5000000)]
  0x00007f3828443890 JavaThread "pool-3-thread-1" [_thread_blocked, id=172, stack(0x00007f37d4d00000,0x00007f37d4e00000)]
  0x00007f38283d47b0 JavaThread "pool-2-thread-1" [_thread_blocked, id=183, stack(0x00007f37d4900000,0x00007f37d4a00000)]
  0x00007f3794000ff0 JavaThread "Worker-3" [_thread_blocked, id=190, stack(0x00007f37d5900000,0x00007f37d5a00000)]
  0x00007f37980e86b0 JavaThread "Thread-3" [_thread_blocked, id=331, stack(0x00007f37d4500000,0x00007f37d4600000)]
  0x00007f37980ebf90 JavaThread "Thread-7" [_thread_blocked, id=335, stack(0x00007f37d5000000,0x00007f37d5100000)]
  0x00007f3798136c40 JavaThread "Thread-10" [_thread_blocked, id=499, stack(0x00007f37d4800000,0x00007f37d4900000)]
  0x00007f37980eac40 JavaThread "Thread-11" [_thread_blocked, id=500, stack(0x00007f37d4b00000,0x00007f37d4c00000)]
  0x00007f37980ed3e0 JavaThread "Thread-12" [_thread_blocked, id=525, stack(0x00007f37d4300000,0x00007f37d4400000)]
  0x00007f37980e9e60 JavaThread "Thread-13" [_thread_blocked, id=526, stack(0x00007f37d4700000,0x00007f37d4800000)]
  0x00007f37980e8fb0 JavaThread "Thread-14" [_thread_blocked, id=575, stack(0x00007f37d5600000,0x00007f37d5700000)]
  0x00007f37a41cdb50 JavaThread "Worker-5" [_thread_blocked, id=864, stack(0x00007f380c500000,0x00007f380c600000)]
  0x00007f37981389d0 JavaThread "Thread-15" [_thread_blocked, id=865, stack(0x00007f37d4a00000,0x00007f37d4b00000)]
  0x00007f3798138f50 JavaThread "Thread-16" [_thread_blocked, id=1698, stack(0x00007f37d5a00000,0x00007f37d5b00000)]
  0x00007f37981394d0 JavaThread "Thread-17" [_thread_blocked, id=2483, stack(0x00007f37d4100000,0x00007f37d4200000)]

Other Threads:
  0x00007f38280a1c10 VMThread "VM Thread" [stack: 0x00007f380f1b1000,0x00007f380f2b1000] [id=44] _threads_hazard_ptr=0x00007f37981aca30
  0x00007f3828129440 WatcherThread [stack: 0x00007f380d91a000,0x00007f380da1a000] [id=56]
  0x00007f382803df30 GCTaskThread "GC Thread#0" [stack: 0x00007f382d7c2000,0x00007f382d8c2000] [id=43]

Threads with active compile tasks:
JVMCI-native CompilerThread0  2007693 9934       4       org.eclipse.jdt.internal.compiler.lookup.PackageBinding::problemId (17 bytes)

VM state: synchronizing (normal execution)

VM Mutex/Monitor currently owned by a thread:  ([mutex/lock_event])
[0x00007f3828023840] Threads_lock - owner thread: 0x00007f38280a1c10
[0x00007f3828023ff0] Heap_lock - owner thread: 0x00007f37980eac40

OutOfMemory and StackOverflow Exception counts:
OutOfMemoryError java_heap_errors=12
LinkageErrors=62

Heap address: 0x00000000e0000000, size: 512 MB, Compressed Oops mode: 32-bit

CDS archive(s) mapped at: [0x0000000800000000-0x0000000800bc8000-0x0000000800bc8000), size 12353536, SharedBaseAddress: 0x0000000800000000, ArchiveRelocationMode: 0.
Compressed class space mapped at: 0x0000000800c00000-0x0000000840c00000, reserved size: 1073741824
Narrow klass base: 0x0000000800000000, Narrow klass shift: 0, Narrow klass range: 0x100000000

GC Precious Log:
 CPUs: 8 total, 1 available
 Memory: 1024M
 Large Page Support: Disabled
 NUMA Support: Disabled
 Compressed Oops: Enabled (32-bit)
 Alignments: Space 512K, Generation 512K, Heap 2M
 Heap Min Capacity: 100M
 Heap Initial Capacity: 100M
 Heap Max Capacity: 512M
 Pre-touch: Disabled
 Parallel Workers: 1

Heap:
 PSYoungGen      total 57856K, used 34304K [0x00000000f5580000, 0x00000000fa780000, 0x0000000100000000)
  eden space 34304K, 100% used [0x00000000f5580000,0x00000000f7700000,0x00000000f7700000)
  from space 23552K, 0% used [0x00000000f8e00000,0x00000000f8e00000,0x00000000fa500000)
  to   space 23552K, 0% used [0x00000000f7700000,0x00000000f7700000,0x00000000f8e00000)
 ParOldGen       total 349696K, used 349695K [0x00000000e0000000, 0x00000000f5580000, 0x00000000f5580000)
  object space 349696K, 99% used [0x00000000e0000000,0x00000000f557ffe8,0x00000000f5580000)
 Metaspace       used 57353K, committed 58240K, reserved 1105920K
  class space    used 5557K, committed 5952K, reserved 1048576K

Card table byte_map: [0x00007f382d8c2000,0x00007f382d9c3000] _byte_map_base: 0x00007f382d1c2000

Marking Bits: (ParMarkBitMap*) 0x00007f382f0124c0
 Begin Bits: [0x00007f382c715000, 0x00007f382cf15000)
 End Bits:   [0x00007f382cf15000, 0x00007f382d715000)

Polling page: 0x00007f382dbdc000

Metaspace:

Usage:
  Non-class:     50.58 MB used.
      Class:      5.43 MB used.
       Both:     56.01 MB used.

Virtual space:
  Non-class space:       56.00 MB reserved,      51.06 MB ( 91%) committed,  7 nodes.
      Class space:        1.00 GB reserved,       5.81 MB ( <1%) committed,  1 nodes.
             Both:        1.05 GB reserved,      56.88 MB (  5%) committed. 

Chunk freelists:
   Non-Class:  550.00 KB
       Class:  2.27 MB
        Both:  2.81 MB

MaxMetaspaceSize: unlimited
CompressedClassSpaceSize: 1.00 GB
Initial GC threshold: 21.00 MB
Current GC threshold: 94.69 MB
CDS: on
MetaspaceReclaimPolicy: balanced
 - commit_granule_bytes: 65536.
 - commit_granule_words: 8192.
 - virtual_space_node_default_size: 1048576.
 - enlarge_chunks_in_place: 1.
 - new_chunks_are_fully_committed: 0.
 - uncommit_free_chunks: 1.
 - use_allocation_guard: 0.
 - handle_deallocations: 1.


Internal statistics:

num_allocs_failed_limit: 10.
num_arena_births: 382.
num_arena_deaths: 76.
num_vsnodes_births: 8.
num_vsnodes_deaths: 0.
num_space_committed: 909.
num_space_uncommitted: 0.
num_chunks_returned_to_freelist: 106.
num_chunks_taken_from_freelist: 2548.
num_chunk_merges: 43.
num_chunk_splits: 1677.
num_chunks_enlarged: 1074.
num_purges: 16.
num_inconsistent_stats: 0.

CodeHeap 'non-profiled nmethods': size=120036Kb used=2620Kb max_used=2620Kb free=117415Kb
 bounds [0x00007f3816f7a000, 0x00007f381720a000, 0x00007f381e4b3000]
CodeHeap 'profiled nmethods': size=120032Kb used=16958Kb max_used=16958Kb free=103073Kb
 bounds [0x00007f380fa42000, 0x00007f3810ae2000, 0x00007f3816f7a000]
CodeHeap 'non-nmethods': size=5692Kb used=1402Kb max_used=1419Kb free=4289Kb
 bounds [0x00007f380f4b3000, 0x00007f380f723000, 0x00007f380fa42000]
 total_blobs=7860 nmethods=7120 adapters=620
 compilation: enabled
              stopped_count=0, restarted_count=0
 full_count=0

JVMCI Events (20 events):
Event: 1769.290 Thread 0x00007f38280b21e0 compacted oop handles in JVMCI runtime 0 from 69 to 69
Event: 1769.290 Thread 0x00007f38280b21e0 releasing handles for JVMCI runtime 0: oop handles=69, metadata handles={total=296, live=292, blocks=38}
Event: 1769.290 Thread 0x00007f38280b21e0 detached from JVMCI runtime 0
Event: 1892.112 Thread 0x00007f38280b21e0 attached to JVMCI runtime 0
Event: 1892.114 Thread 0x00007f38280b21e0 created JavaVM[6]@0x00007f37d3b9e340 for JVMCI runtime 0
Event: 1893.595 Thread 0x00007f38280b21e0 initializing JVMCI runtime 0
Event: 1893.595 Thread 0x00007f38280b21e0 done waiting for JavaVM references initialization in JVMCI runtime 0
Event: 1916.152 Thread 0x00007f38280b21e0 initialized JVMCI runtime 0
Event: 1916.173 Thread 0x00007f38280b21e0 compacted oop handles in JVMCI runtime 0 from 49 to 47
Event: 1931.286 Thread 0x00007f38280b21e0 detaching from JVMCI runtime 0: releasing idle compiler thread (0 other threads still attached)
Event: 1931.286 Thread 0x00007f38280b21e0 shutting down HotSpotJVMCIRuntime for JVMCI runtime 0
Event: 1936.212 Thread 0x00007f38280b21e0 shut down JVMCI runtime 0
Event: 1937.808 Thread 0x00007f38280b21e0 destroyed JavaVM[6]@0x00007f37d3b9e340 for JVMCI runtime 0
Event: 1937.808 Thread 0x00007f38280b21e0 compacted oop handles in JVMCI runtime 0 from 82 to 82
Event: 1937.808 Thread 0x00007f38280b21e0 releasing handles for JVMCI runtime 0: oop handles=82, metadata handles={total=137, live=131, blocks=38}
Event: 1937.808 Thread 0x00007f38280b21e0 detached from JVMCI runtime 0
Event: 1937.808 Thread 0x00007f38280b21e0 attached to JVMCI runtime 0
Event: 1937.810 Thread 0x00007f38280b21e0 created JavaVM[7]@0x00007f37d3b9e340 for JVMCI runtime 0
Event: 1937.810 Thread 0x00007f38280b21e0 initializing JVMCI runtime 0
Event: 1937.810 Thread 0x00007f38280b21e0 done waiting for JavaVM references initialization in JVMCI runtime 0

Compilation events (20 events):
Event: 1722.850 Thread 0x00007f38280b36f0 9927       3       java.util.concurrent.locks.AbstractQueuedSynchronizer$ConditionObject::canReacquire (28 bytes)
Event: 1722.851 Thread 0x00007f38280b36f0 nmethod 9927 0x00007f3810ad1590 code [0x00007f3810ad1740, 0x00007f3810ad1a90]
Event: 1764.590 Thread 0x00007f38280b21e0 nmethod 9924 0x00007f3817204690 code [0x00007f38172049c0, 0x00007f3817205998]
Event: 1764.590 Thread 0x00007f38280b21e0 9928       4       org.eclipse.jdt.internal.compiler.lookup.LookupEnvironment::getCachedType (122 bytes)
Event: 1766.200 Thread 0x00007f38280b21e0 nmethod 9928 0x00007f3817206490 code [0x00007f38172066a0, 0x00007f3817206d50]
Event: 1766.200 Thread 0x00007f38280b21e0 9926       4       org.eclipse.jdt.internal.compiler.lookup.LookupEnvironment::convertUnresolvedBinaryToRawType (291 bytes)
Event: 1767.712 Thread 0x00007f38280b21e0 nmethod 9926 0x00007f3817207410 code [0x00007f3817207600, 0x00007f3817207990]
Event: 1890.483 Thread 0x00007f38280b36f0 9929       3       org.eclipse.jdt.internal.compiler.util.CharDelegateMap::toBigMap (35 bytes)
Event: 1892.112 Thread 0x00007f38280b21e0 9931       4       java.util.concurrent.locks.AbstractQueuedSynchronizer::signalNext (34 bytes)
Event: 1892.112 Thread 0x00007f38280b36f0 nmethod 9929 0x00007f3810ad1c10 code [0x00007f3810ad1e00, 0x00007f3810ad2210]
Event: 1892.112 Thread 0x00007f38280b36f0 9930       3       org.eclipse.jdt.internal.compiler.util.CharArrayHashMap::<init> (17 bytes)
Event: 1893.595 Thread 0x00007f38280b36f0 nmethod 9930 0x00007f3810ad2410 code [0x00007f3810ad25e0, 0x00007f3810ad2880]
Event: 1917.889 Thread 0x00007f38280b21e0 nmethod 9931 0x00007f3817207d10 code [0x00007f3817207ea0, 0x00007f3817207f70]
Event: 1917.889 Thread 0x00007f38280b21e0 9932       4       org.eclipse.core.internal.dtree.AbstractDataTreeNode::childAtOrNull (21 bytes)
Event: 1928.007 Thread 0x00007f38280b21e0 nmethod 9932 0x00007f3817208090 code [0x00007f3817208220, 0x00007f38172084c0]
Event: 1928.007 Thread 0x00007f38280b21e0 9933   !   4       java.util.Collections$SynchronizedMap::get (25 bytes)
Event: 1929.725 Thread 0x00007f38280b21e0 nmethod 9933 0x00007f3817208790 code [0x00007f3817208960, 0x00007f3817208c20]
Event: 1937.808 Thread 0x00007f38280b21e0 9934       4       org.eclipse.jdt.internal.compiler.lookup.PackageBinding::problemId (17 bytes)
Event: 1949.894 Thread 0x00007f38280b36f0 9936       1       org.eclipse.osgi.internal.location.BasicLocation::isReadOnly (5 bytes)
Event: 1949.894 Thread 0x00007f38280b36f0 nmethod 9936 0x00007f3817208e90 code [0x00007f3817209020, 0x00007f38172090f0]

GC Heap History (20 events):
Event: 1989.706 GC heap before
{Heap before GC invocations=1174 (full 1012):
 PSYoungGen      total 57856K, used 34304K [0x00000000f5580000, 0x00000000fa780000, 0x0000000100000000)
  eden space 34304K, 100% used [0x00000000f5580000,0x00000000f7700000,0x00000000f7700000)
  from space 23552K, 0% used [0x00000000f8e00000,0x00000000f8e00000,0x00000000fa500000)
  to   space 23552K, 0% used [0x00000000f7700000,0x00000000f7700000,0x00000000f8e00000)
 ParOldGen       total 349696K, used 349696K [0x00000000e0000000, 0x00000000f5580000, 0x00000000f5580000)
  object space 349696K, 100% used [0x00000000e0000000,0x00000000f5580000,0x00000000f5580000)
 Metaspace       used 57353K, committed 58240K, reserved 1105920K
  class space    used 5557K, committed 5952K, reserved 1048576K
}
Event: 1991.121 GC heap after
{Heap after GC invocations=1174 (full 1012):
 PSYoungGen      total 57856K, used 34304K [0x00000000f5580000, 0x00000000fa780000, 0x0000000100000000)
  eden space 34304K, 100% used [0x00000000f5580000,0x00000000f7700000,0x00000000f7700000)
  from space 23552K, 0% used [0x00000000f7700000,0x00000000f7700000,0x00000000f8e00000)
  to   space 23552K, 0% used [0x00000000f8e00000,0x00000000f8e00000,0x00000000fa500000)
 ParOldGen       total 349696K, used 349696K [0x00000000e0000000, 0x00000000f5580000, 0x00000000f5580000)
  object space 349696K, 100% used [0x00000000e0000000,0x00000000f5580000,0x00000000f5580000)
 Metaspace       used 57353K, committed 58240K, reserved 1105920K
  class space    used 5557K, committed 5952K, reserved 1048576K
}
Event: 1991.121 GC heap before
{Heap before GC invocations=1175 (full 1013):
 PSYoungGen      total 57856K, used 34304K [0x00000000f5580000, 0x00000000fa780000, 0x0000000100000000)
  eden space 34304K, 100% used [0x00000000f5580000,0x00000000f7700000,0x00000000f7700000)
  from space 23552K, 0% used [0x00000000f7700000,0x00000000f7700000,0x00000000f8e00000)
  to   space 23552K, 0% used [0x00000000f8e00000,0x00000000f8e00000,0x00000000fa500000)
 ParOldGen       total 349696K, used 349696K [0x00000000e0000000, 0x00000000f5580000, 0x00000000f5580000)
  object space 349696K, 100% used [0x00000000e0000000,0x00000000f5580000,0x00000000f5580000)
 Metaspace       used 57353K, committed 58240K, reserved 1105920K
  class space    used 5557K, committed 5952K, reserved 1048576K
}
Event: 1992.947 GC heap after
{Heap after GC invocations=1175 (full 1013):
 PSYoungGen      total 57856K, used 34304K [0x00000000f5580000, 0x00000000fa780000, 0x0000000100000000)
  eden space 34304K, 100% used [0x00000000f5580000,0x00000000f7700000,0x00000000f7700000)
  from space 23552K, 0% used [0x00000000f8e00000,0x00000000f8e00000,0x00000000fa500000)
  to   space 23552K, 0% used [0x00000000f7700000,0x00000000f7700000,0x00000000f8e00000)
 ParOldGen       total 349696K, used 349696K [0x00000000e0000000, 0x00000000f5580000, 0x00000000f5580000)
  object space 349696K, 100% used [0x00000000e0000000,0x00000000f5580000,0x00000000f5580000)
 Metaspace       used 57353K, committed 58240K, reserved 1105920K
  class space    used 5557K, committed 5952K, reserved 1048576K
}
Event: 1992.956 GC heap before
{Heap before GC invocations=1176 (full 1014):
 PSYoungGen      total 57856K, used 34304K [0x00000000f5580000, 0x00000000fa780000, 0x0000000100000000)
  eden space 34304K, 100% used [0x00000000f5580000,0x00000000f7700000,0x00000000f7700000)
  from space 23552K, 0% used [0x00000000f8e00000,0x00000000f8e00000,0x00000000fa500000)
  to   space 23552K, 0% used [0x00000000f7700000,0x00000000f7700000,0x00000000f8e00000)
 ParOldGen       total 349696K, used 349696K [0x00000000e0000000, 0x00000000f5580000, 0x00000000f5580000)
  object space 349696K, 100% used [0x00000000e0000000,0x00000000f5580000,0x00000000f5580000)
 Metaspace       used 57353K, committed 58240K, reserved 1105920K
  class space    used 5557K, committed 5952K, reserved 1048576K
}
Event: 1994.747 GC heap after
{Heap after GC invocations=1176 (full 1014):
 PSYoungGen      total 57856K, used 34304K [0x00000000f5580000, 0x00000000fa780000, 0x0000000100000000)
  eden space 34304K, 100% used [0x00000000f5580000,0x00000000f7700000,0x00000000f7700000)
  from space 23552K, 0% used [0x00000000f7700000,0x00000000f7700000,0x00000000f8e00000)
  to   space 23552K, 0% used [0x00000000f8e00000,0x00000000f8e00000,0x00000000fa500000)
 ParOldGen       total 349696K, used 349695K [0x00000000e0000000, 0x00000000f5580000, 0x00000000f5580000)
  object space 349696K, 99% used [0x00000000e0000000,0x00000000f557ffe0,0x00000000f5580000)
 Metaspace       used 57353K, committed 58240K, reserved 1105920K
  class space    used 5557K, committed 5952K, reserved 1048576K
}
Event: 1994.747 GC heap before
{Heap before GC invocations=1177 (full 1015):
 PSYoungGen      total 57856K, used 34304K [0x00000000f5580000, 0x00000000fa780000, 0x0000000100000000)
  eden space 34304K, 100% used [0x00000000f5580000,0x00000000f7700000,0x00000000f7700000)
  from space 23552K, 0% used [0x00000000f7700000,0x00000000f7700000,0x00000000f8e00000)
  to   space 23552K, 0% used [0x00000000f8e00000,0x00000000f8e00000,0x00000000fa500000)
 ParOldGen       total 349696K, used 349695K [0x00000000e0000000, 0x00000000f5580000, 0x00000000f5580000)
  object space 349696K, 99% used [0x00000000e0000000,0x00000000f557fff8,0x00000000f5580000)
 Metaspace       used 57353K, committed 58240K, reserved 1105920K
  class space    used 5557K, committed 5952K, reserved 1048576K
}
Event: 1996.517 GC heap after
{Heap after GC invocations=1177 (full 1015):
 PSYoungGen      total 57856K, used 34304K [0x00000000f5580000, 0x00000000fa780000, 0x0000000100000000)
  eden space 34304K, 100% used [0x00000000f5580000,0x00000000f7700000,0x00000000f7700000)
  from space 23552K, 0% used [0x00000000f8e00000,0x00000000f8e00000,0x00000000fa500000)
  to   space 23552K, 0% used [0x00000000f7700000,0x00000000f7700000,0x00000000f8e00000)
 ParOldGen       total 349696K, used 349695K [0x00000000e0000000, 0x00000000f5580000, 0x00000000f5580000)
  object space 349696K, 99% used [0x00000000e0000000,0x00000000f557fff8,0x00000000f5580000)
 Metaspace       used 57353K, committed 58240K, reserved 1105920K
  class space    used 5557K, committed 5952K, reserved 1048576K
}
Event: 1996.517 GC heap before
{Heap before GC invocations=1178 (full 1016):
 PSYoungGen      total 57856K, used 34304K [0x00000000f5580000, 0x00000000fa780000, 0x0000000100000000)
  eden space 34304K, 100% used [0x00000000f5580000,0x00000000f7700000,0x00000000f7700000)
  from space 23552K, 0% used [0x00000000f8e00000,0x00000000f8e00000,0x00000000fa500000)
  to   space 23552K, 0% used [0x00000000f7700000,0x00000000f7700000,0x00000000f8e00000)
 ParOldGen       total 349696K, used 349695K [0x00000000e0000000, 0x00000000f5580000, 0x00000000f5580000)
  object space 349696K, 99% used [0x00000000e0000000,0x00000000f557fff8,0x00000000f5580000)
 Metaspace       used 57353K, committed 58240K, reserved 1105920K
  class space    used 5557K, committed 5952K, reserved 1048576K
}
Event: 1998.236 GC heap after
{Heap after GC invocations=1178 (full 1016):
 PSYoungGen      total 57856K, used 34304K [0x00000000f5580000, 0x00000000fa780000, 0x0000000100000000)
  eden space 34304K, 100% used [0x00000000f5580000,0x00000000f7700000,0x00000000f7700000)
  from space 23552K, 0% used [0x00000000f7700000,0x00000000f7700000,0x00000000f8e00000)
  to   space 23552K, 0% used [0x00000000f8e00000,0x00000000f8e00000,0x00000000fa500000)
 ParOldGen       total 349696K, used 349695K [0x00000000e0000000, 0x00000000f5580000, 0x00000000f5580000)
  object space 349696K, 99% used [0x00000000e0000000,0x00000000f557fff8,0x00000000f5580000)
 Metaspace       used 57353K, committed 58240K, reserved 1105920K
  class space    used 5557K, committed 5952K, reserved 1048576K
}
Event: 1998.236 GC heap before
{Heap before GC invocations=1179 (full 1017):
 PSYoungGen      total 57856K, used 34304K [0x00000000f5580000, 0x00000000fa780000, 0x0000000100000000)
  eden space 34304K, 100% used [0x00000000f5580000,0x00000000f7700000,0x00000000f7700000)
  from space 23552K, 0% used [0x00000000f7700000,0x00000000f7700000,0x00000000f8e00000)
  to   space 23552K, 0% used [0x00000000f8e00000,0x00000000f8e00000,0x00000000fa500000)
 ParOldGen       total 349696K, used 349695K [0x00000000e0000000, 0x00000000f5580000, 0x00000000f5580000)
  object space 349696K, 99% used [0x00000000e0000000,0x00000000f557fff8,0x00000000f5580000)
 Metaspace       used 57353K, committed 58240K, reserved 1105920K
  class space    used 5557K, committed 5952K, reserved 1048576K
}
Event: 1999.997 GC heap after
{Heap after GC invocations=1179 (full 1017):
 PSYoungGen      total 57856K, used 34304K [0x00000000f5580000, 0x00000000fa780000, 0x0000000100000000)
  eden space 34304K, 100% used [0x00000000f5580000,0x00000000f7700000,0x00000000f7700000)
  from space 23552K, 0% used [0x00000000f8e00000,0x00000000f8e00000,0x00000000fa500000)
  to   space 23552K, 0% used [0x00000000f7700000,0x00000000f7700000,0x00000000f8e00000)
 ParOldGen       total 349696K, used 349695K [0x00000000e0000000, 0x00000000f5580000, 0x00000000f5580000)
  object space 349696K, 99% used [0x00000000e0000000,0x00000000f557ffc0,0x00000000f5580000)
 Metaspace       used 57353K, committed 58240K, reserved 1105920K
  class space    used 5557K, committed 5952K, reserved 1048576K
}
Event: 1999.997 GC heap before
{Heap before GC invocations=1180 (full 1018):
 PSYoungGen      total 57856K, used 34304K [0x00000000f5580000, 0x00000000fa780000, 0x0000000100000000)
  eden space 34304K, 100% used [0x00000000f5580000,0x00000000f7700000,0x00000000f7700000)
  from space 23552K, 0% used [0x00000000f8e00000,0x00000000f8e00000,0x00000000fa500000)
  to   space 23552K, 0% used [0x00000000f7700000,0x00000000f7700000,0x00000000f8e00000)
 ParOldGen       total 349696K, used 349696K [0x00000000e0000000, 0x00000000f5580000, 0x00000000f5580000)
  object space 349696K, 100% used [0x00000000e0000000,0x00000000f5580000,0x00000000f5580000)
 Metaspace       used 57353K, committed 58240K, reserved 1105920K
  class space    used 5557K, committed 5952K, reserved 1048576K
}
Event: 2001.905 GC heap after
{Heap after GC invocations=1180 (full 1018):
 PSYoungGen      total 57856K, used 34304K [0x00000000f5580000, 0x00000000fa780000, 0x0000000100000000)
  eden space 34304K, 100% used [0x00000000f5580000,0x00000000f7700000,0x00000000f7700000)
  from space 23552K, 0% used [0x00000000f7700000,0x00000000f7700000,0x00000000f8e00000)
  to   space 23552K, 0% used [0x00000000f8e00000,0x00000000f8e00000,0x00000000fa500000)
 ParOldGen       total 349696K, used 349695K [0x00000000e0000000, 0x00000000f5580000, 0x00000000f5580000)
  object space 349696K, 99% used [0x00000000e0000000,0x00000000f557ffe8,0x00000000f5580000)
 Metaspace       used 57353K, committed 58240K, reserved 1105920K
  class space    used 5557K, committed 5952K, reserved 1048576K
}
Event: 2001.909 GC heap before
{Heap before GC invocations=1181 (full 1019):
 PSYoungGen      total 57856K, used 34304K [0x00000000f5580000, 0x00000000fa780000, 0x0000000100000000)
  eden space 34304K, 100% used [0x00000000f5580000,0x00000000f7700000,0x00000000f7700000)
  from space 23552K, 0% used [0x00000000f7700000,0x00000000f7700000,0x00000000f8e00000)
  to   space 23552K, 0% used [0x00000000f8e00000,0x00000000f8e00000,0x00000000fa500000)
 ParOldGen       total 349696K, used 349696K [0x00000000e0000000, 0x00000000f5580000, 0x00000000f5580000)
  object space 349696K, 100% used [0x00000000e0000000,0x00000000f5580000,0x00000000f5580000)
 Metaspace       used 57353K, committed 58240K, reserved 1105920K
  class space    used 5557K, committed 5952K, reserved 1048576K
}
Event: 2003.758 GC heap after
{Heap after GC invocations=1181 (full 1019):
 PSYoungGen      total 57856K, used 34304K [0x00000000f5580000, 0x00000000fa780000, 0x0000000100000000)
  eden space 34304K, 100% used [0x00000000f5580000,0x00000000f7700000,0x00000000f7700000)
  from space 23552K, 0% used [0x00000000f8e00000,0x00000000f8e00000,0x00000000fa500000)
  to   space 23552K, 0% used [0x00000000f7700000,0x00000000f7700000,0x00000000f8e00000)
 ParOldGen       total 349696K, used 349695K [0x00000000e0000000, 0x00000000f5580000, 0x00000000f5580000)
  object space 349696K, 99% used [0x00000000e0000000,0x00000000f557ff78,0x00000000f5580000)
 Metaspace       used 57353K, committed 58240K, reserved 1105920K
  class space    used 5557K, committed 5952K, reserved 1048576K
}
Event: 2003.758 GC heap before
{Heap before GC invocations=1182 (full 1020):
 PSYoungGen      total 57856K, used 34304K [0x00000000f5580000, 0x00000000fa780000, 0x0000000100000000)
  eden space 34304K, 100% used [0x00000000f5580000,0x00000000f7700000,0x00000000f7700000)
  from space 23552K, 0% used [0x00000000f8e00000,0x00000000f8e00000,0x00000000fa500000)
  to   space 23552K, 0% used [0x00000000f7700000,0x00000000f7700000,0x00000000f8e00000)
 ParOldGen       total 349696K, used 349695K [0x00000000e0000000, 0x00000000f5580000, 0x00000000f5580000)
  object space 349696K, 99% used [0x00000000e0000000,0x00000000f557ff90,0x00000000f5580000)
 Metaspace       used 57353K, committed 58240K, reserved 1105920K
  class space    used 5557K, committed 5952K, reserved 1048576K
}
Event: 2005.646 GC heap after
{Heap after GC invocations=1182 (full 1020):
 PSYoungGen      total 57856K, used 34304K [0x00000000f5580000, 0x00000000fa780000, 0x0000000100000000)
  eden space 34304K, 100% used [0x00000000f5580000,0x00000000f7700000,0x00000000f7700000)
  from space 23552K, 0% used [0x00000000f7700000,0x00000000f7700000,0x00000000f8e00000)
  to   space 23552K, 0% used [0x00000000f8e00000,0x00000000f8e00000,0x00000000fa500000)
 ParOldGen       total 349696K, used 349695K [0x00000000e0000000, 0x00000000f5580000, 0x00000000f5580000)
  object space 349696K, 99% used [0x00000000e0000000,0x00000000f557ff90,0x00000000f5580000)
 Metaspace       used 57353K, committed 58240K, reserved 1105920K
  class space    used 5557K, committed 5952K, reserved 1048576K
}
Event: 2005.646 GC heap before
{Heap before GC invocations=1183 (full 1021):
 PSYoungGen      total 57856K, used 34304K [0x00000000f5580000, 0x00000000fa780000, 0x0000000100000000)
  eden space 34304K, 100% used [0x00000000f5580000,0x00000000f7700000,0x00000000f7700000)
  from space 23552K, 0% used [0x00000000f7700000,0x00000000f7700000,0x00000000f8e00000)
  to   space 23552K, 0% used [0x00000000f8e00000,0x00000000f8e00000,0x00000000fa500000)
 ParOldGen       total 349696K, used 349695K [0x00000000e0000000, 0x00000000f5580000, 0x00000000f5580000)
  object space 349696K, 99% used [0x00000000e0000000,0x00000000f557ff90,0x00000000f5580000)
 Metaspace       used 57353K, committed 58240K, reserved 1105920K
  class space    used 5557K, committed 5952K, reserved 1048576K
}
Event: 2007.620 GC heap after
{Heap after GC invocations=1183 (full 1021):
 PSYoungGen      total 57856K, used 34304K [0x00000000f5580000, 0x00000000fa780000, 0x0000000100000000)
  eden space 34304K, 100% used [0x00000000f5580000,0x00000000f7700000,0x00000000f7700000)
  from space 23552K, 0% used [0x00000000f8e00000,0x00000000f8e00000,0x00000000fa500000)
  to   space 23552K, 0% used [0x00000000f7700000,0x00000000f7700000,0x00000000f8e00000)
 ParOldGen       total 349696K, used 349695K [0x00000000e0000000, 0x00000000f5580000, 0x00000000f5580000)
  object space 349696K, 99% used [0x00000000e0000000,0x00000000f557ff90,0x00000000f5580000)
 Metaspace       used 57353K, committed 58240K, reserved 1105920K
  class space    used 5557K, committed 5952K, reserved 1048576K
}

Dll operation events (9 events):
Event: 0.002 Loaded shared library /nix/store/gpxl5qgg8kicmcvivwmybwjlpf7wh20l-graalvm17-ce-22.3.0/lib/libjava.so
Event: 0.008 Loaded shared library /nix/store/gpxl5qgg8kicmcvivwmybwjlpf7wh20l-graalvm17-ce-22.3.0/lib/libjsvml.so
Event: 0.586 Loaded shared library /nix/store/gpxl5qgg8kicmcvivwmybwjlpf7wh20l-graalvm17-ce-22.3.0/lib/libnio.so
Event: 0.591 Loaded shared library /nix/store/gpxl5qgg8kicmcvivwmybwjlpf7wh20l-graalvm17-ce-22.3.0/lib/libjvmcicompiler.so
Event: 0.596 Loaded shared library /nix/store/gpxl5qgg8kicmcvivwmybwjlpf7wh20l-graalvm17-ce-22.3.0/lib/libzip.so
Event: 1.085 Loaded shared library /nix/store/gpxl5qgg8kicmcvivwmybwjlpf7wh20l-graalvm17-ce-22.3.0/lib/libjimage.so
Event: 2.087 Loaded shared library /nix/store/gpxl5qgg8kicmcvivwmybwjlpf7wh20l-graalvm17-ce-22.3.0/lib/libnet.so
Event: 8.192 Loaded shared library /home/runner/.cache/jdt-language-server/config/org.eclipse.equinox.launcher/org.eclipse.equinox.launcher.gtk.linux.x86_64_1.2.400.v20211117-0650/eclipse_11600.so
Event: 20.685 Loaded shared library /nix/store/gpxl5qgg8kicmcvivwmybwjlpf7wh20l-graalvm17-ce-22.3.0/lib/libextnet.so

Deoptimization events (20 events):
Event: 1845.700 Thread 0x00007f37980ed3e0 Uncommon trap: trap_request=0xffffff8f fr.pc=0x00007f3817007b19 relative=0x00000000000004d9
Event: 1845.700 Thread 0x00007f37980ed3e0 Uncommon trap: reason=constraint action=none pc=0x00007f3817007b19 method=java.util.Arrays.copyOf([Ljava/lang/Object;ILjava/lang/Class;)[Ljava/lang/Object; @ 0 jvmci
Event: 1845.700 Thread 0x00007f37980ed3e0 DEOPT PACKING pc=0x00007f3817007b19 sp=0x00007f37d43fd290
Event: 1845.700 Thread 0x00007f37980ed3e0 DEOPT UNPACKING pc=0x00007f380f505325 sp=0x00007f37d43fc728 mode 3
Event: 1850.640 Thread 0x00007f37bc352db0 Uncommon trap: trap_request=0xffffff8f fr.pc=0x00007f38171ca09b relative=0x00000000000011db
Event: 1850.640 Thread 0x00007f37bc352db0 Uncommon trap: reason=constraint action=none pc=0x00007f38171ca09b method=org.eclipse.jdt.internal.core.index.DiskIndex.copyQueryResults(Lorg/eclipse/jdt/internal/compiler/util/HashtableOfObject;I)V @ 123 jvmci
Event: 1850.640 Thread 0x00007f37bc352db0 DEOPT PACKING pc=0x00007f38171ca09b sp=0x00007f37d51fe530
Event: 1850.640 Thread 0x00007f37bc352db0 DEOPT UNPACKING pc=0x00007f380f505325 sp=0x00007f37d51fda28 mode 3
Event: 1861.998 Thread 0x00007f3798138f50 Uncommon trap: trap_request=0xffffff8f fr.pc=0x00007f38171d0318 relative=0x00000000000009d8
Event: 1861.998 Thread 0x00007f3798138f50 Uncommon trap: reason=constraint action=none pc=0x00007f38171d0318 method=java.util.Hashtable.addEntry(ILjava/lang/Object;Ljava/lang/Object;I)V @ 42 jvmci
Event: 1865.190 Thread 0x00007f3798138f50 DEOPT PACKING pc=0x00007f38171d0318 sp=0x00007f37d5afdf60
Event: 1865.190 Thread 0x00007f3798138f50 DEOPT UNPACKING pc=0x00007f380f505325 sp=0x00007f37d5afd388 mode 3
Event: 1865.190 Thread 0x00007f37980e9e60 Uncommon trap: trap_request=0xffffff8f fr.pc=0x00007f38170853cd relative=0x000000000000080d
Event: 1865.190 Thread 0x00007f37980e9e60 Uncommon trap: reason=constraint action=none pc=0x00007f38170853cd method=org.eclipse.jdt.core.compiler.CharOperation.splitOn(C[CII)[[C @ 55 jvmci
Event: 1865.190 Thread 0x00007f37980e9e60 DEOPT PACKING pc=0x00007f38170853cd sp=0x00007f37d47fd170
Event: 1865.190 Thread 0x00007f37980e9e60 DEOPT UNPACKING pc=0x00007f380f505325 sp=0x00007f37d47fc5f8 mode 3
Event: 1981.332 Thread 0x00007f38280b21e0 Uncommon trap: trap_request=0xffffff8f fr.pc=0x00007f381704191b relative=0x000000000000017b
Event: 1981.332 Thread 0x00007f38280b21e0 Uncommon trap: reason=constraint action=none pc=0x00007f381704191b method=java.io.ByteArrayOutputStream.<init>(I)V @ 0 jvmci
Event: 1981.332 Thread 0x00007f38280b21e0 DEOPT PACKING pc=0x00007f381704191b sp=0x00007f380e118020
Event: 1981.332 Thread 0x00007f38280b21e0 DEOPT UNPACKING pc=0x00007f380f505325 sp=0x00007f380e1174c8 mode 3

Classes unloaded (20 events):
Event: 154.998 Thread 0x00007f38280a1c10 Unloading class 0x0000000800d05000 'java/lang/invoke/LambdaForm$MH+0x0000000800d05000'
Event: 154.998 Thread 0x00007f38280a1c10 Unloading class 0x0000000800d04c00 'java/lang/invoke/LambdaForm$MH+0x0000000800d04c00'
Event: 154.998 Thread 0x00007f38280a1c10 Unloading class 0x0000000800d04800 'java/lang/invoke/LambdaForm$MH+0x0000000800d04800'
Event: 159.685 Thread 0x00007f38280a1c10 Unloading class 0x0000000800ee9000 'jdk/internal/reflect/GeneratedConstructorAccessor12'
Event: 159.685 Thread 0x00007f38280a1c10 Unloading class 0x0000000800ee8800 'jdk/internal/reflect/GeneratedConstructorAccessor10'
Event: 159.685 Thread 0x00007f38280a1c10 Unloading class 0x0000000800ee8400 'jdk/internal/reflect/GeneratedConstructorAccessor9'
Event: 159.685 Thread 0x00007f38280a1c10 Unloading class 0x0000000800ee8000 'jdk/internal/reflect/GeneratedConstructorAccessor8'
Event: 162.519 Thread 0x00007f38280a1c10 Unloading class 0x0000000800d04000 'java/lang/invoke/LambdaForm$MH+0x0000000800d04000'
Event: 175.102 Thread 0x00007f38280a1c10 Unloading class 0x000000080108d400 'jdk/internal/reflect/GeneratedSerializationConstructorAccessor4'
Event: 175.102 Thread 0x00007f38280a1c10 Unloading class 0x000000080108d000 'jdk/internal/reflect/GeneratedSerializationConstructorAccessor3'
Event: 175.102 Thread 0x00007f38280a1c10 Unloading class 0x000000080108cc00 'jdk/internal/reflect/GeneratedSerializationConstructorAccessor2'
Event: 175.102 Thread 0x00007f38280a1c10 Unloading class 0x000000080108c800 'jdk/internal/reflect/GeneratedSerializationConstructorAccessor1'
Event: 180.996 Thread 0x00007f38280a1c10 Unloading class 0x000000080105d400 'java/lang/invoke/LambdaForm$MH+0x000000080105d400'
Event: 180.996 Thread 0x00007f38280a1c10 Unloading class 0x000000080105d000 'java/lang/invoke/LambdaForm$MH+0x000000080105d000'
Event: 180.996 Thread 0x00007f38280a1c10 Unloading class 0x000000080105cc00 'java/lang/invoke/LambdaForm$MH+0x000000080105cc00'
Event: 180.996 Thread 0x00007f38280a1c10 Unloading class 0x000000080105c800 'java/lang/invoke/LambdaForm$MH+0x000000080105c800'
Event: 180.996 Thread 0x00007f38280a1c10 Unloading class 0x000000080105c400 'java/lang/invoke/LambdaForm$MH+0x000000080105c400'
Event: 180.996 Thread 0x00007f38280a1c10 Unloading class 0x000000080105c000 'java/lang/invoke/LambdaForm$MH+0x000000080105c000'
Event: 180.996 Thread 0x00007f38280a1c10 Unloading class 0x0000000800d98400 'java/lang/invoke/LambdaForm$MH+0x0000000800d98400'
Event: 198.230 Thread 0x00007f38280a1c10 Unloading class 0x00000008011b8800 'jdk/internal/reflect/GeneratedConstructorAccessor34'

Classes redefined (0 events):
No events

Internal exceptions (20 events):
Event: 60.288 Thread 0x00007f37b00010d0 Implicit null exception at 0x00007f38170bf6bf to 0x00007f38170bf803
Event: 71.808 Thread 0x00007f37bc352db0 Implicit null exception at 0x00007f38171895c2 to 0x00007f381718bfe4
Event: 1762.911 Thread 0x00007f38283d47b0 Exception <a 'java/lang/OutOfMemoryError'{0x00000000e00041a0}> (0x00000000e00041a0) 
thrown [src/hotspot/share/gc/shared/memAllocator.cpp, line 136]
Event: 1845.700 Thread 0x00007f37980ed3e0 Exception <a 'java/lang/OutOfMemoryError'{0x00000000e0004740}> (0x00000000e0004740) 
thrown [src/hotspot/share/gc/shared/memAllocator.cpp, line 138]
Event: 1845.700 Thread 0x00007f37980ed3e0 Implicit null exception at 0x00007f3817007941 to 0x00007f3817007afe
Event: 1850.640 Thread 0x00007f37bc352db0 Exception <a 'java/lang/OutOfMemoryError'{0x00000000e0004470}> (0x00000000e0004470) 
thrown [src/hotspot/share/gc/shared/memAllocator.cpp, line 138]
Event: 1850.640 Thread 0x00007f37bc352db0 Implicit null exception at 0x00007f38171c9b0e to 0x00007f38171ca080
Event: 1861.998 Thread 0x00007f3798138f50 Exception <a 'java/lang/OutOfMemoryError'{0x00000000e0004470}> (0x00000000e0004470) 
thrown [src/hotspot/share/gc/shared/memAllocator.cpp, line 138]
Event: 1861.998 Thread 0x00007f3798138f50 Implicit null exception at 0x00007f38171cfe4d to 0x00007f38171d02fd
Event: 1865.190 Thread 0x00007f37980e9e60 Exception <a 'java/lang/OutOfMemoryError'{0x00000000e0004470}> (0x00000000e0004470) 
thrown [src/hotspot/share/gc/shared/memAllocator.cpp, line 138]
Event: 1865.190 Thread 0x00007f37980e9e60 Implicit null exception at 0x00007f381708517d to 0x00007f38170853b2
Event: 1868.461 Thread 0x00007f3798138f50 Exception <a 'java/lang/OutOfMemoryError'{0x00000000e0004790}> (0x00000000e0004790) 
thrown [src/hotspot/share/gc/shared/memAllocator.cpp, line 136]
Event: 1898.214 Thread 0x00007f38283d47b0 Exception <a 'java/lang/reflect/InvocationTargetException'{0x00000000f557ade8}> (0x00000000f557ade8) 
thrown [src/hotspot/share/runtime/reflection.cpp, line 1119]
Event: 1962.731 Thread 0x00007f37981394d0 Exception <a 'java/lang/OutOfMemoryError'{0x00000000e0004790}> (0x00000000e0004790) 
thrown [src/hotspot/share/gc/shared/memAllocator.cpp, line 136]
Event: 1972.939 Thread 0x00007f3794000ff0 Exception <a 'java/lang/OutOfMemoryError'{0x00000000e0004790}> (0x00000000e0004790) 
thrown [src/hotspot/share/gc/shared/memAllocator.cpp, line 136]
Event: 1981.332 Thread 0x00007f38280b21e0 Exception <a 'java/lang/OutOfMemoryError'{0x00000000e0004470}> (0x00000000e0004470) 
thrown [src/hotspot/share/gc/shared/memAllocator.cpp, line 138]
Event: 1981.332 Thread 0x00007f38280b21e0 Implicit null exception at 0x00007f38170418d1 to 0x00007f3817041900
Event: 1992.956 Thread 0x00007f3828443890 Exception <a 'java/lang/OutOfMemoryError'{0x00000000e0004790}> (0x00000000e0004790) 
thrown [src/hotspot/share/gc/shared/memAllocator.cpp, line 136]
Event: 1998.236 Thread 0x00007f3794000ff0 Exception <a 'java/lang/OutOfMemoryError'{0x00000000e0004790}> (0x00000000e0004790) 
thrown [src/hotspot/share/gc/shared/memAllocator.cpp, line 136]
Event: 2007.621 Thread 0x00007f38280b21e0 Exception <a 'java/lang/OutOfMemoryError'{0x00000000e0004790}> (0x00000000e0004790) 
thrown [src/hotspot/share/gc/shared/memAllocator.cpp, line 136]

VM Operations (20 events):
Event: 1984.695 Executing VM operation: ParallelGCFailedAllocation
Event: 1986.343 Executing VM operation: ParallelGCFailedAllocation done
Event: 1986.343 Executing VM operation: ParallelGCFailedAllocation
Event: 1988.187 Executing VM operation: ParallelGCFailedAllocation done
Event: 1988.188 Executing VM operation: ParallelGCFailedAllocation
Event: 1989.706 Executing VM operation: ParallelGCFailedAllocation done
Event: 1989.706 Executing VM operation: ParallelGCFailedAllocation
Event: 1992.955 Executing VM operation: ParallelGCFailedAllocation done
Event: 1992.956 Executing VM operation: ParallelGCFailedAllocation
Event: 1994.747 Executing VM operation: ParallelGCFailedAllocation done
Event: 1994.747 Executing VM operation: ParallelGCFailedAllocation
Event: 1998.236 Executing VM operation: ParallelGCFailedAllocation done
Event: 1998.236 Executing VM operation: ParallelGCFailedAllocation
Event: 1999.997 Executing VM operation: ParallelGCFailedAllocation done
Event: 1999.997 Executing VM operation: ParallelGCFailedAllocation
Event: 2001.905 Executing VM operation: ParallelGCFailedAllocation done
Event: 2001.906 Executing VM operation: ParallelGCFailedAllocation
Event: 2003.758 Executing VM operation: ParallelGCFailedAllocation done
Event: 2003.758 Executing VM operation: ParallelGCFailedAllocation
Event: 2007.621 Executing VM operation: ParallelGCFailedAllocation done

Events (20 events):
Event: 158.700 Thread 0x00007f37980eac40 Thread added: 0x00007f37980eac40
Event: 158.701 Protecting memory [0x00007f37d4b00000,0x00007f37d4b04000] with protection modes 0
Event: 172.000 Thread 0x00007f37980ed3e0 Thread added: 0x00007f37980ed3e0
Event: 172.001 Protecting memory [0x00007f37d4300000,0x00007f37d4304000] with protection modes 0
Event: 172.003 Thread 0x00007f37980e9e60 Thread added: 0x00007f37980e9e60
Event: 172.003 Protecting memory [0x00007f37d4700000,0x00007f37d4704000] with protection modes 0
Event: 198.715 Thread 0x00007f37980e8fb0 Thread added: 0x00007f37980e8fb0
Event: 198.715 Protecting memory [0x00007f37d5600000,0x00007f37d5604000] with protection modes 0
Event: 364.383 Thread 0x00007f37a41cdb50 Thread added: 0x00007f37a41cdb50
Event: 364.383 Protecting memory [0x00007f380c500000,0x00007f380c504000] with protection modes 0
Event: 364.383 Thread 0x00007f37981389d0 Thread added: 0x00007f37981389d0
Event: 364.383 Protecting memory [0x00007f37d4a00000,0x00007f37d4a04000] with protection modes 0
Event: 973.000 Thread 0x00007f3798138f50 Thread added: 0x00007f3798138f50
Event: 973.001 Protecting memory [0x00007f37d5a00000,0x00007f37d5a04000] with protection modes 0
Event: 1528.049 Thread 0x00007f37981394d0 Thread added: 0x00007f37981394d0
Event: 1528.049 Protecting memory [0x00007f37d4100000,0x00007f37d4104000] with protection modes 0
Event: 1870.202 loading class java/util/concurrent/CompletionException
Event: 1870.202 loading class java/util/concurrent/CompletionException done
Event: 1885.832 loading class java/util/concurrent/CancellationException
Event: 1885.832 loading class java/util/concurrent/CancellationException done


Dynamic libraries:
e0000000-f5580000 rw-p 00000000 00:00 0 
f5580000-fa780000 rw-p 00000000 00:00 0 
fa780000-100000000 ---p 00000000 00:00 0 
800000000-800449000 rw-p 00001000 00:16e6 4611686019135357769            /nix/store/gpxl5qgg8kicmcvivwmybwjlpf7wh20l-graalvm17-ce-22.3.0/lib/server/classes.jsa
800449000-800bc8000 r--p 0044a000 00:16e6 4611686019135357769            /nix/store/gpxl5qgg8kicmcvivwmybwjlpf7wh20l-graalvm17-ce-22.3.0/lib/server/classes.jsa
800bc8000-800c00000 ---p 00000000 00:00 0 
800c00000-800c20000 rw-p 00000000 00:00 0 
800c20000-800c40000 rw-p 00000000 00:00 0 
800c40000-800cc0000 rw-p 00000000 00:00 0 
800cc0000-800d00000 rw-p 00000000 00:00 0 
800d00000-800dc0000 rw-p 00000000 00:00 0 
800dc0000-800e00000 rw-p 00000000 00:00 0 
800e00000-800f40000 rw-p 00000000 00:00 0 
800f40000-800fc0000 rw-p 00000000 00:00 0 
800fc0000-801000000 rw-p 00000000 00:00 0 
801000000-8011d0000 rw-p 00000000 00:00 0 
8011d0000-840c00000 ---p 00000000 00:00 0 
558b65657000-558b65658000 r-xp 00000000 00:16e6 4611686019099417844      /nix/store/gpxl5qgg8kicmcvivwmybwjlpf7wh20l-graalvm17-ce-22.3.0/bin/.java-wrapped
558b65659000-558b6565a000 r--p 00001000 00:16e6 4611686019099417844      /nix/store/gpxl5qgg8kicmcvivwmybwjlpf7wh20l-graalvm17-ce-22.3.0/bin/.java-wrapped
558b6565a000-558b6565b000 rw-p 00002000 00:16e6 4611686019099417844      /nix/store/gpxl5qgg8kicmcvivwmybwjlpf7wh20l-graalvm17-ce-22.3.0/bin/.java-wrapped
558b6565b000-558b6565c000 rw-p 00004000 00:16e6 4611686019099417844      /nix/store/gpxl5qgg8kicmcvivwmybwjlpf7wh20l-graalvm17-ce-22.3.0/bin/.java-wrapped
558b6565c000-558b6565d000 rw-p 00005000 00:16e6 4611686019099417844      /nix/store/gpxl5qgg8kicmcvivwmybwjlpf7wh20l-graalvm17-ce-22.3.0/bin/.java-wrapped
558b664b9000-558b66501000 rw-p 00000000 00:00 0                          [heap]
7f375c000000-7f375c07a000 rw-p 00000000 00:00 0 
7f375c07a000-7f3760000000 ---p 00000000 00:00 0 
7f3763800000-7f3763b80000 rw-p 00000000 00:00 0 
7f3763b80000-7f3764000000 ---p 00000000 00:00 0 
7f3764000000-7f37640a1000 rw-p 00000000 00:00 0 
7f37640a1000-7f3768000000 ---p 00000000 00:00 0 
7f3768000000-7f3768046000 rw-p 00000000 00:00 0 
7f3768046000-7f376c000000 ---p 00000000 00:00 0 
7f376c000000-7f376c053000 rw-p 00000000 00:00 0 
7f376c053000-7f3770000000 ---p 00000000 00:00 0 
7f3770000000-7f3770031000 rw-p 00000000 00:00 0 
7f3770031000-7f3774000000 ---p 00000000 00:00 0 
7f3774000000-7f3774032000 rw-p 00000000 00:00 0 
7f3774032000-7f3778000000 ---p 00000000 00:00 0 
7f3778000000-7f37780e3000 rw-p 00000000 00:00 0 
7f37780e3000-7f377c000000 ---p 00000000 00:00 0 
7f377c000000-7f377c021000 rw-p 00000000 00:00 0 
7f377c021000-7f3780000000 ---p 00000000 00:00 0 
7f3780c00000-7f3780de0000 rw-p 00000000 00:00 0 
7f3780de0000-7f3780e00000 rw-p 00000000 00:00 0 
7f3780e00000-7f3780f00000 rw-p 00000000 00:00 0 
7f3780f00000-7f3780f90000 rw-p 00000000 00:00 0 
7f3780f90000-7f3781000000 ---p 00000000 00:00 0 
7f3781000000-7f3781400000 rw-p 00000000 00:00 0 
7f3781cb3000-7f378b800000 r--s 00000000 00:16e6 4611686019135192581      /nix/store/gpxl5qgg8kicmcvivwmybwjlpf7wh20l-graalvm17-ce-22.3.0/lib/modules
7f378b800000-7f378b900000 rw-p 00000000 00:00 0 
7f378b900000-7f378ba00000 rw-p 00000000 00:00 0 
7f378ba00000-7f378c000000 rw-p 00000000 00:00 0 
7f378c000000-7f378c139000 rw-p 00000000 00:00 0 
7f378c139000-7f3790000000 ---p 00000000 00:00 0 
7f3790000000-7f3790052000 rw-p 00000000 00:00 0 
7f3790052000-7f3794000000 ---p 00000000 00:00 0 
7f3794000000-7f3794118000 rw-p 00000000 00:00 0 
7f3794118000-7f3798000000 ---p 00000000 00:00 0 
7f3798000000-7f3798202000 rw-p 00000000 00:00 0 
7f3798202000-7f379c000000 ---p 00000000 00:00 0 
7f379c000000-7f379c021000 rw-p 00000000 00:00 0 
7f379c021000-7f37a0000000 ---p 00000000 00:00 0 
7f37a0000000-7f37a0021000 rw-p 00000000 00:00 0 
7f37a0021000-7f37a4000000 ---p 00000000 00:00 0 
7f37a4000000-7f37a432f000 rw-p 00000000 00:00 0 
7f37a432f000-7f37a8000000 ---p 00000000 00:00 0 
7f37a8000000-7f37a805a000 rw-p 00000000 00:00 0 
7f37a805a000-7f37ac000000 ---p 00000000 00:00 0 
7f37ac000000-7f37ac021000 rw-p 00000000 00:00 0 
7f37ac021000-7f37b0000000 ---p 00000000 00:00 0 
7f37b0000000-7f37b0073000 rw-p 00000000 00:00 0 
7f37b0073000-7f37b4000000 ---p 00000000 00:00 0 
7f37b4000000-7f37b4021000 rw-p 00000000 00:00 0 
7f37b4021000-7f37b8000000 ---p 00000000 00:00 0 
7f37b8000000-7f37b8021000 rw-p 00000000 00:00 0 
7f37b8021000-7f37bc000000 ---p 00000000 00:00 0 
7f37bc000000-7f37bc94c000 rw-p 00000000 00:00 0 
7f37bc94c000-7f37c0000000 ---p 00000000 00:00 0 
7f37c0000000-7f37c0025000 rw-p 00000000 00:00 0 
7f37c0025000-7f37c4000000 ---p 00000000 00:00 0 
7f37c4000000-7f37c4035000 rw-p 00000000 00:00 0 
7f37c4035000-7f37c8000000 ---p 00000000 00:00 0 
7f37c8000000-7f37c8021000 rw-p 00000000 00:00 0 
7f37c8021000-7f37cc000000 ---p 00000000 00:00 0 
7f37cc000000-7f37cc021000 rw-p 00000000 00:00 0 
7f37cc021000-7f37d0000000 ---p 00000000 00:00 0 
7f37d0000000-7f37d0100000 rw-p 00000000 00:00 0 
7f37d0100000-7f37d0180000 rw-p 00000000 00:00 0 
7f37d0180000-7f37d0200000 rw-p 00000000 00:00 0 
7f37d0200000-7f37d0300000 rw-p 00000000 00:00 0 
7f37d0300000-7f37d0500000 rw-p 00000000 00:00 0 
7f37d0500000-7f37d0800000 rw-p 00000000 00:00 0 
7f37d0800000-7f37d0900000 rw-p 00000000 00:00 0 
7f37d0900000-7f37d0a00000 rw-p 00000000 00:00 0 
7f37d0a00000-7f37d0f80000 rw-p 00000000 00:00 0 
7f37d0f80000-7f37d1000000 rw-p 00000000 00:00 0 
7f37d1000000-7f37d1100000 rw-p 00000000 00:00 0 
7f37d1100000-7f37d1200000 rw-p 00000000 00:00 0 
7f37d1200000-7f37d1500000 rw-p 00000000 00:00 0 
7f37d1500000-7f37d1600000 rw-p 00000000 00:00 0 
7f37d1600000-7f37d1800000 rw-p 00000000 00:00 0 
7f37d2200000-7f37d2210000 r-xp 00000000 00:16e3 354                      /home/runner/.cache/jdt-language-server/config/org.eclipse.equinox.launcher/org.eclipse.equinox.launcher.gtk.linux.x86_64_1.2.400.v20211117-0650/eclipse_11600.so
7f37d2210000-7f37d240f000 ---p 00010000 00:16e3 354                      /home/runner/.cache/jdt-language-server/config/org.eclipse.equinox.launcher/org.eclipse.equinox.launcher.gtk.linux.x86_64_1.2.400.v20211117-0650/eclipse_11600.so
7f37d240f000-7f37d2410000 r--p 0000f000 00:16e3 354                      /home/runner/.cache/jdt-language-server/config/org.eclipse.equinox.launcher/org.eclipse.equinox.launcher.gtk.linux.x86_64_1.2.400.v20211117-0650/eclipse_11600.so
7f37d2410000-7f37d2411000 rw-p 00010000 00:16e3 354                      /home/runner/.cache/jdt-language-server/config/org.eclipse.equinox.launcher/org.eclipse.equinox.launcher.gtk.linux.x86_64_1.2.400.v20211117-0650/eclipse_11600.so
7f37d2f00000-7f37d3000000 ---p 00000000 00:00 0 
7f37d3000000-7f37d35af000 r--p 01122000 00:16e6 4611686019135190040      /nix/store/gpxl5qgg8kicmcvivwmybwjlpf7wh20l-graalvm17-ce-22.3.0/lib/libjvmcicompiler.so
7f37d35af000-7f37d3700000 r--p 00000000 00:00 0 
7f37d3700000-7f37d373d000 rw-p 00000000 00:00 0 
7f37d373d000-7f37d3c5d000 rw-p 0185f000 00:16e6 4611686019135190040      /nix/store/gpxl5qgg8kicmcvivwmybwjlpf7wh20l-graalvm17-ce-22.3.0/lib/libjvmcicompiler.so
7f37d3c5d000-7f37d4044000 r--p 01d7f000 00:16e6 4611686019135190040      /nix/store/gpxl5qgg8kicmcvivwmybwjlpf7wh20l-graalvm17-ce-22.3.0/lib/libjvmcicompiler.so
7f37d4100000-7f37d4104000 ---p 00000000 00:00 0 
7f37d4104000-7f37d4200000 rw-p 00000000 00:00 0 
7f37d4300000-7f37d4304000 ---p 00000000 00:00 0 
7f37d4304000-7f37d4400000 rw-p 00000000 00:00 0 
7f37d4500000-7f37d4504000 ---p 00000000 00:00 0 
7f37d4504000-7f37d4600000 rw-p 00000000 00:00 0 
7f37d4700000-7f37d4704000 ---p 00000000 00:00 0 
7f37d4704000-7f37d4800000 rw-p 00000000 00:00 0 
7f37d4800000-7f37d4804000 ---p 00000000 00:00 0 
7f37d4804000-7f37d4900000 rw-p 00000000 00:00 0 
7f37d4900000-7f37d4904000 ---p 00000000 00:00 0 
7f37d4904000-7f37d4a00000 rw-p 00000000 00:00 0 
7f37d4a00000-7f37d4a04000 ---p 00000000 00:00 0 
7f37d4a04000-7f37d4b00000 rw-p 00000000 00:00 0 
7f37d4b00000-7f37d4b04000 ---p 00000000 00:00 0 
7f37d4b04000-7f37d4c00000 rw-p 00000000 00:00 0 
7f37d4d00000-7f37d4d04000 ---p 00000000 00:00 0 
7f37d4d04000-7f37d4e00000 rw-p 00000000 00:00 0 
7f37d4f00000-7f37d4f04000 ---p 00000000 00:00 0 
7f37d4f04000-7f37d5000000 rw-p 00000000 00:00 0 
7f37d5000000-7f37d5004000 ---p 00000000 00:00 0 
7f37d5004000-7f37d5100000 rw-p 00000000 00:00 0 
7f37d5100000-7f37d5104000 ---p 00000000 00:00 0 
7f37d5104000-7f37d5200000 rw-p 00000000 00:00 0 
7f37d5300000-7f37d5304000 ---p 00000000 00:00 0 
7f37d5304000-7f37d5400000 rw-p 00000000 00:00 0 
7f37d5500000-7f37d5504000 ---p 00000000 00:00 0 
7f37d5504000-7f37d5600000 rw-p 00000000 00:00 0 
7f37d5600000-7f37d5604000 ---p 00000000 00:00 0 
7f37d5604000-7f37d5700000 rw-p 00000000 00:00 0 
7f37d5700000-7f37d5704000 ---p 00000000 00:00 0 
7f37d5704000-7f37d5800000 rw-p 00000000 00:00 0 
7f37d5900000-7f37d5904000 ---p 00000000 00:00 0 
7f37d5904000-7f37d5a00000 rw-p 00000000 00:00 0 
7f37d5a00000-7f37d5a04000 ---p 00000000 00:00 0 
7f37d5a04000-7f37d5b00000 rw-p 00000000 00:00 0 
7f37d5b00000-7f37d5b04000 ---p 00000000 00:00 0 
7f37d5b04000-7f37d5c00000 rw-p 00000000 00:00 0 
7f37d5c00000-7f37d7d6a000 r-xp 00000000 00:16e6 4611686019135190040      /nix/store/gpxl5qgg8kicmcvivwmybwjlpf7wh20l-graalvm17-ce-22.3.0/lib/libjvmcicompiler.so
7f37d7d6a000-7f37d7f69000 ---p 0216a000 00:16e6 4611686019135190040      /nix/store/gpxl5qgg8kicmcvivwmybwjlpf7wh20l-graalvm17-ce-22.3.0/lib/libjvmcicompiler.so
7f37d7f69000-7f37d7f6a000 r--p 02169000 00:16e6 4611686019135190040      /nix/store/gpxl5qgg8kicmcvivwmybwjlpf7wh20l-graalvm17-ce-22.3.0/lib/libjvmcicompiler.so
7f37d7f6a000-7f37d7f6c000 rw-p 0216a000 00:16e6 4611686019135190040      /nix/store/gpxl5qgg8kicmcvivwmybwjlpf7wh20l-graalvm17-ce-22.3.0/lib/libjvmcicompiler.so
7f37d7f6c000-7f37d7f6d000 rw-p 00000000 00:00 0 
7f37d7f6d000-7f37d7f72000 rw-p 023c3000 00:16e6 4611686019135190040      /nix/store/gpxl5qgg8kicmcvivwmybwjlpf7wh20l-graalvm17-ce-22.3.0/lib/libjvmcicompiler.so
7f37d8000000-7f37d8021000 rw-p 00000000 00:00 0 
7f37d8021000-7f37dc000000 ---p 00000000 00:00 0 
7f37dc000000-7f37dc021000 rw-p 00000000 00:00 0 
7f37dc021000-7f37e0000000 ---p 00000000 00:00 0 
7f37e0000000-7f37e0021000 rw-p 00000000 00:00 0 
7f37e0021000-7f37e4000000 ---p 00000000 00:00 0 
7f37e4000000-7f37e4021000 rw-p 00000000 00:00 0 
7f37e4021000-7f37e8000000 ---p 00000000 00:00 0 
7f37e8000000-7f37e8107000 rw-p 00000000 00:00 0 
7f37e8107000-7f37ec000000 ---p 00000000 00:00 0 
7f37ec000000-7f37ecb82000 rw-p 00000000 00:00 0 
7f37ecb82000-7f37f0000000 ---p 00000000 00:00 0 
7f37f0000000-7f37f0021000 rw-p 00000000 00:00 0 
7f37f0021000-7f37f4000000 ---p 00000000 00:00 0 
7f37f4000000-7f37f4021000 rw-p 00000000 00:00 0 
7f37f4021000-7f37f8000000 ---p 00000000 00:00 0 
7f37f8000000-7f37f8021000 rw-p 00000000 00:00 0 
7f37f8021000-7f37fc000000 ---p 00000000 00:00 0 
7f37fc000000-7f37fc021000 rw-p 00000000 00:00 0 
7f37fc021000-7f3800000000 ---p 00000000 00:00 0 
7f3800000000-7f3800021000 rw-p 00000000 00:00 0 
7f3800021000-7f3804000000 ---p 00000000 00:00 0 
7f3804000000-7f3804021000 rw-p 00000000 00:00 0 
7f3804021000-7f3808000000 ---p 00000000 00:00 0 
7f3808000000-7f38081e9000 rw-p 00000000 00:00 0 
7f38081e9000-7f380c000000 ---p 00000000 00:00 0 
7f380c000000-7f380c004000 ---p 00000000 00:00 0 
7f380c004000-7f380c100000 rw-p 00000000 00:00 0 
7f380c200000-7f380c204000 ---p 00000000 00:00 0 
7f380c204000-7f380c300000 rw-p 00000000 00:00 0 
7f380c400000-7f380c404000 ---p 00000000 00:00 0 
7f380c404000-7f380c500000 rw-p 00000000 00:00 0 
7f380c500000-7f380c504000 ---p 00000000 00:00 0 
7f380c504000-7f380c600000 rw-p 00000000 00:00 0 
7f380c600000-7f380c604000 ---p 00000000 00:00 0 
7f380c604000-7f380c700000 rw-p 00000000 00:00 0 
7f380d468000-7f380d900000 rw-p 00000000 00:00 0 
7f380d918000-7f380d919000 ---p 00000000 00:00 0 
7f380d919000-7f380da1a000 rw-p 00000000 00:00 0 
7f380da1a000-7f380da1e000 ---p 00000000 00:00 0 
7f380da1e000-7f380db1a000 rw-p 00000000 00:00 0 
7f380db1a000-7f380db1e000 ---p 00000000 00:00 0 
7f380db1e000-7f380dc1a000 rw-p 00000000 00:00 0 
7f380dc1a000-7f380dc1e000 ---p 00000000 00:00 0 
7f380dc1e000-7f380dd1a000 rw-p 00000000 00:00 0 
7f380dd1a000-7f380dd1e000 ---p 00000000 00:00 0 
7f380dd1e000-7f380df1a000 rw-p 00000000 00:00 0 
7f380df1a000-7f380df1e000 ---p 00000000 00:00 0 
7f380df1e000-7f380e11a000 rw-p 00000000 00:00 0 
7f380e11a000-7f380e11e000 ---p 00000000 00:00 0 
7f380e11e000-7f380e21a000 rw-p 00000000 00:00 0 
7f380e21a000-7f380e21e000 ---p 00000000 00:00 0 
7f380e21e000-7f380e31a000 rw-p 00000000 00:00 0 
7f380e31a000-7f380e31e000 ---p 00000000 00:00 0 
7f380e31e000-7f380e41a000 rw-p 00000000 00:00 0 
7f380e41a000-7f380e700000 r--p 00000000 00:7cd 28444448                  /usr/lib/locale/locale-archive
7f380e700000-7f380e704000 ---p 00000000 00:00 0 
7f380e704000-7f380ec00000 rw-p 00000000 00:00 0 
7f380ec00000-7f380ef00000 rw-p 00000000 00:00 0 
7f380ef00000-7f380f000000 rw-p 00000000 00:00 0 
7f380f061000-7f380f063000 r-xp 00000000 00:16e6 4611686019135190017      /nix/store/gpxl5qgg8kicmcvivwmybwjlpf7wh20l-graalvm17-ce-22.3.0/lib/libextnet.so
7f380f063000-7f380f064000 r--p 00001000 00:16e6 4611686019135190017      /nix/store/gpxl5qgg8kicmcvivwmybwjlpf7wh20l-graalvm17-ce-22.3.0/lib/libextnet.so
7f380f064000-7f380f065000 rw-p 00002000 00:16e6 4611686019135190017      /nix/store/gpxl5qgg8kicmcvivwmybwjlpf7wh20l-graalvm17-ce-22.3.0/lib/libextnet.so
7f380f065000-7f380f066000 rw-p 00004000 00:16e6 4611686019135190017      /nix/store/gpxl5qgg8kicmcvivwmybwjlpf7wh20l-graalvm17-ce-22.3.0/lib/libextnet.so
7f380f066000-7f380f06a000 ---p 00000000 00:00 0 
7f380f06a000-7f380f088000 rw-p 00000000 00:00 0 
7f380f088000-7f380f08f000 r-xp 00000000 00:16e6 4611686019135192580      /nix/store/gpxl5qgg8kicmcvivwmybwjlpf7wh20l-graalvm17-ce-22.3.0/lib/libzip.so
7f380f08f000-7f380f090000 ---p 00007000 00:16e6 4611686019135192580      /nix/store/gpxl5qgg8kicmcvivwmybwjlpf7wh20l-graalvm17-ce-22.3.0/lib/libzip.so
7f380f090000-7f380f091000 r--p 00007000 00:16e6 4611686019135192580      /nix/store/gpxl5qgg8kicmcvivwmybwjlpf7wh20l-graalvm17-ce-22.3.0/lib/libzip.so
7f380f091000-7f380f092000 rw-p 00008000 00:16e6 4611686019135192580      /nix/store/gpxl5qgg8kicmcvivwmybwjlpf7wh20l-graalvm17-ce-22.3.0/lib/libzip.so
7f380f092000-7f380f094000 rw-p 0000b000 00:16e6 4611686019135192580      /nix/store/gpxl5qgg8kicmcvivwmybwjlpf7wh20l-graalvm17-ce-22.3.0/lib/libzip.so
7f380f094000-7f380f0a9000 r-xp 00000000 00:16e6 4611686019135192570      /nix/store/gpxl5qgg8kicmcvivwmybwjlpf7wh20l-graalvm17-ce-22.3.0/lib/libnet.so
7f380f0a9000-7f380f0aa000 ---p 00015000 00:16e6 4611686019135192570      /nix/store/gpxl5qgg8kicmcvivwmybwjlpf7wh20l-graalvm17-ce-22.3.0/lib/libnet.so
7f380f0aa000-7f380f0ab000 r--p 00015000 00:16e6 4611686019135192570      /nix/store/gpxl5qgg8kicmcvivwmybwjlpf7wh20l-graalvm17-ce-22.3.0/lib/libnet.so
7f380f0ab000-7f380f0ac000 rw-p 00016000 00:16e6 4611686019135192570      /nix/store/gpxl5qgg8kicmcvivwmybwjlpf7wh20l-graalvm17-ce-22.3.0/lib/libnet.so
7f380f0ac000-7f380f0af000 rw-p 0001b000 00:16e6 4611686019135192570      /nix/store/gpxl5qgg8kicmcvivwmybwjlpf7wh20l-graalvm17-ce-22.3.0/lib/libnet.so
7f380f0af000-7f380f0b3000 ---p 00000000 00:00 0 
7f380f0b3000-7f380f1af000 rw-p 00000000 00:00 0 
7f380f1af000-7f380f1b0000 ---p 00000000 00:00 0 
7f380f1b0000-7f380f4b3000 rw-p 00000000 00:00 0 
7f380f4b3000-7f380f723000 rwxp 00000000 00:00 0 
7f380f723000-7f380fa42000 ---p 00000000 00:00 0 
7f380fa42000-7f3810ae2000 rwxp 00000000 00:00 0 
7f3810ae2000-7f3816f7a000 ---p 00000000 00:00 0 
7f3816f7a000-7f381720a000 rwxp 00000000 00:00 0 
7f381720a000-7f381e4b3000 ---p 00000000 00:00 0 
7f381e4b3000-7f3828000000 r--s 00000000 00:16e6 4611686019135192581      /nix/store/gpxl5qgg8kicmcvivwmybwjlpf7wh20l-graalvm17-ce-22.3.0/lib/modules
7f3828000000-7f382860b000 rw-p 00000000 00:00 0 
7f382860b000-7f382c000000 ---p 00000000 00:00 0 
7f382c000000-7f382c013000 r-xp 00000000 00:16e6 4611686019135192571      /nix/store/gpxl5qgg8kicmcvivwmybwjlpf7wh20l-graalvm17-ce-22.3.0/lib/libnio.so
7f382c013000-7f382c014000 r--p 00012000 00:16e6 4611686019135192571      /nix/store/gpxl5qgg8kicmcvivwmybwjlpf7wh20l-graalvm17-ce-22.3.0/lib/libnio.so
7f382c014000-7f382c015000 rw-p 00013000 00:16e6 4611686019135192571      /nix/store/gpxl5qgg8kicmcvivwmybwjlpf7wh20l-graalvm17-ce-22.3.0/lib/libnio.so
7f382c015000-7f382c01a000 rw-p 00019000 00:16e6 4611686019135192571      /nix/store/gpxl5qgg8kicmcvivwmybwjlpf7wh20l-graalvm17-ce-22.3.0/lib/libnio.so
7f382c01a000-7f382c0e8000 r-xp 00000000 00:16e6 4611686019135190036      /nix/store/gpxl5qgg8kicmcvivwmybwjlpf7wh20l-graalvm17-ce-22.3.0/lib/libjsvml.so
7f382c0e8000-7f382c0e9000 r--p 000cd000 00:16e6 4611686019135190036      /nix/store/gpxl5qgg8kicmcvivwmybwjlpf7wh20l-graalvm17-ce-22.3.0/lib/libjsvml.so
7f382c0e9000-7f382c0ea000 rw-p 000ce000 00:16e6 4611686019135190036      /nix/store/gpxl5qgg8kicmcvivwmybwjlpf7wh20l-graalvm17-ce-22.3.0/lib/libjsvml.so
7f382c0ea000-7f382d7c0000 rw-p 00000000 00:00 0 
7f382d7c0000-7f382d7c1000 ---p 00000000 00:00 0 
7f382d7c1000-7f382d96c000 rw-p 00000000 00:00 0 
7f382d96c000-7f382d996000 rw-p 00000000 00:00 0 
7f382d996000-7f382d9c2000 ---p 00000000 00:00 0 
7f382d9c2000-7f382d9c9000 rw-p 00000000 00:00 0 
7f382d9c9000-7f382daae000 ---p 00000000 00:00 0 
7f382daae000-7f382dad0000 rw-p 00000000 00:00 0 
7f382dad0000-7f382db99000 ---p 00000000 00:00 0 
7f382db99000-7f382db9e000 rw-p 00000000 00:00 0 
7f382db9e000-7f382dba5000 ---p 00000000 00:00 0 
7f382dba5000-7f382dbc9000 r-xp 00000000 00:16e6 4611686019135190028      /nix/store/gpxl5qgg8kicmcvivwmybwjlpf7wh20l-graalvm17-ce-22.3.0/lib/libjava.so
7f382dbc9000-7f382dbca000 ---p 00024000 00:16e6 4611686019135190028      /nix/store/gpxl5qgg8kicmcvivwmybwjlpf7wh20l-graalvm17-ce-22.3.0/lib/libjava.so
7f382dbca000-7f382dbcb000 r--p 00024000 00:16e6 4611686019135190028      /nix/store/gpxl5qgg8kicmcvivwmybwjlpf7wh20l-graalvm17-ce-22.3.0/lib/libjava.so
7f382dbcb000-7f382dbcc000 rw-p 00025000 00:16e6 4611686019135190028      /nix/store/gpxl5qgg8kicmcvivwmybwjlpf7wh20l-graalvm17-ce-22.3.0/lib/libjava.so
7f382dbcc000-7f382dbcd000 rw-p 00000000 00:00 0 
7f382dbcd000-7f382dbd4000 rw-p 0002f000 00:16e6 4611686019135190028      /nix/store/gpxl5qgg8kicmcvivwmybwjlpf7wh20l-graalvm17-ce-22.3.0/lib/libjava.so
7f382dbd4000-7f382dbdc000 rw-s 00000000 00:c16 350                       /tmp/hsperfdata_runner/34
7f382dbdc000-7f382dbdd000 ---p 00000000 00:00 0 
7f382dbdd000-7f382dbde000 r--p 00000000 00:00 0 
7f382dbde000-7f382dbdf000 rwxp 00000000 00:00 0 
7f382dbdf000-7f382dbfa000 r-xp 00000000 00:16e6 4611686019135190032      /nix/store/gpxl5qgg8kicmcvivwmybwjlpf7wh20l-graalvm17-ce-22.3.0/lib/libjimage.so
7f382dbfa000-7f382dbfb000 ---p 0001b000 00:16e6 4611686019135190032      /nix/store/gpxl5qgg8kicmcvivwmybwjlpf7wh20l-graalvm17-ce-22.3.0/lib/libjimage.so
7f382dbfb000-7f382dbfd000 r--p 0001b000 00:16e6 4611686019135190032      /nix/store/gpxl5qgg8kicmcvivwmybwjlpf7wh20l-graalvm17-ce-22.3.0/lib/libjimage.so
7f382dbfd000-7f382dbfe000 rw-p 0001d000 00:16e6 4611686019135190032      /nix/store/gpxl5qgg8kicmcvivwmybwjlpf7wh20l-graalvm17-ce-22.3.0/lib/libjimage.so
7f382dbfe000-7f382dbff000 rw-p 00024000 00:16e6 4611686019135190032      /nix/store/gpxl5qgg8kicmcvivwmybwjlpf7wh20l-graalvm17-ce-22.3.0/lib/libjimage.so
7f382dbff000-7f382dc03000 ---p 00000000 00:00 0 
7f382dc03000-7f382dcff000 rw-p 00000000 00:00 0 
7f382dcff000-7f382dd0d000 r--p 00000000 00:16e6 4611686019027979927      /nix/store/4nlgxhb09sdr51nc9hdm8az5b08vzkgx-glibc-2.35-163/lib/libm.so.6
7f382dd0d000-7f382dd80000 r-xp 0000e000 00:16e6 4611686019027979927      /nix/store/4nlgxhb09sdr51nc9hdm8az5b08vzkgx-glibc-2.35-163/lib/libm.so.6
7f382dd80000-7f382dddd000 r--p 00081000 00:16e6 4611686019027979927      /nix/store/4nlgxhb09sdr51nc9hdm8az5b08vzkgx-glibc-2.35-163/lib/libm.so.6
7f382dddd000-7f382ddde000 r--p 000dd000 00:16e6 4611686019027979927      /nix/store/4nlgxhb09sdr51nc9hdm8az5b08vzkgx-glibc-2.35-163/lib/libm.so.6
7f382ddde000-7f382dddf000 rw-p 000de000 00:16e6 4611686019027979927      /nix/store/4nlgxhb09sdr51nc9hdm8az5b08vzkgx-glibc-2.35-163/lib/libm.so.6
7f382dddf000-7f382dde0000 r--p 00000000 00:16e6 4611686019027979946      /nix/store/4nlgxhb09sdr51nc9hdm8az5b08vzkgx-glibc-2.35-163/lib/librt.so.1
7f382dde0000-7f382dde1000 r-xp 00001000 00:16e6 4611686019027979946      /nix/store/4nlgxhb09sdr51nc9hdm8az5b08vzkgx-glibc-2.35-163/lib/librt.so.1
7f382dde1000-7f382dde2000 r--p 00002000 00:16e6 4611686019027979946      /nix/store/4nlgxhb09sdr51nc9hdm8az5b08vzkgx-glibc-2.35-163/lib/librt.so.1
7f382dde2000-7f382dde3000 r--p 00002000 00:16e6 4611686019027979946      /nix/store/4nlgxhb09sdr51nc9hdm8az5b08vzkgx-glibc-2.35-163/lib/librt.so.1
7f382dde3000-7f382dde4000 rw-p 00003000 00:16e6 4611686019027979946      /nix/store/4nlgxhb09sdr51nc9hdm8az5b08vzkgx-glibc-2.35-163/lib/librt.so.1
7f382dde4000-7f382eef7000 r-xp 00000000 00:16e6 4611686019135360866      /nix/store/gpxl5qgg8kicmcvivwmybwjlpf7wh20l-graalvm17-ce-22.3.0/lib/server/libjvm.so
7f382eef7000-7f382eef8000 ---p 01113000 00:16e6 4611686019135360866      /nix/store/gpxl5qgg8kicmcvivwmybwjlpf7wh20l-graalvm17-ce-22.3.0/lib/server/libjvm.so
7f382eef8000-7f382efad000 r--p 01113000 00:16e6 4611686019135360866      /nix/store/gpxl5qgg8kicmcvivwmybwjlpf7wh20l-graalvm17-ce-22.3.0/lib/server/libjvm.so
7f382efad000-7f382efe1000 rw-p 011c8000 00:16e6 4611686019135360866      /nix/store/gpxl5qgg8kicmcvivwmybwjlpf7wh20l-graalvm17-ce-22.3.0/lib/server/libjvm.so
7f382efe1000-7f382f03d000 rw-p 00000000 00:00 0 
7f382f03d000-7f382f065000 r--p 00000000 00:16e6 4611686019027979918      /nix/store/4nlgxhb09sdr51nc9hdm8az5b08vzkgx-glibc-2.35-163/lib/libc.so.6
7f382f065000-7f382f1db000 r-xp 00028000 00:16e6 4611686019027979918      /nix/store/4nlgxhb09sdr51nc9hdm8az5b08vzkgx-glibc-2.35-163/lib/libc.so.6
7f382f1db000-7f382f233000 r--p 0019e000 00:16e6 4611686019027979918      /nix/store/4nlgxhb09sdr51nc9hdm8az5b08vzkgx-glibc-2.35-163/lib/libc.so.6
7f382f233000-7f382f237000 r--p 001f6000 00:16e6 4611686019027979918      /nix/store/4nlgxhb09sdr51nc9hdm8az5b08vzkgx-glibc-2.35-163/lib/libc.so.6
7f382f237000-7f382f239000 rw-p 001fa000 00:16e6 4611686019027979918      /nix/store/4nlgxhb09sdr51nc9hdm8az5b08vzkgx-glibc-2.35-163/lib/libc.so.6
7f382f239000-7f382f248000 rw-p 00000000 00:00 0 
7f382f248000-7f382f249000 r--p 00000000 00:16e6 4611686019027979923      /nix/store/4nlgxhb09sdr51nc9hdm8az5b08vzkgx-glibc-2.35-163/lib/libdl.so.2
7f382f249000-7f382f24a000 r-xp 00001000 00:16e6 4611686019027979923      /nix/store/4nlgxhb09sdr51nc9hdm8az5b08vzkgx-glibc-2.35-163/lib/libdl.so.2
7f382f24a000-7f382f24b000 r--p 00002000 00:16e6 4611686019027979923      /nix/store/4nlgxhb09sdr51nc9hdm8az5b08vzkgx-glibc-2.35-163/lib/libdl.so.2
7f382f24b000-7f382f24c000 r--p 00002000 00:16e6 4611686019027979923      /nix/store/4nlgxhb09sdr51nc9hdm8az5b08vzkgx-glibc-2.35-163/lib/libdl.so.2
7f382f24c000-7f382f24d000 rw-p 00003000 00:16e6 4611686019027979923      /nix/store/4nlgxhb09sdr51nc9hdm8az5b08vzkgx-glibc-2.35-163/lib/libdl.so.2
7f382f24d000-7f382f24e000 r--p 00000000 00:16e6 4611686019027979942      /nix/store/4nlgxhb09sdr51nc9hdm8az5b08vzkgx-glibc-2.35-163/lib/libpthread.so.0
7f382f24e000-7f382f24f000 r-xp 00001000 00:16e6 4611686019027979942      /nix/store/4nlgxhb09sdr51nc9hdm8az5b08vzkgx-glibc-2.35-163/lib/libpthread.so.0
7f382f24f000-7f382f250000 r--p 00002000 00:16e6 4611686019027979942      /nix/store/4nlgxhb09sdr51nc9hdm8az5b08vzkgx-glibc-2.35-163/lib/libpthread.so.0
7f382f250000-7f382f251000 r--p 00002000 00:16e6 4611686019027979942      /nix/store/4nlgxhb09sdr51nc9hdm8az5b08vzkgx-glibc-2.35-163/lib/libpthread.so.0
7f382f251000-7f382f252000 rw-p 00003000 00:16e6 4611686019027979942      /nix/store/4nlgxhb09sdr51nc9hdm8az5b08vzkgx-glibc-2.35-163/lib/libpthread.so.0
7f382f252000-7f382f260000 r-xp 00000000 00:16e6 4611686019135190033      /nix/store/gpxl5qgg8kicmcvivwmybwjlpf7wh20l-graalvm17-ce-22.3.0/lib/libjli.so
7f382f260000-7f382f261000 ---p 0000e000 00:16e6 4611686019135190033      /nix/store/gpxl5qgg8kicmcvivwmybwjlpf7wh20l-graalvm17-ce-22.3.0/lib/libjli.so
7f382f261000-7f382f262000 r--p 0000e000 00:16e6 4611686019135190033      /nix/store/gpxl5qgg8kicmcvivwmybwjlpf7wh20l-graalvm17-ce-22.3.0/lib/libjli.so
7f382f262000-7f382f263000 rw-p 0000f000 00:16e6 4611686019135190033      /nix/store/gpxl5qgg8kicmcvivwmybwjlpf7wh20l-graalvm17-ce-22.3.0/lib/libjli.so
7f382f263000-7f382f264000 rw-p 00012000 00:16e6 4611686019135190033      /nix/store/gpxl5qgg8kicmcvivwmybwjlpf7wh20l-graalvm17-ce-22.3.0/lib/libjli.so
7f382f264000-7f382f267000 r--p 00000000 00:16e6 4611686019106210071      /nix/store/026hln0aq1hyshaxsdvhg0kmcm6yf45r-zlib-1.2.13/lib/libz.so.1.2.13
7f382f267000-7f382f279000 r-xp 00003000 00:16e6 4611686019106210071      /nix/store/026hln0aq1hyshaxsdvhg0kmcm6yf45r-zlib-1.2.13/lib/libz.so.1.2.13
7f382f279000-7f382f280000 r--p 00015000 00:16e6 4611686019106210071      /nix/store/026hln0aq1hyshaxsdvhg0kmcm6yf45r-zlib-1.2.13/lib/libz.so.1.2.13
7f382f280000-7f382f281000 r--p 0001b000 00:16e6 4611686019106210071      /nix/store/026hln0aq1hyshaxsdvhg0kmcm6yf45r-zlib-1.2.13/lib/libz.so.1.2.13
7f382f281000-7f382f282000 rw-p 0001c000 00:16e6 4611686019106210071      /nix/store/026hln0aq1hyshaxsdvhg0kmcm6yf45r-zlib-1.2.13/lib/libz.so.1.2.13
7f382f282000-7f382f284000 rw-p 00000000 00:00 0 
7f382f284000-7f382f286000 r--p 00000000 00:16e6 4611686019027979912      /nix/store/4nlgxhb09sdr51nc9hdm8az5b08vzkgx-glibc-2.35-163/lib/ld-linux-x86-64.so.2
7f382f286000-7f382f2ad000 r-xp 00002000 00:16e6 4611686019027979912      /nix/store/4nlgxhb09sdr51nc9hdm8az5b08vzkgx-glibc-2.35-163/lib/ld-linux-x86-64.so.2
7f382f2ad000-7f382f2b9000 r--p 00029000 00:16e6 4611686019027979912      /nix/store/4nlgxhb09sdr51nc9hdm8az5b08vzkgx-glibc-2.35-163/lib/ld-linux-x86-64.so.2
7f382f2b9000-7f382f2bb000 r--p 00034000 00:16e6 4611686019027979912      /nix/store/4nlgxhb09sdr51nc9hdm8az5b08vzkgx-glibc-2.35-163/lib/ld-linux-x86-64.so.2
7f382f2bb000-7f382f2bd000 rw-p 00036000 00:16e6 4611686019027979912      /nix/store/4nlgxhb09sdr51nc9hdm8az5b08vzkgx-glibc-2.35-163/lib/ld-linux-x86-64.so.2
7ffe6d245000-7ffe6d26a000 rw-p 00000000 00:00 0                          [stack]
7ffe6d366000-7ffe6d36a000 r--p 00000000 00:00 0                          [vvar]
7ffe6d36a000-7ffe6d36c000 r-xp 00000000 00:00 0                          [vdso]
ffffffffff600000-ffffffffff601000 --xp 00000000 00:00 0                  [vsyscall]


VM Arguments:
jvm_args: -XX:ThreadPriorityPolicy=1 -XX:+UnlockExperimentalVMOptions -XX:+EnableJVMCIProduct -XX:JVMCIThreadsPerNativeLibraryRuntime=1 -XX:-UnlockExperimentalVMOptions -Declipse.application=org.eclipse.jdt.ls.core.id1 -Dosgi.bundles.defaultStartLevel=4 -Declipse.product=org.eclipse.jdt.ls.core.product -Dlog.level=ALL -Xverify:none -XX:+UseParallelGC -XX:GCTimeRatio=4 -XX:AdaptiveSizePolicyWeight=90 -Dsun.zip.disableMemoryMapping=true -Xmx512m -Xms100m 
java_command: /nix/store/m6gcpi1ii6rghy04cjwjddcavv7i90df-jdt-language-server-1.9.0/share/java/plugins/org.eclipse.equinox.launcher_1.6.400.v20210924-0641.jar --add-modules=ALL-SYSTEM --add-opens java.base/java.util=ALL-UNNAMED --add-opens java.base/java.lang=ALL-UNNAMED -configuration /home/runner/.cache/jdt-language-server/config -data /home/runner/.cache/jdt-language-server/data/home/runner/justaliljavaproject-1
java_class_path (initial): /nix/store/m6gcpi1ii6rghy04cjwjddcavv7i90df-jdt-language-server-1.9.0/share/java/plugins/org.eclipse.equinox.launcher_1.6.400.v20210924-0641.jar
Launcher Type: SUN_STANDARD

[Global flags]
    uintx AdaptiveSizePolicyWeight                 = 90                                        {product} {command line}
     intx CICompilerCount                          = 2                                         {product} {ergonomic}
     bool EnableJVMCIProduct                       = true                                {JVMCI product} {jimage}
    uintx GCTimeRatio                              = 4                                         {product} {command line}
   size_t InitialHeapSize                          = 104857600                                 {product} {command line}
     uint JVMCIThreadsPerNativeLibraryRuntime      = 1                                   {JVMCI product} {jimage}
   size_t MaxHeapSize                              = 536870912                                 {product} {command line}
   size_t MaxNewSize                               = 178782208                                 {product} {ergonomic}
   size_t MinHeapDeltaBytes                        = 524288                                    {product} {ergonomic}
   size_t MinHeapSize                              = 104857600                                 {product} {command line}
   size_t NewSize                                  = 34603008                                  {product} {ergonomic}
    uintx NonNMethodCodeHeapSize                   = 5826188                                {pd product} {ergonomic}
    uintx NonProfiledCodeHeapSize                  = 122916026                              {pd product} {ergonomic}
   size_t OldSize                                  = 70254592                                  {product} {ergonomic}
    uintx ProfiledCodeHeapSize                     = 122916026                              {pd product} {ergonomic}
    uintx ReservedCodeCacheSize                    = 251658240                              {pd product} {ergonomic}
     bool SegmentedCodeCache                       = true                                      {product} {ergonomic}
   size_t SoftMaxHeapSize                          = 536870912                              {manageable} {ergonomic}
     intx ThreadPriorityPolicy                     = 1                                         {product} {jimage}
     bool UseCompressedClassPointers               = true                           {product lp64_product} {ergonomic}
     bool UseCompressedOops                        = true                           {product lp64_product} {ergonomic}
     bool UseParallelGC                            = true                                      {product} {command line}

Logging:
Log output configuration:
 #0: stdout all=warning uptime,level,tags
 #1: stderr all=off uptime,level,tags

Environment Variables:
JAVA_HOME=/nix/store/gpxl5qgg8kicmcvivwmybwjlpf7wh20l-graalvm17-ce-22.3.0
PATH=/nix/store/1d6ian3r8kdzspw8hacjhl3xkp40g1lj-binutils-wrapper-2.39/bin:/nix/store/dq0xwmsk1g0i2ayg6pb7y87na2knzylh-gcc-wrapper-11.3.0/bin:/nix/store/bap4d0lpcrhpwmpb8ayjcgkmvfj62lnq-bash-interactive-5.1-p16/bin:/nix/store/pr5n59mb4jzmfx6kanwxly0l07p861fg-patchelf-0.15.0/bin:/nix/store/1gf2flfqnpqbr1b4p4qz2f72y42bs56r-gcc-11.3.0/bin:/nix/store/57xv61c5zi8pphjbcwxxjlgc34p61ic9-glibc-2.35-163-bin/bin:/nix/store/a7gvj343m05j2s32xcnwr35v31ynlypr-coreutils-9.1/bin:/nix/store/039g378vc3pc3dvi9dzdlrd0i4q93qwf-binutils-2.39/bin:/nix/store/y5fcw4xnkg8hwaaf35nfc41vdzy32cm7-vim-9.0.0609/bin:/nix/store/gpxl5qgg8kicmcvivwmybwjlpf7wh20l-graalvm17-ce-22.3.0/bin:/nix/store/6z9ag3ihc8mq2hzsw48lhbznvzny65nz-apache-maven-3.8.6/bin:/nix/store/m6gcpi1ii6rghy04cjwjddcavv7i90df-jdt-language-server-1.9.0/bin:/nix/store/84xs5alhs01zrbr4ywm05kxbjbp5590l-java-debug/bin:/nix/store/mydc6f4k2z73xlcz7ilif3v2lcaiqvza-findutils-4.9.0/bin:/nix/store/j9p3g8472iijd50vhdprx0nmk2fqn5gv-diffutils-3.8/bin:/nix/store/89zs7rms6x00xfq4dq6m7mjnhkr8a6r4-gnused-4.8/bin:/nix/store/86bp03jkmsl6f92w0yzg4s59g5mhxwmy-gnugrep-3.7/bin:/nix/store/hwcdqw4jrjnd37wxqgsd47hd0j8bnj09-gawk-5.1.1/bin:/nix/store/cfbhw8r8ags41vwqaz47r583d0p4h4a1-gnutar-1.34/bin:/nix/store/p3m1ndl1lapwrlh698bnb5lvvxh67378-gzip-1.12/bin:/nix/store/a8mhcagrsly7c7mpjrpsnaahk4aax056-bzip2-1.0.8-bin/bin:/nix/store/mblgz65m3zv9x548a3d5m96fj2pbwr09-gnumake-4.3/bin:/nix/store/dsd5gz46hdbdk2rfdimqddhq6m8m8fqs-bash-5.1-p16/bin:/nix/store/v7ljksji50mg3w61dykaa3n3y79n6nil-patch-2.7.6/bin:/nix/store/zlcnmqq14jz5x9439jf937mvayyl63da-xz-5.2.7-bin/bin:/nix/store/y6aj732zm9m87c82fpvf103a1xb22blp-file-5.43/bin:/nix/store/i4kzir3m7mrisxmf5xvlnkw01x4qaqr4-prybar-elisp-0.0.0-e0d9a52/bin:/nix/store/lwwivxf6h7x3cvxp9zv8sj0mv7dak99r-prybar-lua-0.0.0-e0d9a52/bin:/nix/store/gxj28g1cg4hq3qanmjv07156h800qr58-prybar-python3-0.0.0-e0d9a52/bin:/nix/store/hshkjnxrgidigf8x75vg6lqng2xlx9i3-prybar-sqlite-0.0.0-e0d9a52/bin:/nix/store/c4w01bpjgyy5ixmwdk8m1pw87zq4sl26-prybar-tcl-0.0
LD_LIBRARY_PATH=/nix/store/a4pff549sk2idnkpzk5nsfps3mdkdnvm-cups-2.4.2-lib/lib:/nix/store/72mqxxhh3cy5yifh92wh2yb8cl2hikyy-cairo-1.16.0/lib:/nix/store/2k366jrbsra97gjfxwvrhvixjfxdach5-glib-2.74.1/lib:/nix/store/2j2znigd8ak37rlwh9khz0ry3clqlw1l-gtk+3-3.24.34/lib:/nix/store/hisqvx32cd57apbpcsnkpx6k3549wql1-libglvnd-1.4.0/lib:/nix/store/p36pgcv991mq5srvg765b78yqpxvk3qs-mesa-21.3.3-drivers/lib:/nix/store/mav4251if1ahjq5vkpwycyyvnmy459c4-pulseaudio-14.2/lib
DISPLAY=:0
LANG=en_US.UTF-8

Signal Handlers:
   SIGSEGV: crash_handler in libjvm.so, mask=11100100010111111101111111111110, flags=SA_RESTART|SA_SIGINFO
    SIGBUS: crash_handler in libjvm.so, mask=11100100010111111101111111111110, flags=SA_RESTART|SA_SIGINFO
    SIGFPE: crash_handler in libjvm.so, mask=11100100010111111101111111111110, flags=SA_RESTART|SA_SIGINFO
   SIGPIPE: IsolateEnterStub_IgnoreSIGPIPEStartupHook_noopSignalHandler_8f19bff2f35b5f630d83b364d6b2339320d4ec70_216e8361c6bc87a8f89f58cc10d3b2fd4415bf87 in libjvmcicompiler.so, mask=00000000000000000000000000000000, flags=SA_RESTART
  *** Handler was modified!
  *** Expected: javaSignalHandler in libjvm.so, mask=11100100110111111111111111111110, flags=SA_RESTART|SA_SIGINFO
   SIGXFSZ: javaSignalHandler in libjvm.so, mask=11100100010111111101111111111110, flags=SA_RESTART|SA_SIGINFO
    SIGILL: crash_handler in libjvm.so, mask=11100100010111111101111111111110, flags=SA_RESTART|SA_SIGINFO
   SIGUSR2: SR_handler in libjvm.so, mask=00000000000000000000000000000000, flags=SA_RESTART|SA_SIGINFO
    SIGHUP: UserHandler in libjvm.so, mask=11100100010111111101111111111110, flags=SA_RESTART|SA_SIGINFO
    SIGINT: UserHandler in libjvm.so, mask=11100100010111111101111111111110, flags=SA_RESTART|SA_SIGINFO
   SIGTERM: UserHandler in libjvm.so, mask=11100100010111111101111111111110, flags=SA_RESTART|SA_SIGINFO
   SIGQUIT: UserHandler in libjvm.so, mask=11100100010111111101111111111110, flags=SA_RESTART|SA_SIGINFO
  *** Handler was modified!
  *** Expected: javaSignalHandler in libjvm.so, mask=11100100110111111111111111111110, flags=SA_RESTART|SA_SIGINFO
   SIGTRAP: crash_handler in libjvm.so, mask=11100100010111111101111111111110, flags=SA_RESTART|SA_SIGINFO


---------------  S Y S T E M  ---------------

OS:
DISTRIB_ID=Ubuntu
DISTRIB_RELEASE=20.04
DISTRIB_CODENAME=focal
DISTRIB_DESCRIPTION="Ubuntu 20.04.2 LTS"
uname: Linux 5.15.0-1030-gcp #37~20.04.1-Ubuntu SMP Mon Feb 20 04:30:57 UTC 2023 x86_64
OS uptime: 0 days 1:40 hours
libc: glibc 2.35 NPTL 2.35 
rlimit (soft/hard): STACK 8192k/infinity , CORE infinity/infinity , NPROC infinity/infinity , NOFILE 5242/5242 , AS infinity/infinity , CPU infinity/infinity , DATA infinity/infinity , FSIZE infinity/infinity , MEMLOCK 64k/64k
load average: 12.16 18.76 18.49

/proc/meminfo:
MemTotal:       65852732 kB
MemFree:        23190340 kB
MemAvailable:   47023276 kB
Buffers:         1403124 kB
Cached:         21525612 kB
SwapCached:            0 kB
Active:          6233792 kB
Inactive:       32881672 kB
Active(anon):      18040 kB
Inactive(anon): 15897848 kB
Active(file):    6215752 kB
Inactive(file): 16983824 kB
Unevictable:       43008 kB
Mlocked:           43008 kB
SwapTotal:             0 kB
SwapFree:              0 kB
Dirty:              3288 kB
Writeback:            20 kB
AnonPages:      15543336 kB
Mapped:          1706872 kB
Shmem:             42996 kB
KReclaimable:    1359960 kB
Slab:            2496160 kB
SReclaimable:    1359960 kB
SUnreclaim:      1136200 kB
KernelStack:      433008 kB
PageTables:       189992 kB
NFS_Unstable:          0 kB
Bounce:                0 kB
WritebackTmp:          0 kB
CommitLimit:    32926364 kB
Committed_AS:   69714412 kB
VmallocTotal:   34359738367 kB
VmallocUsed:      470176 kB
VmallocChunk:          0 kB
Percpu:            54208 kB
HardwareCorrupted:     0 kB
AnonHugePages:   1370112 kB
ShmemHugePages:        0 kB
ShmemPmdMapped:        0 kB
FileHugePages:         0 kB
FilePmdMapped:         0 kB
HugePages_Total:       0
HugePages_Free:        0
HugePages_Rsvd:        0
HugePages_Surp:        0
Hugepagesize:       2048 kB
Hugetlb:               0 kB
DirectMap4k:     2779968 kB
DirectMap2M:    33916928 kB
DirectMap1G:    32505856 kB

/sys/kernel/mm/transparent_hugepage/enabled: always [madvise] never
/sys/kernel/mm/transparent_hugepage/defrag (defrag/compaction efforts parameter): always defer defer+madvise [madvise] never

Process Memory:
Virtual Size: 4921436K (peak: 5007168K)
Resident Set Size: 743760K (peak: 811932K) (anon: 550520K, file: 193240K, shmem: 0K)
Swapped out: 0K
C-Heap outstanding allocations: 41682K, retained: 16633K
glibc malloc tunables: (default)

/proc/sys/kernel/threads-max (system-wide limit on the number of threads): 514406
/proc/sys/vm/max_map_count (maximum number of memory map areas a process may have): 65530
/proc/sys/kernel/pid_max (system-wide limit on number of process identifiers): 4194304

container (cgroup) information:
container_type: cgroupv1
cpu_cpuset_cpus: 2-7
cpu_memory_nodes: 0
active_processor_count: 1
cpu_quota: 50000
cpu_period: 100000
cpu_shares: 512
memory_limit_in_bytes: 1048576 k
memory_and_swap_limit_in_bytes: 1048576 k
memory_soft_limit_in_bytes: 524288 k
memory_usage_in_bytes: 668640 k
memory_max_usage_in_bytes: 735496 k
maximum number of tasks: 1000
current number of tasks: 84

KVM virtualization detected
Steal ticks since vm start: 0
Steal ticks percentage since vm start:  0.000

CPU: total 8 (initial active 1) (8 cores per cpu, 2 threads per core) family 23 model 49 stepping 0 microcode 0xffffffff, cx8, cmov, fxsr, ht, mmx, 3dnowpref, sse, sse2, sse3, ssse3, sse4a, sse4.1, sse4.2, popcnt, lzcnt, tsc, tscinvbit, avx, avx2, aes, clmul, bmi1, bmi2, adx, sha, fma, vzeroupper, clflush, clflushopt, hv
CPU Model and flags from /proc/cpuinfo:
model name	: AMD EPYC 7B12
flags		: fpu vme de pse tsc msr pae mce cx8 apic sep mtrr pge mca cmov pat pse36 clflush mmx fxsr sse sse2 ht syscall nx mmxext fxsr_opt pdpe1gb rdtscp lm constant_tsc rep_good nopl nonstop_tsc cpuid extd_apicid tsc_known_freq pni pclmulqdq ssse3 fma cx16 sse4_1 sse4_2 movbe popcnt aes xsave avx f16c rdrand hypervisor lahf_lm cmp_legacy cr8_legacy abm sse4a misalignsse 3dnowprefetch osvw topoext ssbd ibrs ibpb stibp vmmcall fsgsbase tsc_adjust bmi1 avx2 smep bmi2 rdseed adx smap clflushopt clwb sha_ni xsaveopt xsavec xgetbv1 clzero xsaveerptr arat npt nrip_save umip rdpid

Online cpus: 0-7
Offline cpus: 
BIOS frequency limitation: <Not Available>
Frequency switch latency (ns): <Not Available>
Available cpu frequencies: <Not Available>
Current governor: <Not Available>
Core performance/turbo boost: <Not Available>

Memory: 4k page, physical 1048576k(379932k free), swap 0k(0k free)
Page Sizes: 4k

vm_info: OpenJDK 64-Bit Server VM (17.0.5+8-jvmci-22.3-b08) for linux-amd64 JRE (17.0.5+8-jvmci-22.3-b08), built on Oct 19 2022 09:01:27 by "buildslave" with gcc 10.3.0

END.
