#
# A fatal error has been detected by the Java Runtime Environment:
#
#  Internal Error (jvmciRuntime.cpp:1609), pid=460, tid=474
#  fatal error: Fatal exception in JVMCI: Error calling jdk.vm.ci.services.Services.serializeSavedProperties
#
# JRE version: OpenJDK Runtime Environment GraalVM CE 22.3.0 (17.0.5+8) (build 17.0.5+8-jvmci-22.3-b08)
# Java VM: OpenJDK 64-Bit Server VM GraalVM CE 22.3.0 (17.0.5+8-jvmci-22.3-b08, mixed mode, sharing, tiered, jvmci, jvmci compiler, compressed oops, compressed class ptrs, parallel gc, linux-amd64)
# Problematic frame:
# V  [libjvm.so+0x972714]  JVMCIRuntime::fatal_exception(JVMCIEnv*, char const*)+0x74
#
# Core dump will be written. Default location: Core dumps may be processed with "/usr/share/apport/apport -p%p -s%s -c%c -d%d -P%P -u%u -g%g -- %E" (or dumping to /home/runner/justaliljavaproject-1/core.460)
#
# If you would like to submit a bug report, please visit:
#   https://github.com/oracle/graal/issues
#

---------------  S U M M A R Y ------------

Command Line: -XX:ThreadPriorityPolicy=1 -XX:+UnlockExperimentalVMOptions -XX:+EnableJVMCIProduct -XX:JVMCIThreadsPerNativeLibraryRuntime=1 -XX:-UnlockExperimentalVMOptions -Declipse.application=org.eclipse.jdt.ls.core.id1 -Dosgi.bundles.defaultStartLevel=4 -Declipse.product=org.eclipse.jdt.ls.core.product -Dlog.level=ALL -Xverify:none -XX:+UseParallelGC -XX:GCTimeRatio=4 -XX:AdaptiveSizePolicyWeight=90 -Dsun.zip.disableMemoryMapping=true -Xmx512m -Xms100m /nix/store/m6gcpi1ii6rghy04cjwjddcavv7i90df-jdt-language-server-1.9.0/share/java/plugins/org.eclipse.equinox.launcher_1.6.400.v20210924-0641.jar --add-modules=ALL-SYSTEM --add-opens java.base/java.util=ALL-UNNAMED --add-opens java.base/java.lang=ALL-UNNAMED -configuration /home/runner/.cache/jdt-language-server/config -data /home/runner/.cache/jdt-language-server/data/home/runner/justaliljavaproject-1

Host: Intel(R) Xeon(R) CPU @ 2.30GHz, 4 cores, 1G, Ubuntu 20.04.2 LTS
Time: Wed May 10 13:53:11 2023 UTC elapsed time: 1426.824846 seconds (0d 0h 23m 46s)

---------------  T H R E A D  ---------------

Current thread (0x00007f14080b2130):  JavaThread "JVMCI-native CompilerThread0" daemon [_thread_in_vm, id=474, stack(0x00007f13ef2b3000,0x00007f13ef4b3000)]


Current CompileTask:
JVMCI-native:1426825 9967       4       java.util.concurrent.locks.AbstractQueuedSynchronizer::signalNext (34 bytes)

Stack: [0x00007f13ef2b3000,0x00007f13ef4b3000],  sp=0x00007f13ef4b1380,  free space=2040k
Native frames: (J=compiled Java code, j=interpreted, Vv=VM code, C=native code)
V  [libjvm.so+0x972714]  JVMCIRuntime::fatal_exception(JVMCIEnv*, char const*)+0x74
V  [libjvm.so+0x93e2fe]  JVMCIEnv::copy_saved_properties()+0x14e
V  [libjvm.so+0x9732a9]  JVMCIRuntime::initialize(JVMCIEnv*)+0xb19
V  [libjvm.so+0x9738a2]  JVMCIRuntime::get_HotSpotJVMCIRuntime(JVMCIEnv*)+0x12
V  [libjvm.so+0x9749f2]  JVMCIRuntime::compile_method(JVMCIEnv*, JVMCICompiler*, methodHandle const&, int)+0xd2
V  [libjvm.so+0x5b0d20]  CompileBroker::invoke_compiler_on_method(CompileTask*)+0x1470
V  [libjvm.so+0x5b12e8]  CompileBroker::compiler_thread_loop()+0x528
V  [libjvm.so+0xd82460]  JavaThread::thread_main_inner()+0xd0
V  [libjvm.so+0xd85a40]  Thread::call_run()+0xc0
V  [libjvm.so+0xbdb1e1]  thread_native_entry(Thread*)+0xe1

Register to memory mapping:

RAX=0x00007f140f07d000 points into unknown readable memory: 0x0000000000000058 | 58 00 00 00 00 00 00 00
RBX=0x00007f1410178398: <offset 0x0000000000ef5398> in /nix/store/gpxl5qgg8kicmcvivwmybwjlpf7wh20l-graalvm17-ce-22.3.0/lib/server/libjvm.so at 0x00007f140f283000
RCX=0x00007f14101301e8: <offset 0x0000000000ead1e8> in /nix/store/gpxl5qgg8kicmcvivwmybwjlpf7wh20l-graalvm17-ce-22.3.0/lib/server/libjvm.so at 0x00007f140f283000
RDX=0x0000000000000649 is an unknown value
RSP=0x00007f13ef4b1380 is pointing into the stack for thread: 0x00007f14080b2130
RBP=0x00007f13ef4b13a0 is pointing into the stack for thread: 0x00007f14080b2130
RSI=0x00007f1410178c48: <offset 0x0000000000ef5c48> in /nix/store/gpxl5qgg8kicmcvivwmybwjlpf7wh20l-graalvm17-ce-22.3.0/lib/server/libjvm.so at 0x00007f140f283000
RDI=0x00000000e0000000 is an oop: java.util.jar.Attributes 
{0x00000000e0000000} - klass: 'java/util/jar/Attributes'
 - ---- fields (total size 2 words):
 - protected 'map' 'Ljava/util/Map;' @12  a 'java/util/LinkedHashMap'{0x00000000e0000010} (e0000010)
R8 =0x00007f1410178398: <offset 0x0000000000ef5398> in /nix/store/gpxl5qgg8kicmcvivwmybwjlpf7wh20l-graalvm17-ce-22.3.0/lib/server/libjvm.so at 0x00007f140f283000
R9 =0x00007f13ef4b1330 is pointing into the stack for thread: 0x00007f14080b2130
R10=0x00007f13ef4b2948 is pointing into the stack for thread: 0x00007f14080b2130
R11=0x0000000000000293 is an unknown value
R12=0x0 is NULL
R13=0x00007f14080b2130 is a thread
R14=0x00007f1408000b80 points into unknown readable memory: 0x00007f14103a9a38 | 38 9a 3a 10 14 7f 00 00
R15=0x00007f14104b7e40: <offset 0x0000000001234e40> in /nix/store/gpxl5qgg8kicmcvivwmybwjlpf7wh20l-graalvm17-ce-22.3.0/lib/server/libjvm.so at 0x00007f140f283000


Registers:
RAX=0x00007f140f07d000, RBX=0x00007f1410178398, RCX=0x00007f14101301e8, RDX=0x0000000000000649
RSP=0x00007f13ef4b1380, RBP=0x00007f13ef4b13a0, RSI=0x00007f1410178c48, RDI=0x00000000e0000000
R8 =0x00007f1410178398, R9 =0x00007f13ef4b1330, R10=0x00007f13ef4b2948, R11=0x0000000000000293
R12=0x0000000000000000, R13=0x00007f14080b2130, R14=0x00007f1408000b80, R15=0x00007f14104b7e40
RIP=0x00007f140fbf5714, EFLAGS=0x0000000000010206, CSGSFS=0x002b000000000033, ERR=0x0000000000000006
  TRAPNO=0x000000000000000e

Top of Stack: (sp=0x00007f13ef4b1380)
0x00007f13ef4b1380:   00007f13ef4b1940 00007f14080b2130
0x00007f13ef4b1390:   00007f140da0e8c8 0000000800c417a0
0x00007f13ef4b13a0:   00007f13ef4b1500 00007f140fbc12fe
0x00007f13ef4b13b0:   00007f13ef4b13e0 00007f13ef4b1440 

Instructions: (pc=0x00007f140fbf5714)
0x00007f140fbf5614:   30 e8 f6 cf e8 ff 4c 89 e7 e8 2e 48 d1 ff 84 db
0x00007f140fbf5624:   75 2a 4d 85 ed 74 04 4d 8b 6d 00 48 83 c4 08 44
0x00007f140fbf5634:   89 f9 4c 89 f2 4c 89 ee 5b 4c 89 e7 41 5c 41 5d
0x00007f140fbf5644:   41 5e 41 5f 5d e9 e2 47 d1 ff 66 90 48 83 c4 08
0x00007f140fbf5654:   5b 41 5c 41 5d 41 5e 41 5f 5d c3 90 31 d2 be 08
0x00007f140fbf5664:   00 00 00 4c 89 ff e8 b1 78 a3 ff 49 89 c5 e9 37
0x00007f140fbf5674:   ff ff ff 66 0f 1f 84 00 00 00 00 00 48 8b 7a 08
0x00007f140fbf5684:   e9 6d ff ff ff 0f 1f 80 00 00 00 00 e8 5b 48 0a
0x00007f140fbf5694:   00 84 c0 75 89 e9 6a ff ff ff 66 90 55 48 89 e5
0x00007f140fbf56a4:   41 56 41 55 41 54 49 89 fc 53 48 89 f3 66 48 8d
0x00007f140fbf56b4:   3d 27 5e 85 00 66 66 48 e8 df 43 8d ff 4c 8b 28
0x00007f140fbf56c4:   8b 05 be 72 8a 00 85 c0 75 14 ba 01 00 00 00 48
0x00007f140fbf56d4:   8d 0d ae 72 8a 00 f0 0f b1 11 85 c0 74 4e be c8
0x00007f140fbf56e4:   00 00 00 4c 89 ef e8 01 0b 41 00 48 8d 05 12 ac
0x00007f140fbf56f4:   85 00 49 89 d8 48 8d 0d e8 aa 53 00 ba 49 06 00
0x00007f140fbf5704:   00 48 8d 35 3c 35 58 00 bf 00 00 00 e0 48 8b 00
0x00007f140fbf5714:   c6 00 58 31 c0 e8 e2 91 c6 ff 5b 41 5c 41 5d 41
0x00007f140fbf5724:   5e 5d e9 55 34 26 00 0f 1f 44 00 00 48 8d 05 81
0x00007f140fbf5734:   a3 8b 00 48 89 df 4c 8b 30 e8 9e 43 8d ff 48 89
0x00007f140fbf5744:   de 48 89 c2 49 8b 06 4c 89 f7 ff 50 08 4c 89 f7
0x00007f140fbf5754:   e8 a7 5c 27 00 4d 85 e4 74 12 be 01 00 00 00 4c
0x00007f140fbf5764:   89 e7 e8 35 43 fc ff eb 82 0f 1f 00 be 01 00 00
0x00007f140fbf5774:   00 4c 89 ef e8 d3 fd ff ff e9 6d ff ff ff 66 66
0x00007f140fbf5784:   2e 0f 1f 84 00 00 00 00 00 0f 1f 00 55 48 89 e5
0x00007f140fbf5794:   41 57 41 56 41 55 41 54 53 48 81 ec 08 02 00 00
0x00007f140fbf57a4:   64 48 8b 04 25 28 00 00 00 48 89 45 c8 8b 07 83
0x00007f140fbf57b4:   f8 02 0f 84 11 04 00 00 4c 8b 6f 18 49 89 ff 49
0x00007f140fbf57c4:   89 f4 4d 85 ed 74 14 4c 89 ef e8 5d 57 22 00 41
0x00007f140fbf57d4:   8b 07 83 f8 02 0f 84 19 04 00 00 48 8d 1d 9a 06
0x00007f140fbf57e4:   8a 00 4c 8d 35 0b 3c 58 00 eb 38 90 48 85 d2 7f
0x00007f140fbf57f4:   0d 48 8d 05 b4 c0 85 00 48 83 38 00 7e 0e 41 8b
0x00007f140fbf5804:   77 2c 4c 89 f7 31 c0 e8 a0 b2 f7 ff 49 8b 7f 18 


Stack slot to memory mapping:
stack at sp + 0 slots: 0x00007f13ef4b1940 is pointing into the stack for thread: 0x00007f14080b2130
stack at sp + 1 slots: 0x00007f14080b2130 is a thread
stack at sp + 2 slots: 0x00007f140da0e8c8 points into unknown readable memory: 0x65730018052dffff | ff ff 2d 05 18 00 73 65
stack at sp + 3 slots: 0x0000000800c417a0 is a pointer to class: 
jdk.vm.ci.services.Services {0x0000000800c417a0}
 - instance size:     2
 - klass size:        65
 - access:            public final synchronized 
 - state:             fully_initialized
 - name:              'jdk/vm/ci/services/Services'
 - super:             'java/lang/Object'
 - sub:               
 - arrays:            NULL
 - methods:           Array<T>(0x00007f140c845440)
 - method ordering:   Array<T>(0x0000000800928960)
 - default_methods:   Array<T>(0x0000000000000000)
 - local interfaces:  Array<T>(0x00000008005ce810)
 - trans. interfaces: Array<T>(0x00000008005ce810)
 - constants:         constant pool [427] {0x00007f140c844520} for 'jdk/vm/ci/services/Services' cache=0x00007f140c846710
 - class loader data:  loader data: 0x00007f14080283f0 of 'bootstrap'
 - source file:       'Services.java'
 - class annotations:       Array<T>(0x0000000000000000)
 - class type annotations:  Array<T>(0x0000000000000000)
 - field annotations:       Array<T>(0x0000000000000000)
 - field type annotations:  Array<T>(0x0000000000000000)
 - inner classes:     Array<T>(0x00007f140c8466e0)
 - nest members:     Array<T>(0x00007f140c846700)
 - permitted subclasses:     Array<T>(0x00000008005ce7a0)
 - java mirror:       a 'java/lang/Class'{0x00000000e02f9610} = 'jdk/vm/ci/services/Services'
 - vtable length      5  (start addr: 0x0000000800c41970)
 - itable length      2 (start addr: 0x0000000800c41998)
 - ---- static fields (3 words):
 - public static final 'IS_BUILDING_NATIVE_IMAGE' 'Z' @128 
 - public static final 'IS_IN_NATIVE_IMAGE' 'Z' @129 
 - private static volatile 'savedProperties' 'Ljava/util/Map;' @112 
 - static final 'JVMCI_ENABLED' 'Z' @130 
 - private static final 'servicesCache' 'Ljava/util/Map;' @116 
 - private static final 'MAX_UNICODE_IN_UTF8_LENGTH' 'I' @120 
 - private static final 'MAX_UTF8_PROPERTY_STRING_LENGTH' 'I' @124 
 - ---- non-static fields (0 words):
 - non-static oop maps: 
stack at sp + 4 slots: 0x00007f13ef4b1500 is pointing into the stack for thread: 0x00007f14080b2130
stack at sp + 5 slots: 0x00007f140fbc12fe: <offset 0x000000000093e2fe> in /nix/store/gpxl5qgg8kicmcvivwmybwjlpf7wh20l-graalvm17-ce-22.3.0/lib/server/libjvm.so at 0x00007f140f283000
stack at sp + 6 slots: 0x00007f13ef4b13e0 is pointing into the stack for thread: 0x00007f14080b2130
stack at sp + 7 slots: 0x00007f13ef4b1440 is pointing into the stack for thread: 0x00007f14080b2130


---------------  P R O C E S S  ---------------

Threads class SMR info:
_java_thread_list=0x0000564769c63a20, length=27, elements={
0x00007f1408026690, 0x00007f14080a63f0, 0x00007f14080a7830, 0x00007f14080adfa0,
0x00007f14080af350, 0x00007f14080b0740, 0x00007f14080b2130, 0x00007f14080b3640,
0x00007f14080b4a90, 0x00007f14080d7de0, 0x00007f1408120230, 0x00007f14082f4640,
0x00007f140833c8c0, 0x00007f140833f520, 0x00007f13a002f7e0, 0x00007f13a0405190,
0x00007f13a0488920, 0x00007f13900010d0, 0x00007f13a0628e00, 0x00007f1390003070,
0x00007f13a0806740, 0x00007f14081e8c10, 0x00007f14083c9bd0, 0x00007f13941e3af0,
0x00007f13941e4a20, 0x00007f139415c730, 0x0000564769bf3dd0
}

Java Threads: ( => current thread )
  0x00007f1408026690 JavaThread "main" [_thread_blocked, id=466, stack(0x00007f140f09e000,0x00007f140f19e000)]
  0x00007f14080a63f0 JavaThread "Reference Handler" daemon [_thread_blocked, id=469, stack(0x00007f140d0b5000,0x00007f140d1b5000)]
  0x00007f14080a7830 JavaThread "Finalizer" daemon [_thread_blocked, id=470, stack(0x00007f140c700000,0x00007f140c800000)]
  0x00007f14080adfa0 JavaThread "Signal Dispatcher" daemon [_thread_blocked, id=471, stack(0x00007f140c31a000,0x00007f140c41a000)]
  0x00007f14080af350 JavaThread "Service Thread" daemon [_thread_blocked, id=472, stack(0x00007f140c21a000,0x00007f140c31a000)]
  0x00007f14080b0740 JavaThread "Monitor Deflation Thread" daemon [_thread_blocked, id=473, stack(0x00007f140c11a000,0x00007f140c21a000)]
=>0x00007f14080b2130 JavaThread "JVMCI-native CompilerThread0" daemon [_thread_in_vm, id=474, stack(0x00007f13ef2b3000,0x00007f13ef4b3000)]
  0x00007f14080b3640 JavaThread "C1 CompilerThread0" daemon [_thread_blocked, id=475, stack(0x00007f13ef0b3000,0x00007f13ef2b3000)]
  0x00007f14080b4a90 JavaThread "Sweeper thread" daemon [_thread_blocked, id=476, stack(0x00007f140c01a000,0x00007f140c11a000)]
  0x00007f14080d7de0 JavaThread "Common-Cleaner" daemon [_thread_blocked, id=477, stack(0x00007f13eefb3000,0x00007f13ef0b3000)]
  0x00007f1408120230 JavaThread "Notification Thread" daemon [_thread_blocked, id=478, stack(0x00007f13eeeb3000,0x00007f13eefb3000)]
  0x00007f14082f4640 JavaThread "Active Thread: Equinox Container: f578d956-4ee7-4f4b-9869-adef40f58444" [_thread_blocked, id=483, stack(0x00007f13ec900000,0x00007f13eca00000)]
  0x00007f140833c8c0 JavaThread "Framework Event Dispatcher: Equinox Container: f578d956-4ee7-4f4b-9869-adef40f58444" daemon [_thread_blocked, id=484, stack(0x00007f13ec700000,0x00007f13ec800000)]
  0x00007f140833f520 JavaThread "Start Level: Equinox Container: f578d956-4ee7-4f4b-9869-adef40f58444" daemon [_thread_blocked, id=485, stack(0x00007f13ec500000,0x00007f13ec600000)]
  0x00007f13a002f7e0 JavaThread "SCR Component Actor" daemon [_thread_blocked, id=486, stack(0x00007f13ec300000,0x00007f13ec400000)]
  0x00007f13a0405190 JavaThread "Worker-JM" [_thread_blocked, id=488, stack(0x00007f13b6d00000,0x00007f13b6e00000)]
  0x00007f13a0488920 JavaThread "Worker-0: Periodic workspace save." [_thread_blocked, id=489, stack(0x00007f13b6b00000,0x00007f13b6c00000)]
  0x00007f13900010d0 JavaThread "Worker-2: Compacting resource model" [_thread_blocked, id=491, stack(0x00007f13b6700000,0x00007f13b6800000)]
  0x00007f13a0628e00 JavaThread "Java indexing" daemon [_thread_blocked, id=492, stack(0x00007f13b6500000,0x00007f13b6600000)]
  0x00007f1390003070 JavaThread "Worker-3: Java indexing... " [_thread_blocked, id=493, stack(0x00007f13b6300000,0x00007f13b6400000)]
  0x00007f13a0806740 JavaThread "Bundle File Closer" daemon [_thread_blocked, id=494, stack(0x00007f13b6100000,0x00007f13b6200000)]
  0x00007f14081e8c10 JavaThread "pool-3-thread-1" [_thread_blocked, id=495, stack(0x00007f13ec100000,0x00007f13ec200000)]
  0x00007f14083c9bd0 JavaThread "pool-2-thread-1" [_thread_blocked, id=496, stack(0x00007f13b5f00000,0x00007f13b6000000)]
  0x00007f13941e3af0 JavaThread "Thread-2" [_thread_blocked, id=499, stack(0x00007f13b5900000,0x00007f13b5a00000)]
  0x00007f13941e4a20 JavaThread "Thread-3" [_thread_blocked, id=500, stack(0x00007f13b5700000,0x00007f13b5800000)]
  0x00007f139415c730 JavaThread "Thread-8" [_thread_blocked, id=505, stack(0x00007f13b4d00000,0x00007f13b4e00000)]
  0x0000564769bf3dd0 JavaThread "Worker-5: Building" [_thread_blocked, id=560, stack(0x00007f13b5d00000,0x00007f13b5e00000)]

Other Threads:
  0x00007f14080a1b30 VMThread "VM Thread" [stack: 0x00007f140d1b7000,0x00007f140d2b7000] [id=468] _threads_hazard_ptr=0x0000564769c63a20
  0x00007f1408121bd0 WatcherThread [stack: 0x00007f13eedb3000,0x00007f13eeeb3000] [id=479]
  0x00007f140803df10 GCTaskThread "GC Thread#0" [stack: 0x00007f140ec61000,0x00007f140ed61000] [id=467]

Threads with active compile tasks:
JVMCI-native CompilerThread0  1426921 9967       4       java.util.concurrent.locks.AbstractQueuedSynchronizer::signalNext (34 bytes)

VM state: synchronizing (normal execution)

VM Mutex/Monitor currently owned by a thread:  ([mutex/lock_event])
[0x00007f1408023840] Threads_lock - owner thread: 0x00007f14080a1b30
[0x00007f1408023ff0] Heap_lock - owner thread: 0x00007f1390003070

OutOfMemory and StackOverflow Exception counts:
OutOfMemoryError java_heap_errors=6
LinkageErrors=59

Heap address: 0x00000000e0000000, size: 512 MB, Compressed Oops mode: 32-bit

CDS archive(s) mapped at: [0x0000000800000000-0x0000000800bc8000-0x0000000800bc8000), size 12353536, SharedBaseAddress: 0x0000000800000000, ArchiveRelocationMode: 0.
Compressed class space mapped at: 0x0000000800c00000-0x0000000840c00000, reserved size: 1073741824
Narrow klass base: 0x0000000800000000, Narrow klass shift: 0, Narrow klass range: 0x100000000

GC Precious Log:
 CPUs: 4 total, 1 available
 Memory: 1024M
 Large Page Support: Disabled
 NUMA Support: Disabled
 Compressed Oops: Enabled (32-bit)
 Alignments: Space 512K, Generation 512K, Heap 2M
 Heap Min Capacity: 100M
 Heap Initial Capacity: 100M
 Heap Max Capacity: 512M
 Pre-touch: Disabled
 Parallel Workers: 1

Heap:
 PSYoungGen      total 57344K, used 43007K [0x00000000f5580000, 0x00000000fbe80000, 0x0000000100000000)
  eden space 43008K, 99% used [0x00000000f5580000,0x00000000f7f7fff8,0x00000000f7f80000)
  from space 14336K, 0% used [0x00000000f7f80000,0x00000000f7f80000,0x00000000f8d80000)
  to   space 30208K, 0% used [0x00000000fa100000,0x00000000fa100000,0x00000000fbe80000)
 ParOldGen       total 349696K, used 349693K [0x00000000e0000000, 0x00000000f5580000, 0x00000000f5580000)
  object space 349696K, 99% used [0x00000000e0000000,0x00000000f557f7a8,0x00000000f5580000)
 Metaspace       used 53176K, committed 54080K, reserved 1097728K
  class space    used 4978K, committed 5376K, reserved 1048576K

Card table byte_map: [0x00007f140ed61000,0x00007f140ee62000] _byte_map_base: 0x00007f140e661000

Marking Bits: (ParMarkBitMap*) 0x00007f14104b14c0
 Begin Bits: [0x00007f140dbb4000, 0x00007f140e3b4000)
 End Bits:   [0x00007f140e3b4000, 0x00007f140ebb4000)

Polling page: 0x00007f140f07b000

Metaspace:

Usage:
  Non-class:     47.07 MB used.
      Class:      4.86 MB used.
       Both:     51.93 MB used.

Virtual space:
  Non-class space:       48.00 MB reserved,      47.56 MB (>99%) committed,  6 nodes.
      Class space:        1.00 GB reserved,       5.25 MB ( <1%) committed,  1 nodes.
             Both:        1.05 GB reserved,      52.81 MB (  5%) committed. 

Chunk freelists:
   Non-Class:  210.00 KB
       Class:  2.80 MB
        Both:  3.00 MB

MaxMetaspaceSize: unlimited
CompressedClassSpaceSize: 1.00 GB
Initial GC threshold: 21.00 MB
Current GC threshold: 87.94 MB
CDS: on
MetaspaceReclaimPolicy: balanced
 - commit_granule_bytes: 65536.
 - commit_granule_words: 8192.
 - virtual_space_node_default_size: 1048576.
 - enlarge_chunks_in_place: 1.
 - new_chunks_are_fully_committed: 0.
 - uncommit_free_chunks: 1.
 - use_allocation_guard: 0.
 - handle_deallocations: 1.


Internal statistics:

num_allocs_failed_limit: 6.
num_arena_births: 370.
num_arena_deaths: 66.
num_vsnodes_births: 7.
num_vsnodes_deaths: 0.
num_space_committed: 844.
num_space_uncommitted: 0.
num_chunks_returned_to_freelist: 89.
num_chunks_taken_from_freelist: 2547.
num_chunk_merges: 31.
num_chunk_splits: 1664.
num_chunks_enlarged: 1036.
num_purges: 4.
num_inconsistent_stats: 0.

CodeHeap 'non-profiled nmethods': size=120036Kb used=2697Kb max_used=2697Kb free=117338Kb
 bounds [0x00007f13f6f7a000, 0x00007f13f722a000, 0x00007f13fe4b3000]
CodeHeap 'profiled nmethods': size=120032Kb used=17464Kb max_used=18703Kb free=102567Kb
 bounds [0x00007f13efa42000, 0x00007f13f0c92000, 0x00007f13f6f7a000]
CodeHeap 'non-nmethods': size=5692Kb used=1344Kb max_used=1365Kb free=4347Kb
 bounds [0x00007f13ef4b3000, 0x00007f13ef723000, 0x00007f13efa42000]
 total_blobs=7664 nmethods=6989 adapters=580
 compilation: enabled
              stopped_count=0, restarted_count=0
 full_count=0

JVMCI Events (20 events):
Event: 1092.451 Thread 0x00007f14080b2130 attached to JVMCI runtime 0
Event: 1092.454 Thread 0x00007f14080b2130 created JavaVM[5]@0x00007f1381f9e340 for JVMCI runtime 0
Event: 1094.036 Thread 0x00007f14080b2130 initializing JVMCI runtime 0
Event: 1094.036 Thread 0x00007f14080b2130 done waiting for JavaVM references initialization in JVMCI runtime 0
Event: 1101.920 Thread 0x00007f14080b2130 initialized JVMCI runtime 0
Event: 1122.618 Thread 0x00007f14080b2130 compacted oop handles in JVMCI runtime 0 from 55 to 53
Event: 1252.343 Thread 0x00007f14080b2130 compacted oop handles in JVMCI runtime 0 from 100 to 91
Event: 1252.343 Thread 0x00007f14080b2130 compacted oop handles in JVMCI runtime 0 from 91 to 57
Event: 1291.620 Thread 0x00007f14080b2130 compacted oop handles in JVMCI runtime 0 from 81 to 71
Event: 1304.622 Thread 0x00007f14080b2130 detaching from JVMCI runtime 0: releasing idle compiler thread (0 other threads still attached)
Event: 1304.622 Thread 0x00007f14080b2130 shutting down HotSpotJVMCIRuntime for JVMCI runtime 0
Event: 1304.622 Thread 0x00007f14080b2130 shut down JVMCI runtime 0
Event: 1304.626 Thread 0x00007f14080b2130 destroyed JavaVM[5]@0x00007f1381f9e340 for JVMCI runtime 0
Event: 1304.626 Thread 0x00007f14080b2130 compacted oop handles in JVMCI runtime 0 from 73 to 73
Event: 1304.626 Thread 0x00007f14080b2130 releasing handles for JVMCI runtime 0: oop handles=73, metadata handles={total=202, live=194, blocks=34}
Event: 1304.626 Thread 0x00007f14080b2130 detached from JVMCI runtime 0
Event: 1399.420 Thread 0x00007f14080b2130 attached to JVMCI runtime 0
Event: 1399.425 Thread 0x00007f14080b2130 created JavaVM[6]@0x00007f1381f9e340 for JVMCI runtime 0
Event: 1399.425 Thread 0x00007f14080b2130 initializing JVMCI runtime 0
Event: 1399.425 Thread 0x00007f14080b2130 done waiting for JavaVM references initialization in JVMCI runtime 0

Compilation events (20 events):
Event: 1011.744 Thread 0x00007f14080b3640 nmethod 9957 0x00007f13efb2d790 code [0x00007f13efb2d9a0, 0x00007f13efb2e440]
Event: 1092.451 Thread 0x00007f14080b2130 9958       4       jdk.internal.jimage.ImageLocation::readValue (61 bytes)
Event: 1094.036 Thread 0x00007f14080b3640 9959       1       jdk.xml.internal.XMLSecurityManager$Limit::systemProperty (5 bytes)
Event: 1094.036 Thread 0x00007f14080b3640 nmethod 9959 0x00007f13f7218990 code [0x00007f13f7218b20, 0x00007f13f7218bf0]
Event: 1099.726 Thread 0x00007f14080b3640 9962  s    3       java.util.Properties::setProperty (7 bytes)
Event: 1099.726 Thread 0x00007f14080b3640 nmethod 9962 0x00007f13f067bc90 code [0x00007f13f067be40, 0x00007f13f067c200]
Event: 1122.618 Thread 0x00007f14080b2130 nmethod 9958 0x00007f13f7218c90 code [0x00007f13f7218e00, 0x00007f13f7218f88]
Event: 1122.619 Thread 0x00007f14080b2130 9961       4       java.util.HashMap$EntryIterator::next (5 bytes)
Event: 1131.766 Thread 0x00007f14080b2130 nmethod 9961 0x00007f13f7219110 code [0x00007f13f72192a0, 0x00007f13f7219480]
Event: 1131.766 Thread 0x00007f14080b2130 9960       4       java.util.Properties::getProperty (50 bytes)
Event: 1140.673 Thread 0x00007f14080b2130 nmethod 9960 0x00007f13f7219610 code [0x00007f13f72197a0, 0x00007f13f7219890]
Event: 1140.674 Thread 0x00007f14080b2130 9963   !   4       java.util.concurrent.ConcurrentHashMap::putVal (432 bytes)
Event: 1213.855 Thread 0x00007f14080b3640 9965       3       java.util.regex.Pattern::newSlice (181 bytes)
Event: 1213.857 Thread 0x00007f14080b3640 nmethod 9965 0x00007f13f005e710 code [0x00007f13f005ea40, 0x00007f13f0060050]
Event: 1252.343 Thread 0x00007f14080b2130 nmethod 9963 0x00007f13f7219a10 code [0x00007f13f7219c40, 0x00007f13f721ad98]
Event: 1252.343 Thread 0x00007f14080b2130 9964       4       java.lang.Integer::parseInt (264 bytes)
Event: 1291.620 Thread 0x00007f14080b2130 nmethod 9964 0x00007f13f721ba10 code [0x00007f13f721bbc0, 0x00007f13f721bf80]
Event: 1291.620 Thread 0x00007f14080b2130 9966       4       java.util.LinkedList::node (65 bytes)
Event: 1302.840 Thread 0x00007f14080b2130 nmethod 9966 0x00007f13f721c390 code [0x00007f13f721c500, 0x00007f13f721c598]
Event: 1399.420 Thread 0x00007f14080b2130 9967       4       java.util.concurrent.locks.AbstractQueuedSynchronizer::signalNext (34 bytes)

GC Heap History (20 events):
Event: 1408.951 GC heap before
{Heap before GC invocations=669 (full 544):
 PSYoungGen      total 57344K, used 43007K [0x00000000f5580000, 0x00000000fbe80000, 0x0000000100000000)
  eden space 43008K, 99% used [0x00000000f5580000,0x00000000f7f7ffc8,0x00000000f7f80000)
  from space 14336K, 0% used [0x00000000f7f80000,0x00000000f7f80000,0x00000000f8d80000)
  to   space 30208K, 0% used [0x00000000fa100000,0x00000000fa100000,0x00000000fbe80000)
 ParOldGen       total 349696K, used 349693K [0x00000000e0000000, 0x00000000f5580000, 0x00000000f5580000)
  object space 349696K, 99% used [0x00000000e0000000,0x00000000f557f4d8,0x00000000f5580000)
 Metaspace       used 53174K, committed 54080K, reserved 1097728K
  class space    used 4978K, committed 5376K, reserved 1048576K
}
Event: 1410.862 GC heap after
{Heap after GC invocations=669 (full 544):
 PSYoungGen      total 73216K, used 43007K [0x00000000f5580000, 0x00000000fbe80000, 0x0000000100000000)
  eden space 43008K, 99% used [0x00000000f5580000,0x00000000f7f7ff70,0x00000000f7f80000)
  from space 30208K, 0% used [0x00000000fa100000,0x00000000fa100000,0x00000000fbe80000)
  to   space 14336K, 0% used [0x00000000f7f80000,0x00000000f7f80000,0x00000000f8d80000)
 ParOldGen       total 349696K, used 349693K [0x00000000e0000000, 0x00000000f5580000, 0x00000000f5580000)
  object space 349696K, 99% used [0x00000000e0000000,0x00000000f557f448,0x00000000f5580000)
 Metaspace       used 53174K, committed 54080K, reserved 1097728K
  class space    used 4978K, committed 5376K, reserved 1048576K
}
Event: 1410.863 GC heap before
{Heap before GC invocations=670 (full 545):
 PSYoungGen      total 73216K, used 43007K [0x00000000f5580000, 0x00000000fbe80000, 0x0000000100000000)
  eden space 43008K, 99% used [0x00000000f5580000,0x00000000f7f7fff8,0x00000000f7f80000)
  from space 30208K, 0% used [0x00000000fa100000,0x00000000fa100000,0x00000000fbe80000)
  to   space 14336K, 0% used [0x00000000f7f80000,0x00000000f7f80000,0x00000000f8d80000)
 ParOldGen       total 349696K, used 349693K [0x00000000e0000000, 0x00000000f5580000, 0x00000000f5580000)
  object space 349696K, 99% used [0x00000000e0000000,0x00000000f557f448,0x00000000f5580000)
 Metaspace       used 53174K, committed 54080K, reserved 1097728K
  class space    used 4978K, committed 5376K, reserved 1048576K
}
Event: 1412.545 GC heap after
{Heap after GC invocations=670 (full 545):
 PSYoungGen      total 57344K, used 43007K [0x00000000f5580000, 0x00000000fbe80000, 0x0000000100000000)
  eden space 43008K, 99% used [0x00000000f5580000,0x00000000f7f7ffb8,0x00000000f7f80000)
  from space 14336K, 0% used [0x00000000f7f80000,0x00000000f7f80000,0x00000000f8d80000)
  to   space 30208K, 0% used [0x00000000fa100000,0x00000000fa100000,0x00000000fbe80000)
 ParOldGen       total 349696K, used 349693K [0x00000000e0000000, 0x00000000f5580000, 0x00000000f5580000)
  object space 349696K, 99% used [0x00000000e0000000,0x00000000f557f448,0x00000000f5580000)
 Metaspace       used 53174K, committed 54080K, reserved 1097728K
  class space    used 4978K, committed 5376K, reserved 1048576K
}
Event: 1412.547 GC heap before
{Heap before GC invocations=671 (full 546):
 PSYoungGen      total 57344K, used 43007K [0x00000000f5580000, 0x00000000fbe80000, 0x0000000100000000)
  eden space 43008K, 99% used [0x00000000f5580000,0x00000000f7f7ffe8,0x00000000f7f80000)
  from space 14336K, 0% used [0x00000000f7f80000,0x00000000f7f80000,0x00000000f8d80000)
  to   space 30208K, 0% used [0x00000000fa100000,0x00000000fa100000,0x00000000fbe80000)
 ParOldGen       total 349696K, used 349693K [0x00000000e0000000, 0x00000000f5580000, 0x00000000f5580000)
  object space 349696K, 99% used [0x00000000e0000000,0x00000000f557f448,0x00000000f5580000)
 Metaspace       used 53174K, committed 54080K, reserved 1097728K
  class space    used 4978K, committed 5376K, reserved 1048576K
}
Event: 1414.368 GC heap after
{Heap after GC invocations=671 (full 546):
 PSYoungGen      total 73216K, used 43007K [0x00000000f5580000, 0x00000000fbe80000, 0x0000000100000000)
  eden space 43008K, 99% used [0x00000000f5580000,0x00000000f7f7ff28,0x00000000f7f80000)
  from space 30208K, 0% used [0x00000000fa100000,0x00000000fa100000,0x00000000fbe80000)
  to   space 14336K, 0% used [0x00000000f7f80000,0x00000000f7f80000,0x00000000f8d80000)
 ParOldGen       total 349696K, used 349692K [0x00000000e0000000, 0x00000000f5580000, 0x00000000f5580000)
  object space 349696K, 99% used [0x00000000e0000000,0x00000000f557f3c0,0x00000000f5580000)
 Metaspace       used 53174K, committed 54080K, reserved 1097728K
  class space    used 4978K, committed 5376K, reserved 1048576K
}
Event: 1414.369 GC heap before
{Heap before GC invocations=672 (full 547):
 PSYoungGen      total 73216K, used 43007K [0x00000000f5580000, 0x00000000fbe80000, 0x0000000100000000)
  eden space 43008K, 99% used [0x00000000f5580000,0x00000000f7f7fff8,0x00000000f7f80000)
  from space 30208K, 0% used [0x00000000fa100000,0x00000000fa100000,0x00000000fbe80000)
  to   space 14336K, 0% used [0x00000000f7f80000,0x00000000f7f80000,0x00000000f8d80000)
 ParOldGen       total 349696K, used 349692K [0x00000000e0000000, 0x00000000f5580000, 0x00000000f5580000)
  object space 349696K, 99% used [0x00000000e0000000,0x00000000f557f3c0,0x00000000f5580000)
 Metaspace       used 53174K, committed 54080K, reserved 1097728K
  class space    used 4978K, committed 5376K, reserved 1048576K
}
Event: 1416.131 GC heap after
{Heap after GC invocations=672 (full 547):
 PSYoungGen      total 57344K, used 43007K [0x00000000f5580000, 0x00000000fbe80000, 0x0000000100000000)
  eden space 43008K, 99% used [0x00000000f5580000,0x00000000f7f7ffd8,0x00000000f7f80000)
  from space 14336K, 0% used [0x00000000f7f80000,0x00000000f7f80000,0x00000000f8d80000)
  to   space 30208K, 0% used [0x00000000fa100000,0x00000000fa100000,0x00000000fbe80000)
 ParOldGen       total 349696K, used 349692K [0x00000000e0000000, 0x00000000f5580000, 0x00000000f5580000)
  object space 349696K, 99% used [0x00000000e0000000,0x00000000f557f3c0,0x00000000f5580000)
 Metaspace       used 53174K, committed 54080K, reserved 1097728K
  class space    used 4978K, committed 5376K, reserved 1048576K
}
Event: 1416.132 GC heap before
{Heap before GC invocations=673 (full 548):
 PSYoungGen      total 57344K, used 43008K [0x00000000f5580000, 0x00000000fbe80000, 0x0000000100000000)
  eden space 43008K, 100% used [0x00000000f5580000,0x00000000f7f80000,0x00000000f7f80000)
  from space 14336K, 0% used [0x00000000f7f80000,0x00000000f7f80000,0x00000000f8d80000)
  to   space 30208K, 0% used [0x00000000fa100000,0x00000000fa100000,0x00000000fbe80000)
 ParOldGen       total 349696K, used 349695K [0x00000000e0000000, 0x00000000f5580000, 0x00000000f5580000)
  object space 349696K, 99% used [0x00000000e0000000,0x00000000f557fee0,0x00000000f5580000)
 Metaspace       used 53174K, committed 54080K, reserved 1097728K
  class space    used 4978K, committed 5376K, reserved 1048576K
}
Event: 1417.836 GC heap after
{Heap after GC invocations=673 (full 548):
 PSYoungGen      total 73216K, used 43007K [0x00000000f5580000, 0x00000000fbe80000, 0x0000000100000000)
  eden space 43008K, 99% used [0x00000000f5580000,0x00000000f7f7ffa0,0x00000000f7f80000)
  from space 30208K, 0% used [0x00000000fa100000,0x00000000fa100000,0x00000000fbe80000)
  to   space 14336K, 0% used [0x00000000f7f80000,0x00000000f7f80000,0x00000000f8d80000)
 ParOldGen       total 349696K, used 349693K [0x00000000e0000000, 0x00000000f5580000, 0x00000000f5580000)
  object space 349696K, 99% used [0x00000000e0000000,0x00000000f557f620,0x00000000f5580000)
 Metaspace       used 53174K, committed 54080K, reserved 1097728K
  class space    used 4978K, committed 5376K, reserved 1048576K
}
Event: 1417.836 GC heap before
{Heap before GC invocations=674 (full 549):
 PSYoungGen      total 73216K, used 43007K [0x00000000f5580000, 0x00000000fbe80000, 0x0000000100000000)
  eden space 43008K, 99% used [0x00000000f5580000,0x00000000f7f7ffa0,0x00000000f7f80000)
  from space 30208K, 0% used [0x00000000fa100000,0x00000000fa100000,0x00000000fbe80000)
  to   space 14336K, 0% used [0x00000000f7f80000,0x00000000f7f80000,0x00000000f8d80000)
 ParOldGen       total 349696K, used 349693K [0x00000000e0000000, 0x00000000f5580000, 0x00000000f5580000)
  object space 349696K, 99% used [0x00000000e0000000,0x00000000f557f620,0x00000000f5580000)
 Metaspace       used 53174K, committed 54080K, reserved 1097728K
  class space    used 4978K, committed 5376K, reserved 1048576K
}
Event: 1419.461 GC heap after
{Heap after GC invocations=674 (full 549):
 PSYoungGen      total 57344K, used 43007K [0x00000000f5580000, 0x00000000fbe80000, 0x0000000100000000)
  eden space 43008K, 99% used [0x00000000f5580000,0x00000000f7f7ffa0,0x00000000f7f80000)
  from space 14336K, 0% used [0x00000000f7f80000,0x00000000f7f80000,0x00000000f8d80000)
  to   space 30208K, 0% used [0x00000000fa100000,0x00000000fa100000,0x00000000fbe80000)
 ParOldGen       total 349696K, used 349693K [0x00000000e0000000, 0x00000000f5580000, 0x00000000f5580000)
  object space 349696K, 99% used [0x00000000e0000000,0x00000000f557f620,0x00000000f5580000)
 Metaspace       used 53174K, committed 54080K, reserved 1097728K
  class space    used 4978K, committed 5376K, reserved 1048576K
}
Event: 1419.461 GC heap before
{Heap before GC invocations=675 (full 550):
 PSYoungGen      total 57344K, used 43007K [0x00000000f5580000, 0x00000000fbe80000, 0x0000000100000000)
  eden space 43008K, 99% used [0x00000000f5580000,0x00000000f7f7fff8,0x00000000f7f80000)
  from space 14336K, 0% used [0x00000000f7f80000,0x00000000f7f80000,0x00000000f8d80000)
  to   space 30208K, 0% used [0x00000000fa100000,0x00000000fa100000,0x00000000fbe80000)
 ParOldGen       total 349696K, used 349693K [0x00000000e0000000, 0x00000000f5580000, 0x00000000f5580000)
  object space 349696K, 99% used [0x00000000e0000000,0x00000000f557f660,0x00000000f5580000)
 Metaspace       used 53174K, committed 54080K, reserved 1097728K
  class space    used 4978K, committed 5376K, reserved 1048576K
}
Event: 1421.333 GC heap after
{Heap after GC invocations=675 (full 550):
 PSYoungGen      total 73216K, used 43007K [0x00000000f5580000, 0x00000000fbe80000, 0x0000000100000000)
  eden space 43008K, 99% used [0x00000000f5580000,0x00000000f7f7ffd8,0x00000000f7f80000)
  from space 30208K, 0% used [0x00000000fa100000,0x00000000fa100000,0x00000000fbe80000)
  to   space 14336K, 0% used [0x00000000f7f80000,0x00000000f7f80000,0x00000000f8d80000)
 ParOldGen       total 349696K, used 349692K [0x00000000e0000000, 0x00000000f5580000, 0x00000000f5580000)
  object space 349696K, 99% used [0x00000000e0000000,0x00000000f557f3f0,0x00000000f5580000)
 Metaspace       used 53174K, committed 54080K, reserved 1097728K
  class space    used 4978K, committed 5376K, reserved 1048576K
}
Event: 1421.337 GC heap before
{Heap before GC invocations=676 (full 551):
 PSYoungGen      total 73216K, used 43007K [0x00000000f5580000, 0x00000000fbe80000, 0x0000000100000000)
  eden space 43008K, 99% used [0x00000000f5580000,0x00000000f7f7fff0,0x00000000f7f80000)
  from space 30208K, 0% used [0x00000000fa100000,0x00000000fa100000,0x00000000fbe80000)
  to   space 14336K, 0% used [0x00000000f7f80000,0x00000000f7f80000,0x00000000f8d80000)
 ParOldGen       total 349696K, used 349692K [0x00000000e0000000, 0x00000000f5580000, 0x00000000f5580000)
  object space 349696K, 99% used [0x00000000e0000000,0x00000000f557f3f0,0x00000000f5580000)
 Metaspace       used 53174K, committed 54080K, reserved 1097728K
  class space    used 4978K, committed 5376K, reserved 1048576K
}
Event: 1422.966 GC heap after
{Heap after GC invocations=676 (full 551):
 PSYoungGen      total 57344K, used 43007K [0x00000000f5580000, 0x00000000fbe80000, 0x0000000100000000)
  eden space 43008K, 99% used [0x00000000f5580000,0x00000000f7f7fff0,0x00000000f7f80000)
  from space 14336K, 0% used [0x00000000f7f80000,0x00000000f7f80000,0x00000000f8d80000)
  to   space 30208K, 0% used [0x00000000fa100000,0x00000000fa100000,0x00000000fbe80000)
 ParOldGen       total 349696K, used 349692K [0x00000000e0000000, 0x00000000f5580000, 0x00000000f5580000)
  object space 349696K, 99% used [0x00000000e0000000,0x00000000f557f3f0,0x00000000f5580000)
 Metaspace       used 53174K, committed 54080K, reserved 1097728K
  class space    used 4978K, committed 5376K, reserved 1048576K
}
Event: 1422.967 GC heap before
{Heap before GC invocations=677 (full 552):
 PSYoungGen      total 57344K, used 43008K [0x00000000f5580000, 0x00000000fbe80000, 0x0000000100000000)
  eden space 43008K, 100% used [0x00000000f5580000,0x00000000f7f80000,0x00000000f7f80000)
  from space 14336K, 0% used [0x00000000f7f80000,0x00000000f7f80000,0x00000000f8d80000)
  to   space 30208K, 0% used [0x00000000fa100000,0x00000000fa100000,0x00000000fbe80000)
 ParOldGen       total 349696K, used 349695K [0x00000000e0000000, 0x00000000f5580000, 0x00000000f5580000)
  object space 349696K, 99% used [0x00000000e0000000,0x00000000f557fc40,0x00000000f5580000)
 Metaspace       used 53176K, committed 54080K, reserved 1097728K
  class space    used 4978K, committed 5376K, reserved 1048576K
}
Event: 1424.950 GC heap after
{Heap after GC invocations=677 (full 552):
 PSYoungGen      total 73216K, used 43007K [0x00000000f5580000, 0x00000000fbe80000, 0x0000000100000000)
  eden space 43008K, 99% used [0x00000000f5580000,0x00000000f7f7ffd8,0x00000000f7f80000)
  from space 30208K, 0% used [0x00000000fa100000,0x00000000fa100000,0x00000000fbe80000)
  to   space 14336K, 0% used [0x00000000f7f80000,0x00000000f7f80000,0x00000000f8d80000)
 ParOldGen       total 349696K, used 349693K [0x00000000e0000000, 0x00000000f5580000, 0x00000000f5580000)
  object space 349696K, 99% used [0x00000000e0000000,0x00000000f557f6e0,0x00000000f5580000)
 Metaspace       used 53176K, committed 54080K, reserved 1097728K
  class space    used 4978K, committed 5376K, reserved 1048576K
}
Event: 1424.950 GC heap before
{Heap before GC invocations=678 (full 553):
 PSYoungGen      total 73216K, used 43007K [0x00000000f5580000, 0x00000000fbe80000, 0x0000000100000000)
  eden space 43008K, 99% used [0x00000000f5580000,0x00000000f7f7ffd8,0x00000000f7f80000)
  from space 30208K, 0% used [0x00000000fa100000,0x00000000fa100000,0x00000000fbe80000)
  to   space 14336K, 0% used [0x00000000f7f80000,0x00000000f7f80000,0x00000000f8d80000)
 ParOldGen       total 349696K, used 349693K [0x00000000e0000000, 0x00000000f5580000, 0x00000000f5580000)
  object space 349696K, 99% used [0x00000000e0000000,0x00000000f557f6e0,0x00000000f5580000)
 Metaspace       used 53176K, committed 54080K, reserved 1097728K
  class space    used 4978K, committed 5376K, reserved 1048576K
}
Event: 1426.761 GC heap after
{Heap after GC invocations=678 (full 553):
 PSYoungGen      total 57344K, used 43007K [0x00000000f5580000, 0x00000000fbe80000, 0x0000000100000000)
  eden space 43008K, 99% used [0x00000000f5580000,0x00000000f7f7ffd8,0x00000000f7f80000)
  from space 14336K, 0% used [0x00000000f7f80000,0x00000000f7f80000,0x00000000f8d80000)
  to   space 30208K, 0% used [0x00000000fa100000,0x00000000fa100000,0x00000000fbe80000)
 ParOldGen       total 349696K, used 349693K [0x00000000e0000000, 0x00000000f5580000, 0x00000000f5580000)
  object space 349696K, 99% used [0x00000000e0000000,0x00000000f557f6e0,0x00000000f5580000)
 Metaspace       used 53176K, committed 54080K, reserved 1097728K
  class space    used 4978K, committed 5376K, reserved 1048576K
}

Dll operation events (8 events):
Event: 0.004 Loaded shared library /nix/store/gpxl5qgg8kicmcvivwmybwjlpf7wh20l-graalvm17-ce-22.3.0/lib/libjava.so
Event: 0.013 Loaded shared library /nix/store/gpxl5qgg8kicmcvivwmybwjlpf7wh20l-graalvm17-ce-22.3.0/lib/libjsvml.so
Event: 0.239 Loaded shared library /nix/store/gpxl5qgg8kicmcvivwmybwjlpf7wh20l-graalvm17-ce-22.3.0/lib/libnio.so
Event: 0.247 Loaded shared library /nix/store/gpxl5qgg8kicmcvivwmybwjlpf7wh20l-graalvm17-ce-22.3.0/lib/libzip.so
Event: 0.255 Loaded shared library /nix/store/gpxl5qgg8kicmcvivwmybwjlpf7wh20l-graalvm17-ce-22.3.0/lib/libjvmcicompiler.so
Event: 0.851 Loaded shared library /nix/store/gpxl5qgg8kicmcvivwmybwjlpf7wh20l-graalvm17-ce-22.3.0/lib/libjimage.so
Event: 3.156 Loaded shared library /nix/store/gpxl5qgg8kicmcvivwmybwjlpf7wh20l-graalvm17-ce-22.3.0/lib/libnet.so
Event: 5.029 Loaded shared library /home/runner/.cache/jdt-language-server/config/org.eclipse.equinox.launcher/org.eclipse.equinox.launcher.gtk.linux.x86_64_1.2.400.v20211117-0650/eclipse_11600.so

Deoptimization events (20 events):
Event: 101.419 Thread 0x00007f13a0628e00 DEOPT PACKING pc=0x00007f13f0b587dd sp=0x00007f13b65fe530
Event: 101.419 Thread 0x00007f13a0628e00 DEOPT UNPACKING pc=0x00007f13ef505325 sp=0x00007f13b65fda20 mode 0
Event: 101.422 Thread 0x00007f13a0628e00 DEOPT PACKING pc=0x00007f13f0b587dd sp=0x00007f13b65fe530
Event: 101.422 Thread 0x00007f13a0628e00 DEOPT UNPACKING pc=0x00007f13ef505325 sp=0x00007f13b65fda20 mode 0
Event: 101.426 Thread 0x00007f13a0628e00 DEOPT PACKING pc=0x00007f13f0b587dd sp=0x00007f13b65fe530
Event: 101.426 Thread 0x00007f13a0628e00 DEOPT UNPACKING pc=0x00007f13ef505325 sp=0x00007f13b65fda20 mode 0
Event: 101.428 Thread 0x00007f13a0628e00 DEOPT PACKING pc=0x00007f13f0b587dd sp=0x00007f13b65fe530
Event: 101.428 Thread 0x00007f13a0628e00 DEOPT UNPACKING pc=0x00007f13ef505325 sp=0x00007f13b65fda20 mode 0
Event: 598.417 Thread 0x00007f14083c9bd0 Uncommon trap: trap_request=0xffffffed fr.pc=0x00007f13f71cb48e relative=0x000000000000016e
Event: 598.417 Thread 0x00007f14083c9bd0 Uncommon trap: reason=null_assert_or_unreached0 action=reinterpret pc=0x00007f13f71cb48e method=com.google.gson.stream.JsonReader.peek()Lcom/google/gson/stream/JsonToken; @ 14 jvmci
Event: 598.417 Thread 0x00007f14083c9bd0 DEOPT PACKING pc=0x00007f13f71cb48e sp=0x00007f13b5ffde30
Event: 598.417 Thread 0x00007f14083c9bd0 DEOPT UNPACKING pc=0x00007f13ef505325 sp=0x00007f13b5ffd2d0 mode 3
Event: 1244.608 Thread 0x00007f13a0628e00 Uncommon trap: trap_request=0xffffff8f fr.pc=0x00007f13f720a68b relative=0x000000000000104b
Event: 1244.608 Thread 0x00007f13a0628e00 Uncommon trap: reason=constraint action=none pc=0x00007f13f720a68b method=org.eclipse.jdt.internal.core.index.DiskIndex.copyQueryResults(Lorg/eclipse/jdt/internal/compiler/util/HashtableOfObject;I)V @ 123 jvmci
Event: 1244.608 Thread 0x00007f13a0628e00 DEOPT PACKING pc=0x00007f13f720a68b sp=0x00007f13b65fe550
Event: 1244.608 Thread 0x00007f13a0628e00 DEOPT UNPACKING pc=0x00007f13ef505325 sp=0x00007f13b65fda28 mode 3
Event: 1248.449 Thread 0x00007f13a0628e00 Uncommon trap: trap_request=0xffffff8f fr.pc=0x00007f13f7209294 relative=0x0000000000000274
Event: 1248.449 Thread 0x00007f13a0628e00 Uncommon trap: reason=constraint action=none pc=0x00007f13f7209294 method=org.eclipse.jdt.internal.core.index.DiskIndex$IntList.add(I)V @ 0 jvmci
Event: 1248.449 Thread 0x00007f13a0628e00 DEOPT PACKING pc=0x00007f13f7209294 sp=0x00007f13b65fe500
Event: 1248.449 Thread 0x00007f13a0628e00 DEOPT UNPACKING pc=0x00007f13ef505325 sp=0x00007f13b65fd9b0 mode 3

Classes unloaded (20 events):
Event: 113.628 Thread 0x00007f14080a1b30 Unloading class 0x0000000800d89400 'java/lang/invoke/LambdaForm$MH+0x0000000800d89400'
Event: 113.628 Thread 0x00007f14080a1b30 Unloading class 0x0000000800d89000 'java/lang/invoke/LambdaForm$MH+0x0000000800d89000'
Event: 113.628 Thread 0x00007f14080a1b30 Unloading class 0x0000000800d88c00 'java/lang/invoke/LambdaForm$MH+0x0000000800d88c00'
Event: 113.628 Thread 0x00007f14080a1b30 Unloading class 0x0000000800d88800 'java/lang/invoke/LambdaForm$MH+0x0000000800d88800'
Event: 113.628 Thread 0x00007f14080a1b30 Unloading class 0x0000000800d88400 'java/lang/invoke/LambdaForm$MH+0x0000000800d88400'
Event: 113.628 Thread 0x00007f14080a1b30 Unloading class 0x0000000800d88000 'java/lang/invoke/LambdaForm$MH+0x0000000800d88000'
Event: 113.628 Thread 0x00007f14080a1b30 Unloading class 0x0000000800cb2800 'java/lang/invoke/LambdaForm$MH+0x0000000800cb2800'
Event: 113.628 Thread 0x00007f14080a1b30 Unloading class 0x0000000800cb2000 'java/lang/invoke/LambdaForm$MH+0x0000000800cb2000'
Event: 113.628 Thread 0x00007f14080a1b30 Unloading class 0x0000000800cb1c00 'java/lang/invoke/LambdaForm$MH+0x0000000800cb1c00'
Event: 113.628 Thread 0x00007f14080a1b30 Unloading class 0x0000000800cb1800 'java/lang/invoke/LambdaForm$MH+0x0000000800cb1800'
Event: 113.628 Thread 0x00007f14080a1b30 Unloading class 0x0000000800cb1000 'java/lang/invoke/LambdaForm$MH+0x0000000800cb1000'
Event: 113.628 Thread 0x00007f14080a1b30 Unloading class 0x0000000800cb0c00 'java/lang/invoke/LambdaForm$MH+0x0000000800cb0c00'
Event: 113.628 Thread 0x00007f14080a1b30 Unloading class 0x0000000800cb0800 'java/lang/invoke/LambdaForm$MH+0x0000000800cb0800'
Event: 113.628 Thread 0x00007f14080a1b30 Unloading class 0x0000000800cb0000 'java/lang/invoke/LambdaForm$MH+0x0000000800cb0000'
Event: 113.628 Thread 0x00007f14080a1b30 Unloading class 0x0000000800c85000 'jdk/internal/reflect/GeneratedMethodAccessor5'
Event: 113.628 Thread 0x00007f14080a1b30 Unloading class 0x0000000800c84c00 'jdk/internal/reflect/GeneratedMethodAccessor4'
Event: 113.628 Thread 0x00007f14080a1b30 Unloading class 0x0000000800c84800 'jdk/internal/reflect/GeneratedMethodAccessor3'
Event: 113.628 Thread 0x00007f14080a1b30 Unloading class 0x0000000800c84400 'jdk/internal/reflect/GeneratedMethodAccessor2'
Event: 113.628 Thread 0x00007f14080a1b30 Unloading class 0x0000000800c84000 'jdk/internal/reflect/GeneratedMethodAccessor1'
Event: 113.628 Thread 0x00007f14080a1b30 Unloading class 0x0000000800c01c00 'java/lang/invoke/LambdaForm$DMH+0x0000000800c01c00'

Classes redefined (0 events):
No events

Internal exceptions (20 events):
Event: 44.038 Thread 0x0000564769bf3dd0 Exception <a 'java/lang/NoSuchMethodError'{0x00000000f573c278}: 'java.lang.Object java.lang.invoke.DirectMethodHandle$Holder.newInvokeSpecial(java.lang.Object, java.lang.Object, int)'> (0x00000000f573c278) 
thrown [src/hotspot/share/interpreter/linkResolver.cpp, line 758]
Event: 44.243 Thread 0x00007f13900010d0 Exception <a 'sun/nio/fs/UnixException'{0x00000000f5a24328}> (0x00000000f5a24328) 
thrown [src/hotspot/share/prims/jni.cpp, line 516]
Event: 44.343 Thread 0x00007f13941e7cb0 Exception <a 'java/lang/NoSuchMethodError'{0x00000000f5b81160}: 'void java.lang.invoke.DirectMethodHandle$Holder.invokeSpecial(java.lang.Object, java.lang.Object, int)'> (0x00000000f5b81160) 
thrown [src/hotspot/share/interpreter/linkResolver.cpp, line 758]
Event: 44.418 Thread 0x00007f13900010d0 Exception <a 'sun/nio/fs/UnixException'{0x00000000f5a2cd48}> (0x00000000f5a2cd48) 
thrown [src/hotspot/share/prims/jni.cpp, line 516]
Event: 44.618 Thread 0x00007f13900010d0 Exception <a 'sun/nio/fs/UnixException'{0x00000000f5e15598}> (0x00000000f5e15598) 
thrown [src/hotspot/share/prims/jni.cpp, line 516]
Event: 45.437 Thread 0x00007f13900010d0 Exception <a 'sun/nio/fs/UnixException'{0x00000000f5b71d20}> (0x00000000f5b71d20) 
thrown [src/hotspot/share/prims/jni.cpp, line 516]
Event: 46.518 Thread 0x00007f139415b250 Exception <a 'java/lang/NoSuchMethodError'{0x00000000f627daa0}: 'int java.lang.invoke.DirectMethodHandle$Holder.invokeSpecialIFC(java.lang.Object, java.lang.Object, java.lang.Object, java.lang.Object)'> (0x00000000f627daa0) 
thrown [src/hotspot/share/interpreter/linkResolver.cpp, line 758]
Event: 46.519 Thread 0x00007f13941e69f0 Exception <a 'java/lang/NoSuchMethodError'{0x00000000f635ee88}: 'int java.lang.invoke.DirectMethodHandle$Holder.invokeSpecialIFC(java.lang.Object, java.lang.Object, java.lang.Object, java.lang.Object)'> (0x00000000f635ee88) 
thrown [src/hotspot/share/interpreter/linkResolver.cpp, line 758]
Event: 49.648 Thread 0x00007f13900010d0 Implicit null exception at 0x00007f13f7055d3c to 0x00007f13ef504f68
Event: 54.742 Thread 0x00007f13900010d0 Implicit null exception at 0x00007f13f6fc4ab9 to 0x00007f13f6fc4b3c
Event: 55.736 Thread 0x00007f13900010d0 Implicit null exception at 0x00007f13f7056274 to 0x00007f13ef504f68
Event: 80.823 Thread 0x00007f13a0628e00 Implicit null exception at 0x00007f13f7194095 to 0x00007f13f719477e
Event: 1244.608 Thread 0x00007f13a0628e00 Exception <a 'java/lang/OutOfMemoryError'{0x00000000e00d1cc0}> (0x00000000e00d1cc0) 
thrown [src/hotspot/share/gc/shared/memAllocator.cpp, line 138]
Event: 1244.608 Thread 0x00007f13a0628e00 Implicit null exception at 0x00007f13f720a112 to 0x00007f13f720a670
Event: 1248.449 Thread 0x00007f13a0628e00 Exception <a 'java/lang/OutOfMemoryError'{0x00000000e00d1720}> (0x00000000e00d1720) 
thrown [src/hotspot/share/gc/shared/memAllocator.cpp, line 138]
Event: 1248.449 Thread 0x00007f13a0628e00 Implicit null exception at 0x00007f13f72091ed to 0x00007f13f7209279
Event: 1334.232 Thread 0x00007f13a0488920 Exception <a 'java/lang/OutOfMemoryError'{0x00000000e00d14a0}> (0x00000000e00d14a0) 
thrown [src/hotspot/share/gc/shared/memAllocator.cpp, line 136]
Event: 1395.360 Thread 0x00007f13a0488920 Exception <a 'java/lang/OutOfMemoryError'{0x00000000e00d14a0}> (0x00000000e00d14a0) 
thrown [src/hotspot/share/gc/shared/memAllocator.cpp, line 136]
Event: 1419.461 Thread 0x00007f13a0488920 Exception <a 'java/lang/OutOfMemoryError'{0x00000000e00d14a0}> (0x00000000e00d14a0) 
thrown [src/hotspot/share/gc/shared/memAllocator.cpp, line 136]
Event: 1426.761 Thread 0x00007f14080b2130 Exception <a 'java/lang/OutOfMemoryError'{0x00000000e00d14a0}> (0x00000000e00d14a0) 
thrown [src/hotspot/share/gc/shared/memAllocator.cpp, line 136]

VM Operations (20 events):
Event: 1407.041 Executing VM operation: ParallelGCFailedAllocation done
Event: 1407.041 Executing VM operation: ParallelGCFailedAllocation
Event: 1408.949 Executing VM operation: ParallelGCFailedAllocation done
Event: 1408.949 Executing VM operation: ParallelGCFailedAllocation
Event: 1410.863 Executing VM operation: ParallelGCFailedAllocation done
Event: 1410.863 Executing VM operation: ParallelGCFailedAllocation
Event: 1412.545 Executing VM operation: ParallelGCFailedAllocation done
Event: 1412.545 Executing VM operation: ParallelGCFailedAllocation
Event: 1414.369 Executing VM operation: ParallelGCFailedAllocation done
Event: 1414.369 Executing VM operation: ParallelGCFailedAllocation
Event: 1416.131 Executing VM operation: ParallelGCFailedAllocation done
Event: 1416.132 Executing VM operation: ParallelGCFailedAllocation
Event: 1419.461 Executing VM operation: ParallelGCFailedAllocation done
Event: 1419.461 Executing VM operation: ParallelGCFailedAllocation
Event: 1421.334 Executing VM operation: ParallelGCFailedAllocation done
Event: 1421.334 Executing VM operation: ParallelGCFailedAllocation
Event: 1422.966 Executing VM operation: ParallelGCFailedAllocation done
Event: 1422.967 Executing VM operation: ParallelGCFailedAllocation
Event: 1426.761 Executing VM operation: ParallelGCFailedAllocation done
Event: 1426.761 Executing VM operation: ParallelGCFailedAllocation

Events (20 events):
Event: 57.136 Thread 0x00007f14080b4a90 flushing nmethod 0x00007f13f0bd9090
Event: 57.136 Thread 0x00007f14080b4a90 flushing nmethod 0x00007f13f0bd9510
Event: 57.136 Thread 0x00007f14080b4a90 flushing nmethod 0x00007f13f0bff190
Event: 61.817 Thread 0x00007f14082201a0 Thread exited: 0x00007f14082201a0
Event: 89.917 Thread 0x00007f14080b4a90 flushing nmethod 0x00007f13f00b9890
Event: 90.037 Thread 0x00007f14080b4a90 flushing nmethod 0x00007f13f0b57190
Event: 90.037 Thread 0x00007f14080b4a90 flushing nmethod 0x00007f13f0b94c90
Event: 90.037 Thread 0x00007f14080b4a90 flushing nmethod 0x00007f13f0b9b490
Event: 90.038 Thread 0x00007f14080b4a90 flushing nmethod 0x00007f13f0bd6190
Event: 90.038 Thread 0x00007f14080b4a90 flushing nmethod 0x00007f13f0bfe590
Event: 90.038 Thread 0x00007f14080b4a90 flushing nmethod 0x00007f13f0c1f710
Event: 90.940 Thread 0x00007f138c3ee320 Thread exited: 0x00007f138c3ee320
Event: 107.873 Thread 0x00007f138c0010d0 Thread exited: 0x00007f138c0010d0
Event: 118.745 Thread 0x0000564769bf3dd0 Thread exited: 0x0000564769bf3dd0
Event: 336.627 Thread 0x0000564769bf3dd0 Thread added: 0x0000564769bf3dd0
Event: 336.627 Protecting memory [0x00007f13b5d00000,0x00007f13b5d04000] with protection modes 0
Event: 1338.233 loading class java/lang/AssertionError
Event: 1348.360 loading class java/lang/AssertionError done
Event: 1422.967 loading class java/lang/Throwable$WrappedPrintStream
Event: 1422.967 loading class java/lang/Throwable$WrappedPrintStream done


Dynamic libraries:
e0000000-f5580000 rw-p 00000000 00:00 0 
f5580000-fbe80000 rw-p 00000000 00:00 0 
fbe80000-100000000 ---p 00000000 00:00 0 
800000000-800449000 rw-p 00001000 00:2183 4611686019135357769            /nix/store/gpxl5qgg8kicmcvivwmybwjlpf7wh20l-graalvm17-ce-22.3.0/lib/server/classes.jsa
800449000-800bc8000 r--p 0044a000 00:2183 4611686019135357769            /nix/store/gpxl5qgg8kicmcvivwmybwjlpf7wh20l-graalvm17-ce-22.3.0/lib/server/classes.jsa
800bc8000-800c00000 ---p 00000000 00:00 0 
800c00000-800c20000 rw-p 00000000 00:00 0 
800c20000-800c40000 rw-p 00000000 00:00 0 
800c40000-800cc0000 rw-p 00000000 00:00 0 
800cc0000-800d00000 rw-p 00000000 00:00 0 
800d00000-800dc0000 rw-p 00000000 00:00 0 
800dc0000-800e00000 rw-p 00000000 00:00 0 
800e00000-801140000 rw-p 00000000 00:00 0 
801140000-840c00000 ---p 00000000 00:00 0 
56476991e000-56476991f000 r-xp 00000000 00:2183 4611686019099417844      /nix/store/gpxl5qgg8kicmcvivwmybwjlpf7wh20l-graalvm17-ce-22.3.0/bin/.java-wrapped
564769920000-564769921000 r--p 00001000 00:2183 4611686019099417844      /nix/store/gpxl5qgg8kicmcvivwmybwjlpf7wh20l-graalvm17-ce-22.3.0/bin/.java-wrapped
564769921000-564769922000 rw-p 00002000 00:2183 4611686019099417844      /nix/store/gpxl5qgg8kicmcvivwmybwjlpf7wh20l-graalvm17-ce-22.3.0/bin/.java-wrapped
564769922000-564769923000 rw-p 00004000 00:2183 4611686019099417844      /nix/store/gpxl5qgg8kicmcvivwmybwjlpf7wh20l-graalvm17-ce-22.3.0/bin/.java-wrapped
564769923000-564769924000 rw-p 00005000 00:2183 4611686019099417844      /nix/store/gpxl5qgg8kicmcvivwmybwjlpf7wh20l-graalvm17-ce-22.3.0/bin/.java-wrapped
564769bc7000-564769cf5000 rw-p 00000000 00:00 0                          [heap]
7f1381300000-7f1381400000 ---p 00000000 00:00 0 
7f1381400000-7f13819af000 r--p 01122000 00:2183 4611686019135190040      /nix/store/gpxl5qgg8kicmcvivwmybwjlpf7wh20l-graalvm17-ce-22.3.0/lib/libjvmcicompiler.so
7f13819af000-7f1381b00000 r--p 00000000 00:00 0 
7f1381b00000-7f1381b3d000 rw-p 00000000 00:00 0 
7f1381b3d000-7f138205d000 rw-p 0185f000 00:2183 4611686019135190040      /nix/store/gpxl5qgg8kicmcvivwmybwjlpf7wh20l-graalvm17-ce-22.3.0/lib/libjvmcicompiler.so
7f138205d000-7f1382444000 r--p 01d7f000 00:2183 4611686019135190040      /nix/store/gpxl5qgg8kicmcvivwmybwjlpf7wh20l-graalvm17-ce-22.3.0/lib/libjvmcicompiler.so
7f13824b3000-7f138c000000 r--s 00000000 00:2183 4611686019135192581      /nix/store/gpxl5qgg8kicmcvivwmybwjlpf7wh20l-graalvm17-ce-22.3.0/lib/modules
7f138c000000-7f138c455000 rw-p 00000000 00:00 0 
7f138c455000-7f1390000000 ---p 00000000 00:00 0 
7f1390000000-7f1390081000 rw-p 00000000 00:00 0 
7f1390081000-7f1394000000 ---p 00000000 00:00 0 
7f1394000000-7f13941fa000 rw-p 00000000 00:00 0 
7f13941fa000-7f1398000000 ---p 00000000 00:00 0 
7f1398000000-7f1398021000 rw-p 00000000 00:00 0 
7f1398021000-7f139c000000 ---p 00000000 00:00 0 
7f139c000000-7f139c03e000 rw-p 00000000 00:00 0 
7f139c03e000-7f13a0000000 ---p 00000000 00:00 0 
7f13a0000000-7f13a0902000 rw-p 00000000 00:00 0 
7f13a0902000-7f13a4000000 ---p 00000000 00:00 0 
7f13a4400000-7f13a4be0000 rw-p 00000000 00:00 0 
7f13a4be0000-7f13a4c00000 ---p 00000000 00:00 0 
7f13a5000000-7f13a5100000 rw-p 00000000 00:00 0 
7f13a5100000-7f13a54b0000 rw-p 00000000 00:00 0 
7f13a54b0000-7f13a5500000 ---p 00000000 00:00 0 
7f13a5500000-7f13a5800000 rw-p 00000000 00:00 0 
7f13a5800000-7f13a5900000 rw-p 00000000 00:00 0 
7f13a5900000-7f13a5a00000 rw-p 00000000 00:00 0 
7f13a5a00000-7f13a6000000 rw-p 00000000 00:00 0 
7f13a6c00000-7f13a6d00000 rw-p 00000000 00:00 0 
7f13a6d00000-7f13a71c0000 rw-p 00000000 00:00 0 
7f13a71c0000-7f13a7200000 rw-p 00000000 00:00 0 
7f13a7200000-7f13a7400000 rw-p 00000000 00:00 0 
7f13a7400000-7f13a7500000 rw-p 00000000 00:00 0 
7f13a7500000-7f13a7600000 rw-p 00000000 00:00 0 
7f13a7600000-7f13a7b80000 rw-p 00000000 00:00 0 
7f13a7b80000-7f13a7c00000 rw-p 00000000 00:00 0 
7f13a7c00000-7f13a7c10000 r-xp 00000000 00:2180 355                      /home/runner/.cache/jdt-language-server/config/org.eclipse.equinox.launcher/org.eclipse.equinox.launcher.gtk.linux.x86_64_1.2.400.v20211117-0650/eclipse_11600.so
7f13a7c10000-7f13a7e0f000 ---p 00010000 00:2180 355                      /home/runner/.cache/jdt-language-server/config/org.eclipse.equinox.launcher/org.eclipse.equinox.launcher.gtk.linux.x86_64_1.2.400.v20211117-0650/eclipse_11600.so
7f13a7e0f000-7f13a7e10000 r--p 0000f000 00:2180 355                      /home/runner/.cache/jdt-language-server/config/org.eclipse.equinox.launcher/org.eclipse.equinox.launcher.gtk.linux.x86_64_1.2.400.v20211117-0650/eclipse_11600.so
7f13a7e10000-7f13a7e11000 rw-p 00010000 00:2180 355                      /home/runner/.cache/jdt-language-server/config/org.eclipse.equinox.launcher/org.eclipse.equinox.launcher.gtk.linux.x86_64_1.2.400.v20211117-0650/eclipse_11600.so
7f13a8000000-7f13a8028000 rw-p 00000000 00:00 0 
7f13a8028000-7f13ac000000 ---p 00000000 00:00 0 
7f13ac000000-7f13ac05c000 rw-p 00000000 00:00 0 
7f13ac05c000-7f13b0000000 ---p 00000000 00:00 0 
7f13b0000000-7f13b0021000 rw-p 00000000 00:00 0 
7f13b0021000-7f13b4000000 ---p 00000000 00:00 0 
7f13b4b00000-7f13b4b04000 ---p 00000000 00:00 0 
7f13b4b04000-7f13b4c00000 rw-p 00000000 00:00 0 
7f13b4d00000-7f13b4d04000 ---p 00000000 00:00 0 
7f13b4d04000-7f13b4e00000 rw-p 00000000 00:00 0 
7f13b4f00000-7f13b4f04000 ---p 00000000 00:00 0 
7f13b4f04000-7f13b5000000 rw-p 00000000 00:00 0 
7f13b5100000-7f13b5104000 ---p 00000000 00:00 0 
7f13b5104000-7f13b5200000 rw-p 00000000 00:00 0 
7f13b5300000-7f13b5304000 ---p 00000000 00:00 0 
7f13b5304000-7f13b5400000 rw-p 00000000 00:00 0 
7f13b5500000-7f13b5504000 ---p 00000000 00:00 0 
7f13b5504000-7f13b5600000 rw-p 00000000 00:00 0 
7f13b5700000-7f13b5704000 ---p 00000000 00:00 0 
7f13b5704000-7f13b5800000 rw-p 00000000 00:00 0 
7f13b5900000-7f13b5904000 ---p 00000000 00:00 0 
7f13b5904000-7f13b5a00000 rw-p 00000000 00:00 0 
7f13b5b00000-7f13b5b04000 ---p 00000000 00:00 0 
7f13b5b04000-7f13b5c00000 rw-p 00000000 00:00 0 
7f13b5d00000-7f13b5d04000 ---p 00000000 00:00 0 
7f13b5d04000-7f13b5e00000 rw-p 00000000 00:00 0 
7f13b5f00000-7f13b5f04000 ---p 00000000 00:00 0 
7f13b5f04000-7f13b6000000 rw-p 00000000 00:00 0 
7f13b6100000-7f13b6104000 ---p 00000000 00:00 0 
7f13b6104000-7f13b6200000 rw-p 00000000 00:00 0 
7f13b6300000-7f13b6304000 ---p 00000000 00:00 0 
7f13b6304000-7f13b6400000 rw-p 00000000 00:00 0 
7f13b6500000-7f13b6504000 ---p 00000000 00:00 0 
7f13b6504000-7f13b6600000 rw-p 00000000 00:00 0 
7f13b6700000-7f13b6704000 ---p 00000000 00:00 0 
7f13b6704000-7f13b6800000 rw-p 00000000 00:00 0 
7f13b6900000-7f13b6904000 ---p 00000000 00:00 0 
7f13b6904000-7f13b6a00000 rw-p 00000000 00:00 0 
7f13b6b00000-7f13b6b04000 ---p 00000000 00:00 0 
7f13b6b04000-7f13b6c00000 rw-p 00000000 00:00 0 
7f13b6d00000-7f13b6d04000 ---p 00000000 00:00 0 
7f13b6d04000-7f13b6e00000 rw-p 00000000 00:00 0 
7f13b7a68000-7f13b7f00000 rw-p 00000000 00:00 0 
7f13b8000000-7f13b8044000 rw-p 00000000 00:00 0 
7f13b8044000-7f13bc000000 ---p 00000000 00:00 0 
7f13bc000000-7f13bc0d5000 rw-p 00000000 00:00 0 
7f13bc0d5000-7f13c0000000 ---p 00000000 00:00 0 
7f13c0000000-7f13c00dd000 rw-p 00000000 00:00 0 
7f13c00dd000-7f13c4000000 ---p 00000000 00:00 0 
7f13c4000000-7f13c40c5000 rw-p 00000000 00:00 0 
7f13c40c5000-7f13c8000000 ---p 00000000 00:00 0 
7f13c8000000-7f13c80ee000 rw-p 00000000 00:00 0 
7f13c80ee000-7f13cc000000 ---p 00000000 00:00 0 
7f13cc000000-7f13cca6b000 rw-p 00000000 00:00 0 
7f13cca6b000-7f13d0000000 ---p 00000000 00:00 0 
7f13d0000000-7f13d0021000 rw-p 00000000 00:00 0 
7f13d0021000-7f13d4000000 ---p 00000000 00:00 0 
7f13d4000000-7f13d4021000 rw-p 00000000 00:00 0 
7f13d4021000-7f13d8000000 ---p 00000000 00:00 0 
7f13d8000000-7f13d8021000 rw-p 00000000 00:00 0 
7f13d8021000-7f13dc000000 ---p 00000000 00:00 0 
7f13dc000000-7f13dc021000 rw-p 00000000 00:00 0 
7f13dc021000-7f13e0000000 ---p 00000000 00:00 0 
7f13e0000000-7f13e0021000 rw-p 00000000 00:00 0 
7f13e0021000-7f13e4000000 ---p 00000000 00:00 0 
7f13e4000000-7f13e4021000 rw-p 00000000 00:00 0 
7f13e4021000-7f13e8000000 ---p 00000000 00:00 0 
7f13e8000000-7f13e81cb000 rw-p 00000000 00:00 0 
7f13e81cb000-7f13ec000000 ---p 00000000 00:00 0 
7f13ec100000-7f13ec104000 ---p 00000000 00:00 0 
7f13ec104000-7f13ec200000 rw-p 00000000 00:00 0 
7f13ec300000-7f13ec304000 ---p 00000000 00:00 0 
7f13ec304000-7f13ec400000 rw-p 00000000 00:00 0 
7f13ec500000-7f13ec504000 ---p 00000000 00:00 0 
7f13ec504000-7f13ec600000 rw-p 00000000 00:00 0 
7f13ec700000-7f13ec704000 ---p 00000000 00:00 0 
7f13ec704000-7f13ec800000 rw-p 00000000 00:00 0 
7f13ec900000-7f13ec904000 ---p 00000000 00:00 0 
7f13ec904000-7f13eca00000 rw-p 00000000 00:00 0 
7f13eca00000-7f13eeb6a000 r-xp 00000000 00:2183 4611686019135190040      /nix/store/gpxl5qgg8kicmcvivwmybwjlpf7wh20l-graalvm17-ce-22.3.0/lib/libjvmcicompiler.so
7f13eeb6a000-7f13eed69000 ---p 0216a000 00:2183 4611686019135190040      /nix/store/gpxl5qgg8kicmcvivwmybwjlpf7wh20l-graalvm17-ce-22.3.0/lib/libjvmcicompiler.so
7f13eed69000-7f13eed6a000 r--p 02169000 00:2183 4611686019135190040      /nix/store/gpxl5qgg8kicmcvivwmybwjlpf7wh20l-graalvm17-ce-22.3.0/lib/libjvmcicompiler.so
7f13eed6a000-7f13eed6c000 rw-p 0216a000 00:2183 4611686019135190040      /nix/store/gpxl5qgg8kicmcvivwmybwjlpf7wh20l-graalvm17-ce-22.3.0/lib/libjvmcicompiler.so
7f13eed6c000-7f13eed6d000 rw-p 00000000 00:00 0 
7f13eed6d000-7f13eed72000 rw-p 023c3000 00:2183 4611686019135190040      /nix/store/gpxl5qgg8kicmcvivwmybwjlpf7wh20l-graalvm17-ce-22.3.0/lib/libjvmcicompiler.so
7f13eedb1000-7f13eedb2000 ---p 00000000 00:00 0 
7f13eedb2000-7f13eeeb3000 rw-p 00000000 00:00 0 
7f13eeeb3000-7f13eeeb7000 ---p 00000000 00:00 0 
7f13eeeb7000-7f13eefb3000 rw-p 00000000 00:00 0 
7f13eefb3000-7f13eefb7000 ---p 00000000 00:00 0 
7f13eefb7000-7f13ef0b3000 rw-p 00000000 00:00 0 
7f13ef0b3000-7f13ef0b7000 ---p 00000000 00:00 0 
7f13ef0b7000-7f13ef2b3000 rw-p 00000000 00:00 0 
7f13ef2b3000-7f13ef2b7000 ---p 00000000 00:00 0 
7f13ef2b7000-7f13ef4b3000 rw-p 00000000 00:00 0 
7f13ef4b3000-7f13ef723000 rwxp 00000000 00:00 0 
7f13ef723000-7f13efa42000 ---p 00000000 00:00 0 
7f13efa42000-7f13f0c92000 rwxp 00000000 00:00 0 
7f13f0c92000-7f13f6f7a000 ---p 00000000 00:00 0 
7f13f6f7a000-7f13f722a000 rwxp 00000000 00:00 0 
7f13f722a000-7f13fe4b3000 ---p 00000000 00:00 0 
7f13fe4b3000-7f1408000000 r--s 00000000 00:2183 4611686019135192581      /nix/store/gpxl5qgg8kicmcvivwmybwjlpf7wh20l-graalvm17-ce-22.3.0/lib/modules
7f1408000000-7f14083d6000 rw-p 00000000 00:00 0 
7f14083d6000-7f140c000000 ---p 00000000 00:00 0 
7f140c01a000-7f140c01e000 ---p 00000000 00:00 0 
7f140c01e000-7f140c11a000 rw-p 00000000 00:00 0 
7f140c11a000-7f140c11e000 ---p 00000000 00:00 0 
7f140c11e000-7f140c21a000 rw-p 00000000 00:00 0 
7f140c21a000-7f140c21e000 ---p 00000000 00:00 0 
7f140c21e000-7f140c31a000 rw-p 00000000 00:00 0 
7f140c31a000-7f140c31e000 ---p 00000000 00:00 0 
7f140c31e000-7f140c41a000 rw-p 00000000 00:00 0 
7f140c41a000-7f140c700000 r--p 00000000 00:214d 28444448                 /usr/lib/locale/locale-archive
7f140c700000-7f140c704000 ---p 00000000 00:00 0 
7f140c704000-7f140cc00000 rw-p 00000000 00:00 0 
7f140cc00000-7f140cec0000 rw-p 00000000 00:00 0 
7f140cec0000-7f140cf00000 rw-p 00000000 00:00 0 
7f140cf00000-7f140d000000 rw-p 00000000 00:00 0 
7f140d052000-7f140d056000 ---p 00000000 00:00 0 
7f140d056000-7f140d074000 rw-p 00000000 00:00 0 
7f140d074000-7f140d07b000 r-xp 00000000 00:2183 4611686019135192580      /nix/store/gpxl5qgg8kicmcvivwmybwjlpf7wh20l-graalvm17-ce-22.3.0/lib/libzip.so
7f140d07b000-7f140d07c000 ---p 00007000 00:2183 4611686019135192580      /nix/store/gpxl5qgg8kicmcvivwmybwjlpf7wh20l-graalvm17-ce-22.3.0/lib/libzip.so
7f140d07c000-7f140d07d000 r--p 00007000 00:2183 4611686019135192580      /nix/store/gpxl5qgg8kicmcvivwmybwjlpf7wh20l-graalvm17-ce-22.3.0/lib/libzip.so
7f140d07d000-7f140d07e000 rw-p 00008000 00:2183 4611686019135192580      /nix/store/gpxl5qgg8kicmcvivwmybwjlpf7wh20l-graalvm17-ce-22.3.0/lib/libzip.so
7f140d07e000-7f140d080000 rw-p 0000b000 00:2183 4611686019135192580      /nix/store/gpxl5qgg8kicmcvivwmybwjlpf7wh20l-graalvm17-ce-22.3.0/lib/libzip.so
7f140d080000-7f140d095000 r-xp 00000000 00:2183 4611686019135192570      /nix/store/gpxl5qgg8kicmcvivwmybwjlpf7wh20l-graalvm17-ce-22.3.0/lib/libnet.so
7f140d095000-7f140d096000 ---p 00015000 00:2183 4611686019135192570      /nix/store/gpxl5qgg8kicmcvivwmybwjlpf7wh20l-graalvm17-ce-22.3.0/lib/libnet.so
7f140d096000-7f140d097000 r--p 00015000 00:2183 4611686019135192570      /nix/store/gpxl5qgg8kicmcvivwmybwjlpf7wh20l-graalvm17-ce-22.3.0/lib/libnet.so
7f140d097000-7f140d098000 rw-p 00016000 00:2183 4611686019135192570      /nix/store/gpxl5qgg8kicmcvivwmybwjlpf7wh20l-graalvm17-ce-22.3.0/lib/libnet.so
7f140d098000-7f140d09b000 rw-p 0001b000 00:2183 4611686019135192570      /nix/store/gpxl5qgg8kicmcvivwmybwjlpf7wh20l-graalvm17-ce-22.3.0/lib/libnet.so
7f140d09b000-7f140d0ae000 r-xp 00000000 00:2183 4611686019135192571      /nix/store/gpxl5qgg8kicmcvivwmybwjlpf7wh20l-graalvm17-ce-22.3.0/lib/libnio.so
7f140d0ae000-7f140d0af000 r--p 00012000 00:2183 4611686019135192571      /nix/store/gpxl5qgg8kicmcvivwmybwjlpf7wh20l-graalvm17-ce-22.3.0/lib/libnio.so
7f140d0af000-7f140d0b0000 rw-p 00013000 00:2183 4611686019135192571      /nix/store/gpxl5qgg8kicmcvivwmybwjlpf7wh20l-graalvm17-ce-22.3.0/lib/libnio.so
7f140d0b0000-7f140d0b5000 rw-p 00019000 00:2183 4611686019135192571      /nix/store/gpxl5qgg8kicmcvivwmybwjlpf7wh20l-graalvm17-ce-22.3.0/lib/libnio.so
7f140d0b5000-7f140d0b9000 ---p 00000000 00:00 0 
7f140d0b9000-7f140d1b5000 rw-p 00000000 00:00 0 
7f140d1b5000-7f140d1b6000 ---p 00000000 00:00 0 
7f140d1b6000-7f140d2b7000 rw-p 00000000 00:00 0 
7f140d2b7000-7f140d385000 r-xp 00000000 00:2183 4611686019135190036      /nix/store/gpxl5qgg8kicmcvivwmybwjlpf7wh20l-graalvm17-ce-22.3.0/lib/libjsvml.so
7f140d385000-7f140d386000 r--p 000cd000 00:2183 4611686019135190036      /nix/store/gpxl5qgg8kicmcvivwmybwjlpf7wh20l-graalvm17-ce-22.3.0/lib/libjsvml.so
7f140d386000-7f140d387000 rw-p 000ce000 00:2183 4611686019135190036      /nix/store/gpxl5qgg8kicmcvivwmybwjlpf7wh20l-graalvm17-ce-22.3.0/lib/libjsvml.so
7f140d387000-7f140ec5f000 rw-p 00000000 00:00 0 
7f140ec5f000-7f140ec60000 ---p 00000000 00:00 0 
7f140ec60000-7f140ee0b000 rw-p 00000000 00:00 0 
7f140ee0b000-7f140ee41000 rw-p 00000000 00:00 0 
7f140ee41000-7f140ee61000 ---p 00000000 00:00 0 
7f140ee61000-7f140ee68000 rw-p 00000000 00:00 0 
7f140ee68000-7f140ef4d000 ---p 00000000 00:00 0 
7f140ef4d000-7f140ef72000 rw-p 00000000 00:00 0 
7f140ef72000-7f140f038000 ---p 00000000 00:00 0 
7f140f038000-7f140f03d000 rw-p 00000000 00:00 0 
7f140f03d000-7f140f044000 ---p 00000000 00:00 0 
7f140f044000-7f140f068000 r-xp 00000000 00:2183 4611686019135190028      /nix/store/gpxl5qgg8kicmcvivwmybwjlpf7wh20l-graalvm17-ce-22.3.0/lib/libjava.so
7f140f068000-7f140f069000 ---p 00024000 00:2183 4611686019135190028      /nix/store/gpxl5qgg8kicmcvivwmybwjlpf7wh20l-graalvm17-ce-22.3.0/lib/libjava.so
7f140f069000-7f140f06a000 r--p 00024000 00:2183 4611686019135190028      /nix/store/gpxl5qgg8kicmcvivwmybwjlpf7wh20l-graalvm17-ce-22.3.0/lib/libjava.so
7f140f06a000-7f140f06b000 rw-p 00025000 00:2183 4611686019135190028      /nix/store/gpxl5qgg8kicmcvivwmybwjlpf7wh20l-graalvm17-ce-22.3.0/lib/libjava.so
7f140f06b000-7f140f06c000 rw-p 00000000 00:00 0 
7f140f06c000-7f140f073000 rw-p 0002f000 00:2183 4611686019135190028      /nix/store/gpxl5qgg8kicmcvivwmybwjlpf7wh20l-graalvm17-ce-22.3.0/lib/libjava.so
7f140f073000-7f140f07b000 rw-s 00000000 00:20de 617                      /tmp/hsperfdata_runner/460
7f140f07b000-7f140f07c000 ---p 00000000 00:00 0 
7f140f07c000-7f140f07d000 r--p 00000000 00:00 0 
7f140f07d000-7f140f07e000 rwxp 00000000 00:00 0 
7f140f07e000-7f140f099000 r-xp 00000000 00:2183 4611686019135190032      /nix/store/gpxl5qgg8kicmcvivwmybwjlpf7wh20l-graalvm17-ce-22.3.0/lib/libjimage.so
7f140f099000-7f140f09a000 ---p 0001b000 00:2183 4611686019135190032      /nix/store/gpxl5qgg8kicmcvivwmybwjlpf7wh20l-graalvm17-ce-22.3.0/lib/libjimage.so
7f140f09a000-7f140f09c000 r--p 0001b000 00:2183 4611686019135190032      /nix/store/gpxl5qgg8kicmcvivwmybwjlpf7wh20l-graalvm17-ce-22.3.0/lib/libjimage.so
7f140f09c000-7f140f09d000 rw-p 0001d000 00:2183 4611686019135190032      /nix/store/gpxl5qgg8kicmcvivwmybwjlpf7wh20l-graalvm17-ce-22.3.0/lib/libjimage.so
7f140f09d000-7f140f09e000 rw-p 00024000 00:2183 4611686019135190032      /nix/store/gpxl5qgg8kicmcvivwmybwjlpf7wh20l-graalvm17-ce-22.3.0/lib/libjimage.so
7f140f09e000-7f140f0a2000 ---p 00000000 00:00 0 
7f140f0a2000-7f140f19e000 rw-p 00000000 00:00 0 
7f140f19e000-7f140f1ac000 r--p 00000000 00:2183 4611686019027979927      /nix/store/4nlgxhb09sdr51nc9hdm8az5b08vzkgx-glibc-2.35-163/lib/libm.so.6
7f140f1ac000-7f140f21f000 r-xp 0000e000 00:2183 4611686019027979927      /nix/store/4nlgxhb09sdr51nc9hdm8az5b08vzkgx-glibc-2.35-163/lib/libm.so.6
7f140f21f000-7f140f27c000 r--p 00081000 00:2183 4611686019027979927      /nix/store/4nlgxhb09sdr51nc9hdm8az5b08vzkgx-glibc-2.35-163/lib/libm.so.6
7f140f27c000-7f140f27d000 r--p 000dd000 00:2183 4611686019027979927      /nix/store/4nlgxhb09sdr51nc9hdm8az5b08vzkgx-glibc-2.35-163/lib/libm.so.6
7f140f27d000-7f140f27e000 rw-p 000de000 00:2183 4611686019027979927      /nix/store/4nlgxhb09sdr51nc9hdm8az5b08vzkgx-glibc-2.35-163/lib/libm.so.6
7f140f27e000-7f140f27f000 r--p 00000000 00:2183 4611686019027979946      /nix/store/4nlgxhb09sdr51nc9hdm8az5b08vzkgx-glibc-2.35-163/lib/librt.so.1
7f140f27f000-7f140f280000 r-xp 00001000 00:2183 4611686019027979946      /nix/store/4nlgxhb09sdr51nc9hdm8az5b08vzkgx-glibc-2.35-163/lib/librt.so.1
7f140f280000-7f140f281000 r--p 00002000 00:2183 4611686019027979946      /nix/store/4nlgxhb09sdr51nc9hdm8az5b08vzkgx-glibc-2.35-163/lib/librt.so.1
7f140f281000-7f140f282000 r--p 00002000 00:2183 4611686019027979946      /nix/store/4nlgxhb09sdr51nc9hdm8az5b08vzkgx-glibc-2.35-163/lib/librt.so.1
7f140f282000-7f140f283000 rw-p 00003000 00:2183 4611686019027979946      /nix/store/4nlgxhb09sdr51nc9hdm8az5b08vzkgx-glibc-2.35-163/lib/librt.so.1
7f140f283000-7f1410396000 r-xp 00000000 00:2183 4611686019135360866      /nix/store/gpxl5qgg8kicmcvivwmybwjlpf7wh20l-graalvm17-ce-22.3.0/lib/server/libjvm.so
7f1410396000-7f1410397000 ---p 01113000 00:2183 4611686019135360866      /nix/store/gpxl5qgg8kicmcvivwmybwjlpf7wh20l-graalvm17-ce-22.3.0/lib/server/libjvm.so
7f1410397000-7f141044c000 r--p 01113000 00:2183 4611686019135360866      /nix/store/gpxl5qgg8kicmcvivwmybwjlpf7wh20l-graalvm17-ce-22.3.0/lib/server/libjvm.so
7f141044c000-7f1410480000 rw-p 011c8000 00:2183 4611686019135360866      /nix/store/gpxl5qgg8kicmcvivwmybwjlpf7wh20l-graalvm17-ce-22.3.0/lib/server/libjvm.so
7f1410480000-7f14104dc000 rw-p 00000000 00:00 0 
7f14104dc000-7f1410504000 r--p 00000000 00:2183 4611686019027979918      /nix/store/4nlgxhb09sdr51nc9hdm8az5b08vzkgx-glibc-2.35-163/lib/libc.so.6
7f1410504000-7f141067a000 r-xp 00028000 00:2183 4611686019027979918      /nix/store/4nlgxhb09sdr51nc9hdm8az5b08vzkgx-glibc-2.35-163/lib/libc.so.6
7f141067a000-7f14106d2000 r--p 0019e000 00:2183 4611686019027979918      /nix/store/4nlgxhb09sdr51nc9hdm8az5b08vzkgx-glibc-2.35-163/lib/libc.so.6
7f14106d2000-7f14106d6000 r--p 001f6000 00:2183 4611686019027979918      /nix/store/4nlgxhb09sdr51nc9hdm8az5b08vzkgx-glibc-2.35-163/lib/libc.so.6
7f14106d6000-7f14106d8000 rw-p 001fa000 00:2183 4611686019027979918      /nix/store/4nlgxhb09sdr51nc9hdm8az5b08vzkgx-glibc-2.35-163/lib/libc.so.6
7f14106d8000-7f14106e7000 rw-p 00000000 00:00 0 
7f14106e7000-7f14106e8000 r--p 00000000 00:2183 4611686019027979923      /nix/store/4nlgxhb09sdr51nc9hdm8az5b08vzkgx-glibc-2.35-163/lib/libdl.so.2
7f14106e8000-7f14106e9000 r-xp 00001000 00:2183 4611686019027979923      /nix/store/4nlgxhb09sdr51nc9hdm8az5b08vzkgx-glibc-2.35-163/lib/libdl.so.2
7f14106e9000-7f14106ea000 r--p 00002000 00:2183 4611686019027979923      /nix/store/4nlgxhb09sdr51nc9hdm8az5b08vzkgx-glibc-2.35-163/lib/libdl.so.2
7f14106ea000-7f14106eb000 r--p 00002000 00:2183 4611686019027979923      /nix/store/4nlgxhb09sdr51nc9hdm8az5b08vzkgx-glibc-2.35-163/lib/libdl.so.2
7f14106eb000-7f14106ec000 rw-p 00003000 00:2183 4611686019027979923      /nix/store/4nlgxhb09sdr51nc9hdm8az5b08vzkgx-glibc-2.35-163/lib/libdl.so.2
7f14106ec000-7f14106ed000 r--p 00000000 00:2183 4611686019027979942      /nix/store/4nlgxhb09sdr51nc9hdm8az5b08vzkgx-glibc-2.35-163/lib/libpthread.so.0
7f14106ed000-7f14106ee000 r-xp 00001000 00:2183 4611686019027979942      /nix/store/4nlgxhb09sdr51nc9hdm8az5b08vzkgx-glibc-2.35-163/lib/libpthread.so.0
7f14106ee000-7f14106ef000 r--p 00002000 00:2183 4611686019027979942      /nix/store/4nlgxhb09sdr51nc9hdm8az5b08vzkgx-glibc-2.35-163/lib/libpthread.so.0
7f14106ef000-7f14106f0000 r--p 00002000 00:2183 4611686019027979942      /nix/store/4nlgxhb09sdr51nc9hdm8az5b08vzkgx-glibc-2.35-163/lib/libpthread.so.0
7f14106f0000-7f14106f1000 rw-p 00003000 00:2183 4611686019027979942      /nix/store/4nlgxhb09sdr51nc9hdm8az5b08vzkgx-glibc-2.35-163/lib/libpthread.so.0
7f14106f1000-7f14106ff000 r-xp 00000000 00:2183 4611686019135190033      /nix/store/gpxl5qgg8kicmcvivwmybwjlpf7wh20l-graalvm17-ce-22.3.0/lib/libjli.so
7f14106ff000-7f1410700000 ---p 0000e000 00:2183 4611686019135190033      /nix/store/gpxl5qgg8kicmcvivwmybwjlpf7wh20l-graalvm17-ce-22.3.0/lib/libjli.so
7f1410700000-7f1410701000 r--p 0000e000 00:2183 4611686019135190033      /nix/store/gpxl5qgg8kicmcvivwmybwjlpf7wh20l-graalvm17-ce-22.3.0/lib/libjli.so
7f1410701000-7f1410702000 rw-p 0000f000 00:2183 4611686019135190033      /nix/store/gpxl5qgg8kicmcvivwmybwjlpf7wh20l-graalvm17-ce-22.3.0/lib/libjli.so
7f1410702000-7f1410703000 rw-p 00012000 00:2183 4611686019135190033      /nix/store/gpxl5qgg8kicmcvivwmybwjlpf7wh20l-graalvm17-ce-22.3.0/lib/libjli.so
7f1410703000-7f1410706000 r--p 00000000 00:2183 4611686019106210071      /nix/store/026hln0aq1hyshaxsdvhg0kmcm6yf45r-zlib-1.2.13/lib/libz.so.1.2.13
7f1410706000-7f1410718000 r-xp 00003000 00:2183 4611686019106210071      /nix/store/026hln0aq1hyshaxsdvhg0kmcm6yf45r-zlib-1.2.13/lib/libz.so.1.2.13
7f1410718000-7f141071f000 r--p 00015000 00:2183 4611686019106210071      /nix/store/026hln0aq1hyshaxsdvhg0kmcm6yf45r-zlib-1.2.13/lib/libz.so.1.2.13
7f141071f000-7f1410720000 r--p 0001b000 00:2183 4611686019106210071      /nix/store/026hln0aq1hyshaxsdvhg0kmcm6yf45r-zlib-1.2.13/lib/libz.so.1.2.13
7f1410720000-7f1410721000 rw-p 0001c000 00:2183 4611686019106210071      /nix/store/026hln0aq1hyshaxsdvhg0kmcm6yf45r-zlib-1.2.13/lib/libz.so.1.2.13
7f1410721000-7f1410723000 rw-p 00000000 00:00 0 
7f1410723000-7f1410725000 r--p 00000000 00:2183 4611686019027979912      /nix/store/4nlgxhb09sdr51nc9hdm8az5b08vzkgx-glibc-2.35-163/lib/ld-linux-x86-64.so.2
7f1410725000-7f141074c000 r-xp 00002000 00:2183 4611686019027979912      /nix/store/4nlgxhb09sdr51nc9hdm8az5b08vzkgx-glibc-2.35-163/lib/ld-linux-x86-64.so.2
7f141074c000-7f1410758000 r--p 00029000 00:2183 4611686019027979912      /nix/store/4nlgxhb09sdr51nc9hdm8az5b08vzkgx-glibc-2.35-163/lib/ld-linux-x86-64.so.2
7f1410758000-7f141075a000 r--p 00034000 00:2183 4611686019027979912      /nix/store/4nlgxhb09sdr51nc9hdm8az5b08vzkgx-glibc-2.35-163/lib/ld-linux-x86-64.so.2
7f141075a000-7f141075c000 rw-p 00036000 00:2183 4611686019027979912      /nix/store/4nlgxhb09sdr51nc9hdm8az5b08vzkgx-glibc-2.35-163/lib/ld-linux-x86-64.so.2
7ffcc0192000-7ffcc01b7000 rw-p 00000000 00:00 0                          [stack]
7ffcc01f7000-7ffcc01fb000 r--p 00000000 00:00 0                          [vvar]
7ffcc01fb000-7ffcc01fd000 r-xp 00000000 00:00 0                          [vdso]
ffffffffff600000-ffffffffff601000 --xp 00000000 00:00 0                  [vsyscall]


VM Arguments:
jvm_args: -XX:ThreadPriorityPolicy=1 -XX:+UnlockExperimentalVMOptions -XX:+EnableJVMCIProduct -XX:JVMCIThreadsPerNativeLibraryRuntime=1 -XX:-UnlockExperimentalVMOptions -Declipse.application=org.eclipse.jdt.ls.core.id1 -Dosgi.bundles.defaultStartLevel=4 -Declipse.product=org.eclipse.jdt.ls.core.product -Dlog.level=ALL -Xverify:none -XX:+UseParallelGC -XX:GCTimeRatio=4 -XX:AdaptiveSizePolicyWeight=90 -Dsun.zip.disableMemoryMapping=true -Xmx512m -Xms100m 
java_command: /nix/store/m6gcpi1ii6rghy04cjwjddcavv7i90df-jdt-language-server-1.9.0/share/java/plugins/org.eclipse.equinox.launcher_1.6.400.v20210924-0641.jar --add-modules=ALL-SYSTEM --add-opens java.base/java.util=ALL-UNNAMED --add-opens java.base/java.lang=ALL-UNNAMED -configuration /home/runner/.cache/jdt-language-server/config -data /home/runner/.cache/jdt-language-server/data/home/runner/justaliljavaproject-1
java_class_path (initial): /nix/store/m6gcpi1ii6rghy04cjwjddcavv7i90df-jdt-language-server-1.9.0/share/java/plugins/org.eclipse.equinox.launcher_1.6.400.v20210924-0641.jar
Launcher Type: SUN_STANDARD

[Global flags]
    uintx AdaptiveSizePolicyWeight                 = 90                                        {product} {command line}
     intx CICompilerCount                          = 2                                         {product} {ergonomic}
     bool EnableJVMCIProduct                       = true                                {JVMCI product} {jimage}
    uintx GCTimeRatio                              = 4                                         {product} {command line}
   size_t InitialHeapSize                          = 104857600                                 {product} {command line}
     uint JVMCIThreadsPerNativeLibraryRuntime      = 1                                   {JVMCI product} {jimage}
   size_t MaxHeapSize                              = 536870912                                 {product} {command line}
   size_t MaxNewSize                               = 178782208                                 {product} {ergonomic}
   size_t MinHeapDeltaBytes                        = 524288                                    {product} {ergonomic}
   size_t MinHeapSize                              = 104857600                                 {product} {command line}
   size_t NewSize                                  = 34603008                                  {product} {ergonomic}
    uintx NonNMethodCodeHeapSize                   = 5826188                                {pd product} {ergonomic}
    uintx NonProfiledCodeHeapSize                  = 122916026                              {pd product} {ergonomic}
   size_t OldSize                                  = 70254592                                  {product} {ergonomic}
    uintx ProfiledCodeHeapSize                     = 122916026                              {pd product} {ergonomic}
    uintx ReservedCodeCacheSize                    = 251658240                              {pd product} {ergonomic}
     bool SegmentedCodeCache                       = true                                      {product} {ergonomic}
   size_t SoftMaxHeapSize                          = 536870912                              {manageable} {ergonomic}
     intx ThreadPriorityPolicy                     = 1                                         {product} {jimage}
     bool UseCompressedClassPointers               = true                           {product lp64_product} {ergonomic}
     bool UseCompressedOops                        = true                           {product lp64_product} {ergonomic}
     bool UseParallelGC                            = true                                      {product} {command line}

Logging:
Log output configuration:
 #0: stdout all=warning uptime,level,tags
 #1: stderr all=off uptime,level,tags

Environment Variables:
JAVA_HOME=/nix/store/gpxl5qgg8kicmcvivwmybwjlpf7wh20l-graalvm17-ce-22.3.0
PATH=/nix/store/1d6ian3r8kdzspw8hacjhl3xkp40g1lj-binutils-wrapper-2.39/bin:/nix/store/dq0xwmsk1g0i2ayg6pb7y87na2knzylh-gcc-wrapper-11.3.0/bin:/nix/store/bap4d0lpcrhpwmpb8ayjcgkmvfj62lnq-bash-interactive-5.1-p16/bin:/nix/store/pr5n59mb4jzmfx6kanwxly0l07p861fg-patchelf-0.15.0/bin:/nix/store/1gf2flfqnpqbr1b4p4qz2f72y42bs56r-gcc-11.3.0/bin:/nix/store/57xv61c5zi8pphjbcwxxjlgc34p61ic9-glibc-2.35-163-bin/bin:/nix/store/a7gvj343m05j2s32xcnwr35v31ynlypr-coreutils-9.1/bin:/nix/store/039g378vc3pc3dvi9dzdlrd0i4q93qwf-binutils-2.39/bin:/nix/store/y5fcw4xnkg8hwaaf35nfc41vdzy32cm7-vim-9.0.0609/bin:/nix/store/gpxl5qgg8kicmcvivwmybwjlpf7wh20l-graalvm17-ce-22.3.0/bin:/nix/store/6z9ag3ihc8mq2hzsw48lhbznvzny65nz-apache-maven-3.8.6/bin:/nix/store/m6gcpi1ii6rghy04cjwjddcavv7i90df-jdt-language-server-1.9.0/bin:/nix/store/84xs5alhs01zrbr4ywm05kxbjbp5590l-java-debug/bin:/nix/store/mydc6f4k2z73xlcz7ilif3v2lcaiqvza-findutils-4.9.0/bin:/nix/store/j9p3g8472iijd50vhdprx0nmk2fqn5gv-diffutils-3.8/bin:/nix/store/89zs7rms6x00xfq4dq6m7mjnhkr8a6r4-gnused-4.8/bin:/nix/store/86bp03jkmsl6f92w0yzg4s59g5mhxwmy-gnugrep-3.7/bin:/nix/store/hwcdqw4jrjnd37wxqgsd47hd0j8bnj09-gawk-5.1.1/bin:/nix/store/cfbhw8r8ags41vwqaz47r583d0p4h4a1-gnutar-1.34/bin:/nix/store/p3m1ndl1lapwrlh698bnb5lvvxh67378-gzip-1.12/bin:/nix/store/a8mhcagrsly7c7mpjrpsnaahk4aax056-bzip2-1.0.8-bin/bin:/nix/store/mblgz65m3zv9x548a3d5m96fj2pbwr09-gnumake-4.3/bin:/nix/store/dsd5gz46hdbdk2rfdimqddhq6m8m8fqs-bash-5.1-p16/bin:/nix/store/v7ljksji50mg3w61dykaa3n3y79n6nil-patch-2.7.6/bin:/nix/store/zlcnmqq14jz5x9439jf937mvayyl63da-xz-5.2.7-bin/bin:/nix/store/y6aj732zm9m87c82fpvf103a1xb22blp-file-5.43/bin:/nix/store/i4kzir3m7mrisxmf5xvlnkw01x4qaqr4-prybar-elisp-0.0.0-e0d9a52/bin:/nix/store/lwwivxf6h7x3cvxp9zv8sj0mv7dak99r-prybar-lua-0.0.0-e0d9a52/bin:/nix/store/gxj28g1cg4hq3qanmjv07156h800qr58-prybar-python3-0.0.0-e0d9a52/bin:/nix/store/hshkjnxrgidigf8x75vg6lqng2xlx9i3-prybar-sqlite-0.0.0-e0d9a52/bin:/nix/store/c4w01bpjgyy5ixmwdk8m1pw87zq4sl26-prybar-tcl-0.0
LD_LIBRARY_PATH=/nix/store/a4pff549sk2idnkpzk5nsfps3mdkdnvm-cups-2.4.2-lib/lib:/nix/store/72mqxxhh3cy5yifh92wh2yb8cl2hikyy-cairo-1.16.0/lib:/nix/store/2k366jrbsra97gjfxwvrhvixjfxdach5-glib-2.74.1/lib:/nix/store/2j2znigd8ak37rlwh9khz0ry3clqlw1l-gtk+3-3.24.34/lib:/nix/store/hisqvx32cd57apbpcsnkpx6k3549wql1-libglvnd-1.4.0/lib:/nix/store/p36pgcv991mq5srvg765b78yqpxvk3qs-mesa-21.3.3-drivers/lib:/nix/store/mav4251if1ahjq5vkpwycyyvnmy459c4-pulseaudio-14.2/lib
DISPLAY=:0
LANG=en_US.UTF-8

Signal Handlers:
   SIGSEGV: crash_handler in libjvm.so, mask=11100100010111111101111111111110, flags=SA_RESTART|SA_SIGINFO
    SIGBUS: crash_handler in libjvm.so, mask=11100100010111111101111111111110, flags=SA_RESTART|SA_SIGINFO
    SIGFPE: crash_handler in libjvm.so, mask=11100100010111111101111111111110, flags=SA_RESTART|SA_SIGINFO
   SIGPIPE: IsolateEnterStub_IgnoreSIGPIPEStartupHook_noopSignalHandler_8f19bff2f35b5f630d83b364d6b2339320d4ec70_216e8361c6bc87a8f89f58cc10d3b2fd4415bf87 in libjvmcicompiler.so, mask=00000000000000000000000000000000, flags=SA_RESTART
  *** Handler was modified!
  *** Expected: javaSignalHandler in libjvm.so, mask=11100100110111111111111111111110, flags=SA_RESTART|SA_SIGINFO
   SIGXFSZ: javaSignalHandler in libjvm.so, mask=11100100010111111101111111111110, flags=SA_RESTART|SA_SIGINFO
    SIGILL: crash_handler in libjvm.so, mask=11100100010111111101111111111110, flags=SA_RESTART|SA_SIGINFO
   SIGUSR2: SR_handler in libjvm.so, mask=00000000000000000000000000000000, flags=SA_RESTART|SA_SIGINFO
    SIGHUP: UserHandler in libjvm.so, mask=11100100010111111101111111111110, flags=SA_RESTART|SA_SIGINFO
    SIGINT: UserHandler in libjvm.so, mask=11100100010111111101111111111110, flags=SA_RESTART|SA_SIGINFO
   SIGTERM: UserHandler in libjvm.so, mask=11100100010111111101111111111110, flags=SA_RESTART|SA_SIGINFO
   SIGQUIT: UserHandler in libjvm.so, mask=11100100010111111101111111111110, flags=SA_RESTART|SA_SIGINFO
  *** Handler was modified!
  *** Expected: javaSignalHandler in libjvm.so, mask=11100100110111111111111111111110, flags=SA_RESTART|SA_SIGINFO
   SIGTRAP: crash_handler in libjvm.so, mask=11100100010111111101111111111110, flags=SA_RESTART|SA_SIGINFO


---------------  S Y S T E M  ---------------

OS:
DISTRIB_ID=Ubuntu
DISTRIB_RELEASE=20.04
DISTRIB_CODENAME=focal
DISTRIB_DESCRIPTION="Ubuntu 20.04.2 LTS"
uname: Linux 5.19.0-1022-gcp #24~22.04.1-Ubuntu SMP Sun Apr 23 09:51:08 UTC 2023 x86_64
OS uptime: 0 days 11:57 hours
libc: glibc 2.35 NPTL 2.35 
rlimit (soft/hard): STACK 8192k/infinity , CORE infinity/infinity , NPROC infinity/infinity , NOFILE 5242/5242 , AS infinity/infinity , CPU infinity/infinity , DATA infinity/infinity , FSIZE infinity/infinity , MEMLOCK 8192k/8192k
load average: 8.43 10.62 9.83

/proc/meminfo:
MemTotal:       26679112 kB
MemFree:          929620 kB
MemAvailable:   12635508 kB
Buffers:         1092928 kB
Cached:          7908668 kB
SwapCached:            0 kB
Active:          6375300 kB
Inactive:       13901008 kB
Active(anon):      18900 kB
Inactive(anon): 11144064 kB
Active(file):    6356400 kB
Inactive(file):  2756944 kB
Unevictable:       54604 kB
Mlocked:           54604 kB
SwapTotal:             0 kB
SwapFree:              0 kB
Zswap:                 0 kB
Zswapped:              0 kB
Dirty:              2700 kB
Writeback:            16 kB
AnonPages:      10923440 kB
Mapped:          1332776 kB
Shmem:             37860 kB
KReclaimable:    3009396 kB
Slab:            4365464 kB
SReclaimable:    3009396 kB
SUnreclaim:      1356068 kB
KernelStack:      498312 kB
PageTables:       219632 kB
NFS_Unstable:          0 kB
Bounce:                0 kB
WritebackTmp:          0 kB
CommitLimit:    13339556 kB
Committed_AS:   60847848 kB
VmallocTotal:   34359738367 kB
VmallocUsed:      533548 kB
VmallocChunk:          0 kB
Percpu:            25920 kB
HardwareCorrupted:     0 kB
AnonHugePages:    325632 kB
ShmemHugePages:        0 kB
ShmemPmdMapped:        0 kB
FileHugePages:         0 kB
FilePmdMapped:         0 kB
HugePages_Total:       0
HugePages_Free:        0
HugePages_Rsvd:        0
HugePages_Surp:        0
Hugepagesize:       2048 kB
Hugetlb:               0 kB
DirectMap4k:     4246328 kB
DirectMap2M:    23013376 kB
DirectMap1G:     2097152 kB

/sys/kernel/mm/transparent_hugepage/enabled: always [madvise] never
/sys/kernel/mm/transparent_hugepage/defrag (defrag/compaction efforts parameter): always defer defer+madvise [madvise] never

Process Memory:
Virtual Size: 3864544K (peak: 3928772K)
Resident Set Size: 593888K (peak: 673664K) (anon: 566688K, file: 27200K, shmem: 0K)
Swapped out: 0K
C-Heap outstanding allocations: 38122K, retained: 14453K
glibc malloc tunables: (default)

/proc/sys/kernel/threads-max (system-wide limit on the number of threads): 208366
/proc/sys/vm/max_map_count (maximum number of memory map areas a process may have): 65530
/proc/sys/kernel/pid_max (system-wide limit on number of process identifiers): 4194304

container (cgroup) information:
container_type: cgroupv1
cpu_cpuset_cpus: 1-3
cpu_memory_nodes: 0
active_processor_count: 1
cpu_quota: 50000
cpu_period: 100000
cpu_shares: 512
memory_limit_in_bytes: 1048576 k
memory_and_swap_limit_in_bytes: 1048576 k
memory_soft_limit_in_bytes: 524288 k
memory_usage_in_bytes: 770736 k
memory_max_usage_in_bytes: 1048576 k
maximum number of tasks: 1000
current number of tasks: 54

KVM virtualization detected
Steal ticks since vm start: 0
Steal ticks percentage since vm start:  0.000

CPU: total 4 (initial active 1) (2 cores per cpu, 2 threads per core) family 6 model 63 stepping 0 microcode 0xffffffff, cx8, cmov, fxsr, ht, mmx, sse, sse2, sse3, ssse3, sse4.1, sse4.2, popcnt, lzcnt, tsc, tscinvbit, avx, avx2, aes, erms, clmul, bmi1, bmi2, fma, vzeroupper, clflush, hv
CPU Model and flags from /proc/cpuinfo:
model name	: Intel(R) Xeon(R) CPU @ 2.30GHz
flags		: fpu vme de pse tsc msr pae mce cx8 apic sep mtrr pge mca cmov pat pse36 clflush mmx fxsr sse sse2 ss ht syscall nx pdpe1gb rdtscp lm constant_tsc rep_good nopl xtopology nonstop_tsc cpuid tsc_known_freq pni pclmulqdq ssse3 fma cx16 pcid sse4_1 sse4_2 x2apic movbe popcnt aes xsave avx f16c rdrand hypervisor lahf_lm abm invpcid_single pti ssbd ibrs ibpb stibp fsgsbase tsc_adjust bmi1 avx2 smep bmi2 erms invpcid xsaveopt arat md_clear arch_capabilities

Online cpus: 0-3
Offline cpus: 
BIOS frequency limitation: <Not Available>
Frequency switch latency (ns): <Not Available>
Available cpu frequencies: <Not Available>
Current governor: <Not Available>
Core performance/turbo boost: <Not Available>

Memory: 4k page, physical 1048576k(277832k free), swap 0k(0k free)
Page Sizes: 4k

vm_info: OpenJDK 64-Bit Server VM (17.0.5+8-jvmci-22.3-b08) for linux-amd64 JRE (17.0.5+8-jvmci-22.3-b08), built on Oct 19 2022 09:01:27 by "buildslave" with gcc 10.3.0

END.
