#
# A fatal error has been detected by the Java Runtime Environment:
#
#  Internal Error (jvmciRuntime.cpp:1609), pid=184, tid=199
#  fatal error: Fatal exception in JVMCI: Error calling jdk.vm.ci.services.Services.serializeSavedProperties
#
# JRE version: OpenJDK Runtime Environment GraalVM CE 22.3.0 (17.0.5+8) (build 17.0.5+8-jvmci-22.3-b08)
# Java VM: OpenJDK 64-Bit Server VM GraalVM CE 22.3.0 (17.0.5+8-jvmci-22.3-b08, mixed mode, sharing, tiered, jvmci, jvmci compiler, compressed oops, compressed class ptrs, parallel gc, linux-amd64)
# Problematic frame:
# V  [libjvm.so+0x972714]  JVMCIRuntime::fatal_exception(JVMCIEnv*, char const*)+0x74
#
# Core dump will be written. Default location: Core dumps may be processed with "/usr/share/apport/apport -p%p -s%s -c%c -d%d -P%P -u%u -g%g -- %E" (or dumping to /home/runner/justaliljavaproject-1/core.184)
#
# If you would like to submit a bug report, please visit:
#   https://github.com/oracle/graal/issues
#

---------------  S U M M A R Y ------------

Command Line: -XX:ThreadPriorityPolicy=1 -XX:+UnlockExperimentalVMOptions -XX:+EnableJVMCIProduct -XX:JVMCIThreadsPerNativeLibraryRuntime=1 -XX:-UnlockExperimentalVMOptions -Declipse.application=org.eclipse.jdt.ls.core.id1 -Dosgi.bundles.defaultStartLevel=4 -Declipse.product=org.eclipse.jdt.ls.core.product -Dlog.level=ALL -Xverify:none -XX:+UseParallelGC -XX:GCTimeRatio=4 -XX:AdaptiveSizePolicyWeight=90 -Dsun.zip.disableMemoryMapping=true -Xmx512m -Xms100m /nix/store/m6gcpi1ii6rghy04cjwjddcavv7i90df-jdt-language-server-1.9.0/share/java/plugins/org.eclipse.equinox.launcher_1.6.400.v20210924-0641.jar --add-modules=ALL-SYSTEM --add-opens java.base/java.util=ALL-UNNAMED --add-opens java.base/java.lang=ALL-UNNAMED -configuration /home/runner/.cache/jdt-language-server/config -data /home/runner/.cache/jdt-language-server/data/home/runner/justaliljavaproject-1

Host: AMD EPYC 7B12, 4 cores, 1G, Ubuntu 20.04.2 LTS
Time: Sat Apr 22 18:06:32 2023 UTC elapsed time: 637.243124 seconds (0d 0h 10m 37s)

---------------  T H R E A D  ---------------

Current thread (0x00007fb8880b2210):  JavaThread "JVMCI-native CompilerThread0" daemon [_thread_in_vm, id=199, stack(0x00007fb86df1a000,0x00007fb86e11a000)]


Current CompileTask:
JVMCI-native: 637244 10610       4       java.lang.CharacterDataLatin1::digit (32 bytes)

Stack: [0x00007fb86df1a000,0x00007fb86e11a000],  sp=0x00007fb86e118380,  free space=2040k
Native frames: (J=compiled Java code, j=interpreted, Vv=VM code, C=native code)
V  [libjvm.so+0x972714]  JVMCIRuntime::fatal_exception(JVMCIEnv*, char const*)+0x74
V  [libjvm.so+0x93e2fe]  JVMCIEnv::copy_saved_properties()+0x14e
V  [libjvm.so+0x9732a9]  JVMCIRuntime::initialize(JVMCIEnv*)+0xb19
V  [libjvm.so+0x9738a2]  JVMCIRuntime::get_HotSpotJVMCIRuntime(JVMCIEnv*)+0x12
V  [libjvm.so+0x9749f2]  JVMCIRuntime::compile_method(JVMCIEnv*, JVMCICompiler*, methodHandle const&, int)+0xd2
V  [libjvm.so+0x5b0d20]  CompileBroker::invoke_compiler_on_method(CompileTask*)+0x1470
V  [libjvm.so+0x5b12e8]  CompileBroker::compiler_thread_loop()+0x528
V  [libjvm.so+0xd82460]  JavaThread::thread_main_inner()+0xd0
V  [libjvm.so+0xd85a40]  Thread::call_run()+0xc0
V  [libjvm.so+0xbdb1e1]  thread_native_entry(Thread*)+0xe1

Register to memory mapping:

RAX=0x00007fb88dbc5000 points into unknown readable memory: 0x0000000000000058 | 58 00 00 00 00 00 00 00
RBX=0x00007fb88ecc0398: <offset 0x0000000000ef5398> in /nix/store/gpxl5qgg8kicmcvivwmybwjlpf7wh20l-graalvm17-ce-22.3.0/lib/server/libjvm.so at 0x00007fb88ddcb000
RCX=0x00007fb88ec781e8: <offset 0x0000000000ead1e8> in /nix/store/gpxl5qgg8kicmcvivwmybwjlpf7wh20l-graalvm17-ce-22.3.0/lib/server/libjvm.so at 0x00007fb88ddcb000
RDX=0x0000000000000649 is an unknown value
RSP=0x00007fb86e118380 is pointing into the stack for thread: 0x00007fb8880b2210
RBP=0x00007fb86e1183a0 is pointing into the stack for thread: 0x00007fb8880b2210
RSI=0x00007fb88ecc0c48: <offset 0x0000000000ef5c48> in /nix/store/gpxl5qgg8kicmcvivwmybwjlpf7wh20l-graalvm17-ce-22.3.0/lib/server/libjvm.so at 0x00007fb88ddcb000
RDI=0x00000000e0000000 is an oop: java.util.LinkedHashMap$Entry 
{0x00000000e0000000} - klass: 'java/util/LinkedHashMap$Entry'
 - ---- fields (total size 5 words):
 - final 'hash' 'I' @12  -2034522908 (86bba4e4)
 - final 'key' 'Ljava/lang/Object;' @16  a 'java/util/jar/Attributes$Name'{0x00000000e0609828} (e0609828)
 - 'value' 'Ljava/lang/Object;' @20  "GoZoR7ZdrDyDBvcVw5utRi10FBgsWEKRHoQyLZ61RR8="{0x00000000e0000028} (e0000028)
 - 'next' 'Ljava/util/HashMap$Node;' @24  NULL (0)
 - 'before' 'Ljava/util/LinkedHashMap$Entry;' @28  NULL (0)
 - 'after' 'Ljava/util/LinkedHashMap$Entry;' @32  NULL (0)
R8 =0x00007fb88ecc0398: <offset 0x0000000000ef5398> in /nix/store/gpxl5qgg8kicmcvivwmybwjlpf7wh20l-graalvm17-ce-22.3.0/lib/server/libjvm.so at 0x00007fb88ddcb000
R9 =0x00007fb86e118330 is pointing into the stack for thread: 0x00007fb8880b2210
R10=0x00007fb86e119948 is pointing into the stack for thread: 0x00007fb8880b2210
R11=0x0000000000000293 is an unknown value
R12=0x0 is NULL
R13=0x00007fb8880b2210 is a thread
R14=0x00007fb888000b80 points into unknown readable memory: 0x00007fb88eef1a38 | 38 1a ef 8e b8 7f 00 00
R15=0x00007fb88efffe40: <offset 0x0000000001234e40> in /nix/store/gpxl5qgg8kicmcvivwmybwjlpf7wh20l-graalvm17-ce-22.3.0/lib/server/libjvm.so at 0x00007fb88ddcb000


Registers:
RAX=0x00007fb88dbc5000, RBX=0x00007fb88ecc0398, RCX=0x00007fb88ec781e8, RDX=0x0000000000000649
RSP=0x00007fb86e118380, RBP=0x00007fb86e1183a0, RSI=0x00007fb88ecc0c48, RDI=0x00000000e0000000
R8 =0x00007fb88ecc0398, R9 =0x00007fb86e118330, R10=0x00007fb86e119948, R11=0x0000000000000293
R12=0x0000000000000000, R13=0x00007fb8880b2210, R14=0x00007fb888000b80, R15=0x00007fb88efffe40
RIP=0x00007fb88e73d714, EFLAGS=0x0000000000010206, CSGSFS=0x002b000000000033, ERR=0x0000000000000006
  TRAPNO=0x000000000000000e

Top of Stack: (sp=0x00007fb86e118380)
0x00007fb86e118380:   00007fb86e118940 00007fb8880b2210
0x00007fb86e118390:   00007fb88c5568c8 0000000800c417a0
0x00007fb86e1183a0:   00007fb86e118500 00007fb88e7092fe
0x00007fb86e1183b0:   00007fb86e1183e0 00007fb86e118440 

Instructions: (pc=0x00007fb88e73d714)
0x00007fb88e73d614:   30 e8 f6 cf e8 ff 4c 89 e7 e8 2e 48 d1 ff 84 db
0x00007fb88e73d624:   75 2a 4d 85 ed 74 04 4d 8b 6d 00 48 83 c4 08 44
0x00007fb88e73d634:   89 f9 4c 89 f2 4c 89 ee 5b 4c 89 e7 41 5c 41 5d
0x00007fb88e73d644:   41 5e 41 5f 5d e9 e2 47 d1 ff 66 90 48 83 c4 08
0x00007fb88e73d654:   5b 41 5c 41 5d 41 5e 41 5f 5d c3 90 31 d2 be 08
0x00007fb88e73d664:   00 00 00 4c 89 ff e8 b1 78 a3 ff 49 89 c5 e9 37
0x00007fb88e73d674:   ff ff ff 66 0f 1f 84 00 00 00 00 00 48 8b 7a 08
0x00007fb88e73d684:   e9 6d ff ff ff 0f 1f 80 00 00 00 00 e8 5b 48 0a
0x00007fb88e73d694:   00 84 c0 75 89 e9 6a ff ff ff 66 90 55 48 89 e5
0x00007fb88e73d6a4:   41 56 41 55 41 54 49 89 fc 53 48 89 f3 66 48 8d
0x00007fb88e73d6b4:   3d 27 5e 85 00 66 66 48 e8 df 43 8d ff 4c 8b 28
0x00007fb88e73d6c4:   8b 05 be 72 8a 00 85 c0 75 14 ba 01 00 00 00 48
0x00007fb88e73d6d4:   8d 0d ae 72 8a 00 f0 0f b1 11 85 c0 74 4e be c8
0x00007fb88e73d6e4:   00 00 00 4c 89 ef e8 01 0b 41 00 48 8d 05 12 ac
0x00007fb88e73d6f4:   85 00 49 89 d8 48 8d 0d e8 aa 53 00 ba 49 06 00
0x00007fb88e73d704:   00 48 8d 35 3c 35 58 00 bf 00 00 00 e0 48 8b 00
0x00007fb88e73d714:   c6 00 58 31 c0 e8 e2 91 c6 ff 5b 41 5c 41 5d 41
0x00007fb88e73d724:   5e 5d e9 55 34 26 00 0f 1f 44 00 00 48 8d 05 81
0x00007fb88e73d734:   a3 8b 00 48 89 df 4c 8b 30 e8 9e 43 8d ff 48 89
0x00007fb88e73d744:   de 48 89 c2 49 8b 06 4c 89 f7 ff 50 08 4c 89 f7
0x00007fb88e73d754:   e8 a7 5c 27 00 4d 85 e4 74 12 be 01 00 00 00 4c
0x00007fb88e73d764:   89 e7 e8 35 43 fc ff eb 82 0f 1f 00 be 01 00 00
0x00007fb88e73d774:   00 4c 89 ef e8 d3 fd ff ff e9 6d ff ff ff 66 66
0x00007fb88e73d784:   2e 0f 1f 84 00 00 00 00 00 0f 1f 00 55 48 89 e5
0x00007fb88e73d794:   41 57 41 56 41 55 41 54 53 48 81 ec 08 02 00 00
0x00007fb88e73d7a4:   64 48 8b 04 25 28 00 00 00 48 89 45 c8 8b 07 83
0x00007fb88e73d7b4:   f8 02 0f 84 11 04 00 00 4c 8b 6f 18 49 89 ff 49
0x00007fb88e73d7c4:   89 f4 4d 85 ed 74 14 4c 89 ef e8 5d 57 22 00 41
0x00007fb88e73d7d4:   8b 07 83 f8 02 0f 84 19 04 00 00 48 8d 1d 9a 06
0x00007fb88e73d7e4:   8a 00 4c 8d 35 0b 3c 58 00 eb 38 90 48 85 d2 7f
0x00007fb88e73d7f4:   0d 48 8d 05 b4 c0 85 00 48 83 38 00 7e 0e 41 8b
0x00007fb88e73d804:   77 2c 4c 89 f7 31 c0 e8 a0 b2 f7 ff 49 8b 7f 18 


Stack slot to memory mapping:
stack at sp + 0 slots: 0x00007fb86e118940 is pointing into the stack for thread: 0x00007fb8880b2210
stack at sp + 1 slots: 0x00007fb8880b2210 is a thread
stack at sp + 2 slots: 0x00007fb88c5568c8 points into unknown readable memory: 0x6573001880c9ffff | ff ff c9 80 18 00 73 65
stack at sp + 3 slots: 0x0000000800c417a0 is a pointer to class: 
jdk.vm.ci.services.Services {0x0000000800c417a0}
 - instance size:     2
 - klass size:        65
 - access:            public final synchronized 
 - state:             fully_initialized
 - name:              'jdk/vm/ci/services/Services'
 - super:             'java/lang/Object'
 - sub:               
 - arrays:            NULL
 - methods:           Array<T>(0x00007fb86e844258)
 - method ordering:   Array<T>(0x0000000800928960)
 - default_methods:   Array<T>(0x0000000000000000)
 - local interfaces:  Array<T>(0x00000008005ce810)
 - trans. interfaces: Array<T>(0x00000008005ce810)
 - constants:         constant pool [427] {0x00007fb86e843338} for 'jdk/vm/ci/services/Services' cache=0x00007fb86e845528
 - class loader data:  loader data: 0x00007fb8880283f0 of 'bootstrap'
 - source file:       'Services.java'
 - class annotations:       Array<T>(0x0000000000000000)
 - class type annotations:  Array<T>(0x0000000000000000)
 - field annotations:       Array<T>(0x0000000000000000)
 - field type annotations:  Array<T>(0x0000000000000000)
 - inner classes:     Array<T>(0x00007fb86e8454f8)
 - nest members:     Array<T>(0x00007fb86e845518)
 - permitted subclasses:     Array<T>(0x00000008005ce7a0)
 - java mirror:       a 'java/lang/Class'{0x00000000e02f1c48} = 'jdk/vm/ci/services/Services'
 - vtable length      5  (start addr: 0x0000000800c41970)
 - itable length      2 (start addr: 0x0000000800c41998)
 - ---- static fields (3 words):
 - public static final 'IS_BUILDING_NATIVE_IMAGE' 'Z' @128 
 - public static final 'IS_IN_NATIVE_IMAGE' 'Z' @129 
 - private static volatile 'savedProperties' 'Ljava/util/Map;' @112 
 - static final 'JVMCI_ENABLED' 'Z' @130 
 - private static final 'servicesCache' 'Ljava/util/Map;' @116 
 - private static final 'MAX_UNICODE_IN_UTF8_LENGTH' 'I' @120 
 - private static final 'MAX_UTF8_PROPERTY_STRING_LENGTH' 'I' @124 
 - ---- non-static fields (0 words):
 - non-static oop maps: 
stack at sp + 4 slots: 0x00007fb86e118500 is pointing into the stack for thread: 0x00007fb8880b2210
stack at sp + 5 slots: 0x00007fb88e7092fe: <offset 0x000000000093e2fe> in /nix/store/gpxl5qgg8kicmcvivwmybwjlpf7wh20l-graalvm17-ce-22.3.0/lib/server/libjvm.so at 0x00007fb88ddcb000
stack at sp + 6 slots: 0x00007fb86e1183e0 is pointing into the stack for thread: 0x00007fb8880b2210
stack at sp + 7 slots: 0x00007fb86e118440 is pointing into the stack for thread: 0x00007fb8880b2210


---------------  P R O C E S S  ---------------

Threads class SMR info:
_java_thread_list=0x00007fb80c052670, length=27, elements={
0x00007fb888026690, 0x00007fb8880a64d0, 0x00007fb8880a7910, 0x00007fb8880ae080,
0x00007fb8880af430, 0x00007fb8880b0820, 0x00007fb8880b2210, 0x00007fb8880b3720,
0x00007fb8880b4b70, 0x00007fb8880d79b0, 0x00007fb88811f110, 0x00007fb8882c4ae0,
0x00007fb8882ed380, 0x00007fb88830fc60, 0x00007fb81c02f830, 0x00007fb81c405320,
0x00007fb81c490930, 0x00007fb810000ff0, 0x00007fb81c637f90, 0x00007fb81c677860,
0x00007fb888362660, 0x00007fb88840fe50, 0x00007fb81001edb0, 0x00007fb814144250,
0x00007fb81413f630, 0x00007fb81411f5e0, 0x00007fb80c0010d0
}

Java Threads: ( => current thread )
  0x00007fb888026690 JavaThread "main" [_thread_blocked, id=190, stack(0x00007fb88dbe6000,0x00007fb88dce6000)]
  0x00007fb8880a64d0 JavaThread "Reference Handler" daemon [_thread_blocked, id=194, stack(0x00007fb86f0af000,0x00007fb86f1af000)]
  0x00007fb8880a7910 JavaThread "Finalizer" daemon [_thread_blocked, id=195, stack(0x00007fb86e700000,0x00007fb86e800000)]
  0x00007fb8880ae080 JavaThread "Signal Dispatcher" daemon [_thread_blocked, id=196, stack(0x00007fb86e31a000,0x00007fb86e41a000)]
  0x00007fb8880af430 JavaThread "Service Thread" daemon [_thread_blocked, id=197, stack(0x00007fb86e21a000,0x00007fb86e31a000)]
  0x00007fb8880b0820 JavaThread "Monitor Deflation Thread" daemon [_thread_blocked, id=198, stack(0x00007fb86e11a000,0x00007fb86e21a000)]
=>0x00007fb8880b2210 JavaThread "JVMCI-native CompilerThread0" daemon [_thread_in_vm, id=199, stack(0x00007fb86df1a000,0x00007fb86e11a000)]
  0x00007fb8880b3720 JavaThread "C1 CompilerThread0" daemon [_thread_blocked, id=200, stack(0x00007fb86dd1a000,0x00007fb86df1a000)]
  0x00007fb8880b4b70 JavaThread "Sweeper thread" daemon [_thread_blocked, id=201, stack(0x00007fb86dc1a000,0x00007fb86dd1a000)]
  0x00007fb8880d79b0 JavaThread "Common-Cleaner" daemon [_thread_blocked, id=202, stack(0x00007fb86db1a000,0x00007fb86dc1a000)]
  0x00007fb88811f110 JavaThread "Notification Thread" daemon [_thread_blocked, id=203, stack(0x00007fb86da1a000,0x00007fb86db1a000)]
  0x00007fb8882c4ae0 JavaThread "Active Thread: Equinox Container: 0085a25d-b878-43b0-b44d-c93bc482c966" [_thread_blocked, id=207, stack(0x00007fb86c600000,0x00007fb86c700000)]
  0x00007fb8882ed380 JavaThread "Framework Event Dispatcher: Equinox Container: 0085a25d-b878-43b0-b44d-c93bc482c966" daemon [_thread_blocked, id=208, stack(0x00007fb86c400000,0x00007fb86c500000)]
  0x00007fb88830fc60 JavaThread "Start Level: Equinox Container: 0085a25d-b878-43b0-b44d-c93bc482c966" daemon [_thread_blocked, id=209, stack(0x00007fb86c200000,0x00007fb86c300000)]
  0x00007fb81c02f830 JavaThread "SCR Component Actor" daemon [_thread_blocked, id=210, stack(0x00007fb86c000000,0x00007fb86c100000)]
  0x00007fb81c405320 JavaThread "Worker-JM" [_thread_blocked, id=212, stack(0x00007fb835900000,0x00007fb835a00000)]
  0x00007fb81c490930 JavaThread "Worker-0" [_thread_blocked, id=213, stack(0x00007fb835700000,0x00007fb835800000)]
  0x00007fb810000ff0 JavaThread "Worker-2: Java indexing... " [_thread_blocked, id=215, stack(0x00007fb835300000,0x00007fb835400000)]
  0x00007fb81c637f90 JavaThread "Java indexing" daemon [_thread_blocked, id=235, stack(0x00007fb834f00000,0x00007fb835000000)]
  0x00007fb81c677860 JavaThread "Bundle File Closer" daemon [_thread_blocked, id=243, stack(0x00007fb834d00000,0x00007fb834e00000)]
  0x00007fb888362660 JavaThread "pool-3-thread-1" [_thread_blocked, id=261, stack(0x00007fb835b00000,0x00007fb835c00000)]
  0x00007fb88840fe50 JavaThread "pool-2-thread-1" [_thread_in_native, id=262, stack(0x00007fb835400000,0x00007fb835500000)]
  0x00007fb81001edb0 JavaThread "Worker-4: Periodic workspace save." [_thread_blocked, id=263, stack(0x00007fb834b00000,0x00007fb834c00000)]
  0x00007fb814144250 JavaThread "Thread-2" [_thread_blocked, id=264, stack(0x00007fb86c100000,0x00007fb86c200000)]
  0x00007fb81413f630 JavaThread "Thread-9" [_thread_blocked, id=271, stack(0x00007fb833d00000,0x00007fb833e00000)]
  0x00007fb81411f5e0 JavaThread "Thread-11" [_thread_blocked, id=273, stack(0x00007fb833900000,0x00007fb833a00000)]
  0x00007fb80c0010d0 JavaThread "Worker-6" [_thread_blocked, id=278, stack(0x00007fb835100000,0x00007fb835200000)]

Other Threads:
  0x00007fb8880a1c10 VMThread "VM Thread" [stack: 0x00007fb86f1b1000,0x00007fb86f2b1000] [id=192] _threads_hazard_ptr=0x00007fb80c052670
  0x00007fb888120ab0 WatcherThread [stack: 0x00007fb86d91a000,0x00007fb86da1a000] [id=204]
  0x00007fb88803df30 GCTaskThread "GC Thread#0" [stack: 0x00007fb88d7a9000,0x00007fb88d8a9000] [id=191]

Threads with active compile tasks:
JVMCI-native CompilerThread0   637363 10610       4       java.lang.CharacterDataLatin1::digit (32 bytes)

VM state: synchronizing (normal execution)

VM Mutex/Monitor currently owned by a thread:  ([mutex/lock_event])
[0x00007fb888023840] Threads_lock - owner thread: 0x00007fb8880a1c10
[0x00007fb888023ff0] Heap_lock - owner thread: 0x00007fb81001edb0

OutOfMemory and StackOverflow Exception counts:
OutOfMemoryError java_heap_errors=3
LinkageErrors=57

Heap address: 0x00000000e0000000, size: 512 MB, Compressed Oops mode: 32-bit

CDS archive(s) mapped at: [0x0000000800000000-0x0000000800bc8000-0x0000000800bc8000), size 12353536, SharedBaseAddress: 0x0000000800000000, ArchiveRelocationMode: 0.
Compressed class space mapped at: 0x0000000800c00000-0x0000000840c00000, reserved size: 1073741824
Narrow klass base: 0x0000000800000000, Narrow klass shift: 0, Narrow klass range: 0x100000000

GC Precious Log:
 CPUs: 4 total, 1 available
 Memory: 1024M
 Large Page Support: Disabled
 NUMA Support: Disabled
 Compressed Oops: Enabled (32-bit)
 Alignments: Space 512K, Generation 512K, Heap 2M
 Heap Min Capacity: 100M
 Heap Initial Capacity: 100M
 Heap Max Capacity: 512M
 Pre-touch: Disabled
 Parallel Workers: 1

Heap:
 PSYoungGen      total 16384K, used 8703K [0x00000000f5580000, 0x00000000f7080000, 0x0000000100000000)
  eden space 8704K, 99% used [0x00000000f5580000,0x00000000f5dffff8,0x00000000f5e00000)
  from space 7680K, 0% used [0x00000000f5e00000,0x00000000f5e00000,0x00000000f6580000)
  to   space 8704K, 0% used [0x00000000f6800000,0x00000000f6800000,0x00000000f7080000)
 ParOldGen       total 349696K, used 349694K [0x00000000e0000000, 0x00000000f5580000, 0x00000000f5580000)
  object space 349696K, 99% used [0x00000000e0000000,0x00000000f557fae8,0x00000000f5580000)
 Metaspace       used 53493K, committed 54400K, reserved 1105920K
  class space    used 4868K, committed 5248K, reserved 1048576K

Card table byte_map: [0x00007fb88d8a9000,0x00007fb88d9aa000] _byte_map_base: 0x00007fb88d1a9000

Marking Bits: (ParMarkBitMap*) 0x00007fb88eff94c0
 Begin Bits: [0x00007fb88c6fc000, 0x00007fb88cefc000)
 End Bits:   [0x00007fb88cefc000, 0x00007fb88d6fc000)

Polling page: 0x00007fb88dbc3000

Metaspace:

Usage:
  Non-class:     47.49 MB used.
      Class:      4.75 MB used.
       Both:     52.24 MB used.

Virtual space:
  Non-class space:       56.00 MB reserved,      48.00 MB ( 86%) committed,  7 nodes.
      Class space:        1.00 GB reserved,       5.12 MB ( <1%) committed,  1 nodes.
             Both:        1.05 GB reserved,      53.12 MB (  5%) committed. 

Chunk freelists:
   Non-Class:  4.03 MB
       Class:  2.95 MB
        Both:  6.99 MB

MaxMetaspaceSize: unlimited
CompressedClassSpaceSize: 1.00 GB
Initial GC threshold: 21.00 MB
Current GC threshold: 88.56 MB
CDS: on
MetaspaceReclaimPolicy: balanced
 - commit_granule_bytes: 65536.
 - commit_granule_words: 8192.
 - virtual_space_node_default_size: 1048576.
 - enlarge_chunks_in_place: 1.
 - new_chunks_are_fully_committed: 0.
 - uncommit_free_chunks: 1.
 - use_allocation_guard: 0.
 - handle_deallocations: 1.


Internal statistics:

num_allocs_failed_limit: 6.
num_arena_births: 370.
num_arena_deaths: 64.
num_vsnodes_births: 8.
num_vsnodes_deaths: 0.
num_space_committed: 848.
num_space_uncommitted: 0.
num_chunks_returned_to_freelist: 86.
num_chunks_taken_from_freelist: 2566.
num_chunk_merges: 31.
num_chunk_splits: 1671.
num_chunks_enlarged: 1048.
num_purges: 4.
num_inconsistent_stats: 0.

CodeHeap 'non-profiled nmethods': size=120036Kb used=2898Kb max_used=2898Kb free=117137Kb
 bounds [0x00007fb876f7a000, 0x00007fb87725a000, 0x00007fb87e4b3000]
CodeHeap 'profiled nmethods': size=120032Kb used=18765Kb max_used=18765Kb free=101266Kb
 bounds [0x00007fb86fa42000, 0x00007fb870ca2000, 0x00007fb876f7a000]
CodeHeap 'non-nmethods': size=5692Kb used=1339Kb max_used=1359Kb free=4352Kb
 bounds [0x00007fb86f4b3000, 0x00007fb86f723000, 0x00007fb86fa42000]
 total_blobs=8318 nmethods=7652 adapters=573
 compilation: enabled
              stopped_count=0, restarted_count=0
 full_count=0

JVMCI Events (20 events):
Event: 412.699 Thread 0x00007fb8880b2210 compacted oop handles in JVMCI runtime 0 from 47 to 47
Event: 412.699 Thread 0x00007fb8880b2210 releasing handles for JVMCI runtime 0: oop handles=47, metadata handles={total=94, live=81, blocks=42}
Event: 412.699 Thread 0x00007fb8880b2210 detached from JVMCI runtime 0
Event: 517.135 Thread 0x00007fb8880b2210 attached to JVMCI runtime 0
Event: 517.136 Thread 0x00007fb8880b2210 created JavaVM[5]@0x00007fb80069e340 for JVMCI runtime 0
Event: 518.202 Thread 0x00007fb8880b2210 initializing JVMCI runtime 0
Event: 518.202 Thread 0x00007fb8880b2210 done waiting for JavaVM references initialization in JVMCI runtime 0
Event: 538.274 Thread 0x00007fb8880b2210 initialized JVMCI runtime 0
Event: 555.311 Thread 0x00007fb8880b2210 compacted oop handles in JVMCI runtime 0 from 93 to 91
Event: 558.656 Thread 0x00007fb8880b2210 detaching from JVMCI runtime 0: releasing idle compiler thread (0 other threads still attached)
Event: 558.656 Thread 0x00007fb8880b2210 shutting down HotSpotJVMCIRuntime for JVMCI runtime 0
Event: 558.656 Thread 0x00007fb8880b2210 shut down JVMCI runtime 0
Event: 559.748 Thread 0x00007fb8880b2210 destroyed JavaVM[5]@0x00007fb80069e340 for JVMCI runtime 0
Event: 559.748 Thread 0x00007fb8880b2210 compacted oop handles in JVMCI runtime 0 from 101 to 101
Event: 559.748 Thread 0x00007fb8880b2210 releasing handles for JVMCI runtime 0: oop handles=101, metadata handles={total=161, live=160, blocks=42}
Event: 559.748 Thread 0x00007fb8880b2210 detached from JVMCI runtime 0
Event: 625.673 Thread 0x00007fb8880b2210 attached to JVMCI runtime 0
Event: 625.674 Thread 0x00007fb8880b2210 created JavaVM[6]@0x00007fb80069e340 for JVMCI runtime 0
Event: 626.876 Thread 0x00007fb8880b2210 initializing JVMCI runtime 0
Event: 626.876 Thread 0x00007fb8880b2210 done waiting for JavaVM references initialization in JVMCI runtime 0

Compilation events (20 events):
Event: 411.565 Thread 0x00007fb8880b2210 nmethod 10600 0x00007fb87724d890 code [0x00007fb87724da00, 0x00007fb87724dab8]
Event: 434.899 Thread 0x00007fb8880b3720 10601       1       java.util.concurrent.atomic.AtomicInteger::get (5 bytes)
Event: 434.899 Thread 0x00007fb8880b3720 nmethod 10601 0x00007fb87724db90 code [0x00007fb87724dd20, 0x00007fb87724ddf0]
Event: 434.899 Thread 0x00007fb8880b3720 10602       3       jdk.internal.misc.Unsafe::putReferenceOpaque (9 bytes)
Event: 436.081 Thread 0x00007fb8880b3720 nmethod 10602 0x00007fb870c93310 code [0x00007fb870c934a0, 0x00007fb870c935d0]
Event: 443.888 Thread 0x00007fb8880b3720 10603       3       java.util.concurrent.locks.LockSupport::setBlocker (12 bytes)
Event: 446.693 Thread 0x00007fb8880b3720 nmethod 10603 0x00007fb870c93690 code [0x00007fb870c93840, 0x00007fb870c93960]
Event: 446.693 Thread 0x00007fb8880b3720 10604       3       java.util.concurrent.ThreadPoolExecutor::runStateAtLeast (11 bytes)
Event: 446.693 Thread 0x00007fb8880b3720 nmethod 10604 0x00007fb870c93a10 code [0x00007fb870c93ba0, 0x00007fb870c93cf0]
Event: 517.135 Thread 0x00007fb8880b2210 10605       4       org.eclipse.osgi.internal.loader.classpath.ClasspathManager::processClass (91 bytes)
Event: 550.163 Thread 0x00007fb8880b3720 10607       3       java.text.Format::<init> (5 bytes)
Event: 550.164 Thread 0x00007fb8880b3720 nmethod 10607 0x00007fb870c93d90 code [0x00007fb870c93f40, 0x00007fb870c94090]
Event: 555.311 Thread 0x00007fb8880b2210 nmethod 10605 0x00007fb87724de90 code [0x00007fb87724e000, 0x00007fb87724e118]
Event: 555.311 Thread 0x00007fb8880b2210 10606       4       org.eclipse.core.runtime.SubMonitor::isCanceled (20 bytes)
Event: 557.457 Thread 0x00007fb8880b2210 nmethod 10606 0x00007fb87724e310 code [0x00007fb87724e4e0, 0x00007fb87724e6e8]
Event: 576.043 Thread 0x00007fb8880b3720 10608   !   3       java.util.Collections$SynchronizedCollection::toArray (25 bytes)
Event: 579.249 Thread 0x00007fb8880b3720 nmethod 10608 0x00007fb870c94190 code [0x00007fb870c94340, 0x00007fb870c94740]
Event: 581.476 Thread 0x00007fb8880b3720 10609       3       org.eclipse.core.internal.preferences.StringPool::add (59 bytes)
Event: 581.476 Thread 0x00007fb8880b3720 nmethod 10609 0x00007fb870c94890 code [0x00007fb870c94a80, 0x00007fb870c95450]
Event: 625.673 Thread 0x00007fb8880b2210 10610       4       java.lang.CharacterDataLatin1::digit (32 bytes)

GC Heap History (20 events):
Event: 625.680 GC heap before
{Heap before GC invocations=626 (full 455):
 PSYoungGen      total 16384K, used 8704K [0x00000000f5580000, 0x00000000f7080000, 0x0000000100000000)
  eden space 8704K, 100% used [0x00000000f5580000,0x00000000f5e00000,0x00000000f5e00000)
  from space 7680K, 0% used [0x00000000f5e00000,0x00000000f5e00000,0x00000000f6580000)
  to   space 8704K, 0% used [0x00000000f6800000,0x00000000f6800000,0x00000000f7080000)
 ParOldGen       total 349696K, used 349695K [0x00000000e0000000, 0x00000000f5580000, 0x00000000f5580000)
  object space 349696K, 99% used [0x00000000e0000000,0x00000000f557ff98,0x00000000f5580000)
 Metaspace       used 53493K, committed 54400K, reserved 1105920K
  class space    used 4868K, committed 5248K, reserved 1048576K
}
Event: 626.876 GC heap after
{Heap after GC invocations=626 (full 455):
 PSYoungGen      total 17408K, used 8703K [0x00000000f5580000, 0x00000000f7080000, 0x0000000100000000)
  eden space 8704K, 99% used [0x00000000f5580000,0x00000000f5dfffe0,0x00000000f5e00000)
  from space 8704K, 0% used [0x00000000f6800000,0x00000000f6800000,0x00000000f7080000)
  to   space 7680K, 0% used [0x00000000f5e00000,0x00000000f5e00000,0x00000000f6580000)
 ParOldGen       total 349696K, used 349695K [0x00000000e0000000, 0x00000000f5580000, 0x00000000f5580000)
  object space 349696K, 99% used [0x00000000e0000000,0x00000000f557fcd0,0x00000000f5580000)
 Metaspace       used 53493K, committed 54400K, reserved 1105920K
  class space    used 4868K, committed 5248K, reserved 1048576K
}
Event: 626.881 GC heap before
{Heap before GC invocations=627 (full 456):
 PSYoungGen      total 17408K, used 8704K [0x00000000f5580000, 0x00000000f7080000, 0x0000000100000000)
  eden space 8704K, 100% used [0x00000000f5580000,0x00000000f5e00000,0x00000000f5e00000)
  from space 8704K, 0% used [0x00000000f6800000,0x00000000f6800000,0x00000000f7080000)
  to   space 7680K, 0% used [0x00000000f5e00000,0x00000000f5e00000,0x00000000f6580000)
 ParOldGen       total 349696K, used 349695K [0x00000000e0000000, 0x00000000f5580000, 0x00000000f5580000)
  object space 349696K, 99% used [0x00000000e0000000,0x00000000f557ffc0,0x00000000f5580000)
 Metaspace       used 53493K, committed 54400K, reserved 1105920K
  class space    used 4868K, committed 5248K, reserved 1048576K
}
Event: 627.905 GC heap after
{Heap after GC invocations=627 (full 456):
 PSYoungGen      total 16384K, used 8703K [0x00000000f5580000, 0x00000000f7080000, 0x0000000100000000)
  eden space 8704K, 99% used [0x00000000f5580000,0x00000000f5dfff90,0x00000000f5e00000)
  from space 7680K, 0% used [0x00000000f5e00000,0x00000000f5e00000,0x00000000f6580000)
  to   space 8704K, 0% used [0x00000000f6800000,0x00000000f6800000,0x00000000f7080000)
 ParOldGen       total 349696K, used 349694K [0x00000000e0000000, 0x00000000f5580000, 0x00000000f5580000)
  object space 349696K, 99% used [0x00000000e0000000,0x00000000f557fb40,0x00000000f5580000)
 Metaspace       used 53493K, committed 54400K, reserved 1105920K
  class space    used 4868K, committed 5248K, reserved 1048576K
}
Event: 627.905 GC heap before
{Heap before GC invocations=628 (full 457):
 PSYoungGen      total 16384K, used 8703K [0x00000000f5580000, 0x00000000f7080000, 0x0000000100000000)
  eden space 8704K, 99% used [0x00000000f5580000,0x00000000f5dffff8,0x00000000f5e00000)
  from space 7680K, 0% used [0x00000000f5e00000,0x00000000f5e00000,0x00000000f6580000)
  to   space 8704K, 0% used [0x00000000f6800000,0x00000000f6800000,0x00000000f7080000)
 ParOldGen       total 349696K, used 349694K [0x00000000e0000000, 0x00000000f5580000, 0x00000000f5580000)
  object space 349696K, 99% used [0x00000000e0000000,0x00000000f557fb40,0x00000000f5580000)
 Metaspace       used 53493K, committed 54400K, reserved 1105920K
  class space    used 4868K, committed 5248K, reserved 1048576K
}
Event: 629.001 GC heap after
{Heap after GC invocations=628 (full 457):
 PSYoungGen      total 17408K, used 8703K [0x00000000f5580000, 0x00000000f7080000, 0x0000000100000000)
  eden space 8704K, 99% used [0x00000000f5580000,0x00000000f5dffff8,0x00000000f5e00000)
  from space 8704K, 0% used [0x00000000f6800000,0x00000000f6800000,0x00000000f7080000)
  to   space 7680K, 0% used [0x00000000f5e00000,0x00000000f5e00000,0x00000000f6580000)
 ParOldGen       total 349696K, used 349694K [0x00000000e0000000, 0x00000000f5580000, 0x00000000f5580000)
  object space 349696K, 99% used [0x00000000e0000000,0x00000000f557fb10,0x00000000f5580000)
 Metaspace       used 53493K, committed 54400K, reserved 1105920K
  class space    used 4868K, committed 5248K, reserved 1048576K
}
Event: 629.002 GC heap before
{Heap before GC invocations=629 (full 458):
 PSYoungGen      total 17408K, used 8703K [0x00000000f5580000, 0x00000000f7080000, 0x0000000100000000)
  eden space 8704K, 99% used [0x00000000f5580000,0x00000000f5dffff8,0x00000000f5e00000)
  from space 8704K, 0% used [0x00000000f6800000,0x00000000f6800000,0x00000000f7080000)
  to   space 7680K, 0% used [0x00000000f5e00000,0x00000000f5e00000,0x00000000f6580000)
 ParOldGen       total 349696K, used 349695K [0x00000000e0000000, 0x00000000f5580000, 0x00000000f5580000)
  object space 349696K, 99% used [0x00000000e0000000,0x00000000f557fff0,0x00000000f5580000)
 Metaspace       used 53493K, committed 54400K, reserved 1105920K
  class space    used 4868K, committed 5248K, reserved 1048576K
}
Event: 630.102 GC heap after
{Heap after GC invocations=629 (full 458):
 PSYoungGen      total 16384K, used 8703K [0x00000000f5580000, 0x00000000f7080000, 0x0000000100000000)
  eden space 8704K, 99% used [0x00000000f5580000,0x00000000f5dfff80,0x00000000f5e00000)
  from space 7680K, 0% used [0x00000000f5e00000,0x00000000f5e00000,0x00000000f6580000)
  to   space 8704K, 0% used [0x00000000f6800000,0x00000000f6800000,0x00000000f7080000)
 ParOldGen       total 349696K, used 349695K [0x00000000e0000000, 0x00000000f5580000, 0x00000000f5580000)
  object space 349696K, 99% used [0x00000000e0000000,0x00000000f557ffd8,0x00000000f5580000)
 Metaspace       used 53493K, committed 54400K, reserved 1105920K
  class space    used 4868K, committed 5248K, reserved 1048576K
}
Event: 630.104 GC heap before
{Heap before GC invocations=630 (full 459):
 PSYoungGen      total 16384K, used 8703K [0x00000000f5580000, 0x00000000f7080000, 0x0000000100000000)
  eden space 8704K, 99% used [0x00000000f5580000,0x00000000f5dffff8,0x00000000f5e00000)
  from space 7680K, 0% used [0x00000000f5e00000,0x00000000f5e00000,0x00000000f6580000)
  to   space 8704K, 0% used [0x00000000f6800000,0x00000000f6800000,0x00000000f7080000)
 ParOldGen       total 349696K, used 349695K [0x00000000e0000000, 0x00000000f5580000, 0x00000000f5580000)
  object space 349696K, 99% used [0x00000000e0000000,0x00000000f557ffd8,0x00000000f5580000)
 Metaspace       used 53493K, committed 54400K, reserved 1105920K
  class space    used 4868K, committed 5248K, reserved 1048576K
}
Event: 631.162 GC heap after
{Heap after GC invocations=630 (full 459):
 PSYoungGen      total 17408K, used 8703K [0x00000000f5580000, 0x00000000f7080000, 0x0000000100000000)
  eden space 8704K, 99% used [0x00000000f5580000,0x00000000f5dffff8,0x00000000f5e00000)
  from space 8704K, 0% used [0x00000000f6800000,0x00000000f6800000,0x00000000f7080000)
  to   space 7680K, 0% used [0x00000000f5e00000,0x00000000f5e00000,0x00000000f6580000)
 ParOldGen       total 349696K, used 349695K [0x00000000e0000000, 0x00000000f5580000, 0x00000000f5580000)
  object space 349696K, 99% used [0x00000000e0000000,0x00000000f557ffd8,0x00000000f5580000)
 Metaspace       used 53493K, committed 54400K, reserved 1105920K
  class space    used 4868K, committed 5248K, reserved 1048576K
}
Event: 631.162 GC heap before
{Heap before GC invocations=631 (full 460):
 PSYoungGen      total 17408K, used 8703K [0x00000000f5580000, 0x00000000f7080000, 0x0000000100000000)
  eden space 8704K, 99% used [0x00000000f5580000,0x00000000f5dffff8,0x00000000f5e00000)
  from space 8704K, 0% used [0x00000000f6800000,0x00000000f6800000,0x00000000f7080000)
  to   space 7680K, 0% used [0x00000000f5e00000,0x00000000f5e00000,0x00000000f6580000)
 ParOldGen       total 349696K, used 349695K [0x00000000e0000000, 0x00000000f5580000, 0x00000000f5580000)
  object space 349696K, 99% used [0x00000000e0000000,0x00000000f557fff0,0x00000000f5580000)
 Metaspace       used 53493K, committed 54400K, reserved 1105920K
  class space    used 4868K, committed 5248K, reserved 1048576K
}
Event: 632.200 GC heap after
{Heap after GC invocations=631 (full 460):
 PSYoungGen      total 16384K, used 8703K [0x00000000f5580000, 0x00000000f7080000, 0x0000000100000000)
  eden space 8704K, 99% used [0x00000000f5580000,0x00000000f5dffff8,0x00000000f5e00000)
  from space 7680K, 0% used [0x00000000f5e00000,0x00000000f5e00000,0x00000000f6580000)
  to   space 8704K, 0% used [0x00000000f6800000,0x00000000f6800000,0x00000000f7080000)
 ParOldGen       total 349696K, used 349695K [0x00000000e0000000, 0x00000000f5580000, 0x00000000f5580000)
  object space 349696K, 99% used [0x00000000e0000000,0x00000000f557fff0,0x00000000f5580000)
 Metaspace       used 53493K, committed 54400K, reserved 1105920K
  class space    used 4868K, committed 5248K, reserved 1048576K
}
Event: 632.200 GC heap before
{Heap before GC invocations=632 (full 461):
 PSYoungGen      total 16384K, used 8703K [0x00000000f5580000, 0x00000000f7080000, 0x0000000100000000)
  eden space 8704K, 99% used [0x00000000f5580000,0x00000000f5dffff8,0x00000000f5e00000)
  from space 7680K, 0% used [0x00000000f5e00000,0x00000000f5e00000,0x00000000f6580000)
  to   space 8704K, 0% used [0x00000000f6800000,0x00000000f6800000,0x00000000f7080000)
 ParOldGen       total 349696K, used 349695K [0x00000000e0000000, 0x00000000f5580000, 0x00000000f5580000)
  object space 349696K, 99% used [0x00000000e0000000,0x00000000f557fff0,0x00000000f5580000)
 Metaspace       used 53493K, committed 54400K, reserved 1105920K
  class space    used 4868K, committed 5248K, reserved 1048576K
}
Event: 633.507 GC heap after
{Heap after GC invocations=632 (full 461):
 PSYoungGen      total 17408K, used 8703K [0x00000000f5580000, 0x00000000f7080000, 0x0000000100000000)
  eden space 8704K, 99% used [0x00000000f5580000,0x00000000f5dffff8,0x00000000f5e00000)
  from space 8704K, 0% used [0x00000000f6800000,0x00000000f6800000,0x00000000f7080000)
  to   space 7680K, 0% used [0x00000000f5e00000,0x00000000f5e00000,0x00000000f6580000)
 ParOldGen       total 349696K, used 349695K [0x00000000e0000000, 0x00000000f5580000, 0x00000000f5580000)
  object space 349696K, 99% used [0x00000000e0000000,0x00000000f557fff0,0x00000000f5580000)
 Metaspace       used 53493K, committed 54400K, reserved 1105920K
  class space    used 4868K, committed 5248K, reserved 1048576K
}
Event: 633.508 GC heap before
{Heap before GC invocations=633 (full 462):
 PSYoungGen      total 17408K, used 8703K [0x00000000f5580000, 0x00000000f7080000, 0x0000000100000000)
  eden space 8704K, 99% used [0x00000000f5580000,0x00000000f5dffff8,0x00000000f5e00000)
  from space 8704K, 0% used [0x00000000f6800000,0x00000000f6800000,0x00000000f7080000)
  to   space 7680K, 0% used [0x00000000f5e00000,0x00000000f5e00000,0x00000000f6580000)
 ParOldGen       total 349696K, used 349695K [0x00000000e0000000, 0x00000000f5580000, 0x00000000f5580000)
  object space 349696K, 99% used [0x00000000e0000000,0x00000000f557fff0,0x00000000f5580000)
 Metaspace       used 53493K, committed 54400K, reserved 1105920K
  class space    used 4868K, committed 5248K, reserved 1048576K
}
Event: 634.844 GC heap after
{Heap after GC invocations=633 (full 462):
 PSYoungGen      total 16384K, used 8703K [0x00000000f5580000, 0x00000000f7080000, 0x0000000100000000)
  eden space 8704K, 99% used [0x00000000f5580000,0x00000000f5dffff8,0x00000000f5e00000)
  from space 7680K, 0% used [0x00000000f5e00000,0x00000000f5e00000,0x00000000f6580000)
  to   space 8704K, 0% used [0x00000000f6800000,0x00000000f6800000,0x00000000f7080000)
 ParOldGen       total 349696K, used 349694K [0x00000000e0000000, 0x00000000f5580000, 0x00000000f5580000)
  object space 349696K, 99% used [0x00000000e0000000,0x00000000f557fa50,0x00000000f5580000)
 Metaspace       used 53493K, committed 54400K, reserved 1105920K
  class space    used 4868K, committed 5248K, reserved 1048576K
}
Event: 634.858 GC heap before
{Heap before GC invocations=634 (full 463):
 PSYoungGen      total 16384K, used 8703K [0x00000000f5580000, 0x00000000f7080000, 0x0000000100000000)
  eden space 8704K, 99% used [0x00000000f5580000,0x00000000f5dffff8,0x00000000f5e00000)
  from space 7680K, 0% used [0x00000000f5e00000,0x00000000f5e00000,0x00000000f6580000)
  to   space 8704K, 0% used [0x00000000f6800000,0x00000000f6800000,0x00000000f7080000)
 ParOldGen       total 349696K, used 349695K [0x00000000e0000000, 0x00000000f5580000, 0x00000000f5580000)
  object space 349696K, 99% used [0x00000000e0000000,0x00000000f557fe08,0x00000000f5580000)
 Metaspace       used 53493K, committed 54400K, reserved 1105920K
  class space    used 4868K, committed 5248K, reserved 1048576K
}
Event: 636.165 GC heap after
{Heap after GC invocations=634 (full 463):
 PSYoungGen      total 17408K, used 8703K [0x00000000f5580000, 0x00000000f7080000, 0x0000000100000000)
  eden space 8704K, 99% used [0x00000000f5580000,0x00000000f5dffff8,0x00000000f5e00000)
  from space 8704K, 0% used [0x00000000f6800000,0x00000000f6800000,0x00000000f7080000)
  to   space 7680K, 0% used [0x00000000f5e00000,0x00000000f5e00000,0x00000000f6580000)
 ParOldGen       total 349696K, used 349694K [0x00000000e0000000, 0x00000000f5580000, 0x00000000f5580000)
  object space 349696K, 99% used [0x00000000e0000000,0x00000000f557faa8,0x00000000f5580000)
 Metaspace       used 53493K, committed 54400K, reserved 1105920K
  class space    used 4868K, committed 5248K, reserved 1048576K
}
Event: 636.165 GC heap before
{Heap before GC invocations=635 (full 464):
 PSYoungGen      total 17408K, used 8703K [0x00000000f5580000, 0x00000000f7080000, 0x0000000100000000)
  eden space 8704K, 99% used [0x00000000f5580000,0x00000000f5dffff8,0x00000000f5e00000)
  from space 8704K, 0% used [0x00000000f6800000,0x00000000f6800000,0x00000000f7080000)
  to   space 7680K, 0% used [0x00000000f5e00000,0x00000000f5e00000,0x00000000f6580000)
 ParOldGen       total 349696K, used 349694K [0x00000000e0000000, 0x00000000f5580000, 0x00000000f5580000)
  object space 349696K, 99% used [0x00000000e0000000,0x00000000f557faa8,0x00000000f5580000)
 Metaspace       used 53493K, committed 54400K, reserved 1105920K
  class space    used 4868K, committed 5248K, reserved 1048576K
}
Event: 637.196 GC heap after
{Heap after GC invocations=635 (full 464):
 PSYoungGen      total 16384K, used 8703K [0x00000000f5580000, 0x00000000f7080000, 0x0000000100000000)
  eden space 8704K, 99% used [0x00000000f5580000,0x00000000f5dffff8,0x00000000f5e00000)
  from space 7680K, 0% used [0x00000000f5e00000,0x00000000f5e00000,0x00000000f6580000)
  to   space 8704K, 0% used [0x00000000f6800000,0x00000000f6800000,0x00000000f7080000)
 ParOldGen       total 349696K, used 349694K [0x00000000e0000000, 0x00000000f5580000, 0x00000000f5580000)
  object space 349696K, 99% used [0x00000000e0000000,0x00000000f557faa8,0x00000000f5580000)
 Metaspace       used 53493K, committed 54400K, reserved 1105920K
  class space    used 4868K, committed 5248K, reserved 1048576K
}

Dll operation events (8 events):
Event: 0.004 Loaded shared library /nix/store/gpxl5qgg8kicmcvivwmybwjlpf7wh20l-graalvm17-ce-22.3.0/lib/libjava.so
Event: 0.040 Loaded shared library /nix/store/gpxl5qgg8kicmcvivwmybwjlpf7wh20l-graalvm17-ce-22.3.0/lib/libjsvml.so
Event: 0.193 Loaded shared library /nix/store/gpxl5qgg8kicmcvivwmybwjlpf7wh20l-graalvm17-ce-22.3.0/lib/libnio.so
Event: 0.205 Loaded shared library /nix/store/gpxl5qgg8kicmcvivwmybwjlpf7wh20l-graalvm17-ce-22.3.0/lib/libzip.so
Event: 0.250 Loaded shared library /nix/store/gpxl5qgg8kicmcvivwmybwjlpf7wh20l-graalvm17-ce-22.3.0/lib/libjvmcicompiler.so
Event: 0.660 Loaded shared library /nix/store/gpxl5qgg8kicmcvivwmybwjlpf7wh20l-graalvm17-ce-22.3.0/lib/libjimage.so
Event: 2.364 Loaded shared library /nix/store/gpxl5qgg8kicmcvivwmybwjlpf7wh20l-graalvm17-ce-22.3.0/lib/libnet.so
Event: 3.630 Loaded shared library /home/runner/.cache/jdt-language-server/config/org.eclipse.equinox.launcher/org.eclipse.equinox.launcher.gtk.linux.x86_64_1.2.400.v20211117-0650/eclipse_11600.so

Deoptimization events (20 events):
Event: 104.353 Thread 0x00007fb81c637f90 DEOPT PACKING pc=0x00007fb870c8415d sp=0x00007fb834ffe530
Event: 104.353 Thread 0x00007fb81c637f90 DEOPT UNPACKING pc=0x00007fb86f505325 sp=0x00007fb834ffda20 mode 0
Event: 104.355 Thread 0x00007fb81c637f90 DEOPT PACKING pc=0x00007fb870c8415d sp=0x00007fb834ffe530
Event: 104.355 Thread 0x00007fb81c637f90 DEOPT UNPACKING pc=0x00007fb86f505325 sp=0x00007fb834ffda20 mode 0
Event: 104.357 Thread 0x00007fb81c637f90 DEOPT PACKING pc=0x00007fb870c8415d sp=0x00007fb834ffe530
Event: 104.357 Thread 0x00007fb81c637f90 DEOPT UNPACKING pc=0x00007fb86f505325 sp=0x00007fb834ffda20 mode 0
Event: 104.359 Thread 0x00007fb81c637f90 DEOPT PACKING pc=0x00007fb870c8415d sp=0x00007fb834ffe530
Event: 104.359 Thread 0x00007fb81c637f90 DEOPT UNPACKING pc=0x00007fb86f505325 sp=0x00007fb834ffda20 mode 0
Event: 105.486 Thread 0x00007fb81c637f90 DEOPT PACKING pc=0x00007fb870c8415d sp=0x00007fb834ffe530
Event: 105.486 Thread 0x00007fb81c637f90 DEOPT UNPACKING pc=0x00007fb86f505325 sp=0x00007fb834ffda20 mode 0
Event: 105.487 Thread 0x00007fb81c637f90 DEOPT PACKING pc=0x00007fb870c8415d sp=0x00007fb834ffe530
Event: 105.487 Thread 0x00007fb81c637f90 DEOPT UNPACKING pc=0x00007fb86f505325 sp=0x00007fb834ffda20 mode 0
Event: 622.000 Thread 0x00007fb810000ff0 Uncommon trap: trap_request=0xffffff8f fr.pc=0x00007fb87713c0b5 relative=0x0000000000000bd5
Event: 622.000 Thread 0x00007fb810000ff0 Uncommon trap: reason=constraint action=none pc=0x00007fb87713c0b5 method=org.eclipse.core.runtime.Path.computeLength()I @ 84 jvmci
Event: 622.000 Thread 0x00007fb810000ff0 DEOPT PACKING pc=0x00007fb87713c0b5 sp=0x00007fb8353fe7f0
Event: 622.000 Thread 0x00007fb810000ff0 DEOPT UNPACKING pc=0x00007fb86f505325 sp=0x00007fb8353fdc28 mode 3
Event: 633.507 Thread 0x00007fb81c637f90 Uncommon trap: trap_request=0xffffff8f fr.pc=0x00007fb877245ad2 relative=0x0000000000001012
Event: 633.507 Thread 0x00007fb81c637f90 Uncommon trap: reason=constraint action=none pc=0x00007fb877245ad2 method=org.eclipse.jdt.internal.core.index.DiskIndex.copyQueryResults(Lorg/eclipse/jdt/internal/compiler/util/HashtableOfObject;I)V @ 123 jvmci
Event: 633.507 Thread 0x00007fb81c637f90 DEOPT PACKING pc=0x00007fb877245ad2 sp=0x00007fb834ffe560
Event: 633.507 Thread 0x00007fb81c637f90 DEOPT UNPACKING pc=0x00007fb86f505325 sp=0x00007fb834ffda28 mode 3

Classes unloaded (20 events):
Event: 102.458 Thread 0x00007fb8880a1c10 Unloading class 0x0000000800d91400 'java/lang/invoke/LambdaForm$MH+0x0000000800d91400'
Event: 102.458 Thread 0x00007fb8880a1c10 Unloading class 0x0000000800d91000 'java/lang/invoke/LambdaForm$MH+0x0000000800d91000'
Event: 102.458 Thread 0x00007fb8880a1c10 Unloading class 0x0000000800d90c00 'java/lang/invoke/LambdaForm$MH+0x0000000800d90c00'
Event: 102.458 Thread 0x00007fb8880a1c10 Unloading class 0x0000000800d90800 'java/lang/invoke/LambdaForm$MH+0x0000000800d90800'
Event: 102.458 Thread 0x00007fb8880a1c10 Unloading class 0x0000000800d90400 'java/lang/invoke/LambdaForm$MH+0x0000000800d90400'
Event: 102.458 Thread 0x00007fb8880a1c10 Unloading class 0x0000000800d90000 'java/lang/invoke/LambdaForm$MH+0x0000000800d90000'
Event: 102.458 Thread 0x00007fb8880a1c10 Unloading class 0x0000000800cb2800 'java/lang/invoke/LambdaForm$MH+0x0000000800cb2800'
Event: 102.458 Thread 0x00007fb8880a1c10 Unloading class 0x0000000800cb2000 'java/lang/invoke/LambdaForm$MH+0x0000000800cb2000'
Event: 102.458 Thread 0x00007fb8880a1c10 Unloading class 0x0000000800cb1c00 'java/lang/invoke/LambdaForm$MH+0x0000000800cb1c00'
Event: 102.458 Thread 0x00007fb8880a1c10 Unloading class 0x0000000800cb1800 'java/lang/invoke/LambdaForm$MH+0x0000000800cb1800'
Event: 102.458 Thread 0x00007fb8880a1c10 Unloading class 0x0000000800cb1000 'java/lang/invoke/LambdaForm$MH+0x0000000800cb1000'
Event: 102.458 Thread 0x00007fb8880a1c10 Unloading class 0x0000000800cb0c00 'java/lang/invoke/LambdaForm$MH+0x0000000800cb0c00'
Event: 102.458 Thread 0x00007fb8880a1c10 Unloading class 0x0000000800cb0800 'java/lang/invoke/LambdaForm$MH+0x0000000800cb0800'
Event: 102.458 Thread 0x00007fb8880a1c10 Unloading class 0x0000000800cb0000 'java/lang/invoke/LambdaForm$MH+0x0000000800cb0000'
Event: 102.458 Thread 0x00007fb8880a1c10 Unloading class 0x0000000800c85000 'jdk/internal/reflect/GeneratedMethodAccessor5'
Event: 102.458 Thread 0x00007fb8880a1c10 Unloading class 0x0000000800c84c00 'jdk/internal/reflect/GeneratedMethodAccessor4'
Event: 102.458 Thread 0x00007fb8880a1c10 Unloading class 0x0000000800c84800 'jdk/internal/reflect/GeneratedMethodAccessor3'
Event: 102.458 Thread 0x00007fb8880a1c10 Unloading class 0x0000000800c84400 'jdk/internal/reflect/GeneratedMethodAccessor2'
Event: 102.458 Thread 0x00007fb8880a1c10 Unloading class 0x0000000800c84000 'jdk/internal/reflect/GeneratedMethodAccessor1'
Event: 102.458 Thread 0x00007fb8880a1c10 Unloading class 0x0000000800c01c00 'java/lang/invoke/LambdaForm$DMH+0x0000000800c01c00'

Classes redefined (0 events):
No events

Internal exceptions (20 events):
Event: 42.256 Thread 0x00007fb81411e650 Exception <a 'java/lang/ArrayIndexOutOfBoundsException'{0x00000000f60e7dc8}: Index 46 out of bounds for length 46> (0x00000000f60e7dc8) 
thrown [src/hotspot/share/interpreter/interpreterRuntime.cpp, line 428]
Event: 42.355 Thread 0x00007fb81411e650 Exception <a 'java/lang/ArrayIndexOutOfBoundsException'{0x00000000f62607f0}: Index 46 out of bounds for length 46> (0x00000000f62607f0) 
thrown [src/hotspot/share/interpreter/interpreterRuntime.cpp, line 428]
Event: 42.370 Thread 0x00007fb81411e650 Exception <a 'java/lang/ArrayIndexOutOfBoundsException'{0x00000000f6347258}: Index 46 out of bounds for length 46> (0x00000000f6347258) 
thrown [src/hotspot/share/interpreter/interpreterRuntime.cpp, line 428]
Event: 42.463 Thread 0x00007fb81411e650 Exception <a 'java/lang/ArrayIndexOutOfBoundsException'{0x00000000f6473fd0}: Index 46 out of bounds for length 46> (0x00000000f6473fd0) 
thrown [src/hotspot/share/interpreter/interpreterRuntime.cpp, line 428]
Event: 42.592 Thread 0x00007fb814120a00 Exception <a 'java/lang/ArrayIndexOutOfBoundsException'{0x00000000f667c420}: Index 46 out of bounds for length 46> (0x00000000f667c420) 
thrown [src/hotspot/share/interpreter/interpreterRuntime.cpp, line 428]
Event: 42.658 Thread 0x00007fb81411e650 Exception <a 'java/lang/ArrayIndexOutOfBoundsException'{0x00000000f67185e0}: Index 46 out of bounds for length 46> (0x00000000f67185e0) 
thrown [src/hotspot/share/interpreter/interpreterRuntime.cpp, line 428]
Event: 42.698 Thread 0x00007fb81411e650 Exception <a 'java/lang/ArrayIndexOutOfBoundsException'{0x00000000f67e2b30}: Index 46 out of bounds for length 46> (0x00000000f67e2b30) 
thrown [src/hotspot/share/interpreter/interpreterRuntime.cpp, line 428]
Event: 43.372 Thread 0x00007fb81411e650 Exception <a 'java/lang/ArrayIndexOutOfBoundsException'{0x00000000f5eb22a0}: Index 46 out of bounds for length 46> (0x00000000f5eb22a0) 
thrown [src/hotspot/share/interpreter/interpreterRuntime.cpp, line 428]
Event: 44.264 Thread 0x00007fb81411e650 Exception <a 'java/lang/ArrayIndexOutOfBoundsException'{0x00000000f5c65928}: Index 46 out of bounds for length 46> (0x00000000f5c65928) 
thrown [src/hotspot/share/interpreter/interpreterRuntime.cpp, line 428]
Event: 44.365 Thread 0x00007fb81001edb0 Exception <a 'sun/nio/fs/UnixException'{0x00000000f5e901d0}> (0x00000000f5e901d0) 
thrown [src/hotspot/share/prims/jni.cpp, line 516]
Event: 44.467 Thread 0x00007fb81411e650 Exception <a 'java/lang/ArrayIndexOutOfBoundsException'{0x00000000f5feeb20}: Index 46 out of bounds for length 46> (0x00000000f5feeb20) 
thrown [src/hotspot/share/interpreter/interpreterRuntime.cpp, line 428]
Event: 44.557 Thread 0x00007fb81001edb0 Exception <a 'sun/nio/fs/UnixException'{0x00000000f6486578}> (0x00000000f6486578) 
thrown [src/hotspot/share/prims/jni.cpp, line 516]
Event: 44.987 Thread 0x00007fb81411e650 Exception <a 'java/lang/ArrayIndexOutOfBoundsException'{0x00000000f5a6e7c8}: Index 46 out of bounds for length 46> (0x00000000f5a6e7c8) 
thrown [src/hotspot/share/interpreter/interpreterRuntime.cpp, line 428]
Event: 45.149 Thread 0x00007fb814170030 Exception <a 'java/lang/NoSuchMethodError'{0x00000000f5ec14b8}: 'int java.lang.invoke.DirectMethodHandle$Holder.invokeSpecialIFC(java.lang.Object, java.lang.Object, java.lang.Object, java.lang.Object)'> (0x00000000f5ec14b8) 
thrown [src/hotspot/share/interpreter/linkResolver.cpp, line 758]
Event: 51.055 Thread 0x00007fb80c008130 Implicit null exception at 0x00007fb8770dc6b9 to 0x00007fb8770dc73c
Event: 622.000 Thread 0x00007fb810000ff0 Exception <a 'java/lang/OutOfMemoryError'{0x00000000e00d1e00}> (0x00000000e00d1e00) 
thrown [src/hotspot/share/gc/shared/memAllocator.cpp, line 138]
Event: 622.000 Thread 0x00007fb810000ff0 Implicit null exception at 0x00007fb87713bc32 to 0x00007fb87713c09a
Event: 633.507 Thread 0x00007fb81c637f90 Exception <a 'java/lang/OutOfMemoryError'{0x00000000e00d1860}> (0x00000000e00d1860) 
thrown [src/hotspot/share/gc/shared/memAllocator.cpp, line 138]
Event: 633.507 Thread 0x00007fb81c637f90 Implicit null exception at 0x00007fb877245541 to 0x00007fb877245ab7
Event: 637.204 Thread 0x00007fb8880b2210 Exception <a 'java/lang/OutOfMemoryError'{0x00000000e00d15e0}> (0x00000000e00d15e0) 
thrown [src/hotspot/share/gc/shared/memAllocator.cpp, line 136]

VM Operations (20 events):
Event: 623.268 Executing VM operation: ParallelGCFailedAllocation
Event: 624.620 Executing VM operation: ParallelGCFailedAllocation done
Event: 624.625 Executing VM operation: ParallelGCFailedAllocation
Event: 625.672 Executing VM operation: ParallelGCFailedAllocation done
Event: 625.672 Executing VM operation: ParallelGCFailedAllocation
Event: 626.879 Executing VM operation: ParallelGCFailedAllocation done
Event: 626.881 Executing VM operation: ParallelGCFailedAllocation
Event: 627.905 Executing VM operation: ParallelGCFailedAllocation done
Event: 627.905 Executing VM operation: ParallelGCFailedAllocation
Event: 629.001 Executing VM operation: ParallelGCFailedAllocation done
Event: 629.002 Executing VM operation: ParallelGCFailedAllocation
Event: 630.102 Executing VM operation: ParallelGCFailedAllocation done
Event: 630.102 Executing VM operation: ParallelGCFailedAllocation
Event: 631.162 Executing VM operation: ParallelGCFailedAllocation done
Event: 631.162 Executing VM operation: ParallelGCFailedAllocation
Event: 633.507 Executing VM operation: ParallelGCFailedAllocation done
Event: 633.507 Executing VM operation: ParallelGCFailedAllocation
Event: 634.844 Executing VM operation: ParallelGCFailedAllocation done
Event: 634.844 Executing VM operation: ParallelGCFailedAllocation
Event: 637.196 Executing VM operation: ParallelGCFailedAllocation done

Events (20 events):
Event: 45.572 loading class java/util/AbstractList$ListItr
Event: 45.572 loading class java/util/AbstractList$ListItr done
Event: 45.973 Thread 0x00007fb81411b4b0 Thread exited: 0x00007fb81411b4b0
Event: 46.219 Thread 0x00007fb814120a00 Thread exited: 0x00007fb814120a00
Event: 46.551 Thread 0x00007fb8141450b0 Thread exited: 0x00007fb8141450b0
Event: 46.574 Thread 0x00007fb81411e650 Thread exited: 0x00007fb81411e650
Event: 46.852 Thread 0x00007fb81411c380 Thread exited: 0x00007fb81411c380
Event: 46.891 Thread 0x00007fb814146ea0 Thread exited: 0x00007fb814146ea0
Event: 50.505 Thread 0x00007fb814145f00 Thread exited: 0x00007fb814145f00
Event: 50.871 Thread 0x00007fb81411a1f0 Thread exited: 0x00007fb81411a1f0
Event: 61.349 Thread 0x00007fb8881efe70 Thread exited: 0x00007fb8881efe70
Event: 73.166 Thread 0x00007fb8880b4b70 flushing nmethod 0x00007fb876fd4510
Event: 73.167 Thread 0x00007fb8880b4b70 flushing nmethod 0x00007fb8770f8290
Event: 73.167 Thread 0x00007fb8880b4b70 flushing nmethod 0x00007fb877118790
Event: 73.173 Thread 0x00007fb8880b4b70 flushing nmethod 0x00007fb8702aed90
Event: 106.495 Thread 0x00007fb8100d5900 Thread exited: 0x00007fb8100d5900
Event: 107.699 Thread 0x00007fb80c0010d0 Thread exited: 0x00007fb80c0010d0
Event: 120.278 Thread 0x00007fb80c008130 Thread exited: 0x00007fb80c008130
Event: 307.234 Thread 0x00007fb80c0010d0 Thread added: 0x00007fb80c0010d0
Event: 307.239 Protecting memory [0x00007fb835100000,0x00007fb835104000] with protection modes 0


Dynamic libraries:
e0000000-f5580000 rw-p 00000000 00:00 0 
f5580000-f7080000 rw-p 00000000 00:00 0 
f7080000-100000000 ---p 00000000 00:00 0 
800000000-800449000 rw-p 00001000 00:1caa 4611686019135357769            /nix/store/gpxl5qgg8kicmcvivwmybwjlpf7wh20l-graalvm17-ce-22.3.0/lib/server/classes.jsa
800449000-800bc8000 r--p 0044a000 00:1caa 4611686019135357769            /nix/store/gpxl5qgg8kicmcvivwmybwjlpf7wh20l-graalvm17-ce-22.3.0/lib/server/classes.jsa
800bc8000-800c00000 ---p 00000000 00:00 0 
800c00000-800c20000 rw-p 00000000 00:00 0 
800c20000-800c40000 rw-p 00000000 00:00 0 
800c40000-800cc0000 rw-p 00000000 00:00 0 
800cc0000-800d00000 rw-p 00000000 00:00 0 
800d00000-800dc0000 rw-p 00000000 00:00 0 
800dc0000-800e00000 rw-p 00000000 00:00 0 
800e00000-801120000 rw-p 00000000 00:00 0 
801120000-840c00000 ---p 00000000 00:00 0 
555d1d549000-555d1d54a000 r-xp 00000000 00:1caa 4611686019099417844      /nix/store/gpxl5qgg8kicmcvivwmybwjlpf7wh20l-graalvm17-ce-22.3.0/bin/.java-wrapped
555d1d54b000-555d1d54c000 r--p 00001000 00:1caa 4611686019099417844      /nix/store/gpxl5qgg8kicmcvivwmybwjlpf7wh20l-graalvm17-ce-22.3.0/bin/.java-wrapped
555d1d54c000-555d1d54d000 rw-p 00002000 00:1caa 4611686019099417844      /nix/store/gpxl5qgg8kicmcvivwmybwjlpf7wh20l-graalvm17-ce-22.3.0/bin/.java-wrapped
555d1d54d000-555d1d54e000 rw-p 00004000 00:1caa 4611686019099417844      /nix/store/gpxl5qgg8kicmcvivwmybwjlpf7wh20l-graalvm17-ce-22.3.0/bin/.java-wrapped
555d1d54e000-555d1d54f000 rw-p 00005000 00:1caa 4611686019099417844      /nix/store/gpxl5qgg8kicmcvivwmybwjlpf7wh20l-graalvm17-ce-22.3.0/bin/.java-wrapped
555d1d9f2000-555d1dd39000 rw-p 00000000 00:00 0                          [heap]
7fb7fe800000-7fb7fe810000 rw-p 00000000 00:00 0 
7fb7fe810000-7fb7ff000000 ---p 00000000 00:00 0 
7fb7ffa00000-7fb7ffb00000 ---p 00000000 00:00 0 
7fb7ffb00000-7fb8000af000 r--p 01122000 00:1caa 4611686019135190040      /nix/store/gpxl5qgg8kicmcvivwmybwjlpf7wh20l-graalvm17-ce-22.3.0/lib/libjvmcicompiler.so
7fb8000af000-7fb800200000 r--p 00000000 00:00 0 
7fb800200000-7fb80023d000 rw-p 00000000 00:00 0 
7fb80023d000-7fb80075d000 rw-p 0185f000 00:1caa 4611686019135190040      /nix/store/gpxl5qgg8kicmcvivwmybwjlpf7wh20l-graalvm17-ce-22.3.0/lib/libjvmcicompiler.so
7fb80075d000-7fb800b44000 r--p 01d7f000 00:1caa 4611686019135190040      /nix/store/gpxl5qgg8kicmcvivwmybwjlpf7wh20l-graalvm17-ce-22.3.0/lib/libjvmcicompiler.so
7fb800c00000-7fb8011c0000 rw-p 00000000 00:00 0 
7fb8011c0000-7fb801400000 rw-p 00000000 00:00 0 
7fb801c00000-7fb802400000 rw-p 00000000 00:00 0 
7fb8024b3000-7fb80c000000 r--s 00000000 00:1caa 4611686019135192581      /nix/store/gpxl5qgg8kicmcvivwmybwjlpf7wh20l-graalvm17-ce-22.3.0/lib/modules
7fb80c000000-7fb80c102000 rw-p 00000000 00:00 0 
7fb80c102000-7fb810000000 ---p 00000000 00:00 0 
7fb810000000-7fb8100f6000 rw-p 00000000 00:00 0 
7fb8100f6000-7fb814000000 ---p 00000000 00:00 0 
7fb814000000-7fb8141ac000 rw-p 00000000 00:00 0 
7fb8141ac000-7fb818000000 ---p 00000000 00:00 0 
7fb818000000-7fb818021000 rw-p 00000000 00:00 0 
7fb818021000-7fb81c000000 ---p 00000000 00:00 0 
7fb81c000000-7fb81c8b2000 rw-p 00000000 00:00 0 
7fb81c8b2000-7fb820000000 ---p 00000000 00:00 0 
7fb820000000-7fb820044000 rw-p 00000000 00:00 0 
7fb820044000-7fb824000000 ---p 00000000 00:00 0 
7fb824000000-7fb824052000 rw-p 00000000 00:00 0 
7fb824052000-7fb828000000 ---p 00000000 00:00 0 
7fb828000000-7fb828075000 rw-p 00000000 00:00 0 
7fb828075000-7fb82c000000 ---p 00000000 00:00 0 
7fb82c000000-7fb82c021000 rw-p 00000000 00:00 0 
7fb82c021000-7fb830000000 ---p 00000000 00:00 0 
7fb830000000-7fb830180000 rw-p 00000000 00:00 0 
7fb830180000-7fb830200000 rw-p 00000000 00:00 0 
7fb830200000-7fb830700000 rw-p 00000000 00:00 0 
7fb830700000-7fb8307f0000 rw-p 00000000 00:00 0 
7fb8307f0000-7fb830800000 ---p 00000000 00:00 0 
7fb831400000-7fb831500000 rw-p 00000000 00:00 0 
7fb831500000-7fb831600000 rw-p 00000000 00:00 0 
7fb831600000-7fb8319c0000 rw-p 00000000 00:00 0 
7fb8319c0000-7fb831a00000 rw-p 00000000 00:00 0 
7fb831a00000-7fb831bc0000 rw-p 00000000 00:00 0 
7fb831bc0000-7fb831c00000 rw-p 00000000 00:00 0 
7fb832000000-7fb832100000 rw-p 00000000 00:00 0 
7fb832100000-7fb832200000 rw-p 00000000 00:00 0 
7fb832200000-7fb832780000 rw-p 00000000 00:00 0 
7fb832780000-7fb832800000 rw-p 00000000 00:00 0 
7fb832a00000-7fb832a10000 r-xp 00000000 00:1c61 359                      /home/runner/.cache/jdt-language-server/config/org.eclipse.equinox.launcher/org.eclipse.equinox.launcher.gtk.linux.x86_64_1.2.400.v20211117-0650/eclipse_11600.so
7fb832a10000-7fb832c0f000 ---p 00010000 00:1c61 359                      /home/runner/.cache/jdt-language-server/config/org.eclipse.equinox.launcher/org.eclipse.equinox.launcher.gtk.linux.x86_64_1.2.400.v20211117-0650/eclipse_11600.so
7fb832c0f000-7fb832c10000 r--p 0000f000 00:1c61 359                      /home/runner/.cache/jdt-language-server/config/org.eclipse.equinox.launcher/org.eclipse.equinox.launcher.gtk.linux.x86_64_1.2.400.v20211117-0650/eclipse_11600.so
7fb832c10000-7fb832c11000 rw-p 00010000 00:1c61 359                      /home/runner/.cache/jdt-language-server/config/org.eclipse.equinox.launcher/org.eclipse.equinox.launcher.gtk.linux.x86_64_1.2.400.v20211117-0650/eclipse_11600.so
7fb833300000-7fb833304000 ---p 00000000 00:00 0 
7fb833304000-7fb833400000 rw-p 00000000 00:00 0 
7fb833500000-7fb833504000 ---p 00000000 00:00 0 
7fb833504000-7fb833600000 rw-p 00000000 00:00 0 
7fb833700000-7fb833704000 ---p 00000000 00:00 0 
7fb833704000-7fb833800000 rw-p 00000000 00:00 0 
7fb833900000-7fb833904000 ---p 00000000 00:00 0 
7fb833904000-7fb833a00000 rw-p 00000000 00:00 0 
7fb833b00000-7fb833b04000 ---p 00000000 00:00 0 
7fb833b04000-7fb833c00000 rw-p 00000000 00:00 0 
7fb833d00000-7fb833d04000 ---p 00000000 00:00 0 
7fb833d04000-7fb833e00000 rw-p 00000000 00:00 0 
7fb833f00000-7fb833f04000 ---p 00000000 00:00 0 
7fb833f04000-7fb834000000 rw-p 00000000 00:00 0 
7fb834100000-7fb834104000 ---p 00000000 00:00 0 
7fb834104000-7fb834200000 rw-p 00000000 00:00 0 
7fb834300000-7fb834304000 ---p 00000000 00:00 0 
7fb834304000-7fb834400000 rw-p 00000000 00:00 0 
7fb834500000-7fb834504000 ---p 00000000 00:00 0 
7fb834504000-7fb834600000 rw-p 00000000 00:00 0 
7fb834700000-7fb834704000 ---p 00000000 00:00 0 
7fb834704000-7fb834800000 rw-p 00000000 00:00 0 
7fb834900000-7fb834904000 ---p 00000000 00:00 0 
7fb834904000-7fb834a00000 rw-p 00000000 00:00 0 
7fb834b00000-7fb834b04000 ---p 00000000 00:00 0 
7fb834b04000-7fb834c00000 rw-p 00000000 00:00 0 
7fb834d00000-7fb834d04000 ---p 00000000 00:00 0 
7fb834d04000-7fb834e00000 rw-p 00000000 00:00 0 
7fb834f00000-7fb834f04000 ---p 00000000 00:00 0 
7fb834f04000-7fb835000000 rw-p 00000000 00:00 0 
7fb835100000-7fb835104000 ---p 00000000 00:00 0 
7fb835104000-7fb835200000 rw-p 00000000 00:00 0 
7fb835300000-7fb835304000 ---p 00000000 00:00 0 
7fb835304000-7fb835400000 rw-p 00000000 00:00 0 
7fb835400000-7fb835404000 ---p 00000000 00:00 0 
7fb835404000-7fb835500000 rw-p 00000000 00:00 0 
7fb835500000-7fb835504000 ---p 00000000 00:00 0 
7fb835504000-7fb835600000 rw-p 00000000 00:00 0 
7fb835700000-7fb835704000 ---p 00000000 00:00 0 
7fb835704000-7fb835800000 rw-p 00000000 00:00 0 
7fb835900000-7fb835904000 ---p 00000000 00:00 0 
7fb835904000-7fb835a00000 rw-p 00000000 00:00 0 
7fb835b00000-7fb835b04000 ---p 00000000 00:00 0 
7fb835b04000-7fb835c00000 rw-p 00000000 00:00 0 
7fb835c00000-7fb837d6a000 r-xp 00000000 00:1caa 4611686019135190040      /nix/store/gpxl5qgg8kicmcvivwmybwjlpf7wh20l-graalvm17-ce-22.3.0/lib/libjvmcicompiler.so
7fb837d6a000-7fb837f69000 ---p 0216a000 00:1caa 4611686019135190040      /nix/store/gpxl5qgg8kicmcvivwmybwjlpf7wh20l-graalvm17-ce-22.3.0/lib/libjvmcicompiler.so
7fb837f69000-7fb837f6a000 r--p 02169000 00:1caa 4611686019135190040      /nix/store/gpxl5qgg8kicmcvivwmybwjlpf7wh20l-graalvm17-ce-22.3.0/lib/libjvmcicompiler.so
7fb837f6a000-7fb837f6c000 rw-p 0216a000 00:1caa 4611686019135190040      /nix/store/gpxl5qgg8kicmcvivwmybwjlpf7wh20l-graalvm17-ce-22.3.0/lib/libjvmcicompiler.so
7fb837f6c000-7fb837f6d000 rw-p 00000000 00:00 0 
7fb837f6d000-7fb837f72000 rw-p 023c3000 00:1caa 4611686019135190040      /nix/store/gpxl5qgg8kicmcvivwmybwjlpf7wh20l-graalvm17-ce-22.3.0/lib/libjvmcicompiler.so
7fb838000000-7fb838048000 rw-p 00000000 00:00 0 
7fb838048000-7fb83c000000 ---p 00000000 00:00 0 
7fb83c000000-7fb83c021000 rw-p 00000000 00:00 0 
7fb83c021000-7fb840000000 ---p 00000000 00:00 0 
7fb840000000-7fb840022000 rw-p 00000000 00:00 0 
7fb840022000-7fb844000000 ---p 00000000 00:00 0 
7fb844000000-7fb844087000 rw-p 00000000 00:00 0 
7fb844087000-7fb848000000 ---p 00000000 00:00 0 
7fb848000000-7fb84814b000 rw-p 00000000 00:00 0 
7fb84814b000-7fb84c000000 ---p 00000000 00:00 0 
7fb84c000000-7fb84cb28000 rw-p 00000000 00:00 0 
7fb84cb28000-7fb850000000 ---p 00000000 00:00 0 
7fb850000000-7fb85005f000 rw-p 00000000 00:00 0 
7fb85005f000-7fb854000000 ---p 00000000 00:00 0 
7fb854000000-7fb854084000 rw-p 00000000 00:00 0 
7fb854084000-7fb858000000 ---p 00000000 00:00 0 
7fb858000000-7fb858021000 rw-p 00000000 00:00 0 
7fb858021000-7fb85c000000 ---p 00000000 00:00 0 
7fb85c000000-7fb85c021000 rw-p 00000000 00:00 0 
7fb85c021000-7fb860000000 ---p 00000000 00:00 0 
7fb860000000-7fb860021000 rw-p 00000000 00:00 0 
7fb860021000-7fb864000000 ---p 00000000 00:00 0 
7fb864000000-7fb864021000 rw-p 00000000 00:00 0 
7fb864021000-7fb868000000 ---p 00000000 00:00 0 
7fb868000000-7fb8681cb000 rw-p 00000000 00:00 0 
7fb8681cb000-7fb86c000000 ---p 00000000 00:00 0 
7fb86c000000-7fb86c004000 ---p 00000000 00:00 0 
7fb86c004000-7fb86c100000 rw-p 00000000 00:00 0 
7fb86c100000-7fb86c104000 ---p 00000000 00:00 0 
7fb86c104000-7fb86c200000 rw-p 00000000 00:00 0 
7fb86c200000-7fb86c204000 ---p 00000000 00:00 0 
7fb86c204000-7fb86c300000 rw-p 00000000 00:00 0 
7fb86c400000-7fb86c404000 ---p 00000000 00:00 0 
7fb86c404000-7fb86c500000 rw-p 00000000 00:00 0 
7fb86c600000-7fb86c604000 ---p 00000000 00:00 0 
7fb86c604000-7fb86c700000 rw-p 00000000 00:00 0 
7fb86d468000-7fb86d900000 rw-p 00000000 00:00 0 
7fb86d918000-7fb86d919000 ---p 00000000 00:00 0 
7fb86d919000-7fb86da1a000 rw-p 00000000 00:00 0 
7fb86da1a000-7fb86da1e000 ---p 00000000 00:00 0 
7fb86da1e000-7fb86db1a000 rw-p 00000000 00:00 0 
7fb86db1a000-7fb86db1e000 ---p 00000000 00:00 0 
7fb86db1e000-7fb86dc1a000 rw-p 00000000 00:00 0 
7fb86dc1a000-7fb86dc1e000 ---p 00000000 00:00 0 
7fb86dc1e000-7fb86dd1a000 rw-p 00000000 00:00 0 
7fb86dd1a000-7fb86dd1e000 ---p 00000000 00:00 0 
7fb86dd1e000-7fb86df1a000 rw-p 00000000 00:00 0 
7fb86df1a000-7fb86df1e000 ---p 00000000 00:00 0 
7fb86df1e000-7fb86e11a000 rw-p 00000000 00:00 0 
7fb86e11a000-7fb86e11e000 ---p 00000000 00:00 0 
7fb86e11e000-7fb86e21a000 rw-p 00000000 00:00 0 
7fb86e21a000-7fb86e21e000 ---p 00000000 00:00 0 
7fb86e21e000-7fb86e31a000 rw-p 00000000 00:00 0 
7fb86e31a000-7fb86e31e000 ---p 00000000 00:00 0 
7fb86e31e000-7fb86e41a000 rw-p 00000000 00:00 0 
7fb86e41a000-7fb86e700000 r--p 00000000 00:1b37 28444448                 /usr/lib/locale/locale-archive
7fb86e700000-7fb86e704000 ---p 00000000 00:00 0 
7fb86e704000-7fb86ec00000 rw-p 00000000 00:00 0 
7fb86ec00000-7fb86eec0000 rw-p 00000000 00:00 0 
7fb86eec0000-7fb86ef00000 rw-p 00000000 00:00 0 
7fb86ef00000-7fb86f000000 rw-p 00000000 00:00 0 
7fb86f04c000-7fb86f050000 ---p 00000000 00:00 0 
7fb86f050000-7fb86f06e000 rw-p 00000000 00:00 0 
7fb86f06e000-7fb86f075000 r-xp 00000000 00:1caa 4611686019135192580      /nix/store/gpxl5qgg8kicmcvivwmybwjlpf7wh20l-graalvm17-ce-22.3.0/lib/libzip.so
7fb86f075000-7fb86f076000 ---p 00007000 00:1caa 4611686019135192580      /nix/store/gpxl5qgg8kicmcvivwmybwjlpf7wh20l-graalvm17-ce-22.3.0/lib/libzip.so
7fb86f076000-7fb86f077000 r--p 00007000 00:1caa 4611686019135192580      /nix/store/gpxl5qgg8kicmcvivwmybwjlpf7wh20l-graalvm17-ce-22.3.0/lib/libzip.so
7fb86f077000-7fb86f078000 rw-p 00008000 00:1caa 4611686019135192580      /nix/store/gpxl5qgg8kicmcvivwmybwjlpf7wh20l-graalvm17-ce-22.3.0/lib/libzip.so
7fb86f078000-7fb86f07a000 rw-p 0000b000 00:1caa 4611686019135192580      /nix/store/gpxl5qgg8kicmcvivwmybwjlpf7wh20l-graalvm17-ce-22.3.0/lib/libzip.so
7fb86f07a000-7fb86f08f000 r-xp 00000000 00:1caa 4611686019135192570      /nix/store/gpxl5qgg8kicmcvivwmybwjlpf7wh20l-graalvm17-ce-22.3.0/lib/libnet.so
7fb86f08f000-7fb86f090000 ---p 00015000 00:1caa 4611686019135192570      /nix/store/gpxl5qgg8kicmcvivwmybwjlpf7wh20l-graalvm17-ce-22.3.0/lib/libnet.so
7fb86f090000-7fb86f091000 r--p 00015000 00:1caa 4611686019135192570      /nix/store/gpxl5qgg8kicmcvivwmybwjlpf7wh20l-graalvm17-ce-22.3.0/lib/libnet.so
7fb86f091000-7fb86f092000 rw-p 00016000 00:1caa 4611686019135192570      /nix/store/gpxl5qgg8kicmcvivwmybwjlpf7wh20l-graalvm17-ce-22.3.0/lib/libnet.so
7fb86f092000-7fb86f095000 rw-p 0001b000 00:1caa 4611686019135192570      /nix/store/gpxl5qgg8kicmcvivwmybwjlpf7wh20l-graalvm17-ce-22.3.0/lib/libnet.so
7fb86f095000-7fb86f0a8000 r-xp 00000000 00:1caa 4611686019135192571      /nix/store/gpxl5qgg8kicmcvivwmybwjlpf7wh20l-graalvm17-ce-22.3.0/lib/libnio.so
7fb86f0a8000-7fb86f0a9000 r--p 00012000 00:1caa 4611686019135192571      /nix/store/gpxl5qgg8kicmcvivwmybwjlpf7wh20l-graalvm17-ce-22.3.0/lib/libnio.so
7fb86f0a9000-7fb86f0aa000 rw-p 00013000 00:1caa 4611686019135192571      /nix/store/gpxl5qgg8kicmcvivwmybwjlpf7wh20l-graalvm17-ce-22.3.0/lib/libnio.so
7fb86f0aa000-7fb86f0af000 rw-p 00019000 00:1caa 4611686019135192571      /nix/store/gpxl5qgg8kicmcvivwmybwjlpf7wh20l-graalvm17-ce-22.3.0/lib/libnio.so
7fb86f0af000-7fb86f0b3000 ---p 00000000 00:00 0 
7fb86f0b3000-7fb86f1af000 rw-p 00000000 00:00 0 
7fb86f1af000-7fb86f1b0000 ---p 00000000 00:00 0 
7fb86f1b0000-7fb86f4b3000 rw-p 00000000 00:00 0 
7fb86f4b3000-7fb86f723000 rwxp 00000000 00:00 0 
7fb86f723000-7fb86fa42000 ---p 00000000 00:00 0 
7fb86fa42000-7fb870ca2000 rwxp 00000000 00:00 0 
7fb870ca2000-7fb876f7a000 ---p 00000000 00:00 0 
7fb876f7a000-7fb87725a000 rwxp 00000000 00:00 0 
7fb87725a000-7fb87e4b3000 ---p 00000000 00:00 0 
7fb87e4b3000-7fb888000000 r--s 00000000 00:1caa 4611686019135192581      /nix/store/gpxl5qgg8kicmcvivwmybwjlpf7wh20l-graalvm17-ce-22.3.0/lib/modules
7fb888000000-7fb888416000 rw-p 00000000 00:00 0 
7fb888416000-7fb88c000000 ---p 00000000 00:00 0 
7fb88c001000-7fb88c0cf000 r-xp 00000000 00:1caa 4611686019135190036      /nix/store/gpxl5qgg8kicmcvivwmybwjlpf7wh20l-graalvm17-ce-22.3.0/lib/libjsvml.so
7fb88c0cf000-7fb88c0d0000 r--p 000cd000 00:1caa 4611686019135190036      /nix/store/gpxl5qgg8kicmcvivwmybwjlpf7wh20l-graalvm17-ce-22.3.0/lib/libjsvml.so
7fb88c0d0000-7fb88c0d1000 rw-p 000ce000 00:1caa 4611686019135190036      /nix/store/gpxl5qgg8kicmcvivwmybwjlpf7wh20l-graalvm17-ce-22.3.0/lib/libjsvml.so
7fb88c0d1000-7fb88d7a7000 rw-p 00000000 00:00 0 
7fb88d7a7000-7fb88d7a8000 ---p 00000000 00:00 0 
7fb88d7a8000-7fb88d953000 rw-p 00000000 00:00 0 
7fb88d953000-7fb88d962000 rw-p 00000000 00:00 0 
7fb88d962000-7fb88d9a9000 ---p 00000000 00:00 0 
7fb88d9a9000-7fb88d9b0000 rw-p 00000000 00:00 0 
7fb88d9b0000-7fb88da95000 ---p 00000000 00:00 0 
7fb88da95000-7fb88daba000 rw-p 00000000 00:00 0 
7fb88daba000-7fb88db80000 ---p 00000000 00:00 0 
7fb88db80000-7fb88db85000 rw-p 00000000 00:00 0 
7fb88db85000-7fb88db8c000 ---p 00000000 00:00 0 
7fb88db8c000-7fb88dbb0000 r-xp 00000000 00:1caa 4611686019135190028      /nix/store/gpxl5qgg8kicmcvivwmybwjlpf7wh20l-graalvm17-ce-22.3.0/lib/libjava.so
7fb88dbb0000-7fb88dbb1000 ---p 00024000 00:1caa 4611686019135190028      /nix/store/gpxl5qgg8kicmcvivwmybwjlpf7wh20l-graalvm17-ce-22.3.0/lib/libjava.so
7fb88dbb1000-7fb88dbb2000 r--p 00024000 00:1caa 4611686019135190028      /nix/store/gpxl5qgg8kicmcvivwmybwjlpf7wh20l-graalvm17-ce-22.3.0/lib/libjava.so
7fb88dbb2000-7fb88dbb3000 rw-p 00025000 00:1caa 4611686019135190028      /nix/store/gpxl5qgg8kicmcvivwmybwjlpf7wh20l-graalvm17-ce-22.3.0/lib/libjava.so
7fb88dbb3000-7fb88dbb4000 rw-p 00000000 00:00 0 
7fb88dbb4000-7fb88dbbb000 rw-p 0002f000 00:1caa 4611686019135190028      /nix/store/gpxl5qgg8kicmcvivwmybwjlpf7wh20l-graalvm17-ce-22.3.0/lib/libjava.so
7fb88dbbb000-7fb88dbc3000 rw-s 00000000 00:237 591                       /tmp/hsperfdata_runner/184
7fb88dbc3000-7fb88dbc4000 ---p 00000000 00:00 0 
7fb88dbc4000-7fb88dbc5000 r--p 00000000 00:00 0 
7fb88dbc5000-7fb88dbc6000 rwxp 00000000 00:00 0 
7fb88dbc6000-7fb88dbe1000 r-xp 00000000 00:1caa 4611686019135190032      /nix/store/gpxl5qgg8kicmcvivwmybwjlpf7wh20l-graalvm17-ce-22.3.0/lib/libjimage.so
7fb88dbe1000-7fb88dbe2000 ---p 0001b000 00:1caa 4611686019135190032      /nix/store/gpxl5qgg8kicmcvivwmybwjlpf7wh20l-graalvm17-ce-22.3.0/lib/libjimage.so
7fb88dbe2000-7fb88dbe4000 r--p 0001b000 00:1caa 4611686019135190032      /nix/store/gpxl5qgg8kicmcvivwmybwjlpf7wh20l-graalvm17-ce-22.3.0/lib/libjimage.so
7fb88dbe4000-7fb88dbe5000 rw-p 0001d000 00:1caa 4611686019135190032      /nix/store/gpxl5qgg8kicmcvivwmybwjlpf7wh20l-graalvm17-ce-22.3.0/lib/libjimage.so
7fb88dbe5000-7fb88dbe6000 rw-p 00024000 00:1caa 4611686019135190032      /nix/store/gpxl5qgg8kicmcvivwmybwjlpf7wh20l-graalvm17-ce-22.3.0/lib/libjimage.so
7fb88dbe6000-7fb88dbea000 ---p 00000000 00:00 0 
7fb88dbea000-7fb88dce6000 rw-p 00000000 00:00 0 
7fb88dce6000-7fb88dcf4000 r--p 00000000 00:1caa 4611686019027979927      /nix/store/4nlgxhb09sdr51nc9hdm8az5b08vzkgx-glibc-2.35-163/lib/libm.so.6
7fb88dcf4000-7fb88dd67000 r-xp 0000e000 00:1caa 4611686019027979927      /nix/store/4nlgxhb09sdr51nc9hdm8az5b08vzkgx-glibc-2.35-163/lib/libm.so.6
7fb88dd67000-7fb88ddc4000 r--p 00081000 00:1caa 4611686019027979927      /nix/store/4nlgxhb09sdr51nc9hdm8az5b08vzkgx-glibc-2.35-163/lib/libm.so.6
7fb88ddc4000-7fb88ddc5000 r--p 000dd000 00:1caa 4611686019027979927      /nix/store/4nlgxhb09sdr51nc9hdm8az5b08vzkgx-glibc-2.35-163/lib/libm.so.6
7fb88ddc5000-7fb88ddc6000 rw-p 000de000 00:1caa 4611686019027979927      /nix/store/4nlgxhb09sdr51nc9hdm8az5b08vzkgx-glibc-2.35-163/lib/libm.so.6
7fb88ddc6000-7fb88ddc7000 r--p 00000000 00:1caa 4611686019027979946      /nix/store/4nlgxhb09sdr51nc9hdm8az5b08vzkgx-glibc-2.35-163/lib/librt.so.1
7fb88ddc7000-7fb88ddc8000 r-xp 00001000 00:1caa 4611686019027979946      /nix/store/4nlgxhb09sdr51nc9hdm8az5b08vzkgx-glibc-2.35-163/lib/librt.so.1
7fb88ddc8000-7fb88ddc9000 r--p 00002000 00:1caa 4611686019027979946      /nix/store/4nlgxhb09sdr51nc9hdm8az5b08vzkgx-glibc-2.35-163/lib/librt.so.1
7fb88ddc9000-7fb88ddca000 r--p 00002000 00:1caa 4611686019027979946      /nix/store/4nlgxhb09sdr51nc9hdm8az5b08vzkgx-glibc-2.35-163/lib/librt.so.1
7fb88ddca000-7fb88ddcb000 rw-p 00003000 00:1caa 4611686019027979946      /nix/store/4nlgxhb09sdr51nc9hdm8az5b08vzkgx-glibc-2.35-163/lib/librt.so.1
7fb88ddcb000-7fb88eede000 r-xp 00000000 00:1caa 4611686019135360866      /nix/store/gpxl5qgg8kicmcvivwmybwjlpf7wh20l-graalvm17-ce-22.3.0/lib/server/libjvm.so
7fb88eede000-7fb88eedf000 ---p 01113000 00:1caa 4611686019135360866      /nix/store/gpxl5qgg8kicmcvivwmybwjlpf7wh20l-graalvm17-ce-22.3.0/lib/server/libjvm.so
7fb88eedf000-7fb88ef94000 r--p 01113000 00:1caa 4611686019135360866      /nix/store/gpxl5qgg8kicmcvivwmybwjlpf7wh20l-graalvm17-ce-22.3.0/lib/server/libjvm.so
7fb88ef94000-7fb88efc8000 rw-p 011c8000 00:1caa 4611686019135360866      /nix/store/gpxl5qgg8kicmcvivwmybwjlpf7wh20l-graalvm17-ce-22.3.0/lib/server/libjvm.so
7fb88efc8000-7fb88f024000 rw-p 00000000 00:00 0 
7fb88f024000-7fb88f04c000 r--p 00000000 00:1caa 4611686019027979918      /nix/store/4nlgxhb09sdr51nc9hdm8az5b08vzkgx-glibc-2.35-163/lib/libc.so.6
7fb88f04c000-7fb88f1c2000 r-xp 00028000 00:1caa 4611686019027979918      /nix/store/4nlgxhb09sdr51nc9hdm8az5b08vzkgx-glibc-2.35-163/lib/libc.so.6
7fb88f1c2000-7fb88f21a000 r--p 0019e000 00:1caa 4611686019027979918      /nix/store/4nlgxhb09sdr51nc9hdm8az5b08vzkgx-glibc-2.35-163/lib/libc.so.6
7fb88f21a000-7fb88f21e000 r--p 001f6000 00:1caa 4611686019027979918      /nix/store/4nlgxhb09sdr51nc9hdm8az5b08vzkgx-glibc-2.35-163/lib/libc.so.6
7fb88f21e000-7fb88f220000 rw-p 001fa000 00:1caa 4611686019027979918      /nix/store/4nlgxhb09sdr51nc9hdm8az5b08vzkgx-glibc-2.35-163/lib/libc.so.6
7fb88f220000-7fb88f22f000 rw-p 00000000 00:00 0 
7fb88f22f000-7fb88f230000 r--p 00000000 00:1caa 4611686019027979923      /nix/store/4nlgxhb09sdr51nc9hdm8az5b08vzkgx-glibc-2.35-163/lib/libdl.so.2
7fb88f230000-7fb88f231000 r-xp 00001000 00:1caa 4611686019027979923      /nix/store/4nlgxhb09sdr51nc9hdm8az5b08vzkgx-glibc-2.35-163/lib/libdl.so.2
7fb88f231000-7fb88f232000 r--p 00002000 00:1caa 4611686019027979923      /nix/store/4nlgxhb09sdr51nc9hdm8az5b08vzkgx-glibc-2.35-163/lib/libdl.so.2
7fb88f232000-7fb88f233000 r--p 00002000 00:1caa 4611686019027979923      /nix/store/4nlgxhb09sdr51nc9hdm8az5b08vzkgx-glibc-2.35-163/lib/libdl.so.2
7fb88f233000-7fb88f234000 rw-p 00003000 00:1caa 4611686019027979923      /nix/store/4nlgxhb09sdr51nc9hdm8az5b08vzkgx-glibc-2.35-163/lib/libdl.so.2
7fb88f234000-7fb88f235000 r--p 00000000 00:1caa 4611686019027979942      /nix/store/4nlgxhb09sdr51nc9hdm8az5b08vzkgx-glibc-2.35-163/lib/libpthread.so.0
7fb88f235000-7fb88f236000 r-xp 00001000 00:1caa 4611686019027979942      /nix/store/4nlgxhb09sdr51nc9hdm8az5b08vzkgx-glibc-2.35-163/lib/libpthread.so.0
7fb88f236000-7fb88f237000 r--p 00002000 00:1caa 4611686019027979942      /nix/store/4nlgxhb09sdr51nc9hdm8az5b08vzkgx-glibc-2.35-163/lib/libpthread.so.0
7fb88f237000-7fb88f238000 r--p 00002000 00:1caa 4611686019027979942      /nix/store/4nlgxhb09sdr51nc9hdm8az5b08vzkgx-glibc-2.35-163/lib/libpthread.so.0
7fb88f238000-7fb88f239000 rw-p 00003000 00:1caa 4611686019027979942      /nix/store/4nlgxhb09sdr51nc9hdm8az5b08vzkgx-glibc-2.35-163/lib/libpthread.so.0
7fb88f239000-7fb88f247000 r-xp 00000000 00:1caa 4611686019135190033      /nix/store/gpxl5qgg8kicmcvivwmybwjlpf7wh20l-graalvm17-ce-22.3.0/lib/libjli.so
7fb88f247000-7fb88f248000 ---p 0000e000 00:1caa 4611686019135190033      /nix/store/gpxl5qgg8kicmcvivwmybwjlpf7wh20l-graalvm17-ce-22.3.0/lib/libjli.so
7fb88f248000-7fb88f249000 r--p 0000e000 00:1caa 4611686019135190033      /nix/store/gpxl5qgg8kicmcvivwmybwjlpf7wh20l-graalvm17-ce-22.3.0/lib/libjli.so
7fb88f249000-7fb88f24a000 rw-p 0000f000 00:1caa 4611686019135190033      /nix/store/gpxl5qgg8kicmcvivwmybwjlpf7wh20l-graalvm17-ce-22.3.0/lib/libjli.so
7fb88f24a000-7fb88f24b000 rw-p 00012000 00:1caa 4611686019135190033      /nix/store/gpxl5qgg8kicmcvivwmybwjlpf7wh20l-graalvm17-ce-22.3.0/lib/libjli.so
7fb88f24b000-7fb88f24e000 r--p 00000000 00:1caa 4611686019106210071      /nix/store/026hln0aq1hyshaxsdvhg0kmcm6yf45r-zlib-1.2.13/lib/libz.so.1.2.13
7fb88f24e000-7fb88f260000 r-xp 00003000 00:1caa 4611686019106210071      /nix/store/026hln0aq1hyshaxsdvhg0kmcm6yf45r-zlib-1.2.13/lib/libz.so.1.2.13
7fb88f260000-7fb88f267000 r--p 00015000 00:1caa 4611686019106210071      /nix/store/026hln0aq1hyshaxsdvhg0kmcm6yf45r-zlib-1.2.13/lib/libz.so.1.2.13
7fb88f267000-7fb88f268000 r--p 0001b000 00:1caa 4611686019106210071      /nix/store/026hln0aq1hyshaxsdvhg0kmcm6yf45r-zlib-1.2.13/lib/libz.so.1.2.13
7fb88f268000-7fb88f269000 rw-p 0001c000 00:1caa 4611686019106210071      /nix/store/026hln0aq1hyshaxsdvhg0kmcm6yf45r-zlib-1.2.13/lib/libz.so.1.2.13
7fb88f269000-7fb88f26b000 rw-p 00000000 00:00 0 
7fb88f26b000-7fb88f26d000 r--p 00000000 00:1caa 4611686019027979912      /nix/store/4nlgxhb09sdr51nc9hdm8az5b08vzkgx-glibc-2.35-163/lib/ld-linux-x86-64.so.2
7fb88f26d000-7fb88f294000 r-xp 00002000 00:1caa 4611686019027979912      /nix/store/4nlgxhb09sdr51nc9hdm8az5b08vzkgx-glibc-2.35-163/lib/ld-linux-x86-64.so.2
7fb88f294000-7fb88f2a0000 r--p 00029000 00:1caa 4611686019027979912      /nix/store/4nlgxhb09sdr51nc9hdm8az5b08vzkgx-glibc-2.35-163/lib/ld-linux-x86-64.so.2
7fb88f2a0000-7fb88f2a2000 r--p 00034000 00:1caa 4611686019027979912      /nix/store/4nlgxhb09sdr51nc9hdm8az5b08vzkgx-glibc-2.35-163/lib/ld-linux-x86-64.so.2
7fb88f2a2000-7fb88f2a4000 rw-p 00036000 00:1caa 4611686019027979912      /nix/store/4nlgxhb09sdr51nc9hdm8az5b08vzkgx-glibc-2.35-163/lib/ld-linux-x86-64.so.2
7ffe5db24000-7ffe5db49000 rw-p 00000000 00:00 0                          [stack]
7ffe5dbe6000-7ffe5dbea000 r--p 00000000 00:00 0                          [vvar]
7ffe5dbea000-7ffe5dbec000 r-xp 00000000 00:00 0                          [vdso]
ffffffffff600000-ffffffffff601000 --xp 00000000 00:00 0                  [vsyscall]


VM Arguments:
jvm_args: -XX:ThreadPriorityPolicy=1 -XX:+UnlockExperimentalVMOptions -XX:+EnableJVMCIProduct -XX:JVMCIThreadsPerNativeLibraryRuntime=1 -XX:-UnlockExperimentalVMOptions -Declipse.application=org.eclipse.jdt.ls.core.id1 -Dosgi.bundles.defaultStartLevel=4 -Declipse.product=org.eclipse.jdt.ls.core.product -Dlog.level=ALL -Xverify:none -XX:+UseParallelGC -XX:GCTimeRatio=4 -XX:AdaptiveSizePolicyWeight=90 -Dsun.zip.disableMemoryMapping=true -Xmx512m -Xms100m 
java_command: /nix/store/m6gcpi1ii6rghy04cjwjddcavv7i90df-jdt-language-server-1.9.0/share/java/plugins/org.eclipse.equinox.launcher_1.6.400.v20210924-0641.jar --add-modules=ALL-SYSTEM --add-opens java.base/java.util=ALL-UNNAMED --add-opens java.base/java.lang=ALL-UNNAMED -configuration /home/runner/.cache/jdt-language-server/config -data /home/runner/.cache/jdt-language-server/data/home/runner/justaliljavaproject-1
java_class_path (initial): /nix/store/m6gcpi1ii6rghy04cjwjddcavv7i90df-jdt-language-server-1.9.0/share/java/plugins/org.eclipse.equinox.launcher_1.6.400.v20210924-0641.jar
Launcher Type: SUN_STANDARD

[Global flags]
    uintx AdaptiveSizePolicyWeight                 = 90                                        {product} {command line}
     intx CICompilerCount                          = 2                                         {product} {ergonomic}
     bool EnableJVMCIProduct                       = true                                {JVMCI product} {jimage}
    uintx GCTimeRatio                              = 4                                         {product} {command line}
   size_t InitialHeapSize                          = 104857600                                 {product} {command line}
     uint JVMCIThreadsPerNativeLibraryRuntime      = 1                                   {JVMCI product} {jimage}
   size_t MaxHeapSize                              = 536870912                                 {product} {command line}
   size_t MaxNewSize                               = 178782208                                 {product} {ergonomic}
   size_t MinHeapDeltaBytes                        = 524288                                    {product} {ergonomic}
   size_t MinHeapSize                              = 104857600                                 {product} {command line}
   size_t NewSize                                  = 34603008                                  {product} {ergonomic}
    uintx NonNMethodCodeHeapSize                   = 5826188                                {pd product} {ergonomic}
    uintx NonProfiledCodeHeapSize                  = 122916026                              {pd product} {ergonomic}
   size_t OldSize                                  = 70254592                                  {product} {ergonomic}
    uintx ProfiledCodeHeapSize                     = 122916026                              {pd product} {ergonomic}
    uintx ReservedCodeCacheSize                    = 251658240                              {pd product} {ergonomic}
     bool SegmentedCodeCache                       = true                                      {product} {ergonomic}
   size_t SoftMaxHeapSize                          = 536870912                              {manageable} {ergonomic}
     intx ThreadPriorityPolicy                     = 1                                         {product} {jimage}
     bool UseCompressedClassPointers               = true                           {product lp64_product} {ergonomic}
     bool UseCompressedOops                        = true                           {product lp64_product} {ergonomic}
     bool UseParallelGC                            = true                                      {product} {command line}

Logging:
Log output configuration:
 #0: stdout all=warning uptime,level,tags
 #1: stderr all=off uptime,level,tags

Environment Variables:
JAVA_HOME=/nix/store/gpxl5qgg8kicmcvivwmybwjlpf7wh20l-graalvm17-ce-22.3.0
PATH=/nix/store/1d6ian3r8kdzspw8hacjhl3xkp40g1lj-binutils-wrapper-2.39/bin:/nix/store/dq0xwmsk1g0i2ayg6pb7y87na2knzylh-gcc-wrapper-11.3.0/bin:/nix/store/bap4d0lpcrhpwmpb8ayjcgkmvfj62lnq-bash-interactive-5.1-p16/bin:/nix/store/pr5n59mb4jzmfx6kanwxly0l07p861fg-patchelf-0.15.0/bin:/nix/store/1gf2flfqnpqbr1b4p4qz2f72y42bs56r-gcc-11.3.0/bin:/nix/store/57xv61c5zi8pphjbcwxxjlgc34p61ic9-glibc-2.35-163-bin/bin:/nix/store/a7gvj343m05j2s32xcnwr35v31ynlypr-coreutils-9.1/bin:/nix/store/039g378vc3pc3dvi9dzdlrd0i4q93qwf-binutils-2.39/bin:/nix/store/y5fcw4xnkg8hwaaf35nfc41vdzy32cm7-vim-9.0.0609/bin:/nix/store/gpxl5qgg8kicmcvivwmybwjlpf7wh20l-graalvm17-ce-22.3.0/bin:/nix/store/6z9ag3ihc8mq2hzsw48lhbznvzny65nz-apache-maven-3.8.6/bin:/nix/store/m6gcpi1ii6rghy04cjwjddcavv7i90df-jdt-language-server-1.9.0/bin:/nix/store/84xs5alhs01zrbr4ywm05kxbjbp5590l-java-debug/bin:/nix/store/mydc6f4k2z73xlcz7ilif3v2lcaiqvza-findutils-4.9.0/bin:/nix/store/j9p3g8472iijd50vhdprx0nmk2fqn5gv-diffutils-3.8/bin:/nix/store/89zs7rms6x00xfq4dq6m7mjnhkr8a6r4-gnused-4.8/bin:/nix/store/86bp03jkmsl6f92w0yzg4s59g5mhxwmy-gnugrep-3.7/bin:/nix/store/hwcdqw4jrjnd37wxqgsd47hd0j8bnj09-gawk-5.1.1/bin:/nix/store/cfbhw8r8ags41vwqaz47r583d0p4h4a1-gnutar-1.34/bin:/nix/store/p3m1ndl1lapwrlh698bnb5lvvxh67378-gzip-1.12/bin:/nix/store/a8mhcagrsly7c7mpjrpsnaahk4aax056-bzip2-1.0.8-bin/bin:/nix/store/mblgz65m3zv9x548a3d5m96fj2pbwr09-gnumake-4.3/bin:/nix/store/dsd5gz46hdbdk2rfdimqddhq6m8m8fqs-bash-5.1-p16/bin:/nix/store/v7ljksji50mg3w61dykaa3n3y79n6nil-patch-2.7.6/bin:/nix/store/zlcnmqq14jz5x9439jf937mvayyl63da-xz-5.2.7-bin/bin:/nix/store/y6aj732zm9m87c82fpvf103a1xb22blp-file-5.43/bin:/nix/store/i4kzir3m7mrisxmf5xvlnkw01x4qaqr4-prybar-elisp-0.0.0-e0d9a52/bin:/nix/store/lwwivxf6h7x3cvxp9zv8sj0mv7dak99r-prybar-lua-0.0.0-e0d9a52/bin:/nix/store/gxj28g1cg4hq3qanmjv07156h800qr58-prybar-python3-0.0.0-e0d9a52/bin:/nix/store/hshkjnxrgidigf8x75vg6lqng2xlx9i3-prybar-sqlite-0.0.0-e0d9a52/bin:/nix/store/c4w01bpjgyy5ixmwdk8m1pw87zq4sl26-prybar-tcl-0.0
LD_LIBRARY_PATH=/nix/store/a4pff549sk2idnkpzk5nsfps3mdkdnvm-cups-2.4.2-lib/lib:/nix/store/72mqxxhh3cy5yifh92wh2yb8cl2hikyy-cairo-1.16.0/lib:/nix/store/2k366jrbsra97gjfxwvrhvixjfxdach5-glib-2.74.1/lib:/nix/store/2j2znigd8ak37rlwh9khz0ry3clqlw1l-gtk+3-3.24.34/lib:/nix/store/hisqvx32cd57apbpcsnkpx6k3549wql1-libglvnd-1.4.0/lib:/nix/store/p36pgcv991mq5srvg765b78yqpxvk3qs-mesa-21.3.3-drivers/lib:/nix/store/mav4251if1ahjq5vkpwycyyvnmy459c4-pulseaudio-14.2/lib
DISPLAY=:0
LANG=en_US.UTF-8

Signal Handlers:
   SIGSEGV: crash_handler in libjvm.so, mask=11100100010111111101111111111110, flags=SA_RESTART|SA_SIGINFO
    SIGBUS: crash_handler in libjvm.so, mask=11100100010111111101111111111110, flags=SA_RESTART|SA_SIGINFO
    SIGFPE: crash_handler in libjvm.so, mask=11100100010111111101111111111110, flags=SA_RESTART|SA_SIGINFO
   SIGPIPE: IsolateEnterStub_IgnoreSIGPIPEStartupHook_noopSignalHandler_8f19bff2f35b5f630d83b364d6b2339320d4ec70_216e8361c6bc87a8f89f58cc10d3b2fd4415bf87 in libjvmcicompiler.so, mask=00000000000000000000000000000000, flags=SA_RESTART
  *** Handler was modified!
  *** Expected: javaSignalHandler in libjvm.so, mask=11100100110111111111111111111110, flags=SA_RESTART|SA_SIGINFO
   SIGXFSZ: javaSignalHandler in libjvm.so, mask=11100100010111111101111111111110, flags=SA_RESTART|SA_SIGINFO
    SIGILL: crash_handler in libjvm.so, mask=11100100010111111101111111111110, flags=SA_RESTART|SA_SIGINFO
   SIGUSR2: SR_handler in libjvm.so, mask=00000000000000000000000000000000, flags=SA_RESTART|SA_SIGINFO
    SIGHUP: UserHandler in libjvm.so, mask=11100100010111111101111111111110, flags=SA_RESTART|SA_SIGINFO
    SIGINT: UserHandler in libjvm.so, mask=11100100010111111101111111111110, flags=SA_RESTART|SA_SIGINFO
   SIGTERM: UserHandler in libjvm.so, mask=11100100010111111101111111111110, flags=SA_RESTART|SA_SIGINFO
   SIGQUIT: UserHandler in libjvm.so, mask=11100100010111111101111111111110, flags=SA_RESTART|SA_SIGINFO
  *** Handler was modified!
  *** Expected: javaSignalHandler in libjvm.so, mask=11100100110111111111111111111110, flags=SA_RESTART|SA_SIGINFO
   SIGTRAP: crash_handler in libjvm.so, mask=11100100010111111101111111111110, flags=SA_RESTART|SA_SIGINFO


---------------  S Y S T E M  ---------------

OS:
DISTRIB_ID=Ubuntu
DISTRIB_RELEASE=20.04
DISTRIB_CODENAME=focal
DISTRIB_DESCRIPTION="Ubuntu 20.04.2 LTS"
uname: Linux 5.15.0-1032-gcp #40~20.04.1-Ubuntu SMP Tue Apr 11 02:49:52 UTC 2023 x86_64
OS uptime: 0 days 6:10 hours
libc: glibc 2.35 NPTL 2.35 
rlimit (soft/hard): STACK 8192k/infinity , CORE infinity/infinity , NPROC infinity/infinity , NOFILE 5242/5242 , AS infinity/infinity , CPU infinity/infinity , DATA infinity/infinity , FSIZE infinity/infinity , MEMLOCK 64k/64k
load average: 12.86 15.90 15.31

/proc/meminfo:
MemTotal:       32872688 kB
MemFree:         1146456 kB
MemAvailable:   14847664 kB
Buffers:         1367196 kB
Cached:         10388632 kB
SwapCached:            0 kB
Active:          7079472 kB
Inactive:       19083308 kB
Active(anon):      22576 kB
Inactive(anon): 14119716 kB
Active(file):    7056896 kB
Inactive(file):  4963592 kB
Unevictable:       42216 kB
Mlocked:           42216 kB
SwapTotal:             0 kB
SwapFree:              0 kB
Dirty:              6300 kB
Writeback:           220 kB
AnonPages:      14135544 kB
Mapped:          2492444 kB
Shmem:             44904 kB
KReclaimable:    2146556 kB
Slab:            4226076 kB
SReclaimable:    2146556 kB
SUnreclaim:      2079520 kB
KernelStack:      529920 kB
PageTables:       329516 kB
NFS_Unstable:          0 kB
Bounce:                0 kB
WritebackTmp:          0 kB
CommitLimit:    16436344 kB
Committed_AS:   75788064 kB
VmallocTotal:   34359738367 kB
VmallocUsed:      574812 kB
VmallocChunk:          0 kB
Percpu:            41808 kB
HardwareCorrupted:     0 kB
AnonHugePages:    286720 kB
ShmemHugePages:        0 kB
ShmemPmdMapped:        0 kB
FileHugePages:         0 kB
FilePmdMapped:         0 kB
HugePages_Total:       0
HugePages_Free:        0
HugePages_Rsvd:        0
HugePages_Surp:        0
Hugepagesize:       2048 kB
Hugetlb:               0 kB
DirectMap4k:     4852536 kB
DirectMap2M:    28698624 kB
DirectMap1G:     2097152 kB

/sys/kernel/mm/transparent_hugepage/enabled: always [madvise] never
/sys/kernel/mm/transparent_hugepage/defrag (defrag/compaction efforts parameter): always defer defer+madvise [madvise] never

Process Memory:
Virtual Size: 3878980K (peak: 3913512K)
Resident Set Size: 646544K (peak: 753548K) (anon: 520948K, file: 125596K, shmem: 0K)
Swapped out: 0K
C-Heap outstanding allocations: 38066K, retained: 12933K
glibc malloc tunables: (default)

/proc/sys/kernel/threads-max (system-wide limit on the number of threads): 256750
/proc/sys/vm/max_map_count (maximum number of memory map areas a process may have): 65530
/proc/sys/kernel/pid_max (system-wide limit on number of process identifiers): 4194304

container (cgroup) information:
container_type: cgroupv1
cpu_cpuset_cpus: 1-3
cpu_memory_nodes: 0
active_processor_count: 1
cpu_quota: 50000
cpu_period: 100000
cpu_shares: 512
memory_limit_in_bytes: 1048576 k
memory_and_swap_limit_in_bytes: 1048576 k
memory_soft_limit_in_bytes: 524288 k
memory_usage_in_bytes: 784128 k
memory_max_usage_in_bytes: 950476 k
maximum number of tasks: 1000
current number of tasks: 73

KVM virtualization detected
Steal ticks since vm start: 0
Steal ticks percentage since vm start:  0.000

CPU: total 4 (initial active 1) (4 cores per cpu, 2 threads per core) family 23 model 49 stepping 0 microcode 0xffffffff, cx8, cmov, fxsr, ht, mmx, 3dnowpref, sse, sse2, sse3, ssse3, sse4a, sse4.1, sse4.2, popcnt, lzcnt, tsc, tscinvbit, avx, avx2, aes, clmul, bmi1, bmi2, adx, sha, fma, vzeroupper, clflush, clflushopt, hv
CPU Model and flags from /proc/cpuinfo:
model name	: AMD EPYC 7B12
flags		: fpu vme de pse tsc msr pae mce cx8 apic sep mtrr pge mca cmov pat pse36 clflush mmx fxsr sse sse2 ht syscall nx mmxext fxsr_opt pdpe1gb rdtscp lm constant_tsc rep_good nopl nonstop_tsc cpuid extd_apicid tsc_known_freq pni pclmulqdq ssse3 fma cx16 sse4_1 sse4_2 movbe popcnt aes xsave avx f16c rdrand hypervisor lahf_lm cmp_legacy cr8_legacy abm sse4a misalignsse 3dnowprefetch osvw topoext ssbd ibrs ibpb stibp vmmcall fsgsbase tsc_adjust bmi1 avx2 smep bmi2 rdseed adx smap clflushopt clwb sha_ni xsaveopt xsavec xgetbv1 clzero xsaveerptr arat npt nrip_save umip rdpid

Online cpus: 0-3
Offline cpus: 
BIOS frequency limitation: <Not Available>
Frequency switch latency (ns): <Not Available>
Available cpu frequencies: <Not Available>
Current governor: <Not Available>
Core performance/turbo boost: <Not Available>

Memory: 4k page, physical 1048576k(264444k free), swap 0k(0k free)
Page Sizes: 4k

vm_info: OpenJDK 64-Bit Server VM (17.0.5+8-jvmci-22.3-b08) for linux-amd64 JRE (17.0.5+8-jvmci-22.3-b08), built on Oct 19 2022 09:01:27 by "buildslave" with gcc 10.3.0

END.
