#
# A fatal error has been detected by the Java Runtime Environment:
#
#  Internal Error (jvmciRuntime.cpp:1609), pid=20, tid=34
#  fatal error: Fatal exception in JVMCI: Error calling jdk.vm.ci.services.Services.serializeSavedProperties
#
# JRE version: OpenJDK Runtime Environment GraalVM CE 22.3.0 (17.0.5+8) (build 17.0.5+8-jvmci-22.3-b08)
# Java VM: OpenJDK 64-Bit Server VM GraalVM CE 22.3.0 (17.0.5+8-jvmci-22.3-b08, mixed mode, sharing, tiered, jvmci, jvmci compiler, compressed oops, compressed class ptrs, parallel gc, linux-amd64)
# Problematic frame:
# V  [libjvm.so+0x972714]  JVMCIRuntime::fatal_exception(JVMCIEnv*, char const*)+0x74
#
# Core dump will be written. Default location: Core dumps may be processed with "/usr/share/apport/apport -p%p -s%s -c%c -d%d -P%P -u%u -g%g -- %E" (or dumping to /home/runner/justaliljavaproject-1/core.20)
#
# If you would like to submit a bug report, please visit:
#   https://github.com/oracle/graal/issues
#

---------------  S U M M A R Y ------------

Command Line: -XX:ThreadPriorityPolicy=1 -XX:+UnlockExperimentalVMOptions -XX:+EnableJVMCIProduct -XX:JVMCIThreadsPerNativeLibraryRuntime=1 -XX:-UnlockExperimentalVMOptions -Declipse.application=org.eclipse.jdt.ls.core.id1 -Dosgi.bundles.defaultStartLevel=4 -Declipse.product=org.eclipse.jdt.ls.core.product -Dlog.level=ALL -Xverify:none -XX:+UseParallelGC -XX:GCTimeRatio=4 -XX:AdaptiveSizePolicyWeight=90 -Dsun.zip.disableMemoryMapping=true -Xmx512m -Xms100m /nix/store/m6gcpi1ii6rghy04cjwjddcavv7i90df-jdt-language-server-1.9.0/share/java/plugins/org.eclipse.equinox.launcher_1.6.400.v20210924-0641.jar --add-modules=ALL-SYSTEM --add-opens java.base/java.util=ALL-UNNAMED --add-opens java.base/java.lang=ALL-UNNAMED -configuration /home/runner/.cache/jdt-language-server/config -data /home/runner/.cache/jdt-language-server/data/home/runner/justaliljavaproject-1

Host: AMD EPYC 7B12, 8 cores, 1G, Ubuntu 20.04.2 LTS
Time: Fri Apr 21 17:18:16 2023 UTC elapsed time: 1677.696110 seconds (0d 0h 27m 57s)

---------------  T H R E A D  ---------------

Current thread (0x00007f73ac0b21e0):  JavaThread "JVMCI-native CompilerThread0" daemon [_thread_in_vm, id=34, stack(0x00007f7392700000,0x00007f7392900000)]


Current CompileTask:
JVMCI-native:1677696 13531       4       java.util.LinkedHashMap$LinkedKeyIterator::next (8 bytes)

Stack: [0x00007f7392700000,0x00007f7392900000],  sp=0x00007f73928fe380,  free space=2040k
Native frames: (J=compiled Java code, j=interpreted, Vv=VM code, C=native code)
V  [libjvm.so+0x972714]  JVMCIRuntime::fatal_exception(JVMCIEnv*, char const*)+0x74
V  [libjvm.so+0x93e2fe]  JVMCIEnv::copy_saved_properties()+0x14e
V  [libjvm.so+0x9732a9]  JVMCIRuntime::initialize(JVMCIEnv*)+0xb19
V  [libjvm.so+0x9738a2]  JVMCIRuntime::get_HotSpotJVMCIRuntime(JVMCIEnv*)+0x12
V  [libjvm.so+0x9749f2]  JVMCIRuntime::compile_method(JVMCIEnv*, JVMCICompiler*, methodHandle const&, int)+0xd2
V  [libjvm.so+0x5b0d20]  CompileBroker::invoke_compiler_on_method(CompileTask*)+0x1470
V  [libjvm.so+0x5b12e8]  CompileBroker::compiler_thread_loop()+0x528
V  [libjvm.so+0xd82460]  JavaThread::thread_main_inner()+0xd0
V  [libjvm.so+0xd85a40]  Thread::call_run()+0xc0
V  [libjvm.so+0xbdb1e1]  thread_native_entry(Thread*)+0xe1

Register to memory mapping:

RAX=0x00007f73b243a000 points into unknown readable memory: 0x0000000000000058 | 58 00 00 00 00 00 00 00
RBX=0x00007f73b3535398: <offset 0x0000000000ef5398> in /nix/store/gpxl5qgg8kicmcvivwmybwjlpf7wh20l-graalvm17-ce-22.3.0/lib/server/libjvm.so at 0x00007f73b2640000
RCX=0x00007f73b34ed1e8: <offset 0x0000000000ead1e8> in /nix/store/gpxl5qgg8kicmcvivwmybwjlpf7wh20l-graalvm17-ce-22.3.0/lib/server/libjvm.so at 0x00007f73b2640000
RDX=0x0000000000000649 is an unknown value
RSP=0x00007f73928fe380 is pointing into the stack for thread: 0x00007f73ac0b21e0
RBP=0x00007f73928fe3a0 is pointing into the stack for thread: 0x00007f73ac0b21e0
RSI=0x00007f73b3535c48: <offset 0x0000000000ef5c48> in /nix/store/gpxl5qgg8kicmcvivwmybwjlpf7wh20l-graalvm17-ce-22.3.0/lib/server/libjvm.so at 0x00007f73b2640000
RDI=0x00000000e0000000 is an oop: java.lang.String 
{0x00000000e0000000} - klass: 'java/lang/String'
 - string: "resolution"
R8 =0x00007f73b3535398: <offset 0x0000000000ef5398> in /nix/store/gpxl5qgg8kicmcvivwmybwjlpf7wh20l-graalvm17-ce-22.3.0/lib/server/libjvm.so at 0x00007f73b2640000
R9 =0x00007f73928fe330 is pointing into the stack for thread: 0x00007f73ac0b21e0
R10=0x00007f73928ff948 is pointing into the stack for thread: 0x00007f73ac0b21e0
R11=0x0000000000000293 is an unknown value
R12=0x0 is NULL
R13=0x00007f73ac0b21e0 is a thread
R14=0x00007f73ac000b80 points into unknown readable memory: 0x00007f73b3766a38 | 38 6a 76 b3 73 7f 00 00
R15=0x00007f73b3874e40: <offset 0x0000000001234e40> in /nix/store/gpxl5qgg8kicmcvivwmybwjlpf7wh20l-graalvm17-ce-22.3.0/lib/server/libjvm.so at 0x00007f73b2640000


Registers:
RAX=0x00007f73b243a000, RBX=0x00007f73b3535398, RCX=0x00007f73b34ed1e8, RDX=0x0000000000000649
RSP=0x00007f73928fe380, RBP=0x00007f73928fe3a0, RSI=0x00007f73b3535c48, RDI=0x00000000e0000000
R8 =0x00007f73b3535398, R9 =0x00007f73928fe330, R10=0x00007f73928ff948, R11=0x0000000000000293
R12=0x0000000000000000, R13=0x00007f73ac0b21e0, R14=0x00007f73ac000b80, R15=0x00007f73b3874e40
RIP=0x00007f73b2fb2714, EFLAGS=0x0000000000010206, CSGSFS=0x002b000000000033, ERR=0x0000000000000006
  TRAPNO=0x000000000000000e

Top of Stack: (sp=0x00007f73928fe380)
0x00007f73928fe380:   00007f73928fe940 00007f73ac0b21e0
0x00007f73928fe390:   00007f73b0dcb8c8 0000000800c417a0
0x00007f73928fe3a0:   00007f73928fe500 00007f73b2f7e2fe
0x00007f73928fe3b0:   00007f73928fe3e0 00007f73928fe440 

Instructions: (pc=0x00007f73b2fb2714)
0x00007f73b2fb2614:   30 e8 f6 cf e8 ff 4c 89 e7 e8 2e 48 d1 ff 84 db
0x00007f73b2fb2624:   75 2a 4d 85 ed 74 04 4d 8b 6d 00 48 83 c4 08 44
0x00007f73b2fb2634:   89 f9 4c 89 f2 4c 89 ee 5b 4c 89 e7 41 5c 41 5d
0x00007f73b2fb2644:   41 5e 41 5f 5d e9 e2 47 d1 ff 66 90 48 83 c4 08
0x00007f73b2fb2654:   5b 41 5c 41 5d 41 5e 41 5f 5d c3 90 31 d2 be 08
0x00007f73b2fb2664:   00 00 00 4c 89 ff e8 b1 78 a3 ff 49 89 c5 e9 37
0x00007f73b2fb2674:   ff ff ff 66 0f 1f 84 00 00 00 00 00 48 8b 7a 08
0x00007f73b2fb2684:   e9 6d ff ff ff 0f 1f 80 00 00 00 00 e8 5b 48 0a
0x00007f73b2fb2694:   00 84 c0 75 89 e9 6a ff ff ff 66 90 55 48 89 e5
0x00007f73b2fb26a4:   41 56 41 55 41 54 49 89 fc 53 48 89 f3 66 48 8d
0x00007f73b2fb26b4:   3d 27 5e 85 00 66 66 48 e8 df 43 8d ff 4c 8b 28
0x00007f73b2fb26c4:   8b 05 be 72 8a 00 85 c0 75 14 ba 01 00 00 00 48
0x00007f73b2fb26d4:   8d 0d ae 72 8a 00 f0 0f b1 11 85 c0 74 4e be c8
0x00007f73b2fb26e4:   00 00 00 4c 89 ef e8 01 0b 41 00 48 8d 05 12 ac
0x00007f73b2fb26f4:   85 00 49 89 d8 48 8d 0d e8 aa 53 00 ba 49 06 00
0x00007f73b2fb2704:   00 48 8d 35 3c 35 58 00 bf 00 00 00 e0 48 8b 00
0x00007f73b2fb2714:   c6 00 58 31 c0 e8 e2 91 c6 ff 5b 41 5c 41 5d 41
0x00007f73b2fb2724:   5e 5d e9 55 34 26 00 0f 1f 44 00 00 48 8d 05 81
0x00007f73b2fb2734:   a3 8b 00 48 89 df 4c 8b 30 e8 9e 43 8d ff 48 89
0x00007f73b2fb2744:   de 48 89 c2 49 8b 06 4c 89 f7 ff 50 08 4c 89 f7
0x00007f73b2fb2754:   e8 a7 5c 27 00 4d 85 e4 74 12 be 01 00 00 00 4c
0x00007f73b2fb2764:   89 e7 e8 35 43 fc ff eb 82 0f 1f 00 be 01 00 00
0x00007f73b2fb2774:   00 4c 89 ef e8 d3 fd ff ff e9 6d ff ff ff 66 66
0x00007f73b2fb2784:   2e 0f 1f 84 00 00 00 00 00 0f 1f 00 55 48 89 e5
0x00007f73b2fb2794:   41 57 41 56 41 55 41 54 53 48 81 ec 08 02 00 00
0x00007f73b2fb27a4:   64 48 8b 04 25 28 00 00 00 48 89 45 c8 8b 07 83
0x00007f73b2fb27b4:   f8 02 0f 84 11 04 00 00 4c 8b 6f 18 49 89 ff 49
0x00007f73b2fb27c4:   89 f4 4d 85 ed 74 14 4c 89 ef e8 5d 57 22 00 41
0x00007f73b2fb27d4:   8b 07 83 f8 02 0f 84 19 04 00 00 48 8d 1d 9a 06
0x00007f73b2fb27e4:   8a 00 4c 8d 35 0b 3c 58 00 eb 38 90 48 85 d2 7f
0x00007f73b2fb27f4:   0d 48 8d 05 b4 c0 85 00 48 83 38 00 7e 0e 41 8b
0x00007f73b2fb2804:   77 2c 4c 89 f7 31 c0 e8 a0 b2 f7 ff 49 8b 7f 18 


Stack slot to memory mapping:
stack at sp + 0 slots: 0x00007f73928fe940 is pointing into the stack for thread: 0x00007f73ac0b21e0
stack at sp + 1 slots: 0x00007f73ac0b21e0 is a thread
stack at sp + 2 slots: 0x00007f73b0dcb8c8 points into unknown readable memory: 0x65730018052dffff | ff ff 2d 05 18 00 73 65
stack at sp + 3 slots: 0x0000000800c417a0 is a pointer to class: 
jdk.vm.ci.services.Services {0x0000000800c417a0}
 - instance size:     2
 - klass size:        65
 - access:            public final synchronized 
 - state:             fully_initialized
 - name:              'jdk/vm/ci/services/Services'
 - super:             'java/lang/Object'
 - sub:               
 - arrays:            NULL
 - methods:           Array<T>(0x00007f7392c47358)
 - method ordering:   Array<T>(0x0000000800928960)
 - default_methods:   Array<T>(0x0000000000000000)
 - local interfaces:  Array<T>(0x00000008005ce810)
 - trans. interfaces: Array<T>(0x00000008005ce810)
 - constants:         constant pool [427] {0x00007f7392c46438} for 'jdk/vm/ci/services/Services' cache=0x00007f7392c48628
 - class loader data:  loader data: 0x00007f73ac0283f0 of 'bootstrap'
 - source file:       'Services.java'
 - class annotations:       Array<T>(0x0000000000000000)
 - class type annotations:  Array<T>(0x0000000000000000)
 - field annotations:       Array<T>(0x0000000000000000)
 - field type annotations:  Array<T>(0x0000000000000000)
 - inner classes:     Array<T>(0x00007f7392c485f8)
 - nest members:     Array<T>(0x00007f7392c48618)
 - permitted subclasses:     Array<T>(0x00000008005ce7a0)
 - java mirror:       a 'java/lang/Class'{0x00000000e0148350} = 'jdk/vm/ci/services/Services'
 - vtable length      5  (start addr: 0x0000000800c41970)
 - itable length      2 (start addr: 0x0000000800c41998)
 - ---- static fields (3 words):
 - public static final 'IS_BUILDING_NATIVE_IMAGE' 'Z' @128 
 - public static final 'IS_IN_NATIVE_IMAGE' 'Z' @129 
 - private static volatile 'savedProperties' 'Ljava/util/Map;' @112 
 - static final 'JVMCI_ENABLED' 'Z' @130 
 - private static final 'servicesCache' 'Ljava/util/Map;' @116 
 - private static final 'MAX_UNICODE_IN_UTF8_LENGTH' 'I' @120 
 - private static final 'MAX_UTF8_PROPERTY_STRING_LENGTH' 'I' @124 
 - ---- non-static fields (0 words):
 - non-static oop maps: 
stack at sp + 4 slots: 0x00007f73928fe500 is pointing into the stack for thread: 0x00007f73ac0b21e0
stack at sp + 5 slots: 0x00007f73b2f7e2fe: <offset 0x000000000093e2fe> in /nix/store/gpxl5qgg8kicmcvivwmybwjlpf7wh20l-graalvm17-ce-22.3.0/lib/server/libjvm.so at 0x00007f73b2640000
stack at sp + 6 slots: 0x00007f73928fe3e0 is pointing into the stack for thread: 0x00007f73ac0b21e0
stack at sp + 7 slots: 0x00007f73928fe440 is pointing into the stack for thread: 0x00007f73ac0b21e0


---------------  P R O C E S S  ---------------

Threads class SMR info:
_java_thread_list=0x00007f73000027c0, length=32, elements={
0x00007f73ac026690, 0x00007f73ac0a64d0, 0x00007f73ac0a7910, 0x00007f73ac0ae050,
0x00007f73ac0af400, 0x00007f73ac0b07f0, 0x00007f73ac0b21e0, 0x00007f73ac0b36f0,
0x00007f73ac0b4750, 0x00007f73ac0d6f70, 0x00007f73ac11ea90, 0x00007f73ac17c360,
0x00007f73ac386590, 0x00007f73ac388640, 0x00007f73ac45aff0, 0x00007f7340016d60,
0x00007f73402a8ed0, 0x00007f73340010d0, 0x00007f7340489f80, 0x00007f73401414a0,
0x00007f73ac2df550, 0x00007f73ac40be00, 0x00007f7318001130, 0x00007f731c0a1bf0,
0x00007f733426eb80, 0x00007f733c168fd0, 0x00007f733c16c1e0, 0x00007f733c16f3c0,
0x00007f733c1bcb70, 0x00007f733c1af610, 0x00007f733c19aca0, 0x00007f7300003940
}

Java Threads: ( => current thread )
  0x00007f73ac026690 JavaThread "main" [_thread_blocked, id=26, stack(0x00007f73b245b000,0x00007f73b255b000)]
  0x00007f73ac0a64d0 JavaThread "Reference Handler" daemon [_thread_blocked, id=29, stack(0x00007f73b0472000,0x00007f73b0572000)]
  0x00007f73ac0a7910 JavaThread "Finalizer" daemon [_thread_blocked, id=30, stack(0x00007f73b0372000,0x00007f73b0472000)]
  0x00007f73ac0ae050 JavaThread "Signal Dispatcher" daemon [_thread_blocked, id=31, stack(0x00007f7392b00000,0x00007f7392c00000)]
  0x00007f73ac0af400 JavaThread "Service Thread" daemon [_thread_blocked, id=32, stack(0x00007f7392a00000,0x00007f7392b00000)]
  0x00007f73ac0b07f0 JavaThread "Monitor Deflation Thread" daemon [_thread_blocked, id=33, stack(0x00007f7392900000,0x00007f7392a00000)]
=>0x00007f73ac0b21e0 JavaThread "JVMCI-native CompilerThread0" daemon [_thread_in_vm, id=34, stack(0x00007f7392700000,0x00007f7392900000)]
  0x00007f73ac0b36f0 JavaThread "C1 CompilerThread0" daemon [_thread_blocked, id=35, stack(0x00007f7392500000,0x00007f7392700000)]
  0x00007f73ac0b4750 JavaThread "Sweeper thread" daemon [_thread_blocked, id=36, stack(0x00007f7392400000,0x00007f7392500000)]
  0x00007f73ac0d6f70 JavaThread "Common-Cleaner" daemon [_thread_blocked, id=37, stack(0x00007f7392300000,0x00007f7392400000)]
  0x00007f73ac11ea90 JavaThread "Notification Thread" daemon [_thread_blocked, id=38, stack(0x00007f7392200000,0x00007f7392300000)]
  0x00007f73ac17c360 JavaThread "Active Thread: Equinox Container: d36cddcb-99bc-4825-a250-5132ec93cde7" [_thread_blocked, id=45, stack(0x00007f7390e00000,0x00007f7390f00000)]
  0x00007f73ac386590 JavaThread "Framework Event Dispatcher: Equinox Container: d36cddcb-99bc-4825-a250-5132ec93cde7" daemon [_thread_blocked, id=46, stack(0x00007f7390c00000,0x00007f7390d00000)]
  0x00007f73ac388640 JavaThread "Start Level: Equinox Container: d36cddcb-99bc-4825-a250-5132ec93cde7" daemon [_thread_blocked, id=47, stack(0x00007f7390a00000,0x00007f7390b00000)]
  0x00007f73ac45aff0 JavaThread "Refresh Thread: Equinox Container: d36cddcb-99bc-4825-a250-5132ec93cde7" daemon [_thread_blocked, id=48, stack(0x00007f7390800000,0x00007f7390900000)]
  0x00007f7340016d60 JavaThread "SCR Component Actor" daemon [_thread_blocked, id=49, stack(0x00007f7390600000,0x00007f7390700000)]
  0x00007f73402a8ed0 JavaThread "Worker-JM" [_thread_blocked, id=51, stack(0x00007f7390200000,0x00007f7390300000)]
  0x00007f73340010d0 JavaThread "Worker-1: Java indexing... " [_thread_blocked, id=53, stack(0x00007f7359b00000,0x00007f7359c00000)]
  0x00007f7340489f80 JavaThread "Java indexing" daemon [_thread_blocked, id=54, stack(0x00007f7359900000,0x00007f7359a00000)]
  0x00007f73401414a0 JavaThread "Bundle File Closer" daemon [_thread_blocked, id=55, stack(0x00007f7359700000,0x00007f7359800000)]
  0x00007f73ac2df550 JavaThread "pool-3-thread-1" [_thread_blocked, id=56, stack(0x00007f7359500000,0x00007f7359600000)]
  0x00007f73ac40be00 JavaThread "pool-2-thread-1" [_thread_blocked, id=58, stack(0x00007f7390400000,0x00007f7390500000)]
  0x00007f7318001130 JavaThread "Worker-3" [_thread_blocked, id=59, stack(0x00007f7359100000,0x00007f7359200000)]
  0x00007f731c0a1bf0 JavaThread "Worker-6: Publish Diagnostics" [_thread_blocked, id=139, stack(0x00007f7358b00000,0x00007f7358c00000)]
  0x00007f733426eb80 JavaThread "Worker-7: Compacting resource model" [_thread_blocked, id=141, stack(0x00007f7390b00000,0x00007f7390c00000)]
  0x00007f733c168fd0 JavaThread "Thread-4" [_thread_blocked, id=145, stack(0x00007f7358900000,0x00007f7358a00000)]
  0x00007f733c16c1e0 JavaThread "Thread-7" [_thread_blocked, id=148, stack(0x00007f7358300000,0x00007f7358400000)]
  0x00007f733c16f3c0 JavaThread "Thread-9" [_thread_blocked, id=150, stack(0x00007f7358100000,0x00007f7358200000)]
  0x00007f733c1bcb70 JavaThread "Thread-17" [_thread_blocked, id=158, stack(0x00007f7356f00000,0x00007f7357000000)]
  0x00007f733c1af610 JavaThread "Thread-21" [_thread_blocked, id=186, stack(0x00007f7357100000,0x00007f7357200000)]
  0x00007f733c19aca0 JavaThread "Thread-22" [_thread_blocked, id=277, stack(0x00007f7359300000,0x00007f7359400000)]
  0x00007f7300003940 JavaThread "Worker-9" [_thread_blocked, id=322, stack(0x00007f7358d00000,0x00007f7358e00000)]

Other Threads:
  0x00007f73ac0a1c10 VMThread "VM Thread" [stack: 0x00007f73b0574000,0x00007f73b0674000] [id=28] _threads_hazard_ptr=0x00007f73000027c0
  0x00007f73ac120430 WatcherThread [stack: 0x00007f7392100000,0x00007f7392200000] [id=39]
  0x00007f73ac03df30 GCTaskThread "GC Thread#0" [stack: 0x00007f73b201e000,0x00007f73b211e000] [id=27]

Threads with active compile tasks:
JVMCI-native CompilerThread0  1677773 13531       4       java.util.LinkedHashMap$LinkedKeyIterator::next (8 bytes)

VM state: synchronizing (normal execution)

VM Mutex/Monitor currently owned by a thread:  ([mutex/lock_event])
[0x00007f73ac023840] Threads_lock - owner thread: 0x00007f73ac0a1c10
[0x00007f73ac023ff0] Heap_lock - owner thread: 0x00007f733c1af610

OutOfMemory and StackOverflow Exception counts:
OutOfMemoryError java_heap_errors=7
LinkageErrors=59

Heap address: 0x00000000e0000000, size: 512 MB, Compressed Oops mode: 32-bit

CDS archive(s) mapped at: [0x0000000800000000-0x0000000800bc8000-0x0000000800bc8000), size 12353536, SharedBaseAddress: 0x0000000800000000, ArchiveRelocationMode: 0.
Compressed class space mapped at: 0x0000000800c00000-0x0000000840c00000, reserved size: 1073741824
Narrow klass base: 0x0000000800000000, Narrow klass shift: 0, Narrow klass range: 0x100000000

GC Precious Log:
 CPUs: 8 total, 1 available
 Memory: 1024M
 Large Page Support: Disabled
 NUMA Support: Disabled
 Compressed Oops: Enabled (32-bit)
 Alignments: Space 512K, Generation 512K, Heap 2M
 Heap Min Capacity: 100M
 Heap Initial Capacity: 100M
 Heap Max Capacity: 512M
 Pre-touch: Disabled
 Parallel Workers: 1

Heap:
 PSYoungGen      total 62464K, used 27647K [0x00000000f5580000, 0x00000000fba80000, 0x0000000100000000)
  eden space 27648K, 99% used [0x00000000f5580000,0x00000000f707fff8,0x00000000f7080000)
  from space 34816K, 0% used [0x00000000f9880000,0x00000000f9880000,0x00000000fba80000)
  to   space 37376K, 0% used [0x00000000f7080000,0x00000000f7080000,0x00000000f9500000)
 ParOldGen       total 349696K, used 349696K [0x00000000e0000000, 0x00000000f5580000, 0x00000000f5580000)
  object space 349696K, 100% used [0x00000000e0000000,0x00000000f5580000,0x00000000f5580000)
 Metaspace       used 62586K, committed 63424K, reserved 1114112K
  class space    used 5786K, committed 6144K, reserved 1048576K

Card table byte_map: [0x00007f73b211e000,0x00007f73b221f000] _byte_map_base: 0x00007f73b1a1e000

Marking Bits: (ParMarkBitMap*) 0x00007f73b386e4c0
 Begin Bits: [0x00007f73b0f71000, 0x00007f73b1771000)
 End Bits:   [0x00007f73b1771000, 0x00007f73b1f71000)

Polling page: 0x00007f73b2438000

Metaspace:

Usage:
  Non-class:     55.47 MB used.
      Class:      5.65 MB used.
       Both:     61.12 MB used.

Virtual space:
  Non-class space:       64.00 MB reserved,      55.94 MB ( 87%) committed,  8 nodes.
      Class space:        1.00 GB reserved,       6.00 MB ( <1%) committed,  1 nodes.
             Both:        1.06 GB reserved,      61.94 MB (  6%) committed. 

Chunk freelists:
   Non-Class:  3.92 MB
       Class:  2.02 MB
        Both:  5.94 MB

MaxMetaspaceSize: unlimited
CompressedClassSpaceSize: 1.00 GB
Initial GC threshold: 21.00 MB
Current GC threshold: 103.06 MB
CDS: on
MetaspaceReclaimPolicy: balanced
 - commit_granule_bytes: 65536.
 - commit_granule_words: 8192.
 - virtual_space_node_default_size: 1048576.
 - enlarge_chunks_in_place: 1.
 - new_chunks_are_fully_committed: 0.
 - uncommit_free_chunks: 1.
 - use_allocation_guard: 0.
 - handle_deallocations: 1.


Internal statistics:

num_allocs_failed_limit: 6.
num_arena_births: 398.
num_arena_deaths: 70.
num_vsnodes_births: 9.
num_vsnodes_deaths: 0.
num_space_committed: 987.
num_space_uncommitted: 0.
num_chunks_returned_to_freelist: 96.
num_chunks_taken_from_freelist: 2792.
num_chunk_merges: 36.
num_chunk_splits: 1835.
num_chunks_enlarged: 1176.
num_purges: 2.
num_inconsistent_stats: 0.

CodeHeap 'non-profiled nmethods': size=120036Kb used=2670Kb max_used=2670Kb free=117365Kb
 bounds [0x00007f739af7a000, 0x00007f739b21a000, 0x00007f73a24b3000]
CodeHeap 'profiled nmethods': size=120032Kb used=22343Kb max_used=22343Kb free=97688Kb
 bounds [0x00007f7393a42000, 0x00007f7395022000, 0x00007f739af7a000]
CodeHeap 'non-nmethods': size=5692Kb used=1394Kb max_used=1401Kb free=4297Kb
 bounds [0x00007f73934b3000, 0x00007f7393723000, 0x00007f7393a42000]
 total_blobs=9723 nmethods=8998 adapters=624
 compilation: enabled
              stopped_count=0, restarted_count=0
 full_count=0

JVMCI Events (20 events):
Event: 1476.658 Thread 0x00007f73ac0b21e0 releasing handles for JVMCI runtime 0: oop handles=84, metadata handles={total=204, live=197, blocks=41}
Event: 1476.658 Thread 0x00007f73ac0b21e0 detached from JVMCI runtime 0
Event: 1487.956 Thread 0x00007f73ac0b21e0 attached to JVMCI runtime 0
Event: 1487.957 Thread 0x00007f73ac0b21e0 created JavaVM[3]@0x00007f72c669e340 for JVMCI runtime 0
Event: 1489.359 Thread 0x00007f73ac0b21e0 initializing JVMCI runtime 0
Event: 1489.359 Thread 0x00007f73ac0b21e0 done waiting for JavaVM references initialization in JVMCI runtime 0
Event: 1584.004 Thread 0x00007f73ac0b21e0 initialized JVMCI runtime 0
Event: 1609.557 Thread 0x00007f73ac0b21e0 compacted oop handles in JVMCI runtime 0 from 54 to 42
Event: 1618.189 Thread 0x00007f73ac0b21e0 compacted oop handles in JVMCI runtime 0 from 45 to 43
Event: 1619.682 Thread 0x00007f73ac0b21e0 detaching from JVMCI runtime 0: releasing idle compiler thread (0 other threads still attached)
Event: 1619.682 Thread 0x00007f73ac0b21e0 shutting down HotSpotJVMCIRuntime for JVMCI runtime 0
Event: 1619.682 Thread 0x00007f73ac0b21e0 shut down JVMCI runtime 0
Event: 1619.686 Thread 0x00007f73ac0b21e0 destroyed JavaVM[3]@0x00007f72c669e340 for JVMCI runtime 0
Event: 1619.686 Thread 0x00007f73ac0b21e0 compacted oop handles in JVMCI runtime 0 from 43 to 43
Event: 1619.686 Thread 0x00007f73ac0b21e0 releasing handles for JVMCI runtime 0: oop handles=43, metadata handles={total=98, live=97, blocks=41}
Event: 1619.686 Thread 0x00007f73ac0b21e0 detached from JVMCI runtime 0
Event: 1633.276 Thread 0x00007f73ac0b21e0 attached to JVMCI runtime 0
Event: 1633.281 Thread 0x00007f73ac0b21e0 created JavaVM[4]@0x00007f72c669e340 for JVMCI runtime 0
Event: 1633.281 Thread 0x00007f73ac0b21e0 initializing JVMCI runtime 0
Event: 1633.281 Thread 0x00007f73ac0b21e0 done waiting for JavaVM references initialization in JVMCI runtime 0

Compilation events (20 events):
Event: 1472.501 Thread 0x00007f73ac0b21e0 nmethod 13512 0x00007f739b211910 code [0x00007f739b211a80, 0x00007f739b211ad0]
Event: 1472.502 Thread 0x00007f73ac0b21e0 13522       4       java.util.AbstractList$Itr::hasNext (20 bytes)
Event: 1472.503 Thread 0x00007f73ac0b21e0 nmethod 13522 0x00007f739b211c10 code [0x00007f739b211da0, 0x00007f739b211e78]
Event: 1472.503 Thread 0x00007f73ac0b21e0 13511       4       java.util.ArrayList::add (65 bytes)
Event: 1473.910 Thread 0x00007f73ac0b21e0 nmethod 13511 0x00007f739b211f90 code [0x00007f739b212140, 0x00007f739b212660]
Event: 1473.910 Thread 0x00007f73ac0b21e0 13515       4       java.io.DataOutputStream::writeUTF (7 bytes)
Event: 1473.913 Thread 0x00007f73ac0b21e0 nmethod 13515 0x00007f739b212910 code [0x00007f739b212aa0, 0x00007f739b212b10]
Event: 1480.597 Thread 0x00007f73ac0b36f0 13525       1       java.util.concurrent.ThreadPoolExecutor::getQueue (5 bytes)
Event: 1480.597 Thread 0x00007f73ac0b36f0 nmethod 13525 0x00007f739b212c10 code [0x00007f739b212da0, 0x00007f739b212e70]
Event: 1487.956 Thread 0x00007f73ac0b21e0 13526       4       org.eclipse.jdt.internal.compiler.lookup.PackageBinding::clearMissingTagBit (24 bytes)
Event: 1494.995 Thread 0x00007f73ac0b36f0 13527       3       java.util.concurrent.locks.AbstractQueuedSynchronizer$ConditionObject::canReacquire (28 bytes)
Event: 1496.393 Thread 0x00007f73ac0b36f0 nmethod 13527 0x00007f7395010590 code [0x00007f7395010740, 0x00007f7395010a90]
Event: 1588.105 Thread 0x00007f73ac0b21e0 nmethod 13526 0x00007f739b212f10 code [0x00007f739b213080, 0x00007f739b213140]
Event: 1588.105 Thread 0x00007f73ac0b21e0 13529       4       org.eclipse.jdt.internal.core.index.DiskIndex::copyQueryResults (218 bytes)
Event: 1609.557 Thread 0x00007f73ac0b21e0 nmethod 13529 0x00007f739b213210 code [0x00007f739b213440, 0x00007f739b2146d0]
Event: 1609.557 Thread 0x00007f73ac0b21e0 13528       4       java.lang.Integer::toString (55 bytes)
Event: 1609.558 Thread 0x00007f73ac0b36f0 13530       3       java.lang.invoke.VarHandleGuards::guard_LLL_Z (86 bytes)
Event: 1613.712 Thread 0x00007f73ac0b36f0 nmethod 13530 0x00007f7395010c10 code [0x00007f7395010f40, 0x00007f7395013460]
Event: 1618.189 Thread 0x00007f73ac0b21e0 nmethod 13528 0x00007f739b215190 code [0x00007f739b215320, 0x00007f739b2157d8]
Event: 1633.276 Thread 0x00007f73ac0b21e0 13531       4       java.util.LinkedHashMap$LinkedKeyIterator::next (8 bytes)

GC Heap History (20 events):
Event: 1649.668 GC heap before
{Heap before GC invocations=1020 (full 948):
 PSYoungGen      total 62464K, used 27648K [0x00000000f5580000, 0x00000000fba80000, 0x0000000100000000)
  eden space 27648K, 100% used [0x00000000f5580000,0x00000000f7080000,0x00000000f7080000)
  from space 34816K, 0% used [0x00000000f9880000,0x00000000f9880000,0x00000000fba80000)
  to   space 37376K, 0% used [0x00000000f7080000,0x00000000f7080000,0x00000000f9500000)
 ParOldGen       total 349696K, used 349695K [0x00000000e0000000, 0x00000000f5580000, 0x00000000f5580000)
  object space 349696K, 99% used [0x00000000e0000000,0x00000000f557ffe0,0x00000000f5580000)
 Metaspace       used 62586K, committed 63424K, reserved 1114112K
  class space    used 5786K, committed 6144K, reserved 1048576K
}
Event: 1651.103 GC heap after
{Heap after GC invocations=1020 (full 948):
 PSYoungGen      total 65024K, used 27648K [0x00000000f5580000, 0x00000000fba80000, 0x0000000100000000)
  eden space 27648K, 100% used [0x00000000f5580000,0x00000000f7080000,0x00000000f7080000)
  from space 37376K, 0% used [0x00000000f7080000,0x00000000f7080000,0x00000000f9500000)
  to   space 34816K, 0% used [0x00000000f9880000,0x00000000f9880000,0x00000000fba80000)
 ParOldGen       total 349696K, used 349695K [0x00000000e0000000, 0x00000000f5580000, 0x00000000f5580000)
  object space 349696K, 99% used [0x00000000e0000000,0x00000000f557ffe0,0x00000000f5580000)
 Metaspace       used 62586K, committed 63424K, reserved 1114112K
  class space    used 5786K, committed 6144K, reserved 1048576K
}
Event: 1651.103 GC heap before
{Heap before GC invocations=1021 (full 949):
 PSYoungGen      total 65024K, used 27648K [0x00000000f5580000, 0x00000000fba80000, 0x0000000100000000)
  eden space 27648K, 100% used [0x00000000f5580000,0x00000000f7080000,0x00000000f7080000)
  from space 37376K, 0% used [0x00000000f7080000,0x00000000f7080000,0x00000000f9500000)
  to   space 34816K, 0% used [0x00000000f9880000,0x00000000f9880000,0x00000000fba80000)
 ParOldGen       total 349696K, used 349696K [0x00000000e0000000, 0x00000000f5580000, 0x00000000f5580000)
  object space 349696K, 100% used [0x00000000e0000000,0x00000000f5580000,0x00000000f5580000)
 Metaspace       used 62586K, committed 63424K, reserved 1114112K
  class space    used 5786K, committed 6144K, reserved 1048576K
}
Event: 1652.683 GC heap after
{Heap after GC invocations=1021 (full 949):
 PSYoungGen      total 62464K, used 27648K [0x00000000f5580000, 0x00000000fba80000, 0x0000000100000000)
  eden space 27648K, 100% used [0x00000000f5580000,0x00000000f7080000,0x00000000f7080000)
  from space 34816K, 0% used [0x00000000f9880000,0x00000000f9880000,0x00000000fba80000)
  to   space 37376K, 0% used [0x00000000f7080000,0x00000000f7080000,0x00000000f9500000)
 ParOldGen       total 349696K, used 349696K [0x00000000e0000000, 0x00000000f5580000, 0x00000000f5580000)
  object space 349696K, 100% used [0x00000000e0000000,0x00000000f5580000,0x00000000f5580000)
 Metaspace       used 62586K, committed 63424K, reserved 1114112K
  class space    used 5786K, committed 6144K, reserved 1048576K
}
Event: 1652.683 GC heap before
{Heap before GC invocations=1022 (full 950):
 PSYoungGen      total 62464K, used 27648K [0x00000000f5580000, 0x00000000fba80000, 0x0000000100000000)
  eden space 27648K, 100% used [0x00000000f5580000,0x00000000f7080000,0x00000000f7080000)
  from space 34816K, 0% used [0x00000000f9880000,0x00000000f9880000,0x00000000fba80000)
  to   space 37376K, 0% used [0x00000000f7080000,0x00000000f7080000,0x00000000f9500000)
 ParOldGen       total 349696K, used 349696K [0x00000000e0000000, 0x00000000f5580000, 0x00000000f5580000)
  object space 349696K, 100% used [0x00000000e0000000,0x00000000f5580000,0x00000000f5580000)
 Metaspace       used 62586K, committed 63424K, reserved 1114112K
  class space    used 5786K, committed 6144K, reserved 1048576K
}
Event: 1654.094 GC heap after
{Heap after GC invocations=1022 (full 950):
 PSYoungGen      total 65024K, used 27648K [0x00000000f5580000, 0x00000000fba80000, 0x0000000100000000)
  eden space 27648K, 100% used [0x00000000f5580000,0x00000000f7080000,0x00000000f7080000)
  from space 37376K, 0% used [0x00000000f7080000,0x00000000f7080000,0x00000000f9500000)
  to   space 34816K, 0% used [0x00000000f9880000,0x00000000f9880000,0x00000000fba80000)
 ParOldGen       total 349696K, used 349696K [0x00000000e0000000, 0x00000000f5580000, 0x00000000f5580000)
  object space 349696K, 100% used [0x00000000e0000000,0x00000000f5580000,0x00000000f5580000)
 Metaspace       used 62586K, committed 63424K, reserved 1114112K
  class space    used 5786K, committed 6144K, reserved 1048576K
}
Event: 1654.095 GC heap before
{Heap before GC invocations=1023 (full 951):
 PSYoungGen      total 65024K, used 27648K [0x00000000f5580000, 0x00000000fba80000, 0x0000000100000000)
  eden space 27648K, 100% used [0x00000000f5580000,0x00000000f7080000,0x00000000f7080000)
  from space 37376K, 0% used [0x00000000f7080000,0x00000000f7080000,0x00000000f9500000)
  to   space 34816K, 0% used [0x00000000f9880000,0x00000000f9880000,0x00000000fba80000)
 ParOldGen       total 349696K, used 349696K [0x00000000e0000000, 0x00000000f5580000, 0x00000000f5580000)
  object space 349696K, 100% used [0x00000000e0000000,0x00000000f5580000,0x00000000f5580000)
 Metaspace       used 62586K, committed 63424K, reserved 1114112K
  class space    used 5786K, committed 6144K, reserved 1048576K
}
Event: 1656.678 GC heap after
{Heap after GC invocations=1023 (full 951):
 PSYoungGen      total 62464K, used 27648K [0x00000000f5580000, 0x00000000fba80000, 0x0000000100000000)
  eden space 27648K, 100% used [0x00000000f5580000,0x00000000f7080000,0x00000000f7080000)
  from space 34816K, 0% used [0x00000000f9880000,0x00000000f9880000,0x00000000fba80000)
  to   space 37376K, 0% used [0x00000000f7080000,0x00000000f7080000,0x00000000f9500000)
 ParOldGen       total 349696K, used 349696K [0x00000000e0000000, 0x00000000f5580000, 0x00000000f5580000)
  object space 349696K, 100% used [0x00000000e0000000,0x00000000f5580000,0x00000000f5580000)
 Metaspace       used 62586K, committed 63424K, reserved 1114112K
  class space    used 5786K, committed 6144K, reserved 1048576K
}
Event: 1656.678 GC heap before
{Heap before GC invocations=1024 (full 952):
 PSYoungGen      total 62464K, used 27648K [0x00000000f5580000, 0x00000000fba80000, 0x0000000100000000)
  eden space 27648K, 100% used [0x00000000f5580000,0x00000000f7080000,0x00000000f7080000)
  from space 34816K, 0% used [0x00000000f9880000,0x00000000f9880000,0x00000000fba80000)
  to   space 37376K, 0% used [0x00000000f7080000,0x00000000f7080000,0x00000000f9500000)
 ParOldGen       total 349696K, used 349696K [0x00000000e0000000, 0x00000000f5580000, 0x00000000f5580000)
  object space 349696K, 100% used [0x00000000e0000000,0x00000000f5580000,0x00000000f5580000)
 Metaspace       used 62586K, committed 63424K, reserved 1114112K
  class space    used 5786K, committed 6144K, reserved 1048576K
}
Event: 1660.681 GC heap after
{Heap after GC invocations=1024 (full 952):
 PSYoungGen      total 65024K, used 27648K [0x00000000f5580000, 0x00000000fba80000, 0x0000000100000000)
  eden space 27648K, 100% used [0x00000000f5580000,0x00000000f7080000,0x00000000f7080000)
  from space 37376K, 0% used [0x00000000f7080000,0x00000000f7080000,0x00000000f9500000)
  to   space 34816K, 0% used [0x00000000f9880000,0x00000000f9880000,0x00000000fba80000)
 ParOldGen       total 349696K, used 349696K [0x00000000e0000000, 0x00000000f5580000, 0x00000000f5580000)
  object space 349696K, 100% used [0x00000000e0000000,0x00000000f5580000,0x00000000f5580000)
 Metaspace       used 62586K, committed 63424K, reserved 1114112K
  class space    used 5786K, committed 6144K, reserved 1048576K
}
Event: 1660.752 GC heap before
{Heap before GC invocations=1025 (full 953):
 PSYoungGen      total 65024K, used 27648K [0x00000000f5580000, 0x00000000fba80000, 0x0000000100000000)
  eden space 27648K, 100% used [0x00000000f5580000,0x00000000f7080000,0x00000000f7080000)
  from space 37376K, 0% used [0x00000000f7080000,0x00000000f7080000,0x00000000f9500000)
  to   space 34816K, 0% used [0x00000000f9880000,0x00000000f9880000,0x00000000fba80000)
 ParOldGen       total 349696K, used 349696K [0x00000000e0000000, 0x00000000f5580000, 0x00000000f5580000)
  object space 349696K, 100% used [0x00000000e0000000,0x00000000f5580000,0x00000000f5580000)
 Metaspace       used 62586K, committed 63424K, reserved 1114112K
  class space    used 5786K, committed 6144K, reserved 1048576K
}
Event: 1665.289 GC heap after
{Heap after GC invocations=1025 (full 953):
 PSYoungGen      total 62464K, used 27648K [0x00000000f5580000, 0x00000000fba80000, 0x0000000100000000)
  eden space 27648K, 100% used [0x00000000f5580000,0x00000000f7080000,0x00000000f7080000)
  from space 34816K, 0% used [0x00000000f9880000,0x00000000f9880000,0x00000000fba80000)
  to   space 37376K, 0% used [0x00000000f7080000,0x00000000f7080000,0x00000000f9500000)
 ParOldGen       total 349696K, used 349696K [0x00000000e0000000, 0x00000000f5580000, 0x00000000f5580000)
  object space 349696K, 100% used [0x00000000e0000000,0x00000000f5580000,0x00000000f5580000)
 Metaspace       used 62586K, committed 63424K, reserved 1114112K
  class space    used 5786K, committed 6144K, reserved 1048576K
}
Event: 1665.289 GC heap before
{Heap before GC invocations=1026 (full 954):
 PSYoungGen      total 62464K, used 27648K [0x00000000f5580000, 0x00000000fba80000, 0x0000000100000000)
  eden space 27648K, 100% used [0x00000000f5580000,0x00000000f7080000,0x00000000f7080000)
  from space 34816K, 0% used [0x00000000f9880000,0x00000000f9880000,0x00000000fba80000)
  to   space 37376K, 0% used [0x00000000f7080000,0x00000000f7080000,0x00000000f9500000)
 ParOldGen       total 349696K, used 349696K [0x00000000e0000000, 0x00000000f5580000, 0x00000000f5580000)
  object space 349696K, 100% used [0x00000000e0000000,0x00000000f5580000,0x00000000f5580000)
 Metaspace       used 62586K, committed 63424K, reserved 1114112K
  class space    used 5786K, committed 6144K, reserved 1048576K
}
Event: 1669.863 GC heap after
{Heap after GC invocations=1026 (full 954):
 PSYoungGen      total 65024K, used 27648K [0x00000000f5580000, 0x00000000fba80000, 0x0000000100000000)
  eden space 27648K, 100% used [0x00000000f5580000,0x00000000f7080000,0x00000000f7080000)
  from space 37376K, 0% used [0x00000000f7080000,0x00000000f7080000,0x00000000f9500000)
  to   space 34816K, 0% used [0x00000000f9880000,0x00000000f9880000,0x00000000fba80000)
 ParOldGen       total 349696K, used 349696K [0x00000000e0000000, 0x00000000f5580000, 0x00000000f5580000)
  object space 349696K, 100% used [0x00000000e0000000,0x00000000f5580000,0x00000000f5580000)
 Metaspace       used 62586K, committed 63424K, reserved 1114112K
  class space    used 5786K, committed 6144K, reserved 1048576K
}
Event: 1669.865 GC heap before
{Heap before GC invocations=1027 (full 955):
 PSYoungGen      total 65024K, used 27648K [0x00000000f5580000, 0x00000000fba80000, 0x0000000100000000)
  eden space 27648K, 100% used [0x00000000f5580000,0x00000000f7080000,0x00000000f7080000)
  from space 37376K, 0% used [0x00000000f7080000,0x00000000f7080000,0x00000000f9500000)
  to   space 34816K, 0% used [0x00000000f9880000,0x00000000f9880000,0x00000000fba80000)
 ParOldGen       total 349696K, used 349696K [0x00000000e0000000, 0x00000000f5580000, 0x00000000f5580000)
  object space 349696K, 100% used [0x00000000e0000000,0x00000000f5580000,0x00000000f5580000)
 Metaspace       used 62586K, committed 63424K, reserved 1114112K
  class space    used 5786K, committed 6144K, reserved 1048576K
}
Event: 1673.374 GC heap after
{Heap after GC invocations=1027 (full 955):
 PSYoungGen      total 62464K, used 27647K [0x00000000f5580000, 0x00000000fba80000, 0x0000000100000000)
  eden space 27648K, 99% used [0x00000000f5580000,0x00000000f707ffe0,0x00000000f7080000)
  from space 34816K, 0% used [0x00000000f9880000,0x00000000f9880000,0x00000000fba80000)
  to   space 37376K, 0% used [0x00000000f7080000,0x00000000f7080000,0x00000000f9500000)
 ParOldGen       total 349696K, used 349696K [0x00000000e0000000, 0x00000000f5580000, 0x00000000f5580000)
  object space 349696K, 100% used [0x00000000e0000000,0x00000000f5580000,0x00000000f5580000)
 Metaspace       used 62586K, committed 63424K, reserved 1114112K
  class space    used 5786K, committed 6144K, reserved 1048576K
}
Event: 1673.375 GC heap before
{Heap before GC invocations=1028 (full 956):
 PSYoungGen      total 62464K, used 27647K [0x00000000f5580000, 0x00000000fba80000, 0x0000000100000000)
  eden space 27648K, 99% used [0x00000000f5580000,0x00000000f707fff8,0x00000000f7080000)
  from space 34816K, 0% used [0x00000000f9880000,0x00000000f9880000,0x00000000fba80000)
  to   space 37376K, 0% used [0x00000000f7080000,0x00000000f7080000,0x00000000f9500000)
 ParOldGen       total 349696K, used 349696K [0x00000000e0000000, 0x00000000f5580000, 0x00000000f5580000)
  object space 349696K, 100% used [0x00000000e0000000,0x00000000f5580000,0x00000000f5580000)
 Metaspace       used 62586K, committed 63424K, reserved 1114112K
  class space    used 5786K, committed 6144K, reserved 1048576K
}
Event: 1676.064 GC heap after
{Heap after GC invocations=1028 (full 956):
 PSYoungGen      total 65024K, used 27647K [0x00000000f5580000, 0x00000000fba80000, 0x0000000100000000)
  eden space 27648K, 99% used [0x00000000f5580000,0x00000000f707fff8,0x00000000f7080000)
  from space 37376K, 0% used [0x00000000f7080000,0x00000000f7080000,0x00000000f9500000)
  to   space 34816K, 0% used [0x00000000f9880000,0x00000000f9880000,0x00000000fba80000)
 ParOldGen       total 349696K, used 349696K [0x00000000e0000000, 0x00000000f5580000, 0x00000000f5580000)
  object space 349696K, 100% used [0x00000000e0000000,0x00000000f5580000,0x00000000f5580000)
 Metaspace       used 62586K, committed 63424K, reserved 1114112K
  class space    used 5786K, committed 6144K, reserved 1048576K
}
Event: 1676.064 GC heap before
{Heap before GC invocations=1029 (full 957):
 PSYoungGen      total 65024K, used 27647K [0x00000000f5580000, 0x00000000fba80000, 0x0000000100000000)
  eden space 27648K, 99% used [0x00000000f5580000,0x00000000f707fff8,0x00000000f7080000)
  from space 37376K, 0% used [0x00000000f7080000,0x00000000f7080000,0x00000000f9500000)
  to   space 34816K, 0% used [0x00000000f9880000,0x00000000f9880000,0x00000000fba80000)
 ParOldGen       total 349696K, used 349696K [0x00000000e0000000, 0x00000000f5580000, 0x00000000f5580000)
  object space 349696K, 100% used [0x00000000e0000000,0x00000000f5580000,0x00000000f5580000)
 Metaspace       used 62586K, committed 63424K, reserved 1114112K
  class space    used 5786K, committed 6144K, reserved 1048576K
}
Event: 1677.689 GC heap after
{Heap after GC invocations=1029 (full 957):
 PSYoungGen      total 62464K, used 27647K [0x00000000f5580000, 0x00000000fba80000, 0x0000000100000000)
  eden space 27648K, 99% used [0x00000000f5580000,0x00000000f707fff8,0x00000000f7080000)
  from space 34816K, 0% used [0x00000000f9880000,0x00000000f9880000,0x00000000fba80000)
  to   space 37376K, 0% used [0x00000000f7080000,0x00000000f7080000,0x00000000f9500000)
 ParOldGen       total 349696K, used 349696K [0x00000000e0000000, 0x00000000f5580000, 0x00000000f5580000)
  object space 349696K, 100% used [0x00000000e0000000,0x00000000f5580000,0x00000000f5580000)
 Metaspace       used 62586K, committed 63424K, reserved 1114112K
  class space    used 5786K, committed 6144K, reserved 1048576K
}

Dll operation events (9 events):
Event: 0.003 Loaded shared library /nix/store/gpxl5qgg8kicmcvivwmybwjlpf7wh20l-graalvm17-ce-22.3.0/lib/libjava.so
Event: 0.012 Loaded shared library /nix/store/gpxl5qgg8kicmcvivwmybwjlpf7wh20l-graalvm17-ce-22.3.0/lib/libjsvml.so
Event: 0.418 Loaded shared library /nix/store/gpxl5qgg8kicmcvivwmybwjlpf7wh20l-graalvm17-ce-22.3.0/lib/libnio.so
Event: 0.435 Loaded shared library /nix/store/gpxl5qgg8kicmcvivwmybwjlpf7wh20l-graalvm17-ce-22.3.0/lib/libzip.so
Event: 0.451 Loaded shared library /nix/store/gpxl5qgg8kicmcvivwmybwjlpf7wh20l-graalvm17-ce-22.3.0/lib/libjvmcicompiler.so
Event: 1.082 Loaded shared library /nix/store/gpxl5qgg8kicmcvivwmybwjlpf7wh20l-graalvm17-ce-22.3.0/lib/libjimage.so
Event: 2.156 Loaded shared library /nix/store/gpxl5qgg8kicmcvivwmybwjlpf7wh20l-graalvm17-ce-22.3.0/lib/libnet.so
Event: 7.856 Loaded shared library /home/runner/.cache/jdt-language-server/config/org.eclipse.equinox.launcher/org.eclipse.equinox.launcher.gtk.linux.x86_64_1.2.400.v20211117-0650/eclipse_11600.so
Event: 19.803 Loaded shared library /nix/store/gpxl5qgg8kicmcvivwmybwjlpf7wh20l-graalvm17-ce-22.3.0/lib/libextnet.so

Deoptimization events (20 events):
Event: 1624.197 Thread 0x00007f733c1bcb70 Uncommon trap: trap_request=0xffffff8f fr.pc=0x00007f739b18d31b relative=0x00000000000009db
Event: 1624.197 Thread 0x00007f733c1bcb70 Uncommon trap: reason=constraint action=none pc=0x00007f739b18d31b method=java.util.Hashtable.addEntry(ILjava/lang/Object;Ljava/lang/Object;I)V @ 42 jvmci
Event: 1624.197 Thread 0x00007f733c1bcb70 DEOPT PACKING pc=0x00007f739b18d31b sp=0x00007f7356ffdab0
Event: 1624.197 Thread 0x00007f733c1bcb70 DEOPT UNPACKING pc=0x00007f7393505325 sp=0x00007f7356ffced8 mode 3
Event: 1628.597 Thread 0x00007f733c1bcb70 Uncommon trap: trap_request=0xffffff8f fr.pc=0x00007f739b18d31b relative=0x00000000000009db
Event: 1628.597 Thread 0x00007f733c1bcb70 Uncommon trap: reason=constraint action=none pc=0x00007f739b18d31b method=java.util.Hashtable.addEntry(ILjava/lang/Object;Ljava/lang/Object;I)V @ 42 jvmci
Event: 1628.597 Thread 0x00007f733c1bcb70 DEOPT PACKING pc=0x00007f739b18d31b sp=0x00007f7356ffdab0
Event: 1628.597 Thread 0x00007f733c1bcb70 DEOPT UNPACKING pc=0x00007f7393505325 sp=0x00007f7356ffced8 mode 3
Event: 1651.103 Thread 0x00007f733c19aca0 Uncommon trap: trap_request=0xffffff8f fr.pc=0x00007f739af9943f relative=0x000000000000065f
Event: 1651.103 Thread 0x00007f733c19aca0 Uncommon trap: reason=constraint action=none pc=0x00007f739af9943f method=java.util.HashMap.resize()[Ljava/util/HashMap$Node; @ 131 jvmci
Event: 1651.103 Thread 0x00007f733c19aca0 DEOPT PACKING pc=0x00007f739af9943f sp=0x00007f73593fd970
Event: 1651.103 Thread 0x00007f733c19aca0 DEOPT UNPACKING pc=0x00007f7393505325 sp=0x00007f73593fcdc8 mode 3
Event: 1654.095 Thread 0x00007f733c1bcb70 Uncommon trap: trap_request=0xffffff8f fr.pc=0x00007f739b18d31b relative=0x00000000000009db
Event: 1654.095 Thread 0x00007f733c1bcb70 Uncommon trap: reason=constraint action=none pc=0x00007f739b18d31b method=java.util.Hashtable.addEntry(ILjava/lang/Object;Ljava/lang/Object;I)V @ 42 jvmci
Event: 1654.095 Thread 0x00007f733c1bcb70 DEOPT PACKING pc=0x00007f739b18d31b sp=0x00007f7356ffdab0
Event: 1654.095 Thread 0x00007f733c1bcb70 DEOPT UNPACKING pc=0x00007f7393505325 sp=0x00007f7356ffced8 mode 3
Event: 1660.682 Thread 0x00007f73402a8ed0 Uncommon trap: trap_request=0xffffff8f fr.pc=0x00007f739b05fe77 relative=0x00000000000000d7
Event: 1660.682 Thread 0x00007f73402a8ed0 Uncommon trap: reason=constraint action=none pc=0x00007f739b05fe77 method=java.util.ArrayList.iterator()Ljava/util/Iterator; @ 0 jvmci
Event: 1660.682 Thread 0x00007f73402a8ed0 DEOPT PACKING pc=0x00007f739b05fe77 sp=0x00007f73902fe910
Event: 1660.682 Thread 0x00007f73402a8ed0 DEOPT UNPACKING pc=0x00007f7393505325 sp=0x00007f73902fddb8 mode 3

Classes unloaded (20 events):
Event: 134.997 Thread 0x00007f73ac0a1c10 Unloading class 0x0000000800ef0000 'jdk/internal/reflect/GeneratedConstructorAccessor8'
Event: 134.997 Thread 0x00007f73ac0a1c10 Unloading class 0x0000000800d99000 'java/lang/invoke/LambdaForm$MH+0x0000000800d99000'
Event: 134.997 Thread 0x00007f73ac0a1c10 Unloading class 0x0000000800d98c00 'java/lang/invoke/LambdaForm$MH+0x0000000800d98c00'
Event: 134.997 Thread 0x00007f73ac0a1c10 Unloading class 0x0000000800d98800 'java/lang/invoke/LambdaForm$MH+0x0000000800d98800'
Event: 134.997 Thread 0x00007f73ac0a1c10 Unloading class 0x0000000800d98400 'java/lang/invoke/LambdaForm$MH+0x0000000800d98400'
Event: 134.997 Thread 0x00007f73ac0a1c10 Unloading class 0x0000000800d98000 'jdk/internal/reflect/GeneratedConstructorAccessor3'
Event: 134.997 Thread 0x00007f73ac0a1c10 Unloading class 0x0000000800d06800 'java/lang/invoke/LambdaForm$MH+0x0000000800d06800'
Event: 134.997 Thread 0x00007f73ac0a1c10 Unloading class 0x0000000800d06000 'java/lang/invoke/LambdaForm$MH+0x0000000800d06000'
Event: 134.997 Thread 0x00007f73ac0a1c10 Unloading class 0x0000000800d05c00 'java/lang/invoke/LambdaForm$MH+0x0000000800d05c00'
Event: 134.997 Thread 0x00007f73ac0a1c10 Unloading class 0x0000000800d05800 'java/lang/invoke/LambdaForm$MH+0x0000000800d05800'
Event: 134.997 Thread 0x00007f73ac0a1c10 Unloading class 0x0000000800d05000 'java/lang/invoke/LambdaForm$MH+0x0000000800d05000'
Event: 134.997 Thread 0x00007f73ac0a1c10 Unloading class 0x0000000800d04c00 'java/lang/invoke/LambdaForm$MH+0x0000000800d04c00'
Event: 134.997 Thread 0x00007f73ac0a1c10 Unloading class 0x0000000800d04800 'java/lang/invoke/LambdaForm$MH+0x0000000800d04800'
Event: 134.997 Thread 0x00007f73ac0a1c10 Unloading class 0x0000000800d04000 'java/lang/invoke/LambdaForm$MH+0x0000000800d04000'
Event: 134.997 Thread 0x00007f73ac0a1c10 Unloading class 0x0000000800c1d000 'jdk/internal/reflect/GeneratedMethodAccessor5'
Event: 134.997 Thread 0x00007f73ac0a1c10 Unloading class 0x0000000800c1cc00 'jdk/internal/reflect/GeneratedMethodAccessor4'
Event: 134.997 Thread 0x00007f73ac0a1c10 Unloading class 0x0000000800c1c800 'jdk/internal/reflect/GeneratedMethodAccessor3'
Event: 134.997 Thread 0x00007f73ac0a1c10 Unloading class 0x0000000800c1c400 'jdk/internal/reflect/GeneratedMethodAccessor2'
Event: 134.997 Thread 0x00007f73ac0a1c10 Unloading class 0x0000000800c1c000 'jdk/internal/reflect/GeneratedMethodAccessor1'
Event: 134.997 Thread 0x00007f73ac0a1c10 Unloading class 0x0000000800c01c00 'java/lang/invoke/LambdaForm$DMH+0x0000000800c01c00'

Classes redefined (0 events):
No events

Internal exceptions (20 events):
Event: 92.268 Thread 0x00007f733c19f270 Exception <a 'java/lang/ClassCastException'{0x00000000f7c6de98}: class org.eclipse.jdt.internal.compiler.lookup.BinaryTypeBinding cannot be cast to class org.eclipse.jdt.internal.compiler.lookup.SourceTypeBinding (org.eclipse.jdt.internal.compiler.lookup.BinaryTypeBinding and org.eclipse.jdt.internal.compiler.lookup.SourceTypeBinding are in unnamed module of loader org.eclipse.osgi.internal.loader.EquinoxClassLoader @1ea2c424)> (0x00000000f7c6de98) 
thrown [src/hotspot/share/interpreter/interpreterRuntime.
Event: 92.268 Thread 0x00007f733c19f270 Exception <a 'java/lang/ClassCastException'{0x00000000f7d08890}: class org.eclipse.jdt.internal.compiler.lookup.BinaryTypeBinding cannot be cast to class org.eclipse.jdt.internal.compiler.lookup.SourceTypeBinding (org.eclipse.jdt.internal.compiler.lookup.BinaryTypeBinding and org.eclipse.jdt.internal.compiler.lookup.SourceTypeBinding are in unnamed module of loader org.eclipse.osgi.internal.loader.EquinoxClassLoader @1ea2c424)> (0x00000000f7d08890) 
thrown [src/hotspot/share/interpreter/interpreterRuntime.
Event: 92.268 Thread 0x00007f733c19f270 Exception <a 'java/lang/ClassCastException'{0x00000000f7d08cf8}: class org.eclipse.jdt.internal.compiler.lookup.BinaryTypeBinding cannot be cast to class org.eclipse.jdt.internal.compiler.lookup.SourceTypeBinding (org.eclipse.jdt.internal.compiler.lookup.BinaryTypeBinding and org.eclipse.jdt.internal.compiler.lookup.SourceTypeBinding are in unnamed module of loader org.eclipse.osgi.internal.loader.EquinoxClassLoader @1ea2c424)> (0x00000000f7d08cf8) 
thrown [src/hotspot/share/interpreter/interpreterRuntime.
Event: 92.268 Thread 0x00007f733c19f270 Exception <a 'java/lang/ClassCastException'{0x00000000f7d0b7e8}: class org.eclipse.jdt.internal.compiler.lookup.BinaryTypeBinding cannot be cast to class org.eclipse.jdt.internal.compiler.lookup.SourceTypeBinding (org.eclipse.jdt.internal.compiler.lookup.BinaryTypeBinding and org.eclipse.jdt.internal.compiler.lookup.SourceTypeBinding are in unnamed module of loader org.eclipse.osgi.internal.loader.EquinoxClassLoader @1ea2c424)> (0x00000000f7d0b7e8) 
thrown [src/hotspot/share/interpreter/interpreterRuntime.
Event: 92.268 Thread 0x00007f733c19f270 Exception <a 'java/lang/ClassCastException'{0x00000000f7d0bc50}: class org.eclipse.jdt.internal.compiler.lookup.BinaryTypeBinding cannot be cast to class org.eclipse.jdt.internal.compiler.lookup.SourceTypeBinding (org.eclipse.jdt.internal.compiler.lookup.BinaryTypeBinding and org.eclipse.jdt.internal.compiler.lookup.SourceTypeBinding are in unnamed module of loader org.eclipse.osgi.internal.loader.EquinoxClassLoader @1ea2c424)> (0x00000000f7d0bc50) 
thrown [src/hotspot/share/interpreter/interpreterRuntime.
Event: 92.268 Thread 0x00007f733c19f270 Exception <a 'java/lang/ClassCastException'{0x00000000f7d0c0b8}: class org.eclipse.jdt.internal.compiler.lookup.BinaryTypeBinding cannot be cast to class org.eclipse.jdt.internal.compiler.lookup.SourceTypeBinding (org.eclipse.jdt.internal.compiler.lookup.BinaryTypeBinding and org.eclipse.jdt.internal.compiler.lookup.SourceTypeBinding are in unnamed module of loader org.eclipse.osgi.internal.loader.EquinoxClassLoader @1ea2c424)> (0x00000000f7d0c0b8) 
thrown [src/hotspot/share/interpreter/interpreterRuntime.
Event: 96.167 Thread 0x00007f733426eb80 Implicit null exception at 0x00007f739b0c4e3f to 0x00007f739b0c4f83
Event: 106.366 Thread 0x00007f733c1bcb70 Exception <a 'java/io/FileNotFoundException'{0x00000000f67afad8}> (0x00000000f67afad8) 
thrown [src/hotspot/share/prims/jni.cpp, line 516]
Event: 1624.197 Thread 0x00007f733c1bcb70 Exception <a 'java/lang/OutOfMemoryError'{0x00000000e0004dd8}> (0x00000000e0004dd8) 
thrown [src/hotspot/share/gc/shared/memAllocator.cpp, line 138]
Event: 1624.197 Thread 0x00007f733c1bcb70 Implicit null exception at 0x00007f739b18ce4d to 0x00007f739b18d300
Event: 1628.597 Thread 0x00007f733c1bcb70 Exception <a 'java/lang/OutOfMemoryError'{0x00000000e0004838}> (0x00000000e0004838) 
thrown [src/hotspot/share/gc/shared/memAllocator.cpp, line 138]
Event: 1628.597 Thread 0x00007f733c1bcb70 Implicit null exception at 0x00007f739b18ce4d to 0x00007f739b18d300
Event: 1651.103 Thread 0x00007f733c19aca0 Exception <a 'java/lang/OutOfMemoryError'{0x00000000e0004298}> (0x00000000e0004298) 
thrown [src/hotspot/share/gc/shared/memAllocator.cpp, line 138]
Event: 1651.103 Thread 0x00007f733c19aca0 Implicit null exception at 0x00007f739af992de to 0x00007f739af99424
Event: 1654.094 Thread 0x00007f733c1bcb70 Exception <a 'java/lang/OutOfMemoryError'{0x00000000e0004298}> (0x00000000e0004298) 
thrown [src/hotspot/share/gc/shared/memAllocator.cpp, line 138]
Event: 1654.095 Thread 0x00007f733c1bcb70 Implicit null exception at 0x00007f739b18ce4d to 0x00007f739b18d300
Event: 1660.682 Thread 0x00007f73402a8ed0 Exception <a 'java/lang/OutOfMemoryError'{0x00000000e0004298}> (0x00000000e0004298) 
thrown [src/hotspot/share/gc/shared/memAllocator.cpp, line 138]
Event: 1660.682 Thread 0x00007f73402a8ed0 Implicit null exception at 0x00007f739b05fe58 to 0x00007f739b05fe5c
Event: 1669.864 Thread 0x00007f73402a8ed0 Exception <a 'java/lang/OutOfMemoryError'{0x00000000e00045b8}> (0x00000000e00045b8) 
thrown [src/hotspot/share/gc/shared/memAllocator.cpp, line 136]
Event: 1677.690 Thread 0x00007f73ac0b21e0 Exception <a 'java/lang/OutOfMemoryError'{0x00000000e00045b8}> (0x00000000e00045b8) 
thrown [src/hotspot/share/gc/shared/memAllocator.cpp, line 136]

VM Operations (20 events):
Event: 1643.790 Executing VM operation: ParallelGCFailedAllocation done
Event: 1643.790 Executing VM operation: ParallelGCFailedAllocation
Event: 1645.214 Executing VM operation: ParallelGCFailedAllocation done
Event: 1645.214 Executing VM operation: ParallelGCFailedAllocation
Event: 1646.673 Executing VM operation: ParallelGCFailedAllocation done
Event: 1646.673 Executing VM operation: ParallelGCFailedAllocation
Event: 1648.182 Executing VM operation: ParallelGCFailedAllocation done
Event: 1648.182 Executing VM operation: ParallelGCFailedAllocation
Event: 1651.103 Executing VM operation: ParallelGCFailedAllocation done
Event: 1651.103 Executing VM operation: ParallelGCFailedAllocation
Event: 1654.094 Executing VM operation: ParallelGCFailedAllocation done
Event: 1654.095 Executing VM operation: ParallelGCFailedAllocation
Event: 1660.681 Executing VM operation: ParallelGCFailedAllocation done
Event: 1660.682 Executing VM operation: ParallelGCFailedAllocation
Event: 1669.864 Executing VM operation: ParallelGCFailedAllocation done
Event: 1669.864 Executing VM operation: ParallelGCFailedAllocation
Event: 1673.374 Executing VM operation: ParallelGCFailedAllocation done
Event: 1673.374 Executing VM operation: ParallelGCFailedAllocation
Event: 1677.690 Executing VM operation: ParallelGCFailedAllocation done
Event: 1677.690 Executing VM operation: ParallelGCFailedAllocation

Events (20 events):
Event: 102.587 Thread 0x00007f73ac0b4750 flushing nmethod 0x00007f7394e89410
Event: 102.587 Thread 0x00007f73ac0b4750 flushing nmethod 0x00007f7394e89810
Event: 102.587 Thread 0x00007f73ac0b4750 flushing nmethod 0x00007f7394e97d90
Event: 102.587 Thread 0x00007f73ac0b4750 flushing nmethod 0x00007f7394e98490
Event: 102.587 Thread 0x00007f73ac0b4750 flushing nmethod 0x00007f7394e98990
Event: 102.589 Thread 0x00007f73ac0b4750 flushing nmethod 0x00007f7394eaef10
Event: 102.589 Thread 0x00007f73ac0b4750 flushing nmethod 0x00007f7394ec7310
Event: 102.589 Thread 0x00007f73ac0b4750 flushing nmethod 0x00007f7394ec7990
Event: 115.475 Thread 0x00007f733c1af610 Thread exited: 0x00007f733c1af610
Event: 142.155 Thread 0x00007f733c1af610 Thread added: 0x00007f733c1af610
Event: 142.155 Protecting memory [0x00007f7357100000,0x00007f7357104000] with protection modes 0
Event: 182.394 Thread 0x00007f7328001220 Thread exited: 0x00007f7328001220
Event: 234.980 Thread 0x00007f733c19aca0 Thread added: 0x00007f733c19aca0
Event: 234.980 Protecting memory [0x00007f7359300000,0x00007f7359304000] with protection modes 0
Event: 245.684 Thread 0x00007f734030a9a0 Thread exited: 0x00007f734030a9a0
Event: 287.374 Thread 0x00007f7300003940 Thread exited: 0x00007f7300003940
Event: 287.374 Thread 0x00007f731c000ff0 Thread exited: 0x00007f731c000ff0
Event: 287.374 Thread 0x00007f7310001170 Thread exited: 0x00007f7310001170
Event: 337.600 Thread 0x00007f7300003940 Thread added: 0x00007f7300003940
Event: 337.600 Protecting memory [0x00007f7358d00000,0x00007f7358d04000] with protection modes 0


Dynamic libraries:
e0000000-f5580000 rw-p 00000000 00:00 0 
f5580000-fba80000 rw-p 00000000 00:00 0 
fba80000-100000000 ---p 00000000 00:00 0 
800000000-800449000 rw-p 00001000 00:12c1 4611686019135357769            /nix/store/gpxl5qgg8kicmcvivwmybwjlpf7wh20l-graalvm17-ce-22.3.0/lib/server/classes.jsa
800449000-800bc8000 r--p 0044a000 00:12c1 4611686019135357769            /nix/store/gpxl5qgg8kicmcvivwmybwjlpf7wh20l-graalvm17-ce-22.3.0/lib/server/classes.jsa
800bc8000-800c00000 ---p 00000000 00:00 0 
800c00000-800c20000 rw-p 00000000 00:00 0 
800c20000-800c40000 rw-p 00000000 00:00 0 
800c40000-800cc0000 rw-p 00000000 00:00 0 
800cc0000-800d00000 rw-p 00000000 00:00 0 
800d00000-800dc0000 rw-p 00000000 00:00 0 
800dc0000-800e00000 rw-p 00000000 00:00 0 
800e00000-800f40000 rw-p 00000000 00:00 0 
800f40000-800fc0000 rw-p 00000000 00:00 0 
800fc0000-801000000 rw-p 00000000 00:00 0 
801000000-801200000 rw-p 00000000 00:00 0 
801200000-840c00000 ---p 00000000 00:00 0 
56459bd14000-56459bd15000 r-xp 00000000 00:12c1 4611686019099417844      /nix/store/gpxl5qgg8kicmcvivwmybwjlpf7wh20l-graalvm17-ce-22.3.0/bin/.java-wrapped
56459bd16000-56459bd17000 r--p 00001000 00:12c1 4611686019099417844      /nix/store/gpxl5qgg8kicmcvivwmybwjlpf7wh20l-graalvm17-ce-22.3.0/bin/.java-wrapped
56459bd17000-56459bd18000 rw-p 00002000 00:12c1 4611686019099417844      /nix/store/gpxl5qgg8kicmcvivwmybwjlpf7wh20l-graalvm17-ce-22.3.0/bin/.java-wrapped
56459bd18000-56459bd19000 rw-p 00004000 00:12c1 4611686019099417844      /nix/store/gpxl5qgg8kicmcvivwmybwjlpf7wh20l-graalvm17-ce-22.3.0/bin/.java-wrapped
56459bd19000-56459bd1a000 rw-p 00005000 00:12c1 4611686019099417844      /nix/store/gpxl5qgg8kicmcvivwmybwjlpf7wh20l-graalvm17-ce-22.3.0/bin/.java-wrapped
56459c2d2000-56459c31a000 rw-p 00000000 00:00 0                          [heap]
7f72c0000000-7f72c0064000 rw-p 00000000 00:00 0 
7f72c0064000-7f72c4000000 ---p 00000000 00:00 0 
7f72c5a00000-7f72c5b00000 ---p 00000000 00:00 0 
7f72c5b00000-7f72c60af000 r--p 01122000 00:12c1 4611686019135190040      /nix/store/gpxl5qgg8kicmcvivwmybwjlpf7wh20l-graalvm17-ce-22.3.0/lib/libjvmcicompiler.so
7f72c60af000-7f72c6200000 r--p 00000000 00:00 0 
7f72c6200000-7f72c623d000 rw-p 00000000 00:00 0 
7f72c623d000-7f72c675d000 rw-p 0185f000 00:12c1 4611686019135190040      /nix/store/gpxl5qgg8kicmcvivwmybwjlpf7wh20l-graalvm17-ce-22.3.0/lib/libjvmcicompiler.so
7f72c675d000-7f72c6b44000 r--p 01d7f000 00:12c1 4611686019135190040      /nix/store/gpxl5qgg8kicmcvivwmybwjlpf7wh20l-graalvm17-ce-22.3.0/lib/libjvmcicompiler.so
7f72c6c00000-7f72c6c20000 rw-p 00000000 00:00 0 
7f72c6c20000-7f72c7400000 ---p 00000000 00:00 0 
7f72c8000000-7f72c8087000 rw-p 00000000 00:00 0 
7f72c8087000-7f72cc000000 ---p 00000000 00:00 0 
7f72cc000000-7f72cc083000 rw-p 00000000 00:00 0 
7f72cc083000-7f72d0000000 ---p 00000000 00:00 0 
7f72d0000000-7f72d00bf000 rw-p 00000000 00:00 0 
7f72d00bf000-7f72d4000000 ---p 00000000 00:00 0 
7f72d4000000-7f72d4021000 rw-p 00000000 00:00 0 
7f72d4021000-7f72d8000000 ---p 00000000 00:00 0 
7f72d8000000-7f72d8021000 rw-p 00000000 00:00 0 
7f72d8021000-7f72dc000000 ---p 00000000 00:00 0 
7f72dc000000-7f72dc07e000 rw-p 00000000 00:00 0 
7f72dc07e000-7f72e0000000 ---p 00000000 00:00 0 
7f72e0000000-7f72e0054000 rw-p 00000000 00:00 0 
7f72e0054000-7f72e4000000 ---p 00000000 00:00 0 
7f72e4000000-7f72e4021000 rw-p 00000000 00:00 0 
7f72e4021000-7f72e8000000 ---p 00000000 00:00 0 
7f72e8000000-7f72e8055000 rw-p 00000000 00:00 0 
7f72e8055000-7f72ec000000 ---p 00000000 00:00 0 
7f72ec000000-7f72ec021000 rw-p 00000000 00:00 0 
7f72ec021000-7f72f0000000 ---p 00000000 00:00 0 
7f72f0000000-7f72f0021000 rw-p 00000000 00:00 0 
7f72f0021000-7f72f4000000 ---p 00000000 00:00 0 
7f72f4000000-7f72f4021000 rw-p 00000000 00:00 0 
7f72f4021000-7f72f8000000 ---p 00000000 00:00 0 
7f72f8000000-7f72f805f000 rw-p 00000000 00:00 0 
7f72f805f000-7f72fc000000 ---p 00000000 00:00 0 
7f72fc000000-7f72fc021000 rw-p 00000000 00:00 0 
7f72fc021000-7f7300000000 ---p 00000000 00:00 0 
7f7300000000-7f730004e000 rw-p 00000000 00:00 0 
7f730004e000-7f7304000000 ---p 00000000 00:00 0 
7f7304400000-7f7304a60000 rw-p 00000000 00:00 0 
7f7304a60000-7f7304ac0000 rw-p 00000000 00:00 0 
7f7304ac0000-7f7304c00000 rw-p 00000000 00:00 0 
7f7305c00000-7f7305d00000 rw-p 00000000 00:00 0 
7f7305d00000-7f7305f00000 rw-p 00000000 00:00 0 
7f7305f00000-7f7305fd0000 rw-p 00000000 00:00 0 
7f7305fd0000-7f7306000000 ---p 00000000 00:00 0 
7f7306000000-7f7306400000 rw-p 00000000 00:00 0 
7f73064b3000-7f7310000000 r--s 00000000 00:12c1 4611686019135192581      /nix/store/gpxl5qgg8kicmcvivwmybwjlpf7wh20l-graalvm17-ce-22.3.0/lib/modules
7f7310000000-7f7310021000 rw-p 00000000 00:00 0 
7f7310021000-7f7314000000 ---p 00000000 00:00 0 
7f7314000000-7f7314044000 rw-p 00000000 00:00 0 
7f7314044000-7f7318000000 ---p 00000000 00:00 0 
7f7318000000-7f7318185000 rw-p 00000000 00:00 0 
7f7318185000-7f731c000000 ---p 00000000 00:00 0 
7f731c000000-7f731c0d7000 rw-p 00000000 00:00 0 
7f731c0d7000-7f7320000000 ---p 00000000 00:00 0 
7f7320000000-7f7320021000 rw-p 00000000 00:00 0 
7f7320021000-7f7324000000 ---p 00000000 00:00 0 
7f7324000000-7f7324021000 rw-p 00000000 00:00 0 
7f7324021000-7f7328000000 ---p 00000000 00:00 0 
7f7328000000-7f732803f000 rw-p 00000000 00:00 0 
7f732803f000-7f732c000000 ---p 00000000 00:00 0 
7f732c000000-7f732c099000 rw-p 00000000 00:00 0 
7f732c099000-7f7330000000 ---p 00000000 00:00 0 
7f7330000000-7f7330021000 rw-p 00000000 00:00 0 
7f7330021000-7f7334000000 ---p 00000000 00:00 0 
7f7334000000-7f73342ef000 rw-p 00000000 00:00 0 
7f73342ef000-7f7338000000 ---p 00000000 00:00 0 
7f7338000000-7f7338021000 rw-p 00000000 00:00 0 
7f7338021000-7f733c000000 ---p 00000000 00:00 0 
7f733c000000-7f733c1c2000 rw-p 00000000 00:00 0 
7f733c1c2000-7f7340000000 ---p 00000000 00:00 0 
7f7340000000-7f73408bc000 rw-p 00000000 00:00 0 
7f73408bc000-7f7344000000 ---p 00000000 00:00 0 
7f7344000000-7f7344028000 rw-p 00000000 00:00 0 
7f7344028000-7f7348000000 ---p 00000000 00:00 0 
7f7348000000-7f7348021000 rw-p 00000000 00:00 0 
7f7348021000-7f734c000000 ---p 00000000 00:00 0 
7f734c000000-7f734c021000 rw-p 00000000 00:00 0 
7f734c021000-7f7350000000 ---p 00000000 00:00 0 
7f7350000000-7f7350021000 rw-p 00000000 00:00 0 
7f7350021000-7f7354000000 ---p 00000000 00:00 0 
7f7354400000-7f7354600000 rw-p 00000000 00:00 0 
7f7354600000-7f7354780000 rw-p 00000000 00:00 0 
7f7354780000-7f7354800000 rw-p 00000000 00:00 0 
7f7354800000-7f7354be0000 rw-p 00000000 00:00 0 
7f7354be0000-7f7354c00000 rw-p 00000000 00:00 0 
7f7354c00000-7f7354d00000 rw-p 00000000 00:00 0 
7f7354d00000-7f7354ec0000 rw-p 00000000 00:00 0 
7f7354ec0000-7f7354f00000 rw-p 00000000 00:00 0 
7f7354f00000-7f7355100000 rw-p 00000000 00:00 0 
7f7355100000-7f7355200000 rw-p 00000000 00:00 0 
7f7355200000-7f7355400000 rw-p 00000000 00:00 0 
7f7355400000-7f7355500000 rw-p 00000000 00:00 0 
7f7355500000-7f7355600000 rw-p 00000000 00:00 0 
7f7355600000-7f7355b80000 rw-p 00000000 00:00 0 
7f7355b80000-7f7355c00000 rw-p 00000000 00:00 0 
7f7355c00000-7f7355d00000 rw-p 00000000 00:00 0 
7f7355d00000-7f7355e00000 rw-p 00000000 00:00 0 
7f7355e00000-7f7356100000 rw-p 00000000 00:00 0 
7f7356100000-7f7356200000 rw-p 00000000 00:00 0 
7f7356200000-7f7356400000 rw-p 00000000 00:00 0 
7f7356d00000-7f7356d04000 ---p 00000000 00:00 0 
7f7356d04000-7f7356e00000 rw-p 00000000 00:00 0 
7f7356f00000-7f7356f04000 ---p 00000000 00:00 0 
7f7356f04000-7f7357000000 rw-p 00000000 00:00 0 
7f7357100000-7f7357104000 ---p 00000000 00:00 0 
7f7357104000-7f7357200000 rw-p 00000000 00:00 0 
7f7357200000-7f7357210000 r-xp 00000000 00:12be 358                      /home/runner/.cache/jdt-language-server/config/org.eclipse.equinox.launcher/org.eclipse.equinox.launcher.gtk.linux.x86_64_1.2.400.v20211117-0650/eclipse_11600.so
7f7357210000-7f735740f000 ---p 00010000 00:12be 358                      /home/runner/.cache/jdt-language-server/config/org.eclipse.equinox.launcher/org.eclipse.equinox.launcher.gtk.linux.x86_64_1.2.400.v20211117-0650/eclipse_11600.so
7f735740f000-7f7357410000 r--p 0000f000 00:12be 358                      /home/runner/.cache/jdt-language-server/config/org.eclipse.equinox.launcher/org.eclipse.equinox.launcher.gtk.linux.x86_64_1.2.400.v20211117-0650/eclipse_11600.so
7f7357410000-7f7357411000 rw-p 00010000 00:12be 358                      /home/runner/.cache/jdt-language-server/config/org.eclipse.equinox.launcher/org.eclipse.equinox.launcher.gtk.linux.x86_64_1.2.400.v20211117-0650/eclipse_11600.so
7f7357500000-7f7357504000 ---p 00000000 00:00 0 
7f7357504000-7f7357600000 rw-p 00000000 00:00 0 
7f7357700000-7f7357704000 ---p 00000000 00:00 0 
7f7357704000-7f7357800000 rw-p 00000000 00:00 0 
7f7357900000-7f7357904000 ---p 00000000 00:00 0 
7f7357904000-7f7357a00000 rw-p 00000000 00:00 0 
7f7357b00000-7f7357b04000 ---p 00000000 00:00 0 
7f7357b04000-7f7357c00000 rw-p 00000000 00:00 0 
7f7357d00000-7f7357d04000 ---p 00000000 00:00 0 
7f7357d04000-7f7357e00000 rw-p 00000000 00:00 0 
7f7357f00000-7f7357f04000 ---p 00000000 00:00 0 
7f7357f04000-7f7358000000 rw-p 00000000 00:00 0 
7f7358100000-7f7358104000 ---p 00000000 00:00 0 
7f7358104000-7f7358200000 rw-p 00000000 00:00 0 
7f7358200000-7f7358204000 ---p 00000000 00:00 0 
7f7358204000-7f7358300000 rw-p 00000000 00:00 0 
7f7358300000-7f7358304000 ---p 00000000 00:00 0 
7f7358304000-7f7358400000 rw-p 00000000 00:00 0 
7f7358500000-7f7358504000 ---p 00000000 00:00 0 
7f7358504000-7f7358600000 rw-p 00000000 00:00 0 
7f7358700000-7f7358704000 ---p 00000000 00:00 0 
7f7358704000-7f7358800000 rw-p 00000000 00:00 0 
7f7358900000-7f7358904000 ---p 00000000 00:00 0 
7f7358904000-7f7358a00000 rw-p 00000000 00:00 0 
7f7358b00000-7f7358b04000 ---p 00000000 00:00 0 
7f7358b04000-7f7358c00000 rw-p 00000000 00:00 0 
7f7358d00000-7f7358d04000 ---p 00000000 00:00 0 
7f7358d04000-7f7358e00000 rw-p 00000000 00:00 0 
7f7358f00000-7f7358f04000 ---p 00000000 00:00 0 
7f7358f04000-7f7359000000 rw-p 00000000 00:00 0 
7f7359100000-7f7359104000 ---p 00000000 00:00 0 
7f7359104000-7f7359200000 rw-p 00000000 00:00 0 
7f7359300000-7f7359304000 ---p 00000000 00:00 0 
7f7359304000-7f7359400000 rw-p 00000000 00:00 0 
7f7359500000-7f7359504000 ---p 00000000 00:00 0 
7f7359504000-7f7359600000 rw-p 00000000 00:00 0 
7f7359600000-7f7359604000 ---p 00000000 00:00 0 
7f7359604000-7f7359700000 rw-p 00000000 00:00 0 
7f7359700000-7f7359704000 ---p 00000000 00:00 0 
7f7359704000-7f7359800000 rw-p 00000000 00:00 0 
7f7359900000-7f7359904000 ---p 00000000 00:00 0 
7f7359904000-7f7359a00000 rw-p 00000000 00:00 0 
7f7359a00000-7f7359a04000 ---p 00000000 00:00 0 
7f7359a04000-7f7359b00000 rw-p 00000000 00:00 0 
7f7359b00000-7f7359b04000 ---p 00000000 00:00 0 
7f7359b04000-7f7359c00000 rw-p 00000000 00:00 0 
7f7359c00000-7f735bd6a000 r-xp 00000000 00:12c1 4611686019135190040      /nix/store/gpxl5qgg8kicmcvivwmybwjlpf7wh20l-graalvm17-ce-22.3.0/lib/libjvmcicompiler.so
7f735bd6a000-7f735bf69000 ---p 0216a000 00:12c1 4611686019135190040      /nix/store/gpxl5qgg8kicmcvivwmybwjlpf7wh20l-graalvm17-ce-22.3.0/lib/libjvmcicompiler.so
7f735bf69000-7f735bf6a000 r--p 02169000 00:12c1 4611686019135190040      /nix/store/gpxl5qgg8kicmcvivwmybwjlpf7wh20l-graalvm17-ce-22.3.0/lib/libjvmcicompiler.so
7f735bf6a000-7f735bf6c000 rw-p 0216a000 00:12c1 4611686019135190040      /nix/store/gpxl5qgg8kicmcvivwmybwjlpf7wh20l-graalvm17-ce-22.3.0/lib/libjvmcicompiler.so
7f735bf6c000-7f735bf6d000 rw-p 00000000 00:00 0 
7f735bf6d000-7f735bf72000 rw-p 023c3000 00:12c1 4611686019135190040      /nix/store/gpxl5qgg8kicmcvivwmybwjlpf7wh20l-graalvm17-ce-22.3.0/lib/libjvmcicompiler.so
7f735c000000-7f735c021000 rw-p 00000000 00:00 0 
7f735c021000-7f7360000000 ---p 00000000 00:00 0 
7f7360000000-7f7360021000 rw-p 00000000 00:00 0 
7f7360021000-7f7364000000 ---p 00000000 00:00 0 
7f7364000000-7f7364021000 rw-p 00000000 00:00 0 
7f7364021000-7f7368000000 ---p 00000000 00:00 0 
7f7368000000-7f7368021000 rw-p 00000000 00:00 0 
7f7368021000-7f736c000000 ---p 00000000 00:00 0 
7f736c000000-7f736c0d0000 rw-p 00000000 00:00 0 
7f736c0d0000-7f7370000000 ---p 00000000 00:00 0 
7f7370000000-7f7370be2000 rw-p 00000000 00:00 0 
7f7370be2000-7f7374000000 ---p 00000000 00:00 0 
7f7374000000-7f7374021000 rw-p 00000000 00:00 0 
7f7374021000-7f7378000000 ---p 00000000 00:00 0 
7f7378000000-7f7378021000 rw-p 00000000 00:00 0 
7f7378021000-7f737c000000 ---p 00000000 00:00 0 
7f737c000000-7f737c021000 rw-p 00000000 00:00 0 
7f737c021000-7f7380000000 ---p 00000000 00:00 0 
7f7380000000-7f7380021000 rw-p 00000000 00:00 0 
7f7380021000-7f7384000000 ---p 00000000 00:00 0 
7f7384000000-7f7384021000 rw-p 00000000 00:00 0 
7f7384021000-7f7388000000 ---p 00000000 00:00 0 
7f7388000000-7f7388021000 rw-p 00000000 00:00 0 
7f7388021000-7f738c000000 ---p 00000000 00:00 0 
7f738c000000-7f738c1cf000 rw-p 00000000 00:00 0 
7f738c1cf000-7f7390004000 ---p 00000000 00:00 0 
7f7390004000-7f7390100000 rw-p 00000000 00:00 0 
7f7390100000-7f7390104000 ---p 00000000 00:00 0 
7f7390104000-7f7390200000 rw-p 00000000 00:00 0 
7f7390200000-7f7390204000 ---p 00000000 00:00 0 
7f7390204000-7f7390300000 rw-p 00000000 00:00 0 
7f7390400000-7f7390404000 ---p 00000000 00:00 0 
7f7390404000-7f7390500000 rw-p 00000000 00:00 0 
7f7390600000-7f7390604000 ---p 00000000 00:00 0 
7f7390604000-7f7390700000 rw-p 00000000 00:00 0 
7f7390800000-7f7390804000 ---p 00000000 00:00 0 
7f7390804000-7f7390900000 rw-p 00000000 00:00 0 
7f7390900000-7f7390904000 ---p 00000000 00:00 0 
7f7390904000-7f7390a00000 rw-p 00000000 00:00 0 
7f7390a00000-7f7390a04000 ---p 00000000 00:00 0 
7f7390a04000-7f7390b00000 rw-p 00000000 00:00 0 
7f7390b00000-7f7390b04000 ---p 00000000 00:00 0 
7f7390b04000-7f7390c00000 rw-p 00000000 00:00 0 
7f7390c00000-7f7390c04000 ---p 00000000 00:00 0 
7f7390c04000-7f7390d00000 rw-p 00000000 00:00 0 
7f7390e00000-7f7390e04000 ---p 00000000 00:00 0 
7f7390e04000-7f7390f00000 rw-p 00000000 00:00 0 
7f7391b68000-7f7392000000 rw-p 00000000 00:00 0 
7f73920fe000-7f73920ff000 ---p 00000000 00:00 0 
7f73920ff000-7f7392200000 rw-p 00000000 00:00 0 
7f7392200000-7f7392204000 ---p 00000000 00:00 0 
7f7392204000-7f7392300000 rw-p 00000000 00:00 0 
7f7392300000-7f7392304000 ---p 00000000 00:00 0 
7f7392304000-7f7392400000 rw-p 00000000 00:00 0 
7f7392400000-7f7392404000 ---p 00000000 00:00 0 
7f7392404000-7f7392500000 rw-p 00000000 00:00 0 
7f7392500000-7f7392504000 ---p 00000000 00:00 0 
7f7392504000-7f7392700000 rw-p 00000000 00:00 0 
7f7392700000-7f7392704000 ---p 00000000 00:00 0 
7f7392704000-7f7392900000 rw-p 00000000 00:00 0 
7f7392900000-7f7392904000 ---p 00000000 00:00 0 
7f7392904000-7f7392a00000 rw-p 00000000 00:00 0 
7f7392a00000-7f7392a04000 ---p 00000000 00:00 0 
7f7392a04000-7f7392b00000 rw-p 00000000 00:00 0 
7f7392b00000-7f7392b04000 ---p 00000000 00:00 0 
7f7392b04000-7f7393000000 rw-p 00000000 00:00 0 
7f7393000000-7f7393300000 rw-p 00000000 00:00 0 
7f7393300000-7f7393400000 rw-p 00000000 00:00 0 
7f73934b3000-7f7393723000 rwxp 00000000 00:00 0 
7f7393723000-7f7393a42000 ---p 00000000 00:00 0 
7f7393a42000-7f7395022000 rwxp 00000000 00:00 0 
7f7395022000-7f739af7a000 ---p 00000000 00:00 0 
7f739af7a000-7f739b21a000 rwxp 00000000 00:00 0 
7f739b21a000-7f73a24b3000 ---p 00000000 00:00 0 
7f73a24b3000-7f73ac000000 r--s 00000000 00:12c1 4611686019135192581      /nix/store/gpxl5qgg8kicmcvivwmybwjlpf7wh20l-graalvm17-ce-22.3.0/lib/modules
7f73ac000000-7f73ac66d000 rw-p 00000000 00:00 0 
7f73ac66d000-7f73b0000000 ---p 00000000 00:00 0 
7f73b0024000-7f73b0026000 r-xp 00000000 00:12c1 4611686019135190017      /nix/store/gpxl5qgg8kicmcvivwmybwjlpf7wh20l-graalvm17-ce-22.3.0/lib/libextnet.so
7f73b0026000-7f73b0027000 r--p 00001000 00:12c1 4611686019135190017      /nix/store/gpxl5qgg8kicmcvivwmybwjlpf7wh20l-graalvm17-ce-22.3.0/lib/libextnet.so
7f73b0027000-7f73b0028000 rw-p 00002000 00:12c1 4611686019135190017      /nix/store/gpxl5qgg8kicmcvivwmybwjlpf7wh20l-graalvm17-ce-22.3.0/lib/libextnet.so
7f73b0028000-7f73b0029000 rw-p 00004000 00:12c1 4611686019135190017      /nix/store/gpxl5qgg8kicmcvivwmybwjlpf7wh20l-graalvm17-ce-22.3.0/lib/libextnet.so
7f73b0029000-7f73b002d000 ---p 00000000 00:00 0 
7f73b002d000-7f73b004b000 rw-p 00000000 00:00 0 
7f73b004b000-7f73b0052000 r-xp 00000000 00:12c1 4611686019135192580      /nix/store/gpxl5qgg8kicmcvivwmybwjlpf7wh20l-graalvm17-ce-22.3.0/lib/libzip.so
7f73b0052000-7f73b0053000 ---p 00007000 00:12c1 4611686019135192580      /nix/store/gpxl5qgg8kicmcvivwmybwjlpf7wh20l-graalvm17-ce-22.3.0/lib/libzip.so
7f73b0053000-7f73b0054000 r--p 00007000 00:12c1 4611686019135192580      /nix/store/gpxl5qgg8kicmcvivwmybwjlpf7wh20l-graalvm17-ce-22.3.0/lib/libzip.so
7f73b0054000-7f73b0055000 rw-p 00008000 00:12c1 4611686019135192580      /nix/store/gpxl5qgg8kicmcvivwmybwjlpf7wh20l-graalvm17-ce-22.3.0/lib/libzip.so
7f73b0055000-7f73b0057000 rw-p 0000b000 00:12c1 4611686019135192580      /nix/store/gpxl5qgg8kicmcvivwmybwjlpf7wh20l-graalvm17-ce-22.3.0/lib/libzip.so
7f73b0057000-7f73b006c000 r-xp 00000000 00:12c1 4611686019135192570      /nix/store/gpxl5qgg8kicmcvivwmybwjlpf7wh20l-graalvm17-ce-22.3.0/lib/libnet.so
7f73b006c000-7f73b006d000 ---p 00015000 00:12c1 4611686019135192570      /nix/store/gpxl5qgg8kicmcvivwmybwjlpf7wh20l-graalvm17-ce-22.3.0/lib/libnet.so
7f73b006d000-7f73b006e000 r--p 00015000 00:12c1 4611686019135192570      /nix/store/gpxl5qgg8kicmcvivwmybwjlpf7wh20l-graalvm17-ce-22.3.0/lib/libnet.so
7f73b006e000-7f73b006f000 rw-p 00016000 00:12c1 4611686019135192570      /nix/store/gpxl5qgg8kicmcvivwmybwjlpf7wh20l-graalvm17-ce-22.3.0/lib/libnet.so
7f73b006f000-7f73b0072000 rw-p 0001b000 00:12c1 4611686019135192570      /nix/store/gpxl5qgg8kicmcvivwmybwjlpf7wh20l-graalvm17-ce-22.3.0/lib/libnet.so
7f73b0072000-7f73b0085000 r-xp 00000000 00:12c1 4611686019135192571      /nix/store/gpxl5qgg8kicmcvivwmybwjlpf7wh20l-graalvm17-ce-22.3.0/lib/libnio.so
7f73b0085000-7f73b0086000 r--p 00012000 00:12c1 4611686019135192571      /nix/store/gpxl5qgg8kicmcvivwmybwjlpf7wh20l-graalvm17-ce-22.3.0/lib/libnio.so
7f73b0086000-7f73b0087000 rw-p 00013000 00:12c1 4611686019135192571      /nix/store/gpxl5qgg8kicmcvivwmybwjlpf7wh20l-graalvm17-ce-22.3.0/lib/libnio.so
7f73b0087000-7f73b008c000 rw-p 00019000 00:12c1 4611686019135192571      /nix/store/gpxl5qgg8kicmcvivwmybwjlpf7wh20l-graalvm17-ce-22.3.0/lib/libnio.so
7f73b008c000-7f73b0372000 r--p 00000000 00:10c0 28444448                 /usr/lib/locale/locale-archive
7f73b0372000-7f73b0376000 ---p 00000000 00:00 0 
7f73b0376000-7f73b0472000 rw-p 00000000 00:00 0 
7f73b0472000-7f73b0476000 ---p 00000000 00:00 0 
7f73b0476000-7f73b0572000 rw-p 00000000 00:00 0 
7f73b0572000-7f73b0573000 ---p 00000000 00:00 0 
7f73b0573000-7f73b0674000 rw-p 00000000 00:00 0 
7f73b0674000-7f73b0742000 r-xp 00000000 00:12c1 4611686019135190036      /nix/store/gpxl5qgg8kicmcvivwmybwjlpf7wh20l-graalvm17-ce-22.3.0/lib/libjsvml.so
7f73b0742000-7f73b0743000 r--p 000cd000 00:12c1 4611686019135190036      /nix/store/gpxl5qgg8kicmcvivwmybwjlpf7wh20l-graalvm17-ce-22.3.0/lib/libjsvml.so
7f73b0743000-7f73b0744000 rw-p 000ce000 00:12c1 4611686019135190036      /nix/store/gpxl5qgg8kicmcvivwmybwjlpf7wh20l-graalvm17-ce-22.3.0/lib/libjsvml.so
7f73b0744000-7f73b201c000 rw-p 00000000 00:00 0 
7f73b201c000-7f73b201d000 ---p 00000000 00:00 0 
7f73b201d000-7f73b21c8000 rw-p 00000000 00:00 0 
7f73b21c8000-7f73b21fc000 rw-p 00000000 00:00 0 
7f73b21fc000-7f73b221e000 ---p 00000000 00:00 0 
7f73b221e000-7f73b2225000 rw-p 00000000 00:00 0 
7f73b2225000-7f73b230a000 ---p 00000000 00:00 0 
7f73b230a000-7f73b2336000 rw-p 00000000 00:00 0 
7f73b2336000-7f73b23f5000 ---p 00000000 00:00 0 
7f73b23f5000-7f73b23fa000 rw-p 00000000 00:00 0 
7f73b23fa000-7f73b2401000 ---p 00000000 00:00 0 
7f73b2401000-7f73b2425000 r-xp 00000000 00:12c1 4611686019135190028      /nix/store/gpxl5qgg8kicmcvivwmybwjlpf7wh20l-graalvm17-ce-22.3.0/lib/libjava.so
7f73b2425000-7f73b2426000 ---p 00024000 00:12c1 4611686019135190028      /nix/store/gpxl5qgg8kicmcvivwmybwjlpf7wh20l-graalvm17-ce-22.3.0/lib/libjava.so
7f73b2426000-7f73b2427000 r--p 00024000 00:12c1 4611686019135190028      /nix/store/gpxl5qgg8kicmcvivwmybwjlpf7wh20l-graalvm17-ce-22.3.0/lib/libjava.so
7f73b2427000-7f73b2428000 rw-p 00025000 00:12c1 4611686019135190028      /nix/store/gpxl5qgg8kicmcvivwmybwjlpf7wh20l-graalvm17-ce-22.3.0/lib/libjava.so
7f73b2428000-7f73b2429000 rw-p 00000000 00:00 0 
7f73b2429000-7f73b2430000 rw-p 0002f000 00:12c1 4611686019135190028      /nix/store/gpxl5qgg8kicmcvivwmybwjlpf7wh20l-graalvm17-ce-22.3.0/lib/libjava.so
7f73b2430000-7f73b2438000 rw-s 00000000 00:8b9 355                       /tmp/hsperfdata_runner/20
7f73b2438000-7f73b2439000 ---p 00000000 00:00 0 
7f73b2439000-7f73b243a000 r--p 00000000 00:00 0 
7f73b243a000-7f73b243b000 rwxp 00000000 00:00 0 
7f73b243b000-7f73b2456000 r-xp 00000000 00:12c1 4611686019135190032      /nix/store/gpxl5qgg8kicmcvivwmybwjlpf7wh20l-graalvm17-ce-22.3.0/lib/libjimage.so
7f73b2456000-7f73b2457000 ---p 0001b000 00:12c1 4611686019135190032      /nix/store/gpxl5qgg8kicmcvivwmybwjlpf7wh20l-graalvm17-ce-22.3.0/lib/libjimage.so
7f73b2457000-7f73b2459000 r--p 0001b000 00:12c1 4611686019135190032      /nix/store/gpxl5qgg8kicmcvivwmybwjlpf7wh20l-graalvm17-ce-22.3.0/lib/libjimage.so
7f73b2459000-7f73b245a000 rw-p 0001d000 00:12c1 4611686019135190032      /nix/store/gpxl5qgg8kicmcvivwmybwjlpf7wh20l-graalvm17-ce-22.3.0/lib/libjimage.so
7f73b245a000-7f73b245b000 rw-p 00024000 00:12c1 4611686019135190032      /nix/store/gpxl5qgg8kicmcvivwmybwjlpf7wh20l-graalvm17-ce-22.3.0/lib/libjimage.so
7f73b245b000-7f73b245f000 ---p 00000000 00:00 0 
7f73b245f000-7f73b255b000 rw-p 00000000 00:00 0 
7f73b255b000-7f73b2569000 r--p 00000000 00:12c1 4611686019027979927      /nix/store/4nlgxhb09sdr51nc9hdm8az5b08vzkgx-glibc-2.35-163/lib/libm.so.6
7f73b2569000-7f73b25dc000 r-xp 0000e000 00:12c1 4611686019027979927      /nix/store/4nlgxhb09sdr51nc9hdm8az5b08vzkgx-glibc-2.35-163/lib/libm.so.6
7f73b25dc000-7f73b2639000 r--p 00081000 00:12c1 4611686019027979927      /nix/store/4nlgxhb09sdr51nc9hdm8az5b08vzkgx-glibc-2.35-163/lib/libm.so.6
7f73b2639000-7f73b263a000 r--p 000dd000 00:12c1 4611686019027979927      /nix/store/4nlgxhb09sdr51nc9hdm8az5b08vzkgx-glibc-2.35-163/lib/libm.so.6
7f73b263a000-7f73b263b000 rw-p 000de000 00:12c1 4611686019027979927      /nix/store/4nlgxhb09sdr51nc9hdm8az5b08vzkgx-glibc-2.35-163/lib/libm.so.6
7f73b263b000-7f73b263c000 r--p 00000000 00:12c1 4611686019027979946      /nix/store/4nlgxhb09sdr51nc9hdm8az5b08vzkgx-glibc-2.35-163/lib/librt.so.1
7f73b263c000-7f73b263d000 r-xp 00001000 00:12c1 4611686019027979946      /nix/store/4nlgxhb09sdr51nc9hdm8az5b08vzkgx-glibc-2.35-163/lib/librt.so.1
7f73b263d000-7f73b263e000 r--p 00002000 00:12c1 4611686019027979946      /nix/store/4nlgxhb09sdr51nc9hdm8az5b08vzkgx-glibc-2.35-163/lib/librt.so.1
7f73b263e000-7f73b263f000 r--p 00002000 00:12c1 4611686019027979946      /nix/store/4nlgxhb09sdr51nc9hdm8az5b08vzkgx-glibc-2.35-163/lib/librt.so.1
7f73b263f000-7f73b2640000 rw-p 00003000 00:12c1 4611686019027979946      /nix/store/4nlgxhb09sdr51nc9hdm8az5b08vzkgx-glibc-2.35-163/lib/librt.so.1
7f73b2640000-7f73b3753000 r-xp 00000000 00:12c1 4611686019135360866      /nix/store/gpxl5qgg8kicmcvivwmybwjlpf7wh20l-graalvm17-ce-22.3.0/lib/server/libjvm.so
7f73b3753000-7f73b3754000 ---p 01113000 00:12c1 4611686019135360866      /nix/store/gpxl5qgg8kicmcvivwmybwjlpf7wh20l-graalvm17-ce-22.3.0/lib/server/libjvm.so
7f73b3754000-7f73b3809000 r--p 01113000 00:12c1 4611686019135360866      /nix/store/gpxl5qgg8kicmcvivwmybwjlpf7wh20l-graalvm17-ce-22.3.0/lib/server/libjvm.so
7f73b3809000-7f73b383d000 rw-p 011c8000 00:12c1 4611686019135360866      /nix/store/gpxl5qgg8kicmcvivwmybwjlpf7wh20l-graalvm17-ce-22.3.0/lib/server/libjvm.so
7f73b383d000-7f73b3899000 rw-p 00000000 00:00 0 
7f73b3899000-7f73b38c1000 r--p 00000000 00:12c1 4611686019027979918      /nix/store/4nlgxhb09sdr51nc9hdm8az5b08vzkgx-glibc-2.35-163/lib/libc.so.6
7f73b38c1000-7f73b3a37000 r-xp 00028000 00:12c1 4611686019027979918      /nix/store/4nlgxhb09sdr51nc9hdm8az5b08vzkgx-glibc-2.35-163/lib/libc.so.6
7f73b3a37000-7f73b3a8f000 r--p 0019e000 00:12c1 4611686019027979918      /nix/store/4nlgxhb09sdr51nc9hdm8az5b08vzkgx-glibc-2.35-163/lib/libc.so.6
7f73b3a8f000-7f73b3a93000 r--p 001f6000 00:12c1 4611686019027979918      /nix/store/4nlgxhb09sdr51nc9hdm8az5b08vzkgx-glibc-2.35-163/lib/libc.so.6
7f73b3a93000-7f73b3a95000 rw-p 001fa000 00:12c1 4611686019027979918      /nix/store/4nlgxhb09sdr51nc9hdm8az5b08vzkgx-glibc-2.35-163/lib/libc.so.6
7f73b3a95000-7f73b3aa4000 rw-p 00000000 00:00 0 
7f73b3aa4000-7f73b3aa5000 r--p 00000000 00:12c1 4611686019027979923      /nix/store/4nlgxhb09sdr51nc9hdm8az5b08vzkgx-glibc-2.35-163/lib/libdl.so.2
7f73b3aa5000-7f73b3aa6000 r-xp 00001000 00:12c1 4611686019027979923      /nix/store/4nlgxhb09sdr51nc9hdm8az5b08vzkgx-glibc-2.35-163/lib/libdl.so.2
7f73b3aa6000-7f73b3aa7000 r--p 00002000 00:12c1 4611686019027979923      /nix/store/4nlgxhb09sdr51nc9hdm8az5b08vzkgx-glibc-2.35-163/lib/libdl.so.2
7f73b3aa7000-7f73b3aa8000 r--p 00002000 00:12c1 4611686019027979923      /nix/store/4nlgxhb09sdr51nc9hdm8az5b08vzkgx-glibc-2.35-163/lib/libdl.so.2
7f73b3aa8000-7f73b3aa9000 rw-p 00003000 00:12c1 4611686019027979923      /nix/store/4nlgxhb09sdr51nc9hdm8az5b08vzkgx-glibc-2.35-163/lib/libdl.so.2
7f73b3aa9000-7f73b3aaa000 r--p 00000000 00:12c1 4611686019027979942      /nix/store/4nlgxhb09sdr51nc9hdm8az5b08vzkgx-glibc-2.35-163/lib/libpthread.so.0
7f73b3aaa000-7f73b3aab000 r-xp 00001000 00:12c1 4611686019027979942      /nix/store/4nlgxhb09sdr51nc9hdm8az5b08vzkgx-glibc-2.35-163/lib/libpthread.so.0
7f73b3aab000-7f73b3aac000 r--p 00002000 00:12c1 4611686019027979942      /nix/store/4nlgxhb09sdr51nc9hdm8az5b08vzkgx-glibc-2.35-163/lib/libpthread.so.0
7f73b3aac000-7f73b3aad000 r--p 00002000 00:12c1 4611686019027979942      /nix/store/4nlgxhb09sdr51nc9hdm8az5b08vzkgx-glibc-2.35-163/lib/libpthread.so.0
7f73b3aad000-7f73b3aae000 rw-p 00003000 00:12c1 4611686019027979942      /nix/store/4nlgxhb09sdr51nc9hdm8az5b08vzkgx-glibc-2.35-163/lib/libpthread.so.0
7f73b3aae000-7f73b3abc000 r-xp 00000000 00:12c1 4611686019135190033      /nix/store/gpxl5qgg8kicmcvivwmybwjlpf7wh20l-graalvm17-ce-22.3.0/lib/libjli.so
7f73b3abc000-7f73b3abd000 ---p 0000e000 00:12c1 4611686019135190033      /nix/store/gpxl5qgg8kicmcvivwmybwjlpf7wh20l-graalvm17-ce-22.3.0/lib/libjli.so
7f73b3abd000-7f73b3abe000 r--p 0000e000 00:12c1 4611686019135190033      /nix/store/gpxl5qgg8kicmcvivwmybwjlpf7wh20l-graalvm17-ce-22.3.0/lib/libjli.so
7f73b3abe000-7f73b3abf000 rw-p 0000f000 00:12c1 4611686019135190033      /nix/store/gpxl5qgg8kicmcvivwmybwjlpf7wh20l-graalvm17-ce-22.3.0/lib/libjli.so
7f73b3abf000-7f73b3ac0000 rw-p 00012000 00:12c1 4611686019135190033      /nix/store/gpxl5qgg8kicmcvivwmybwjlpf7wh20l-graalvm17-ce-22.3.0/lib/libjli.so
7f73b3ac0000-7f73b3ac3000 r--p 00000000 00:12c1 4611686019106210071      /nix/store/026hln0aq1hyshaxsdvhg0kmcm6yf45r-zlib-1.2.13/lib/libz.so.1.2.13
7f73b3ac3000-7f73b3ad5000 r-xp 00003000 00:12c1 4611686019106210071      /nix/store/026hln0aq1hyshaxsdvhg0kmcm6yf45r-zlib-1.2.13/lib/libz.so.1.2.13
7f73b3ad5000-7f73b3adc000 r--p 00015000 00:12c1 4611686019106210071      /nix/store/026hln0aq1hyshaxsdvhg0kmcm6yf45r-zlib-1.2.13/lib/libz.so.1.2.13
7f73b3adc000-7f73b3add000 r--p 0001b000 00:12c1 4611686019106210071      /nix/store/026hln0aq1hyshaxsdvhg0kmcm6yf45r-zlib-1.2.13/lib/libz.so.1.2.13
7f73b3add000-7f73b3ade000 rw-p 0001c000 00:12c1 4611686019106210071      /nix/store/026hln0aq1hyshaxsdvhg0kmcm6yf45r-zlib-1.2.13/lib/libz.so.1.2.13
7f73b3ade000-7f73b3ae0000 rw-p 00000000 00:00 0 
7f73b3ae0000-7f73b3ae2000 r--p 00000000 00:12c1 4611686019027979912      /nix/store/4nlgxhb09sdr51nc9hdm8az5b08vzkgx-glibc-2.35-163/lib/ld-linux-x86-64.so.2
7f73b3ae2000-7f73b3b09000 r-xp 00002000 00:12c1 4611686019027979912      /nix/store/4nlgxhb09sdr51nc9hdm8az5b08vzkgx-glibc-2.35-163/lib/ld-linux-x86-64.so.2
7f73b3b09000-7f73b3b15000 r--p 00029000 00:12c1 4611686019027979912      /nix/store/4nlgxhb09sdr51nc9hdm8az5b08vzkgx-glibc-2.35-163/lib/ld-linux-x86-64.so.2
7f73b3b15000-7f73b3b17000 r--p 00034000 00:12c1 4611686019027979912      /nix/store/4nlgxhb09sdr51nc9hdm8az5b08vzkgx-glibc-2.35-163/lib/ld-linux-x86-64.so.2
7f73b3b17000-7f73b3b19000 rw-p 00036000 00:12c1 4611686019027979912      /nix/store/4nlgxhb09sdr51nc9hdm8az5b08vzkgx-glibc-2.35-163/lib/ld-linux-x86-64.so.2
7ffc7d6d7000-7ffc7d6fc000 rw-p 00000000 00:00 0                          [stack]
7ffc7d750000-7ffc7d754000 r--p 00000000 00:00 0                          [vvar]
7ffc7d754000-7ffc7d756000 r-xp 00000000 00:00 0                          [vdso]
ffffffffff600000-ffffffffff601000 --xp 00000000 00:00 0                  [vsyscall]


VM Arguments:
jvm_args: -XX:ThreadPriorityPolicy=1 -XX:+UnlockExperimentalVMOptions -XX:+EnableJVMCIProduct -XX:JVMCIThreadsPerNativeLibraryRuntime=1 -XX:-UnlockExperimentalVMOptions -Declipse.application=org.eclipse.jdt.ls.core.id1 -Dosgi.bundles.defaultStartLevel=4 -Declipse.product=org.eclipse.jdt.ls.core.product -Dlog.level=ALL -Xverify:none -XX:+UseParallelGC -XX:GCTimeRatio=4 -XX:AdaptiveSizePolicyWeight=90 -Dsun.zip.disableMemoryMapping=true -Xmx512m -Xms100m 
java_command: /nix/store/m6gcpi1ii6rghy04cjwjddcavv7i90df-jdt-language-server-1.9.0/share/java/plugins/org.eclipse.equinox.launcher_1.6.400.v20210924-0641.jar --add-modules=ALL-SYSTEM --add-opens java.base/java.util=ALL-UNNAMED --add-opens java.base/java.lang=ALL-UNNAMED -configuration /home/runner/.cache/jdt-language-server/config -data /home/runner/.cache/jdt-language-server/data/home/runner/justaliljavaproject-1
java_class_path (initial): /nix/store/m6gcpi1ii6rghy04cjwjddcavv7i90df-jdt-language-server-1.9.0/share/java/plugins/org.eclipse.equinox.launcher_1.6.400.v20210924-0641.jar
Launcher Type: SUN_STANDARD

[Global flags]
    uintx AdaptiveSizePolicyWeight                 = 90                                        {product} {command line}
     intx CICompilerCount                          = 2                                         {product} {ergonomic}
     bool EnableJVMCIProduct                       = true                                {JVMCI product} {jimage}
    uintx GCTimeRatio                              = 4                                         {product} {command line}
   size_t InitialHeapSize                          = 104857600                                 {product} {command line}
     uint JVMCIThreadsPerNativeLibraryRuntime      = 1                                   {JVMCI product} {jimage}
   size_t MaxHeapSize                              = 536870912                                 {product} {command line}
   size_t MaxNewSize                               = 178782208                                 {product} {ergonomic}
   size_t MinHeapDeltaBytes                        = 524288                                    {product} {ergonomic}
   size_t MinHeapSize                              = 104857600                                 {product} {command line}
   size_t NewSize                                  = 34603008                                  {product} {ergonomic}
    uintx NonNMethodCodeHeapSize                   = 5826188                                {pd product} {ergonomic}
    uintx NonProfiledCodeHeapSize                  = 122916026                              {pd product} {ergonomic}
   size_t OldSize                                  = 70254592                                  {product} {ergonomic}
    uintx ProfiledCodeHeapSize                     = 122916026                              {pd product} {ergonomic}
    uintx ReservedCodeCacheSize                    = 251658240                              {pd product} {ergonomic}
     bool SegmentedCodeCache                       = true                                      {product} {ergonomic}
   size_t SoftMaxHeapSize                          = 536870912                              {manageable} {ergonomic}
     intx ThreadPriorityPolicy                     = 1                                         {product} {jimage}
     bool UseCompressedClassPointers               = true                           {product lp64_product} {ergonomic}
     bool UseCompressedOops                        = true                           {product lp64_product} {ergonomic}
     bool UseParallelGC                            = true                                      {product} {command line}

Logging:
Log output configuration:
 #0: stdout all=warning uptime,level,tags
 #1: stderr all=off uptime,level,tags

Environment Variables:
JAVA_HOME=/nix/store/gpxl5qgg8kicmcvivwmybwjlpf7wh20l-graalvm17-ce-22.3.0
PATH=/nix/store/1d6ian3r8kdzspw8hacjhl3xkp40g1lj-binutils-wrapper-2.39/bin:/nix/store/dq0xwmsk1g0i2ayg6pb7y87na2knzylh-gcc-wrapper-11.3.0/bin:/nix/store/bap4d0lpcrhpwmpb8ayjcgkmvfj62lnq-bash-interactive-5.1-p16/bin:/nix/store/pr5n59mb4jzmfx6kanwxly0l07p861fg-patchelf-0.15.0/bin:/nix/store/1gf2flfqnpqbr1b4p4qz2f72y42bs56r-gcc-11.3.0/bin:/nix/store/57xv61c5zi8pphjbcwxxjlgc34p61ic9-glibc-2.35-163-bin/bin:/nix/store/a7gvj343m05j2s32xcnwr35v31ynlypr-coreutils-9.1/bin:/nix/store/039g378vc3pc3dvi9dzdlrd0i4q93qwf-binutils-2.39/bin:/nix/store/y5fcw4xnkg8hwaaf35nfc41vdzy32cm7-vim-9.0.0609/bin:/nix/store/gpxl5qgg8kicmcvivwmybwjlpf7wh20l-graalvm17-ce-22.3.0/bin:/nix/store/6z9ag3ihc8mq2hzsw48lhbznvzny65nz-apache-maven-3.8.6/bin:/nix/store/m6gcpi1ii6rghy04cjwjddcavv7i90df-jdt-language-server-1.9.0/bin:/nix/store/84xs5alhs01zrbr4ywm05kxbjbp5590l-java-debug/bin:/nix/store/mydc6f4k2z73xlcz7ilif3v2lcaiqvza-findutils-4.9.0/bin:/nix/store/j9p3g8472iijd50vhdprx0nmk2fqn5gv-diffutils-3.8/bin:/nix/store/89zs7rms6x00xfq4dq6m7mjnhkr8a6r4-gnused-4.8/bin:/nix/store/86bp03jkmsl6f92w0yzg4s59g5mhxwmy-gnugrep-3.7/bin:/nix/store/hwcdqw4jrjnd37wxqgsd47hd0j8bnj09-gawk-5.1.1/bin:/nix/store/cfbhw8r8ags41vwqaz47r583d0p4h4a1-gnutar-1.34/bin:/nix/store/p3m1ndl1lapwrlh698bnb5lvvxh67378-gzip-1.12/bin:/nix/store/a8mhcagrsly7c7mpjrpsnaahk4aax056-bzip2-1.0.8-bin/bin:/nix/store/mblgz65m3zv9x548a3d5m96fj2pbwr09-gnumake-4.3/bin:/nix/store/dsd5gz46hdbdk2rfdimqddhq6m8m8fqs-bash-5.1-p16/bin:/nix/store/v7ljksji50mg3w61dykaa3n3y79n6nil-patch-2.7.6/bin:/nix/store/zlcnmqq14jz5x9439jf937mvayyl63da-xz-5.2.7-bin/bin:/nix/store/y6aj732zm9m87c82fpvf103a1xb22blp-file-5.43/bin:/nix/store/i4kzir3m7mrisxmf5xvlnkw01x4qaqr4-prybar-elisp-0.0.0-e0d9a52/bin:/nix/store/lwwivxf6h7x3cvxp9zv8sj0mv7dak99r-prybar-lua-0.0.0-e0d9a52/bin:/nix/store/gxj28g1cg4hq3qanmjv07156h800qr58-prybar-python3-0.0.0-e0d9a52/bin:/nix/store/hshkjnxrgidigf8x75vg6lqng2xlx9i3-prybar-sqlite-0.0.0-e0d9a52/bin:/nix/store/c4w01bpjgyy5ixmwdk8m1pw87zq4sl26-prybar-tcl-0.0
LD_LIBRARY_PATH=/nix/store/a4pff549sk2idnkpzk5nsfps3mdkdnvm-cups-2.4.2-lib/lib:/nix/store/72mqxxhh3cy5yifh92wh2yb8cl2hikyy-cairo-1.16.0/lib:/nix/store/2k366jrbsra97gjfxwvrhvixjfxdach5-glib-2.74.1/lib:/nix/store/2j2znigd8ak37rlwh9khz0ry3clqlw1l-gtk+3-3.24.34/lib:/nix/store/hisqvx32cd57apbpcsnkpx6k3549wql1-libglvnd-1.4.0/lib:/nix/store/p36pgcv991mq5srvg765b78yqpxvk3qs-mesa-21.3.3-drivers/lib:/nix/store/mav4251if1ahjq5vkpwycyyvnmy459c4-pulseaudio-14.2/lib
DISPLAY=:0
LANG=en_US.UTF-8

Signal Handlers:
   SIGSEGV: crash_handler in libjvm.so, mask=11100100010111111101111111111110, flags=SA_RESTART|SA_SIGINFO
    SIGBUS: crash_handler in libjvm.so, mask=11100100010111111101111111111110, flags=SA_RESTART|SA_SIGINFO
    SIGFPE: crash_handler in libjvm.so, mask=11100100010111111101111111111110, flags=SA_RESTART|SA_SIGINFO
   SIGPIPE: IsolateEnterStub_IgnoreSIGPIPEStartupHook_noopSignalHandler_8f19bff2f35b5f630d83b364d6b2339320d4ec70_216e8361c6bc87a8f89f58cc10d3b2fd4415bf87 in libjvmcicompiler.so, mask=00000000000000000000000000000000, flags=SA_RESTART
  *** Handler was modified!
  *** Expected: javaSignalHandler in libjvm.so, mask=11100100110111111111111111111110, flags=SA_RESTART|SA_SIGINFO
   SIGXFSZ: javaSignalHandler in libjvm.so, mask=11100100010111111101111111111110, flags=SA_RESTART|SA_SIGINFO
    SIGILL: crash_handler in libjvm.so, mask=11100100010111111101111111111110, flags=SA_RESTART|SA_SIGINFO
   SIGUSR2: SR_handler in libjvm.so, mask=00000000000000000000000000000000, flags=SA_RESTART|SA_SIGINFO
    SIGHUP: UserHandler in libjvm.so, mask=11100100010111111101111111111110, flags=SA_RESTART|SA_SIGINFO
    SIGINT: UserHandler in libjvm.so, mask=11100100010111111101111111111110, flags=SA_RESTART|SA_SIGINFO
   SIGTERM: UserHandler in libjvm.so, mask=11100100010111111101111111111110, flags=SA_RESTART|SA_SIGINFO
   SIGQUIT: UserHandler in libjvm.so, mask=11100100010111111101111111111110, flags=SA_RESTART|SA_SIGINFO
  *** Handler was modified!
  *** Expected: javaSignalHandler in libjvm.so, mask=11100100110111111111111111111110, flags=SA_RESTART|SA_SIGINFO
   SIGTRAP: crash_handler in libjvm.so, mask=11100100010111111101111111111110, flags=SA_RESTART|SA_SIGINFO


---------------  S Y S T E M  ---------------

OS:
DISTRIB_ID=Ubuntu
DISTRIB_RELEASE=20.04
DISTRIB_CODENAME=focal
DISTRIB_DESCRIPTION="Ubuntu 20.04.2 LTS"
uname: Linux 5.15.0-1032-gcp #40~20.04.1-Ubuntu SMP Tue Apr 11 02:49:52 UTC 2023 x86_64
OS uptime: 0 days 3:22 hours
libc: glibc 2.35 NPTL 2.35 
rlimit (soft/hard): STACK 8192k/infinity , CORE infinity/infinity , NPROC infinity/infinity , NOFILE 5242/5242 , AS infinity/infinity , CPU infinity/infinity , DATA infinity/infinity , FSIZE infinity/infinity , MEMLOCK 64k/64k
load average: 16.12 14.07 13.18

/proc/meminfo:
MemTotal:       65852700 kB
MemFree:        13102352 kB
MemAvailable:   45498240 kB
Buffers:         1739560 kB
Cached:         29719880 kB
SwapCached:            0 kB
Active:          8299492 kB
Inactive:       40830328 kB
Active(anon):      14948 kB
Inactive(anon): 17531808 kB
Active(file):    8284544 kB
Inactive(file): 23298520 kB
Unevictable:       42692 kB
Mlocked:           42692 kB
SwapTotal:             0 kB
SwapFree:              0 kB
Dirty:              2408 kB
Writeback:             0 kB
AnonPages:      17108256 kB
Mapped:          1884152 kB
Shmem:             28004 kB
KReclaimable:    1539424 kB
Slab:            2656632 kB
SReclaimable:    1539424 kB
SUnreclaim:      1117208 kB
KernelStack:      397112 kB
PageTables:       164808 kB
NFS_Unstable:          0 kB
Bounce:                0 kB
WritebackTmp:          0 kB
CommitLimit:    32926348 kB
Committed_AS:   63259780 kB
VmallocTotal:   34359738367 kB
VmallocUsed:      434372 kB
VmallocChunk:          0 kB
Percpu:            54400 kB
HardwareCorrupted:     0 kB
AnonHugePages:   2560000 kB
ShmemHugePages:        0 kB
ShmemPmdMapped:        0 kB
FileHugePages:         0 kB
FilePmdMapped:         0 kB
HugePages_Total:       0
HugePages_Free:        0
HugePages_Rsvd:        0
HugePages_Surp:        0
Hugepagesize:       2048 kB
Hugetlb:               0 kB
DirectMap4k:     3894072 kB
DirectMap2M:    49580032 kB
DirectMap1G:    15728640 kB

/sys/kernel/mm/transparent_hugepage/enabled: always [madvise] never
/sys/kernel/mm/transparent_hugepage/defrag (defrag/compaction efforts parameter): always defer defer+madvise [madvise] never

Process Memory:
Virtual Size: 5467228K (peak: 5536576K)
Resident Set Size: 802608K (peak: 839824K) (anon: 606856K, file: 195752K, shmem: 0K)
Swapped out: 0K
C-Heap outstanding allocations: 42696K, retained: 16851K
glibc malloc tunables: (default)

/proc/sys/kernel/threads-max (system-wide limit on the number of threads): 514406
/proc/sys/vm/max_map_count (maximum number of memory map areas a process may have): 65530
/proc/sys/kernel/pid_max (system-wide limit on number of process identifiers): 4194304

container (cgroup) information:
container_type: cgroupv1
cpu_cpuset_cpus: 2-7
cpu_memory_nodes: 0
active_processor_count: 1
cpu_quota: 50000
cpu_period: 100000
cpu_shares: 512
memory_limit_in_bytes: 1048576 k
memory_and_swap_limit_in_bytes: 1048576 k
memory_soft_limit_in_bytes: 524288 k
memory_usage_in_bytes: 759204 k
memory_max_usage_in_bytes: 844832 k
maximum number of tasks: 1000
current number of tasks: 78

KVM virtualization detected
Steal ticks since vm start: 0
Steal ticks percentage since vm start:  0.000

CPU: total 8 (initial active 1) (8 cores per cpu, 2 threads per core) family 23 model 49 stepping 0 microcode 0xffffffff, cx8, cmov, fxsr, ht, mmx, 3dnowpref, sse, sse2, sse3, ssse3, sse4a, sse4.1, sse4.2, popcnt, lzcnt, tsc, tscinvbit, avx, avx2, aes, clmul, bmi1, bmi2, adx, sha, fma, vzeroupper, clflush, clflushopt, hv
CPU Model and flags from /proc/cpuinfo:
model name	: AMD EPYC 7B12
flags		: fpu vme de pse tsc msr pae mce cx8 apic sep mtrr pge mca cmov pat pse36 clflush mmx fxsr sse sse2 ht syscall nx mmxext fxsr_opt pdpe1gb rdtscp lm constant_tsc rep_good nopl nonstop_tsc cpuid extd_apicid tsc_known_freq pni pclmulqdq ssse3 fma cx16 sse4_1 sse4_2 movbe popcnt aes xsave avx f16c rdrand hypervisor lahf_lm cmp_legacy cr8_legacy abm sse4a misalignsse 3dnowprefetch osvw topoext ssbd ibrs ibpb stibp vmmcall fsgsbase tsc_adjust bmi1 avx2 smep bmi2 rdseed adx smap clflushopt clwb sha_ni xsaveopt xsavec xgetbv1 clzero xsaveerptr arat npt nrip_save umip rdpid

Online cpus: 0-7
Offline cpus: 
BIOS frequency limitation: <Not Available>
Frequency switch latency (ns): <Not Available>
Available cpu frequencies: <Not Available>
Current governor: <Not Available>
Core performance/turbo boost: <Not Available>

Memory: 4k page, physical 1048576k(289368k free), swap 0k(0k free)
Page Sizes: 4k

vm_info: OpenJDK 64-Bit Server VM (17.0.5+8-jvmci-22.3-b08) for linux-amd64 JRE (17.0.5+8-jvmci-22.3-b08), built on Oct 19 2022 09:01:27 by "buildslave" with gcc 10.3.0

END.
