#
# A fatal error has been detected by the Java Runtime Environment:
#
#  Internal Error (jvmciRuntime.cpp:1609), pid=13813, tid=13831
#  fatal error: Fatal exception in JVMCI: Error calling jdk.vm.ci.services.Services.serializeSavedProperties
#
# JRE version: OpenJDK Runtime Environment GraalVM CE 22.3.0 (17.0.5+8) (build 17.0.5+8-jvmci-22.3-b08)
# Java VM: OpenJDK 64-Bit Server VM GraalVM CE 22.3.0 (17.0.5+8-jvmci-22.3-b08, mixed mode, sharing, tiered, jvmci, jvmci compiler, compressed oops, compressed class ptrs, parallel gc, linux-amd64)
# Problematic frame:
# V  [libjvm.so+0x972714]  JVMCIRuntime::fatal_exception(JVMCIEnv*, char const*)+0x74
#
# Core dump will be written. Default location: Core dumps may be processed with "/usr/share/apport/apport -p%p -s%s -c%c -d%d -P%P -u%u -g%g -- %E" (or dumping to /home/runner/justaliljavaproject-1/core.13813)
#
# If you would like to submit a bug report, please visit:
#   https://github.com/oracle/graal/issues
#

---------------  S U M M A R Y ------------

Command Line: -XX:ThreadPriorityPolicy=1 -XX:+UnlockExperimentalVMOptions -XX:+EnableJVMCIProduct -XX:JVMCIThreadsPerNativeLibraryRuntime=1 -XX:-UnlockExperimentalVMOptions -Declipse.application=org.eclipse.jdt.ls.core.id1 -Dosgi.bundles.defaultStartLevel=4 -Declipse.product=org.eclipse.jdt.ls.core.product -Dlog.level=ALL -Xverify:none -XX:+UseParallelGC -XX:GCTimeRatio=4 -XX:AdaptiveSizePolicyWeight=90 -Dsun.zip.disableMemoryMapping=true -Xmx512m -Xms100m /nix/store/m6gcpi1ii6rghy04cjwjddcavv7i90df-jdt-language-server-1.9.0/share/java/plugins/org.eclipse.equinox.launcher_1.6.400.v20210924-0641.jar --add-modules=ALL-SYSTEM --add-opens java.base/java.util=ALL-UNNAMED --add-opens java.base/java.lang=ALL-UNNAMED -configuration /home/runner/.cache/jdt-language-server/config -data /home/runner/.cache/jdt-language-server/data/home/runner/justaliljavaproject-1

Host: AMD EPYC 7B12, 8 cores, 1G, Ubuntu 20.04.2 LTS
Time: Wed Apr  5 01:13:31 2023 UTC elapsed time: 1164.389531 seconds (0d 0h 19m 24s)

---------------  T H R E A D  ---------------

Current thread (0x00007f8c380b2210):  JavaThread "JVMCI-native CompilerThread0" daemon [_thread_in_vm, id=13831, stack(0x00007f8c1d41a000,0x00007f8c1d61a000)]


Current CompileTask:
JVMCI-native:1164389 11521       4       java.lang.Character::isWhitespace (5 bytes)

Stack: [0x00007f8c1d41a000,0x00007f8c1d61a000],  sp=0x00007f8c1d618380,  free space=2040k
Native frames: (J=compiled Java code, j=interpreted, Vv=VM code, C=native code)
V  [libjvm.so+0x972714]  JVMCIRuntime::fatal_exception(JVMCIEnv*, char const*)+0x74
V  [libjvm.so+0x93e2fe]  JVMCIEnv::copy_saved_properties()+0x14e
V  [libjvm.so+0x9732a9]  JVMCIRuntime::initialize(JVMCIEnv*)+0xb19
V  [libjvm.so+0x9738a2]  JVMCIRuntime::get_HotSpotJVMCIRuntime(JVMCIEnv*)+0x12
V  [libjvm.so+0x9749f2]  JVMCIRuntime::compile_method(JVMCIEnv*, JVMCICompiler*, methodHandle const&, int)+0xd2
V  [libjvm.so+0x5b0d20]  CompileBroker::invoke_compiler_on_method(CompileTask*)+0x1470
V  [libjvm.so+0x5b12e8]  CompileBroker::compiler_thread_loop()+0x528
V  [libjvm.so+0xd82460]  JavaThread::thread_main_inner()+0xd0
V  [libjvm.so+0xd85a40]  Thread::call_run()+0xc0
V  [libjvm.so+0xbdb1e1]  thread_native_entry(Thread*)+0xe1

Register to memory mapping:

RAX=0x00007f8c3d18b000 points into unknown readable memory: 0x0000000000000058 | 58 00 00 00 00 00 00 00
RBX=0x00007f8c3e286398: <offset 0x0000000000ef5398> in /nix/store/gpxl5qgg8kicmcvivwmybwjlpf7wh20l-graalvm17-ce-22.3.0/lib/server/libjvm.so at 0x00007f8c3d391000
RCX=0x00007f8c3e23e1e8: <offset 0x0000000000ead1e8> in /nix/store/gpxl5qgg8kicmcvivwmybwjlpf7wh20l-graalvm17-ce-22.3.0/lib/server/libjvm.so at 0x00007f8c3d391000
RDX=0x0000000000000649 is an unknown value
RSP=0x00007f8c1d618380 is pointing into the stack for thread: 0x00007f8c380b2210
RBP=0x00007f8c1d6183a0 is pointing into the stack for thread: 0x00007f8c380b2210
RSI=0x00007f8c3e286c48: <offset 0x0000000000ef5c48> in /nix/store/gpxl5qgg8kicmcvivwmybwjlpf7wh20l-graalvm17-ce-22.3.0/lib/server/libjvm.so at 0x00007f8c3d391000
RDI=0x00000000e0000000 is an oop: java.util.LinkedHashMap 
{0x00000000e0000000} - klass: 'java/util/LinkedHashMap'
 - ---- fields (total size 7 words):
 - transient 'keySet' 'Ljava/util/Set;' @12  NULL (0)
 - transient 'values' 'Ljava/util/Collection;' @16  NULL (0)
 - transient 'size' 'I' @20  1
 - transient 'modCount' 'I' @24  1
 - 'threshold' 'I' @28  1
 - final 'loadFactor' 'F' @32  0.750000 (3f400000)
 - transient 'table' '[Ljava/util/HashMap$Node;' @36  a 'java/util/HashMap$Node'[2] {0x00000000e0000038} (e0000038)
 - transient 'entrySet' 'Ljava/util/Set;' @40  a 'java/util/LinkedHashMap$LinkedEntrySet'{0x00000000e00000d0} (e00000d0)
 - final 'accessOrder' 'Z' @44  false
 - transient 'head' 'Ljava/util/LinkedHashMap$Entry;' @48  a 'java/util/LinkedHashMap$Entry'{0x00000000e0000050} (e0000050)
 - transient 'tail' 'Ljava/util/LinkedHashMap$Entry;' @52  a 'java/util/LinkedHashMap$Entry'{0x00000000e0000050} (e0000050)
R8 =0x00007f8c3e286398: <offset 0x0000000000ef5398> in /nix/store/gpxl5qgg8kicmcvivwmybwjlpf7wh20l-graalvm17-ce-22.3.0/lib/server/libjvm.so at 0x00007f8c3d391000
R9 =0x00007f8c1d618330 is pointing into the stack for thread: 0x00007f8c380b2210
R10=0x00007f8c1d619948 is pointing into the stack for thread: 0x00007f8c380b2210
R11=0x0000000000000293 is an unknown value
R12=0x0 is NULL
R13=0x00007f8c380b2210 is a thread
R14=0x00007f8c38000b80 points into unknown readable memory: 0x00007f8c3e4b7a38 | 38 7a 4b 3e 8c 7f 00 00
R15=0x00007f8c3e5c5e40: <offset 0x0000000001234e40> in /nix/store/gpxl5qgg8kicmcvivwmybwjlpf7wh20l-graalvm17-ce-22.3.0/lib/server/libjvm.so at 0x00007f8c3d391000


Registers:
RAX=0x00007f8c3d18b000, RBX=0x00007f8c3e286398, RCX=0x00007f8c3e23e1e8, RDX=0x0000000000000649
RSP=0x00007f8c1d618380, RBP=0x00007f8c1d6183a0, RSI=0x00007f8c3e286c48, RDI=0x00000000e0000000
R8 =0x00007f8c3e286398, R9 =0x00007f8c1d618330, R10=0x00007f8c1d619948, R11=0x0000000000000293
R12=0x0000000000000000, R13=0x00007f8c380b2210, R14=0x00007f8c38000b80, R15=0x00007f8c3e5c5e40
RIP=0x00007f8c3dd03714, EFLAGS=0x0000000000010206, CSGSFS=0x002b000000000033, ERR=0x0000000000000006
  TRAPNO=0x000000000000000e

Top of Stack: (sp=0x00007f8c1d618380)
0x00007f8c1d618380:   00007f8c1d618940 00007f8c380b2210
0x00007f8c1d618390:   00007f8c3cb1c8c8 0000000800c417a0
0x00007f8c1d6183a0:   00007f8c1d618500 00007f8c3dccf2fe
0x00007f8c1d6183b0:   00007f8c1d6183e0 00007f8c1d618440 

Instructions: (pc=0x00007f8c3dd03714)
0x00007f8c3dd03614:   30 e8 f6 cf e8 ff 4c 89 e7 e8 2e 48 d1 ff 84 db
0x00007f8c3dd03624:   75 2a 4d 85 ed 74 04 4d 8b 6d 00 48 83 c4 08 44
0x00007f8c3dd03634:   89 f9 4c 89 f2 4c 89 ee 5b 4c 89 e7 41 5c 41 5d
0x00007f8c3dd03644:   41 5e 41 5f 5d e9 e2 47 d1 ff 66 90 48 83 c4 08
0x00007f8c3dd03654:   5b 41 5c 41 5d 41 5e 41 5f 5d c3 90 31 d2 be 08
0x00007f8c3dd03664:   00 00 00 4c 89 ff e8 b1 78 a3 ff 49 89 c5 e9 37
0x00007f8c3dd03674:   ff ff ff 66 0f 1f 84 00 00 00 00 00 48 8b 7a 08
0x00007f8c3dd03684:   e9 6d ff ff ff 0f 1f 80 00 00 00 00 e8 5b 48 0a
0x00007f8c3dd03694:   00 84 c0 75 89 e9 6a ff ff ff 66 90 55 48 89 e5
0x00007f8c3dd036a4:   41 56 41 55 41 54 49 89 fc 53 48 89 f3 66 48 8d
0x00007f8c3dd036b4:   3d 27 5e 85 00 66 66 48 e8 df 43 8d ff 4c 8b 28
0x00007f8c3dd036c4:   8b 05 be 72 8a 00 85 c0 75 14 ba 01 00 00 00 48
0x00007f8c3dd036d4:   8d 0d ae 72 8a 00 f0 0f b1 11 85 c0 74 4e be c8
0x00007f8c3dd036e4:   00 00 00 4c 89 ef e8 01 0b 41 00 48 8d 05 12 ac
0x00007f8c3dd036f4:   85 00 49 89 d8 48 8d 0d e8 aa 53 00 ba 49 06 00
0x00007f8c3dd03704:   00 48 8d 35 3c 35 58 00 bf 00 00 00 e0 48 8b 00
0x00007f8c3dd03714:   c6 00 58 31 c0 e8 e2 91 c6 ff 5b 41 5c 41 5d 41
0x00007f8c3dd03724:   5e 5d e9 55 34 26 00 0f 1f 44 00 00 48 8d 05 81
0x00007f8c3dd03734:   a3 8b 00 48 89 df 4c 8b 30 e8 9e 43 8d ff 48 89
0x00007f8c3dd03744:   de 48 89 c2 49 8b 06 4c 89 f7 ff 50 08 4c 89 f7
0x00007f8c3dd03754:   e8 a7 5c 27 00 4d 85 e4 74 12 be 01 00 00 00 4c
0x00007f8c3dd03764:   89 e7 e8 35 43 fc ff eb 82 0f 1f 00 be 01 00 00
0x00007f8c3dd03774:   00 4c 89 ef e8 d3 fd ff ff e9 6d ff ff ff 66 66
0x00007f8c3dd03784:   2e 0f 1f 84 00 00 00 00 00 0f 1f 00 55 48 89 e5
0x00007f8c3dd03794:   41 57 41 56 41 55 41 54 53 48 81 ec 08 02 00 00
0x00007f8c3dd037a4:   64 48 8b 04 25 28 00 00 00 48 89 45 c8 8b 07 83
0x00007f8c3dd037b4:   f8 02 0f 84 11 04 00 00 4c 8b 6f 18 49 89 ff 49
0x00007f8c3dd037c4:   89 f4 4d 85 ed 74 14 4c 89 ef e8 5d 57 22 00 41
0x00007f8c3dd037d4:   8b 07 83 f8 02 0f 84 19 04 00 00 48 8d 1d 9a 06
0x00007f8c3dd037e4:   8a 00 4c 8d 35 0b 3c 58 00 eb 38 90 48 85 d2 7f
0x00007f8c3dd037f4:   0d 48 8d 05 b4 c0 85 00 48 83 38 00 7e 0e 41 8b
0x00007f8c3dd03804:   77 2c 4c 89 f7 31 c0 e8 a0 b2 f7 ff 49 8b 7f 18 


Stack slot to memory mapping:
stack at sp + 0 slots: 0x00007f8c1d618940 is pointing into the stack for thread: 0x00007f8c380b2210
stack at sp + 1 slots: 0x00007f8c380b2210 is a thread
stack at sp + 2 slots: 0x00007f8c3cb1c8c8 points into unknown readable memory: 0x6573001880c9ffff | ff ff c9 80 18 00 73 65
stack at sp + 3 slots: 0x0000000800c417a0 is a pointer to class: 
jdk.vm.ci.services.Services {0x0000000800c417a0}
 - instance size:     2
 - klass size:        65
 - access:            public final synchronized 
 - state:             fully_initialized
 - name:              'jdk/vm/ci/services/Services'
 - super:             'java/lang/Object'
 - sub:               
 - arrays:            NULL
 - methods:           Array<T>(0x00007f8c1dc404b8)
 - method ordering:   Array<T>(0x0000000800928960)
 - default_methods:   Array<T>(0x0000000000000000)
 - local interfaces:  Array<T>(0x00000008005ce810)
 - trans. interfaces: Array<T>(0x00000008005ce810)
 - constants:         constant pool [427] {0x00007f8c1dc3f598} for 'jdk/vm/ci/services/Services' cache=0x00007f8c1dc41788
 - class loader data:  loader data: 0x00007f8c380283f0 of 'bootstrap'
 - source file:       'Services.java'
 - class annotations:       Array<T>(0x0000000000000000)
 - class type annotations:  Array<T>(0x0000000000000000)
 - field annotations:       Array<T>(0x0000000000000000)
 - field type annotations:  Array<T>(0x0000000000000000)
 - inner classes:     Array<T>(0x00007f8c1dc41758)
 - nest members:     Array<T>(0x00007f8c1dc41778)
 - permitted subclasses:     Array<T>(0x00000008005ce7a0)
 - java mirror:       a 'java/lang/Class'{0x00000000e02eb588} = 'jdk/vm/ci/services/Services'
 - vtable length      5  (start addr: 0x0000000800c41970)
 - itable length      2 (start addr: 0x0000000800c41998)
 - ---- static fields (3 words):
 - public static final 'IS_BUILDING_NATIVE_IMAGE' 'Z' @128 
 - public static final 'IS_IN_NATIVE_IMAGE' 'Z' @129 
 - private static volatile 'savedProperties' 'Ljava/util/Map;' @112 
 - static final 'JVMCI_ENABLED' 'Z' @130 
 - private static final 'servicesCache' 'Ljava/util/Map;' @116 
 - private static final 'MAX_UNICODE_IN_UTF8_LENGTH' 'I' @120 
 - private static final 'MAX_UTF8_PROPERTY_STRING_LENGTH' 'I' @124 
 - ---- non-static fields (0 words):
 - non-static oop maps: 
stack at sp + 4 slots: 0x00007f8c1d618500 is pointing into the stack for thread: 0x00007f8c380b2210
stack at sp + 5 slots: 0x00007f8c3dccf2fe: <offset 0x000000000093e2fe> in /nix/store/gpxl5qgg8kicmcvivwmybwjlpf7wh20l-graalvm17-ce-22.3.0/lib/server/libjvm.so at 0x00007f8c3d391000
stack at sp + 6 slots: 0x00007f8c1d6183e0 is pointing into the stack for thread: 0x00007f8c380b2210
stack at sp + 7 slots: 0x00007f8c1d618440 is pointing into the stack for thread: 0x00007f8c380b2210


---------------  P R O C E S S  ---------------

Threads class SMR info:
_java_thread_list=0x00007f8bac0480f0, length=25, elements={
0x00007f8c38026690, 0x00007f8c380a64d0, 0x00007f8c380a7910, 0x00007f8c380ae080,
0x00007f8c380af430, 0x00007f8c380b0820, 0x00007f8c380b2210, 0x00007f8c380b3720,
0x00007f8c380b4b70, 0x00007f8c380d7d40, 0x00007f8c3811fbc0, 0x00007f8c382ed7b0,
0x00007f8c381f8070, 0x00007f8c381fa900, 0x00007f8bcc02f880, 0x00007f8bcc0d0410,
0x00007f8bcc495e70, 0x00007f8bcc63c330, 0x00007f8bcc7765f0, 0x00007f8c3831ad70,
0x00007f8c383db500, 0x00007f8bbc00dcb0, 0x00007f8ba41a2c70, 0x00007f8ba41a6930,
0x00007f8b90051910
}

Java Threads: ( => current thread )
  0x00007f8c38026690 JavaThread "main" [_thread_blocked, id=13819, stack(0x00007f8c3d1ac000,0x00007f8c3d2ac000)]
  0x00007f8c380a64d0 JavaThread "Reference Handler" daemon [_thread_blocked, id=13826, stack(0x00007f8c3c1c3000,0x00007f8c3c2c3000)]
  0x00007f8c380a7910 JavaThread "Finalizer" daemon [_thread_blocked, id=13827, stack(0x00007f8c3c0c3000,0x00007f8c3c1c3000)]
  0x00007f8c380ae080 JavaThread "Signal Dispatcher" daemon [_thread_blocked, id=13828, stack(0x00007f8c1d81a000,0x00007f8c1d91a000)]
  0x00007f8c380af430 JavaThread "Service Thread" daemon [_thread_blocked, id=13829, stack(0x00007f8c1d71a000,0x00007f8c1d81a000)]
  0x00007f8c380b0820 JavaThread "Monitor Deflation Thread" daemon [_thread_blocked, id=13830, stack(0x00007f8c1d61a000,0x00007f8c1d71a000)]
=>0x00007f8c380b2210 JavaThread "JVMCI-native CompilerThread0" daemon [_thread_in_vm, id=13831, stack(0x00007f8c1d41a000,0x00007f8c1d61a000)]
  0x00007f8c380b3720 JavaThread "C1 CompilerThread0" daemon [_thread_blocked, id=13833, stack(0x00007f8c1d21a000,0x00007f8c1d41a000)]
  0x00007f8c380b4b70 JavaThread "Sweeper thread" daemon [_thread_blocked, id=13835, stack(0x00007f8c1d11a000,0x00007f8c1d21a000)]
  0x00007f8c380d7d40 JavaThread "Common-Cleaner" daemon [_thread_blocked, id=13839, stack(0x00007f8c1d01a000,0x00007f8c1d11a000)]
  0x00007f8c3811fbc0 JavaThread "Notification Thread" daemon [_thread_blocked, id=13840, stack(0x00007f8c1cf1a000,0x00007f8c1d01a000)]
  0x00007f8c382ed7b0 JavaThread "Active Thread: Equinox Container: 5d1c33c3-3dbf-46f9-955f-b6df0ba39fe6" [_thread_blocked, id=13852, stack(0x00007f8c1cc00000,0x00007f8c1cd00000)]
  0x00007f8c381f8070 JavaThread "Framework Event Dispatcher: Equinox Container: 5d1c33c3-3dbf-46f9-955f-b6df0ba39fe6" daemon [_thread_blocked, id=13861, stack(0x00007f8c1ca00000,0x00007f8c1cb00000)]
  0x00007f8c381fa900 JavaThread "Start Level: Equinox Container: 5d1c33c3-3dbf-46f9-955f-b6df0ba39fe6" daemon [_thread_blocked, id=13862, stack(0x00007f8c1c800000,0x00007f8c1c900000)]
  0x00007f8bcc02f880 JavaThread "SCR Component Actor" daemon [_thread_blocked, id=13863, stack(0x00007f8c1c600000,0x00007f8c1c700000)]
  0x00007f8bcc0d0410 JavaThread "Worker-JM" [_thread_blocked, id=13905, stack(0x00007f8c1c200000,0x00007f8c1c300000)]
  0x00007f8bcc495e70 JavaThread "Worker-0" [_thread_blocked, id=13911, stack(0x00007f8c1c000000,0x00007f8c1c100000)]
  0x00007f8bcc63c330 JavaThread "Java indexing" daemon [_thread_blocked, id=13917, stack(0x00007f8be4500000,0x00007f8be4600000)]
  0x00007f8bcc7765f0 JavaThread "Bundle File Closer" daemon [_thread_blocked, id=13927, stack(0x00007f8c1c400000,0x00007f8c1c500000)]
  0x00007f8c3831ad70 JavaThread "pool-3-thread-1" [_thread_blocked, id=13928, stack(0x00007f8be4100000,0x00007f8be4200000)]
  0x00007f8c383db500 JavaThread "pool-2-thread-1" [_thread_in_native, id=13937, stack(0x00007f8be3f00000,0x00007f8be4000000)]
  0x00007f8bbc00dcb0 JavaThread "Worker-5: Compacting resource model" [_thread_blocked, id=13971, stack(0x00007f8c1cd18000,0x00007f8c1ce18000)]
  0x00007f8ba41a2c70 JavaThread "Thread-3" [_thread_blocked, id=14125, stack(0x00007f8c1c500000,0x00007f8c1c600000)]
  0x00007f8ba41a6930 JavaThread "Thread-7" [_thread_blocked, id=14129, stack(0x00007f8be3900000,0x00007f8be3a00000)]
  0x00007f8b90051910 JavaThread "Worker-6" [_thread_blocked, id=14801, stack(0x00007f8be3d00000,0x00007f8be3e00000)]

Other Threads:
  0x00007f8c380a1c10 VMThread "VM Thread" [stack: 0x00007f8c3c2c5000,0x00007f8c3c3c5000] [id=13825] _threads_hazard_ptr=0x00007f8bac0480f0
  0x00007f8c38121560 WatcherThread [stack: 0x00007f8c1ce1a000,0x00007f8c1cf1a000] [id=13841]
  0x00007f8c3803df30 GCTaskThread "GC Thread#0" [stack: 0x00007f8c3cd6f000,0x00007f8c3ce6f000] [id=13821]

Threads with active compile tasks:
JVMCI-native CompilerThread0  1164589 11521       4       java.lang.Character::isWhitespace (5 bytes)

VM state: synchronizing (normal execution)

VM Mutex/Monitor currently owned by a thread:  ([mutex/lock_event])
[0x00007f8c38023840] Threads_lock - owner thread: 0x00007f8c380a1c10
[0x00007f8c38023ff0] Heap_lock - owner thread: 0x00007f8bcc495e70

OutOfMemory and StackOverflow Exception counts:
OutOfMemoryError java_heap_errors=14
LinkageErrors=51

Heap address: 0x00000000e0000000, size: 512 MB, Compressed Oops mode: 32-bit

CDS archive(s) mapped at: [0x0000000800000000-0x0000000800bc8000-0x0000000800bc8000), size 12353536, SharedBaseAddress: 0x0000000800000000, ArchiveRelocationMode: 0.
Compressed class space mapped at: 0x0000000800c00000-0x0000000840c00000, reserved size: 1073741824
Narrow klass base: 0x0000000800000000, Narrow klass shift: 0, Narrow klass range: 0x100000000

GC Precious Log:
 CPUs: 8 total, 1 available
 Memory: 1024M
 Large Page Support: Disabled
 NUMA Support: Disabled
 Compressed Oops: Enabled (32-bit)
 Alignments: Space 512K, Generation 512K, Heap 2M
 Heap Min Capacity: 100M
 Heap Initial Capacity: 100M
 Heap Max Capacity: 512M
 Pre-touch: Disabled
 Parallel Workers: 1

Heap:
 PSYoungGen      total 51712K, used 40448K [0x00000000f5580000, 0x00000000f9b80000, 0x0000000100000000)
  eden space 40448K, 100% used [0x00000000f5580000,0x00000000f7d00000,0x00000000f7d00000)
  from space 11264K, 0% used [0x00000000f9080000,0x00000000f9080000,0x00000000f9b80000)
  to   space 14848K, 0% used [0x00000000f8180000,0x00000000f8180000,0x00000000f9000000)
 ParOldGen       total 349696K, used 349695K [0x00000000e0000000, 0x00000000f5580000, 0x00000000f5580000)
  object space 349696K, 99% used [0x00000000e0000000,0x00000000f557ffe8,0x00000000f5580000)
 Metaspace       used 53185K, committed 53952K, reserved 1097728K
  class space    used 4915K, committed 5248K, reserved 1048576K

Card table byte_map: [0x00007f8c3ce6f000,0x00007f8c3cf70000] _byte_map_base: 0x00007f8c3c76f000

Marking Bits: (ParMarkBitMap*) 0x00007f8c3e5bf4c0
 Begin Bits: [0x00007f8c1e4b3000, 0x00007f8c1ecb3000)
 End Bits:   [0x00007f8c1ecb3000, 0x00007f8c1f4b3000)

Polling page: 0x00007f8c3d189000

Metaspace:

Usage:
  Non-class:     47.14 MB used.
      Class:      4.80 MB used.
       Both:     51.94 MB used.

Virtual space:
  Non-class space:       48.00 MB reserved,      47.56 MB (>99%) committed,  6 nodes.
      Class space:        1.00 GB reserved,       5.12 MB ( <1%) committed,  1 nodes.
             Both:        1.05 GB reserved,      52.69 MB (  5%) committed. 

Chunk freelists:
   Non-Class:  498.00 KB
       Class:  2.73 MB
        Both:  3.22 MB

MaxMetaspaceSize: unlimited
CompressedClassSpaceSize: 1.00 GB
Initial GC threshold: 21.00 MB
Current GC threshold: 87.81 MB
CDS: on
MetaspaceReclaimPolicy: balanced
 - commit_granule_bytes: 65536.
 - commit_granule_words: 8192.
 - virtual_space_node_default_size: 1048576.
 - enlarge_chunks_in_place: 1.
 - new_chunks_are_fully_committed: 0.
 - uncommit_free_chunks: 1.
 - use_allocation_guard: 0.
 - handle_deallocations: 1.


Internal statistics:

num_allocs_failed_limit: 6.
num_arena_births: 376.
num_arena_deaths: 74.
num_vsnodes_births: 7.
num_vsnodes_deaths: 0.
num_space_committed: 840.
num_space_uncommitted: 0.
num_chunks_returned_to_freelist: 96.
num_chunks_taken_from_freelist: 2533.
num_chunk_merges: 33.
num_chunk_splits: 1657.
num_chunks_enlarged: 1055.
num_purges: 12.
num_inconsistent_stats: 0.

CodeHeap 'non-profiled nmethods': size=120036Kb used=2745Kb max_used=2754Kb free=117290Kb
 bounds [0x00007f8c26f7a000, 0x00007f8c2723a000, 0x00007f8c2e4b3000]
CodeHeap 'profiled nmethods': size=120032Kb used=16149Kb max_used=18367Kb free=103882Kb
 bounds [0x00007f8c1fa42000, 0x00007f8c20c42000, 0x00007f8c26f7a000]
CodeHeap 'non-nmethods': size=5692Kb used=1341Kb max_used=1366Kb free=4350Kb
 bounds [0x00007f8c1f4b3000, 0x00007f8c1f723000, 0x00007f8c1fa42000]
 total_blobs=7692 nmethods=7025 adapters=578
 compilation: enabled
              stopped_count=0, restarted_count=0
 full_count=0

JVMCI Events (20 events):
Event: 137.189 Thread 0x00007f8c380b2210 compacted oop handles in JVMCI runtime 0 from 114 to 104
Event: 137.377 Thread 0x00007f8c380b2210 compacted oop handles in JVMCI runtime 0 from 124 to 114
Event: 137.490 Thread 0x00007f8c380b2210 compacted oop handles in JVMCI runtime 0 from 130 to 122
Event: 137.491 Thread 0x00007f8c380b2210 compacted oop handles in JVMCI runtime 0 from 123 to 76
Event: 137.584 Thread 0x00007f8c380b2210 compacted oop handles in JVMCI runtime 0 from 82 to 79
Event: 137.593 Thread 0x00007f8c380b2210 compacted oop handles in JVMCI runtime 0 from 106 to 98
Event: 137.781 Thread 0x00007f8c380b2210 compacted oop handles in JVMCI runtime 0 from 101 to 77
Event: 137.977 Thread 0x00007f8c380b2210 compacted oop handles in JVMCI runtime 0 from 123 to 119
Event: 137.979 Thread 0x00007f8c380b2210 compacted oop handles in JVMCI runtime 0 from 124 to 121
Event: 139.977 Thread 0x00007f8c380b2210 detaching from JVMCI runtime 0: releasing idle compiler thread (0 other threads still attached)
Event: 139.977 Thread 0x00007f8c380b2210 shutting down HotSpotJVMCIRuntime for JVMCI runtime 0
Event: 139.977 Thread 0x00007f8c380b2210 shut down JVMCI runtime 0
Event: 139.983 Thread 0x00007f8c380b2210 destroyed JavaVM[1]@0x00007f8be569e340 for JVMCI runtime 0
Event: 139.983 Thread 0x00007f8c380b2210 compacted oop handles in JVMCI runtime 0 from 134 to 134
Event: 139.983 Thread 0x00007f8c380b2210 releasing handles for JVMCI runtime 0: oop handles=134, metadata handles={total=1824, live=588, blocks=57}
Event: 139.983 Thread 0x00007f8c380b2210 detached from JVMCI runtime 0
Event: 801.687 Thread 0x00007f8c380b2210 attached to JVMCI runtime 0
Event: 801.690 Thread 0x00007f8c380b2210 created JavaVM[2]@0x00007f8ba9e9e340 for JVMCI runtime 0
Event: 814.334 Thread 0x00007f8c380b2210 initializing JVMCI runtime 0
Event: 814.334 Thread 0x00007f8c380b2210 done waiting for JavaVM references initialization in JVMCI runtime 0

Compilation events (20 events):
Event: 886.096 Thread 0x00007f8c380b3720 11522       3       java.io.DataOutputStream::writeUTF (411 bytes)
Event: 889.986 Thread 0x00007f8c380b3720 nmethod 11522 0x00007f8c202ce290 code [0x00007f8c202ce620, 0x00007f8c202d09c0]
Event: 991.995 Thread 0x00007f8c380b3720 11524       3       java.util.Collections$UnmodifiableMap$UnmodifiableEntrySet$1::hasNext (10 bytes)
Event: 999.599 Thread 0x00007f8c380b3720 nmethod 11524 0x00007f8c1fa4e410 code [0x00007f8c1fa4e5c0, 0x00007f8c1fa4e8e0]
Event: 999.599 Thread 0x00007f8c380b3720 11525       3       java.util.Collections$UnmodifiableMap$UnmodifiableEntrySet$1::next (5 bytes)
Event: 1007.099 Thread 0x00007f8c380b3720 nmethod 11525 0x00007f8c1fb3e990 code [0x00007f8c1fb3eba0, 0x00007f8c1fb3f6b0]
Event: 1007.099 Thread 0x00007f8c380b3720 11526       3       java.util.Collections$UnmodifiableMap$UnmodifiableEntrySet$1::next (20 bytes)
Event: 1007.101 Thread 0x00007f8c380b3720 nmethod 11526 0x00007f8c1fc4a090 code [0x00007f8c1fc4a280, 0x00007f8c1fc4ad30]
Event: 1007.101 Thread 0x00007f8c380b3720 11527       3       java.util.Collections$UnmodifiableMap$UnmodifiableEntrySet$UnmodifiableEntry::<init> (16 bytes)
Event: 1007.101 Thread 0x00007f8c380b3720 nmethod 11527 0x00007f8c1ff41390 code [0x00007f8c1ff41560, 0x00007f8c1ff41aa0]
Event: 1007.102 Thread 0x00007f8c380b3720 11528       3       java.util.Collections$UnmodifiableMap$UnmodifiableEntrySet$UnmodifiableEntry::getKey (10 bytes)
Event: 1007.102 Thread 0x00007f8c380b3720 nmethod 11528 0x00007f8c1fa74410 code [0x00007f8c1fa745c0, 0x00007f8c1fa748e0]
Event: 1007.102 Thread 0x00007f8c380b3720 11529       3       java.util.Collections$UnmodifiableMap$UnmodifiableEntrySet$UnmodifiableEntry::getValue (10 bytes)
Event: 1007.102 Thread 0x00007f8c380b3720 nmethod 11529 0x00007f8c1faa4410 code [0x00007f8c1faa45c0, 0x00007f8c1faa48e0]
Event: 1046.997 Thread 0x00007f8c380b3720 11530       3       java.io.DataOutputStream::incCount (20 bytes)
Event: 1050.149 Thread 0x00007f8c380b3720 nmethod 11530 0x00007f8c1fa85010 code [0x00007f8c1fa851a0, 0x00007f8c1fa852f0]
Event: 1057.991 Thread 0x00007f8c380b3720 11531       3       java.util.concurrent.locks.AbstractQueuedSynchronizer$Node::<init> (5 bytes)
Event: 1065.710 Thread 0x00007f8c380b3720 nmethod 11531 0x00007f8c1fa84890 code [0x00007f8c1fa84a40, 0x00007f8c1fa84b90]
Event: 1073.381 Thread 0x00007f8c380b3720 11532       3       java.util.concurrent.ThreadPoolExecutor::isShutdown (12 bytes)
Event: 1077.300 Thread 0x00007f8c380b3720 nmethod 11532 0x00007f8c1fb18b90 code [0x00007f8c1fb18d40, 0x00007f8c1fb18f30]

GC Heap History (20 events):
Event: 1126.708 GC heap before
{Heap before GC invocations=367 (full 279):
 PSYoungGen      total 51712K, used 40447K [0x00000000f5580000, 0x00000000f9b80000, 0x0000000100000000)
  eden space 40448K, 99% used [0x00000000f5580000,0x00000000f7cfffe0,0x00000000f7d00000)
  from space 11264K, 0% used [0x00000000f9080000,0x00000000f9080000,0x00000000f9b80000)
  to   space 14848K, 0% used [0x00000000f8180000,0x00000000f8180000,0x00000000f9000000)
 ParOldGen       total 349696K, used 349695K [0x00000000e0000000, 0x00000000f5580000, 0x00000000f5580000)
  object space 349696K, 99% used [0x00000000e0000000,0x00000000f557ff50,0x00000000f5580000)
 Metaspace       used 53185K, committed 53952K, reserved 1097728K
  class space    used 4915K, committed 5248K, reserved 1048576K
}
Event: 1130.392 GC heap after
{Heap after GC invocations=367 (full 279):
 PSYoungGen      total 55296K, used 40447K [0x00000000f5580000, 0x00000000f9b80000, 0x0000000100000000)
  eden space 40448K, 99% used [0x00000000f5580000,0x00000000f7cfffd0,0x00000000f7d00000)
  from space 14848K, 0% used [0x00000000f8180000,0x00000000f8180000,0x00000000f9000000)
  to   space 11264K, 0% used [0x00000000f9080000,0x00000000f9080000,0x00000000f9b80000)
 ParOldGen       total 349696K, used 349695K [0x00000000e0000000, 0x00000000f5580000, 0x00000000f5580000)
  object space 349696K, 99% used [0x00000000e0000000,0x00000000f557ff50,0x00000000f5580000)
 Metaspace       used 53185K, committed 53952K, reserved 1097728K
  class space    used 4915K, committed 5248K, reserved 1048576K
}
Event: 1130.392 GC heap before
{Heap before GC invocations=368 (full 280):
 PSYoungGen      total 55296K, used 40447K [0x00000000f5580000, 0x00000000f9b80000, 0x0000000100000000)
  eden space 40448K, 99% used [0x00000000f5580000,0x00000000f7cfffd0,0x00000000f7d00000)
  from space 14848K, 0% used [0x00000000f8180000,0x00000000f8180000,0x00000000f9000000)
  to   space 11264K, 0% used [0x00000000f9080000,0x00000000f9080000,0x00000000f9b80000)
 ParOldGen       total 349696K, used 349695K [0x00000000e0000000, 0x00000000f5580000, 0x00000000f5580000)
  object space 349696K, 99% used [0x00000000e0000000,0x00000000f557ff50,0x00000000f5580000)
 Metaspace       used 53185K, committed 53952K, reserved 1097728K
  class space    used 4915K, committed 5248K, reserved 1048576K
}
Event: 1134.386 GC heap after
{Heap after GC invocations=368 (full 280):
 PSYoungGen      total 51712K, used 40447K [0x00000000f5580000, 0x00000000f9b80000, 0x0000000100000000)
  eden space 40448K, 99% used [0x00000000f5580000,0x00000000f7cfffd0,0x00000000f7d00000)
  from space 11264K, 0% used [0x00000000f9080000,0x00000000f9080000,0x00000000f9b80000)
  to   space 14848K, 0% used [0x00000000f8180000,0x00000000f8180000,0x00000000f9000000)
 ParOldGen       total 349696K, used 349695K [0x00000000e0000000, 0x00000000f5580000, 0x00000000f5580000)
  object space 349696K, 99% used [0x00000000e0000000,0x00000000f557ff50,0x00000000f5580000)
 Metaspace       used 53185K, committed 53952K, reserved 1097728K
  class space    used 4915K, committed 5248K, reserved 1048576K
}
Event: 1134.386 GC heap before
{Heap before GC invocations=369 (full 281):
 PSYoungGen      total 51712K, used 40448K [0x00000000f5580000, 0x00000000f9b80000, 0x0000000100000000)
  eden space 40448K, 100% used [0x00000000f5580000,0x00000000f7d00000,0x00000000f7d00000)
  from space 11264K, 0% used [0x00000000f9080000,0x00000000f9080000,0x00000000f9b80000)
  to   space 14848K, 0% used [0x00000000f8180000,0x00000000f8180000,0x00000000f9000000)
 ParOldGen       total 349696K, used 349696K [0x00000000e0000000, 0x00000000f5580000, 0x00000000f5580000)
  object space 349696K, 100% used [0x00000000e0000000,0x00000000f5580000,0x00000000f5580000)
 Metaspace       used 53185K, committed 53952K, reserved 1097728K
  class space    used 4915K, committed 5248K, reserved 1048576K
}
Event: 1138.484 GC heap after
{Heap after GC invocations=369 (full 281):
 PSYoungGen      total 55296K, used 40447K [0x00000000f5580000, 0x00000000f9b80000, 0x0000000100000000)
  eden space 40448K, 99% used [0x00000000f5580000,0x00000000f7cfff68,0x00000000f7d00000)
  from space 14848K, 0% used [0x00000000f8180000,0x00000000f8180000,0x00000000f9000000)
  to   space 11264K, 0% used [0x00000000f9080000,0x00000000f9080000,0x00000000f9b80000)
 ParOldGen       total 349696K, used 349693K [0x00000000e0000000, 0x00000000f5580000, 0x00000000f5580000)
  object space 349696K, 99% used [0x00000000e0000000,0x00000000f557f4c0,0x00000000f5580000)
 Metaspace       used 53185K, committed 53952K, reserved 1097728K
  class space    used 4915K, committed 5248K, reserved 1048576K
}
Event: 1138.484 GC heap before
{Heap before GC invocations=370 (full 282):
 PSYoungGen      total 55296K, used 40447K [0x00000000f5580000, 0x00000000f9b80000, 0x0000000100000000)
  eden space 40448K, 99% used [0x00000000f5580000,0x00000000f7cffff0,0x00000000f7d00000)
  from space 14848K, 0% used [0x00000000f8180000,0x00000000f8180000,0x00000000f9000000)
  to   space 11264K, 0% used [0x00000000f9080000,0x00000000f9080000,0x00000000f9b80000)
 ParOldGen       total 349696K, used 349693K [0x00000000e0000000, 0x00000000f5580000, 0x00000000f5580000)
  object space 349696K, 99% used [0x00000000e0000000,0x00000000f557f4c0,0x00000000f5580000)
 Metaspace       used 53185K, committed 53952K, reserved 1097728K
  class space    used 4915K, committed 5248K, reserved 1048576K
}
Event: 1142.198 GC heap after
{Heap after GC invocations=370 (full 282):
 PSYoungGen      total 51712K, used 40447K [0x00000000f5580000, 0x00000000f9b80000, 0x0000000100000000)
  eden space 40448K, 99% used [0x00000000f5580000,0x00000000f7cffff0,0x00000000f7d00000)
  from space 11264K, 0% used [0x00000000f9080000,0x00000000f9080000,0x00000000f9b80000)
  to   space 14848K, 0% used [0x00000000f8180000,0x00000000f8180000,0x00000000f9000000)
 ParOldGen       total 349696K, used 349693K [0x00000000e0000000, 0x00000000f5580000, 0x00000000f5580000)
  object space 349696K, 99% used [0x00000000e0000000,0x00000000f557f4c0,0x00000000f5580000)
 Metaspace       used 53185K, committed 53952K, reserved 1097728K
  class space    used 4915K, committed 5248K, reserved 1048576K
}
Event: 1142.199 GC heap before
{Heap before GC invocations=371 (full 283):
 PSYoungGen      total 51712K, used 40448K [0x00000000f5580000, 0x00000000f9b80000, 0x0000000100000000)
  eden space 40448K, 100% used [0x00000000f5580000,0x00000000f7d00000,0x00000000f7d00000)
  from space 11264K, 0% used [0x00000000f9080000,0x00000000f9080000,0x00000000f9b80000)
  to   space 14848K, 0% used [0x00000000f8180000,0x00000000f8180000,0x00000000f9000000)
 ParOldGen       total 349696K, used 349693K [0x00000000e0000000, 0x00000000f5580000, 0x00000000f5580000)
  object space 349696K, 99% used [0x00000000e0000000,0x00000000f557f728,0x00000000f5580000)
 Metaspace       used 53185K, committed 53952K, reserved 1097728K
  class space    used 4915K, committed 5248K, reserved 1048576K
}
Event: 1145.887 GC heap after
{Heap after GC invocations=371 (full 283):
 PSYoungGen      total 55296K, used 40448K [0x00000000f5580000, 0x00000000f9b80000, 0x0000000100000000)
  eden space 40448K, 100% used [0x00000000f5580000,0x00000000f7d00000,0x00000000f7d00000)
  from space 14848K, 0% used [0x00000000f8180000,0x00000000f8180000,0x00000000f9000000)
  to   space 11264K, 0% used [0x00000000f9080000,0x00000000f9080000,0x00000000f9b80000)
 ParOldGen       total 349696K, used 349693K [0x00000000e0000000, 0x00000000f5580000, 0x00000000f5580000)
  object space 349696K, 99% used [0x00000000e0000000,0x00000000f557f6f0,0x00000000f5580000)
 Metaspace       used 53185K, committed 53952K, reserved 1097728K
  class space    used 4915K, committed 5248K, reserved 1048576K
}
Event: 1145.887 GC heap before
{Heap before GC invocations=372 (full 284):
 PSYoungGen      total 55296K, used 40448K [0x00000000f5580000, 0x00000000f9b80000, 0x0000000100000000)
  eden space 40448K, 100% used [0x00000000f5580000,0x00000000f7d00000,0x00000000f7d00000)
  from space 14848K, 0% used [0x00000000f8180000,0x00000000f8180000,0x00000000f9000000)
  to   space 11264K, 0% used [0x00000000f9080000,0x00000000f9080000,0x00000000f9b80000)
 ParOldGen       total 349696K, used 349693K [0x00000000e0000000, 0x00000000f5580000, 0x00000000f5580000)
  object space 349696K, 99% used [0x00000000e0000000,0x00000000f557f6f0,0x00000000f5580000)
 Metaspace       used 53185K, committed 53952K, reserved 1097728K
  class space    used 4915K, committed 5248K, reserved 1048576K
}
Event: 1149.382 GC heap after
{Heap after GC invocations=372 (full 284):
 PSYoungGen      total 51712K, used 40448K [0x00000000f5580000, 0x00000000f9b80000, 0x0000000100000000)
  eden space 40448K, 100% used [0x00000000f5580000,0x00000000f7d00000,0x00000000f7d00000)
  from space 11264K, 0% used [0x00000000f9080000,0x00000000f9080000,0x00000000f9b80000)
  to   space 14848K, 0% used [0x00000000f8180000,0x00000000f8180000,0x00000000f9000000)
 ParOldGen       total 349696K, used 349693K [0x00000000e0000000, 0x00000000f5580000, 0x00000000f5580000)
  object space 349696K, 99% used [0x00000000e0000000,0x00000000f557f6f0,0x00000000f5580000)
 Metaspace       used 53185K, committed 53952K, reserved 1097728K
  class space    used 4915K, committed 5248K, reserved 1048576K
}
Event: 1149.388 GC heap before
{Heap before GC invocations=373 (full 285):
 PSYoungGen      total 51712K, used 40448K [0x00000000f5580000, 0x00000000f9b80000, 0x0000000100000000)
  eden space 40448K, 100% used [0x00000000f5580000,0x00000000f7d00000,0x00000000f7d00000)
  from space 11264K, 0% used [0x00000000f9080000,0x00000000f9080000,0x00000000f9b80000)
  to   space 14848K, 0% used [0x00000000f8180000,0x00000000f8180000,0x00000000f9000000)
 ParOldGen       total 349696K, used 349695K [0x00000000e0000000, 0x00000000f5580000, 0x00000000f5580000)
  object space 349696K, 99% used [0x00000000e0000000,0x00000000f557ff90,0x00000000f5580000)
 Metaspace       used 53185K, committed 53952K, reserved 1097728K
  class space    used 4915K, committed 5248K, reserved 1048576K
}
Event: 1153.385 GC heap after
{Heap after GC invocations=373 (full 285):
 PSYoungGen      total 55296K, used 40447K [0x00000000f5580000, 0x00000000f9b80000, 0x0000000100000000)
  eden space 40448K, 99% used [0x00000000f5580000,0x00000000f7cfff48,0x00000000f7d00000)
  from space 14848K, 0% used [0x00000000f8180000,0x00000000f8180000,0x00000000f9000000)
  to   space 11264K, 0% used [0x00000000f9080000,0x00000000f9080000,0x00000000f9b80000)
 ParOldGen       total 349696K, used 349694K [0x00000000e0000000, 0x00000000f5580000, 0x00000000f5580000)
  object space 349696K, 99% used [0x00000000e0000000,0x00000000f557f9c8,0x00000000f5580000)
 Metaspace       used 53185K, committed 53952K, reserved 1097728K
  class space    used 4915K, committed 5248K, reserved 1048576K
}
Event: 1153.386 GC heap before
{Heap before GC invocations=374 (full 286):
 PSYoungGen      total 55296K, used 40447K [0x00000000f5580000, 0x00000000f9b80000, 0x0000000100000000)
  eden space 40448K, 99% used [0x00000000f5580000,0x00000000f7cffff0,0x00000000f7d00000)
  from space 14848K, 0% used [0x00000000f8180000,0x00000000f8180000,0x00000000f9000000)
  to   space 11264K, 0% used [0x00000000f9080000,0x00000000f9080000,0x00000000f9b80000)
 ParOldGen       total 349696K, used 349694K [0x00000000e0000000, 0x00000000f5580000, 0x00000000f5580000)
  object space 349696K, 99% used [0x00000000e0000000,0x00000000f557f9c8,0x00000000f5580000)
 Metaspace       used 53185K, committed 53952K, reserved 1097728K
  class space    used 4915K, committed 5248K, reserved 1048576K
}
Event: 1157.328 GC heap after
{Heap after GC invocations=374 (full 286):
 PSYoungGen      total 51712K, used 40447K [0x00000000f5580000, 0x00000000f9b80000, 0x0000000100000000)
  eden space 40448K, 99% used [0x00000000f5580000,0x00000000f7cffff0,0x00000000f7d00000)
  from space 11264K, 0% used [0x00000000f9080000,0x00000000f9080000,0x00000000f9b80000)
  to   space 14848K, 0% used [0x00000000f8180000,0x00000000f8180000,0x00000000f9000000)
 ParOldGen       total 349696K, used 349694K [0x00000000e0000000, 0x00000000f5580000, 0x00000000f5580000)
  object space 349696K, 99% used [0x00000000e0000000,0x00000000f557f9c8,0x00000000f5580000)
 Metaspace       used 53185K, committed 53952K, reserved 1097728K
  class space    used 4915K, committed 5248K, reserved 1048576K
}
Event: 1157.386 GC heap before
{Heap before GC invocations=375 (full 287):
 PSYoungGen      total 51712K, used 40447K [0x00000000f5580000, 0x00000000f9b80000, 0x0000000100000000)
  eden space 40448K, 99% used [0x00000000f5580000,0x00000000f7cffff0,0x00000000f7d00000)
  from space 11264K, 0% used [0x00000000f9080000,0x00000000f9080000,0x00000000f9b80000)
  to   space 14848K, 0% used [0x00000000f8180000,0x00000000f8180000,0x00000000f9000000)
 ParOldGen       total 349696K, used 349694K [0x00000000e0000000, 0x00000000f5580000, 0x00000000f5580000)
  object space 349696K, 99% used [0x00000000e0000000,0x00000000f557fb90,0x00000000f5580000)
 Metaspace       used 53185K, committed 53952K, reserved 1097728K
  class space    used 4915K, committed 5248K, reserved 1048576K
}
Event: 1160.791 GC heap after
{Heap after GC invocations=375 (full 287):
 PSYoungGen      total 55296K, used 40447K [0x00000000f5580000, 0x00000000f9b80000, 0x0000000100000000)
  eden space 40448K, 99% used [0x00000000f5580000,0x00000000f7cfffa8,0x00000000f7d00000)
  from space 14848K, 0% used [0x00000000f8180000,0x00000000f8180000,0x00000000f9000000)
  to   space 11264K, 0% used [0x00000000f9080000,0x00000000f9080000,0x00000000f9b80000)
 ParOldGen       total 349696K, used 349694K [0x00000000e0000000, 0x00000000f5580000, 0x00000000f5580000)
  object space 349696K, 99% used [0x00000000e0000000,0x00000000f557faf8,0x00000000f5580000)
 Metaspace       used 53185K, committed 53952K, reserved 1097728K
  class space    used 4915K, committed 5248K, reserved 1048576K
}
Event: 1160.791 GC heap before
{Heap before GC invocations=376 (full 288):
 PSYoungGen      total 55296K, used 40447K [0x00000000f5580000, 0x00000000f9b80000, 0x0000000100000000)
  eden space 40448K, 99% used [0x00000000f5580000,0x00000000f7cfffa8,0x00000000f7d00000)
  from space 14848K, 0% used [0x00000000f8180000,0x00000000f8180000,0x00000000f9000000)
  to   space 11264K, 0% used [0x00000000f9080000,0x00000000f9080000,0x00000000f9b80000)
 ParOldGen       total 349696K, used 349694K [0x00000000e0000000, 0x00000000f5580000, 0x00000000f5580000)
  object space 349696K, 99% used [0x00000000e0000000,0x00000000f557faf8,0x00000000f5580000)
 Metaspace       used 53185K, committed 53952K, reserved 1097728K
  class space    used 4915K, committed 5248K, reserved 1048576K
}
Event: 1164.381 GC heap after
{Heap after GC invocations=376 (full 288):
 PSYoungGen      total 51712K, used 40447K [0x00000000f5580000, 0x00000000f9b80000, 0x0000000100000000)
  eden space 40448K, 99% used [0x00000000f5580000,0x00000000f7cfffa8,0x00000000f7d00000)
  from space 11264K, 0% used [0x00000000f9080000,0x00000000f9080000,0x00000000f9b80000)
  to   space 14848K, 0% used [0x00000000f8180000,0x00000000f8180000,0x00000000f9000000)
 ParOldGen       total 349696K, used 349694K [0x00000000e0000000, 0x00000000f5580000, 0x00000000f5580000)
  object space 349696K, 99% used [0x00000000e0000000,0x00000000f557faf8,0x00000000f5580000)
 Metaspace       used 53185K, committed 53952K, reserved 1097728K
  class space    used 4915K, committed 5248K, reserved 1048576K
}

Dll operation events (8 events):
Event: 0.077 Loaded shared library /nix/store/gpxl5qgg8kicmcvivwmybwjlpf7wh20l-graalvm17-ce-22.3.0/lib/libjava.so
Event: 0.087 Loaded shared library /nix/store/gpxl5qgg8kicmcvivwmybwjlpf7wh20l-graalvm17-ce-22.3.0/lib/libjsvml.so
Event: 0.686 Loaded shared library /nix/store/gpxl5qgg8kicmcvivwmybwjlpf7wh20l-graalvm17-ce-22.3.0/lib/libnio.so
Event: 0.689 Loaded shared library /nix/store/gpxl5qgg8kicmcvivwmybwjlpf7wh20l-graalvm17-ce-22.3.0/lib/libzip.so
Event: 0.691 Loaded shared library /nix/store/gpxl5qgg8kicmcvivwmybwjlpf7wh20l-graalvm17-ce-22.3.0/lib/libjvmcicompiler.so
Event: 1.382 Loaded shared library /nix/store/gpxl5qgg8kicmcvivwmybwjlpf7wh20l-graalvm17-ce-22.3.0/lib/libjimage.so
Event: 4.193 Loaded shared library /nix/store/gpxl5qgg8kicmcvivwmybwjlpf7wh20l-graalvm17-ce-22.3.0/lib/libnet.so
Event: 6.493 Loaded shared library /home/runner/.cache/jdt-language-server/config/org.eclipse.equinox.launcher/org.eclipse.equinox.launcher.gtk.linux.x86_64_1.2.400.v20211117-0650/eclipse_11600.so

Deoptimization events (20 events):
Event: 719.391 Thread 0x00007f8bc0002370 DEOPT PACKING pc=0x00007f8c26fe5442 sp=0x00007f8be43fdfa0
Event: 719.391 Thread 0x00007f8bc0002370 DEOPT UNPACKING pc=0x00007f8c1f505325 sp=0x00007f8be43fd3f8 mode 3
Event: 741.295 Thread 0x00007f8bc0002370 DEOPT PACKING pc=0x00007f8c271811d8 sp=0x00007f8be43fdfe0
Event: 741.295 Thread 0x00007f8bc0002370 DEOPT UNPACKING pc=0x00007f8c1f505325 sp=0x00007f8be43fd480 mode 1
Event: 741.295 Thread 0x00007f8bc0002370 DEOPT PACKING pc=0x00007f8c26faefc4 sp=0x00007f8be43fe060
Event: 741.295 Thread 0x00007f8bc0002370 DEOPT UNPACKING pc=0x00007f8c1f505325 sp=0x00007f8be43fd530 mode 1
Event: 972.892 Thread 0x00007f8bbc00dcb0 DEOPT PACKING pc=0x00007f8c27071bc0 sp=0x00007f8c1ce15ca0
Event: 972.892 Thread 0x00007f8bbc00dcb0 DEOPT UNPACKING pc=0x00007f8c1f505325 sp=0x00007f8c1ce15078 mode 1
Event: 1073.381 Thread 0x00007f8bcc63c330 Uncommon trap: trap_request=0xffffff8f fr.pc=0x00007f8c2718b514 relative=0x0000000000000274
Event: 1073.381 Thread 0x00007f8bcc63c330 Uncommon trap: reason=constraint action=none pc=0x00007f8c2718b514 method=org.eclipse.jdt.internal.core.index.DiskIndex$IntList.add(I)V @ 0 jvmci
Event: 1073.381 Thread 0x00007f8bcc63c330 DEOPT PACKING pc=0x00007f8c2718b514 sp=0x00007f8be45fe520
Event: 1073.381 Thread 0x00007f8bcc63c330 DEOPT UNPACKING pc=0x00007f8c1f505325 sp=0x00007f8be45fd9c0 mode 3
Event: 1101.910 Thread 0x00007f8bcc495e70 Uncommon trap: trap_request=0xffffff8f fr.pc=0x00007f8c26fd8b94 relative=0x0000000000000274
Event: 1101.910 Thread 0x00007f8bcc495e70 Uncommon trap: reason=constraint action=none pc=0x00007f8c26fd8b94 method=java.lang.StringLatin1.newString([BII)Ljava/lang/String; @ 0 jvmci
Event: 1101.910 Thread 0x00007f8bcc495e70 DEOPT PACKING pc=0x00007f8c26fd8b94 sp=0x00007f8c1c0fe740
Event: 1101.910 Thread 0x00007f8bcc495e70 DEOPT UNPACKING pc=0x00007f8c1f505325 sp=0x00007f8c1c0fdbd0 mode 3
Event: 1110.197 Thread 0x00007f8bcc495e70 Uncommon trap: trap_request=0xffffff8f fr.pc=0x00007f8c26f96198 relative=0x00000000000001f8
Event: 1110.197 Thread 0x00007f8bcc495e70 Uncommon trap: reason=constraint action=none pc=0x00007f8c26f96198 method=java.util.Arrays.copyOfRange([BII)[B @ 0 jvmci
Event: 1110.197 Thread 0x00007f8bcc495e70 DEOPT PACKING pc=0x00007f8c26f96198 sp=0x00007f8c1c0fe6a0
Event: 1110.197 Thread 0x00007f8bcc495e70 DEOPT UNPACKING pc=0x00007f8c1f505325 sp=0x00007f8c1c0fdb38 mode 3

Classes unloaded (20 events):
Event: 155.377 Thread 0x00007f8c380a1c10 Unloading class 0x0000000800dbc800 'java/lang/invoke/LambdaForm$MH+0x0000000800dbc800'
Event: 155.377 Thread 0x00007f8c380a1c10 Unloading class 0x0000000800dbc000 'jdk/internal/reflect/GeneratedConstructorAccessor3'
Event: 155.377 Thread 0x00007f8c380a1c10 Unloading class 0x0000000800cb2800 'java/lang/invoke/LambdaForm$MH+0x0000000800cb2800'
Event: 155.377 Thread 0x00007f8c380a1c10 Unloading class 0x0000000800cb2000 'java/lang/invoke/LambdaForm$MH+0x0000000800cb2000'
Event: 155.377 Thread 0x00007f8c380a1c10 Unloading class 0x0000000800cb1c00 'java/lang/invoke/LambdaForm$MH+0x0000000800cb1c00'
Event: 155.377 Thread 0x00007f8c380a1c10 Unloading class 0x0000000800cb1800 'java/lang/invoke/LambdaForm$MH+0x0000000800cb1800'
Event: 155.377 Thread 0x00007f8c380a1c10 Unloading class 0x0000000800cb1000 'java/lang/invoke/LambdaForm$MH+0x0000000800cb1000'
Event: 155.377 Thread 0x00007f8c380a1c10 Unloading class 0x0000000800cb0c00 'java/lang/invoke/LambdaForm$MH+0x0000000800cb0c00'
Event: 155.377 Thread 0x00007f8c380a1c10 Unloading class 0x0000000800cb0800 'java/lang/invoke/LambdaForm$MH+0x0000000800cb0800'
Event: 155.377 Thread 0x00007f8c380a1c10 Unloading class 0x0000000800cb0000 'java/lang/invoke/LambdaForm$MH+0x0000000800cb0000'
Event: 187.730 Thread 0x00007f8c380a1c10 Unloading class 0x0000000800dbc400 'java/lang/invoke/LambdaForm$MH+0x0000000800dbc400'
Event: 187.730 Thread 0x00007f8c380a1c10 Unloading class 0x0000000800d8d400 'java/lang/invoke/LambdaForm$MH+0x0000000800d8d400'
Event: 187.730 Thread 0x00007f8c380a1c10 Unloading class 0x0000000800d8d000 'java/lang/invoke/LambdaForm$MH+0x0000000800d8d000'
Event: 187.730 Thread 0x00007f8c380a1c10 Unloading class 0x0000000800d8cc00 'java/lang/invoke/LambdaForm$MH+0x0000000800d8cc00'
Event: 187.730 Thread 0x00007f8c380a1c10 Unloading class 0x0000000800d8c800 'java/lang/invoke/LambdaForm$MH+0x0000000800d8c800'
Event: 187.730 Thread 0x00007f8c380a1c10 Unloading class 0x0000000800d8c400 'java/lang/invoke/LambdaForm$MH+0x0000000800d8c400'
Event: 187.730 Thread 0x00007f8c380a1c10 Unloading class 0x0000000800d8c000 'java/lang/invoke/LambdaForm$MH+0x0000000800d8c000'
Event: 216.977 Thread 0x00007f8c380a1c10 Unloading class 0x0000000801144000 'jdk/internal/reflect/GeneratedConstructorAccessor30'
Event: 216.977 Thread 0x00007f8c380a1c10 Unloading class 0x000000080113cc00 'jdk/internal/reflect/GeneratedConstructorAccessor29'
Event: 225.547 Thread 0x00007f8c380a1c10 Unloading class 0x0000000800fd0c00 'jdk/internal/reflect/GeneratedConstructorAccessor23'

Classes redefined (0 events):
No events

Internal exceptions (20 events):
Event: 110.779 Thread 0x00007f8bcc63c330 Implicit null exception at 0x00007f8c2721a7f1 to 0x00007f8c2721c1e7
Event: 124.681 Thread 0x00007f8bcc63c330 Implicit null exception at 0x00007f8c271d3a42 to 0x00007f8c271d661b
Event: 719.391 Thread 0x00007f8bc0002370 Exception <a 'java/lang/OutOfMemoryError'{0x00000000e00d1630}> (0x00000000e00d1630) 
thrown [src/hotspot/share/gc/shared/memAllocator.cpp, line 138]
Event: 719.391 Thread 0x00007f8bc0002370 Implicit null exception at 0x00007f8c26fe52ed to 0x00007f8c26fe5427
Event: 741.295 Thread 0x00007f8bc0002370 Exception <a 'java/lang/OutOfMemoryError'{0x00000000e00d0af0}> (0x00000000e00d0af0) 
thrown [src/hotspot/share/gc/shared/memAllocator.cpp, line 136]
Event: 873.964 Thread 0x00007f8bc0002370 Exception <a 'java/lang/OutOfMemoryError'{0x00000000e00d10e0}> (0x00000000e00d10e0) 
thrown [src/hotspot/share/gc/shared/memAllocator.cpp, line 136]
Event: 938.085 Thread 0x00007f8bc0002370 Exception <a 'java/lang/OutOfMemoryError'{0x00000000e00d10e0}> (0x00000000e00d10e0) 
thrown [src/hotspot/share/gc/shared/memAllocator.cpp, line 136]
Event: 972.892 Thread 0x00007f8bbc00dcb0 Exception <a 'java/lang/OutOfMemoryError'{0x00000000e00d10e0}> (0x00000000e00d10e0) 
thrown [src/hotspot/share/gc/shared/memAllocator.cpp, line 136]
Event: 1057.991 Thread 0x00007f8bbc00dcb0 Exception <a 'java/lang/OutOfMemoryError'{0x00000000e00d10e0}> (0x00000000e00d10e0) 
thrown [src/hotspot/share/gc/shared/memAllocator.cpp, line 136]
Event: 1073.381 Thread 0x00007f8bcc63c330 Exception <a 'java/lang/OutOfMemoryError'{0x00000000e00d0dc0}> (0x00000000e00d0dc0) 
thrown [src/hotspot/share/gc/shared/memAllocator.cpp, line 138]
Event: 1073.381 Thread 0x00007f8bcc63c330 Implicit null exception at 0x00007f8c2718b46d to 0x00007f8c2718b4f9
Event: 1089.279 Thread 0x00007f8bcc495e70 Exception <a 'java/lang/OutOfMemoryError'{0x00000000e00d10e0}> (0x00000000e00d10e0) 
thrown [src/hotspot/share/gc/shared/memAllocator.cpp, line 136]
Event: 1101.910 Thread 0x00007f8bcc495e70 Exception <a 'java/lang/OutOfMemoryError'{0x00000000e00d0dc0}> (0x00000000e00d0dc0) 
thrown [src/hotspot/share/gc/shared/memAllocator.cpp, line 138]
Event: 1101.910 Thread 0x00007f8bcc495e70 Implicit null exception at 0x00007f8c26fd8aaf to 0x00007f8c26fd8b79
Event: 1110.197 Thread 0x00007f8bcc495e70 Exception <a 'java/lang/OutOfMemoryError'{0x00000000e00d0dc0}> (0x00000000e00d0dc0) 
thrown [src/hotspot/share/gc/shared/memAllocator.cpp, line 138]
Event: 1110.197 Thread 0x00007f8bcc495e70 Implicit null exception at 0x00007f8c26f960eb to 0x00007f8c26f9617d
Event: 1118.493 Thread 0x00007f8bcc495e70 Exception <a 'java/lang/OutOfMemoryError'{0x00000000e00d10e0}> (0x00000000e00d10e0) 
thrown [src/hotspot/share/gc/shared/memAllocator.cpp, line 136]
Event: 1134.386 Thread 0x00007f8bc0002370 Exception <a 'java/lang/OutOfMemoryError'{0x00000000e00d10e0}> (0x00000000e00d10e0) 
thrown [src/hotspot/share/gc/shared/memAllocator.cpp, line 136]
Event: 1149.384 Thread 0x00007f8bbc00dcb0 Exception <a 'java/lang/OutOfMemoryError'{0x00000000e00d10e0}> (0x00000000e00d10e0) 
thrown [src/hotspot/share/gc/shared/memAllocator.cpp, line 136]
Event: 1164.381 Thread 0x00007f8c380b2210 Exception <a 'java/lang/OutOfMemoryError'{0x00000000e00d10e0}> (0x00000000e00d10e0) 
thrown [src/hotspot/share/gc/shared/memAllocator.cpp, line 136]

VM Operations (20 events):
Event: 1110.197 Executing VM operation: ParallelGCFailedAllocation
Event: 1118.492 Executing VM operation: ParallelGCFailedAllocation done
Event: 1118.493 Executing VM operation: ParallelGCFailedAllocation
Event: 1122.400 Executing VM operation: ParallelGCFailedAllocation done
Event: 1122.476 Executing VM operation: ParallelGCFailedAllocation
Event: 1126.708 Executing VM operation: ParallelGCFailedAllocation done
Event: 1126.708 Executing VM operation: ParallelGCFailedAllocation
Event: 1134.386 Executing VM operation: ParallelGCFailedAllocation done
Event: 1134.386 Executing VM operation: ParallelGCFailedAllocation
Event: 1138.484 Executing VM operation: ParallelGCFailedAllocation done
Event: 1138.484 Executing VM operation: ParallelGCFailedAllocation
Event: 1142.198 Executing VM operation: ParallelGCFailedAllocation done
Event: 1142.199 Executing VM operation: ParallelGCFailedAllocation
Event: 1149.383 Executing VM operation: ParallelGCFailedAllocation done
Event: 1149.384 Executing VM operation: ParallelGCFailedAllocation
Event: 1153.385 Executing VM operation: ParallelGCFailedAllocation done
Event: 1153.385 Executing VM operation: ParallelGCFailedAllocation
Event: 1157.380 Executing VM operation: ParallelGCFailedAllocation done
Event: 1157.381 Executing VM operation: ParallelGCFailedAllocation
Event: 1164.381 Executing VM operation: ParallelGCFailedAllocation done

Events (20 events):
Event: 114.987 Thread 0x00007f8c380b4b70 flushing nmethod 0x00007f8c20bcda90
Event: 114.988 Thread 0x00007f8c380b4b70 flushing nmethod 0x00007f8c20bd5c90
Event: 114.988 Thread 0x00007f8c380b4b70 flushing nmethod 0x00007f8c20be3f90
Event: 114.988 Thread 0x00007f8c380b4b70 flushing nmethod 0x00007f8c20bf2010
Event: 114.988 Thread 0x00007f8c380b4b70 flushing nmethod 0x00007f8c20bf3710
Event: 114.988 Thread 0x00007f8c380b4b70 flushing nmethod 0x00007f8c20bf6f10
Event: 114.988 Thread 0x00007f8c380b4b70 flushing nmethod 0x00007f8c20bfb210
Event: 114.988 Thread 0x00007f8c380b4b70 flushing nmethod 0x00007f8c20bfc190
Event: 114.988 Thread 0x00007f8c380b4b70 flushing nmethod 0x00007f8c20bff190
Event: 114.988 Thread 0x00007f8c380b4b70 flushing nmethod 0x00007f8c20c24a90
Event: 148.384 Thread 0x00007f8bc0000ff0 Thread exited: 0x00007f8bc0000ff0
Event: 148.385 Thread 0x00007f8bbc0010d0 Thread exited: 0x00007f8bbc0010d0
Event: 148.386 Thread 0x00007f8bb4001ca0 Thread exited: 0x00007f8bb4001ca0
Event: 323.276 Thread 0x00007f8b90051910 Thread added: 0x00007f8b90051910
Event: 323.276 Protecting memory [0x00007f8be3d00000,0x00007f8be3d04000] with protection modes 0
Event: 744.395 loading class java/lang/AssertionError
Event: 753.298 loading class java/lang/AssertionError done
Event: 938.085 loading class java/lang/Throwable$WrappedPrintStream
Event: 1126.708 loading class java/lang/Throwable$WrappedPrintStream done
Event: 1134.386 Thread 0x00007f8bc0002370 Thread exited: 0x00007f8bc0002370


Dynamic libraries:
e0000000-f5580000 rw-p 00000000 00:00 0 
f5580000-f9b80000 rw-p 00000000 00:00 0 
f9b80000-100000000 ---p 00000000 00:00 0 
800000000-800449000 rw-p 00001000 00:1b8e 4611686019135357769            /nix/store/gpxl5qgg8kicmcvivwmybwjlpf7wh20l-graalvm17-ce-22.3.0/lib/server/classes.jsa
800449000-800bc8000 r--p 0044a000 00:1b8e 4611686019135357769            /nix/store/gpxl5qgg8kicmcvivwmybwjlpf7wh20l-graalvm17-ce-22.3.0/lib/server/classes.jsa
800bc8000-800c00000 ---p 00000000 00:00 0 
800c00000-800c20000 rw-p 00000000 00:00 0 
800c20000-800c40000 rw-p 00000000 00:00 0 
800c40000-800cc0000 rw-p 00000000 00:00 0 
800cc0000-800d00000 rw-p 00000000 00:00 0 
800d00000-800dc0000 rw-p 00000000 00:00 0 
800dc0000-800e00000 rw-p 00000000 00:00 0 
800e00000-8010c0000 rw-p 00000000 00:00 0 
8010c0000-8010d0000 rw-p 00000000 00:00 0 
8010d0000-801100000 ---p 00000000 00:00 0 
801100000-801150000 rw-p 00000000 00:00 0 
801150000-840c00000 ---p 00000000 00:00 0 
564cccdca000-564cccdcb000 r-xp 00000000 00:1b8e 4611686019099417844      /nix/store/gpxl5qgg8kicmcvivwmybwjlpf7wh20l-graalvm17-ce-22.3.0/bin/.java-wrapped
564cccdcc000-564cccdcd000 r--p 00001000 00:1b8e 4611686019099417844      /nix/store/gpxl5qgg8kicmcvivwmybwjlpf7wh20l-graalvm17-ce-22.3.0/bin/.java-wrapped
564cccdcd000-564cccdce000 rw-p 00002000 00:1b8e 4611686019099417844      /nix/store/gpxl5qgg8kicmcvivwmybwjlpf7wh20l-graalvm17-ce-22.3.0/bin/.java-wrapped
564cccdce000-564cccdcf000 rw-p 00004000 00:1b8e 4611686019099417844      /nix/store/gpxl5qgg8kicmcvivwmybwjlpf7wh20l-graalvm17-ce-22.3.0/bin/.java-wrapped
564cccdcf000-564cccdd0000 rw-p 00005000 00:1b8e 4611686019099417844      /nix/store/gpxl5qgg8kicmcvivwmybwjlpf7wh20l-graalvm17-ce-22.3.0/bin/.java-wrapped
564cce70a000-564cce752000 rw-p 00000000 00:00 0                          [heap]
7f8b58000000-7f8b58021000 rw-p 00000000 00:00 0 
7f8b58021000-7f8b5c000000 ---p 00000000 00:00 0 
7f8b5c000000-7f8b5c04c000 rw-p 00000000 00:00 0 
7f8b5c04c000-7f8b60000000 ---p 00000000 00:00 0 
7f8b60000000-7f8b60033000 rw-p 00000000 00:00 0 
7f8b60033000-7f8b64000000 ---p 00000000 00:00 0 
7f8b64000000-7f8b64046000 rw-p 00000000 00:00 0 
7f8b64046000-7f8b68000000 ---p 00000000 00:00 0 
7f8b68000000-7f8b68021000 rw-p 00000000 00:00 0 
7f8b68021000-7f8b6c000000 ---p 00000000 00:00 0 
7f8b6c000000-7f8b6c036000 rw-p 00000000 00:00 0 
7f8b6c036000-7f8b70000000 ---p 00000000 00:00 0 
7f8b70000000-7f8b70022000 rw-p 00000000 00:00 0 
7f8b70022000-7f8b74000000 ---p 00000000 00:00 0 
7f8b74000000-7f8b74040000 rw-p 00000000 00:00 0 
7f8b74040000-7f8b78000000 ---p 00000000 00:00 0 
7f8b78000000-7f8b7803c000 rw-p 00000000 00:00 0 
7f8b7803c000-7f8b7c000000 ---p 00000000 00:00 0 
7f8b7c000000-7f8b7c021000 rw-p 00000000 00:00 0 
7f8b7c021000-7f8b80000000 ---p 00000000 00:00 0 
7f8b80000000-7f8b80021000 rw-p 00000000 00:00 0 
7f8b80021000-7f8b84000000 ---p 00000000 00:00 0 
7f8b84000000-7f8b84021000 rw-p 00000000 00:00 0 
7f8b84021000-7f8b88000000 ---p 00000000 00:00 0 
7f8b88000000-7f8b88021000 rw-p 00000000 00:00 0 
7f8b88021000-7f8b8c000000 ---p 00000000 00:00 0 
7f8b8c000000-7f8b8c021000 rw-p 00000000 00:00 0 
7f8b8c021000-7f8b90000000 ---p 00000000 00:00 0 
7f8b90000000-7f8b90112000 rw-p 00000000 00:00 0 
7f8b90112000-7f8b94000000 ---p 00000000 00:00 0 
7f8b964b3000-7f8ba0000000 r--s 00000000 00:1b8e 4611686019135192581      /nix/store/gpxl5qgg8kicmcvivwmybwjlpf7wh20l-graalvm17-ce-22.3.0/lib/modules
7f8ba0000000-7f8ba00b1000 rw-p 00000000 00:00 0 
7f8ba00b1000-7f8ba4000000 ---p 00000000 00:00 0 
7f8ba4000000-7f8ba41d8000 rw-p 00000000 00:00 0 
7f8ba41d8000-7f8ba8000000 ---p 00000000 00:00 0 
7f8ba9200000-7f8ba9300000 ---p 00000000 00:00 0 
7f8ba9300000-7f8ba98af000 r--p 01122000 00:1b8e 4611686019135190040      /nix/store/gpxl5qgg8kicmcvivwmybwjlpf7wh20l-graalvm17-ce-22.3.0/lib/libjvmcicompiler.so
7f8ba98af000-7f8ba9a00000 r--p 00000000 00:00 0 
7f8ba9a00000-7f8ba9a3d000 rw-p 00000000 00:00 0 
7f8ba9a3d000-7f8ba9f5d000 rw-p 0185f000 00:1b8e 4611686019135190040      /nix/store/gpxl5qgg8kicmcvivwmybwjlpf7wh20l-graalvm17-ce-22.3.0/lib/libjvmcicompiler.so
7f8ba9f5d000-7f8baa344000 r--p 01d7f000 00:1b8e 4611686019135190040      /nix/store/gpxl5qgg8kicmcvivwmybwjlpf7wh20l-graalvm17-ce-22.3.0/lib/libjvmcicompiler.so
7f8baa400000-7f8baa680000 rw-p 00000000 00:00 0 
7f8baa680000-7f8baab90000 rw-p 00000000 00:00 0 
7f8baab90000-7f8baac00000 ---p 00000000 00:00 0 
7f8bab000000-7f8bab1e0000 rw-p 00000000 00:00 0 
7f8bab1e0000-7f8bab300000 rw-p 00000000 00:00 0 
7f8bab300000-7f8bab400000 rw-p 00000000 00:00 0 
7f8bab400000-7f8bab800000 rw-p 00000000 00:00 0 
7f8bab800000-7f8bac000000 rw-p 00000000 00:00 0 
7f8bac000000-7f8bac059000 rw-p 00000000 00:00 0 
7f8bac059000-7f8bb0000000 ---p 00000000 00:00 0 
7f8bb0000000-7f8bb0021000 rw-p 00000000 00:00 0 
7f8bb0021000-7f8bb4000000 ---p 00000000 00:00 0 
7f8bb4000000-7f8bb4039000 rw-p 00000000 00:00 0 
7f8bb4039000-7f8bb8000000 ---p 00000000 00:00 0 
7f8bb8000000-7f8bb8021000 rw-p 00000000 00:00 0 
7f8bb8021000-7f8bbc000000 ---p 00000000 00:00 0 
7f8bbc000000-7f8bbc047000 rw-p 00000000 00:00 0 
7f8bbc047000-7f8bc0000000 ---p 00000000 00:00 0 
7f8bc0000000-7f8bc0376000 rw-p 00000000 00:00 0 
7f8bc0376000-7f8bc4000000 ---p 00000000 00:00 0 
7f8bc4000000-7f8bc4021000 rw-p 00000000 00:00 0 
7f8bc4021000-7f8bc8000000 ---p 00000000 00:00 0 
7f8bc8000000-7f8bc8021000 rw-p 00000000 00:00 0 
7f8bc8021000-7f8bcc000000 ---p 00000000 00:00 0 
7f8bcc000000-7f8bcc8f2000 rw-p 00000000 00:00 0 
7f8bcc8f2000-7f8bd0000000 ---p 00000000 00:00 0 
7f8bd0000000-7f8bd0021000 rw-p 00000000 00:00 0 
7f8bd0021000-7f8bd4000000 ---p 00000000 00:00 0 
7f8bd4000000-7f8bd4021000 rw-p 00000000 00:00 0 
7f8bd4021000-7f8bd8000000 ---p 00000000 00:00 0 
7f8bd8000000-7f8bd8021000 rw-p 00000000 00:00 0 
7f8bd8021000-7f8bdc000000 ---p 00000000 00:00 0 
7f8bdc000000-7f8bdc02f000 rw-p 00000000 00:00 0 
7f8bdc02f000-7f8be0000000 ---p 00000000 00:00 0 
7f8be0c00000-7f8be0d00000 rw-p 00000000 00:00 0 
7f8be0d00000-7f8be0e00000 rw-p 00000000 00:00 0 
7f8be0e00000-7f8be1300000 rw-p 00000000 00:00 0 
7f8be1300000-7f8be1400000 rw-p 00000000 00:00 0 
7f8be1800000-7f8be1900000 rw-p 00000000 00:00 0 
7f8be1900000-7f8be1a00000 rw-p 00000000 00:00 0 
7f8be1a00000-7f8be1f80000 rw-p 00000000 00:00 0 
7f8be1f80000-7f8be2000000 rw-p 00000000 00:00 0 
7f8be2000000-7f8be2010000 r-xp 00000000 00:1b82 356                      /home/runner/.cache/jdt-language-server/config/org.eclipse.equinox.launcher/org.eclipse.equinox.launcher.gtk.linux.x86_64_1.2.400.v20211117-0650/eclipse_11600.so
7f8be2010000-7f8be220f000 ---p 00010000 00:1b82 356                      /home/runner/.cache/jdt-language-server/config/org.eclipse.equinox.launcher/org.eclipse.equinox.launcher.gtk.linux.x86_64_1.2.400.v20211117-0650/eclipse_11600.so
7f8be220f000-7f8be2210000 r--p 0000f000 00:1b82 356                      /home/runner/.cache/jdt-language-server/config/org.eclipse.equinox.launcher/org.eclipse.equinox.launcher.gtk.linux.x86_64_1.2.400.v20211117-0650/eclipse_11600.so
7f8be2210000-7f8be2211000 rw-p 00010000 00:1b82 356                      /home/runner/.cache/jdt-language-server/config/org.eclipse.equinox.launcher/org.eclipse.equinox.launcher.gtk.linux.x86_64_1.2.400.v20211117-0650/eclipse_11600.so
7f8be2b00000-7f8be2b04000 ---p 00000000 00:00 0 
7f8be2b04000-7f8be2c00000 rw-p 00000000 00:00 0 
7f8be2d00000-7f8be2d04000 ---p 00000000 00:00 0 
7f8be2d04000-7f8be2e00000 rw-p 00000000 00:00 0 
7f8be2f00000-7f8be2f04000 ---p 00000000 00:00 0 
7f8be2f04000-7f8be3000000 rw-p 00000000 00:00 0 
7f8be3100000-7f8be3104000 ---p 00000000 00:00 0 
7f8be3104000-7f8be3200000 rw-p 00000000 00:00 0 
7f8be3300000-7f8be3304000 ---p 00000000 00:00 0 
7f8be3304000-7f8be3400000 rw-p 00000000 00:00 0 
7f8be3500000-7f8be3504000 ---p 00000000 00:00 0 
7f8be3504000-7f8be3600000 rw-p 00000000 00:00 0 
7f8be3700000-7f8be3704000 ---p 00000000 00:00 0 
7f8be3704000-7f8be3800000 rw-p 00000000 00:00 0 
7f8be3900000-7f8be3904000 ---p 00000000 00:00 0 
7f8be3904000-7f8be3a00000 rw-p 00000000 00:00 0 
7f8be3b00000-7f8be3b04000 ---p 00000000 00:00 0 
7f8be3b04000-7f8be3c00000 rw-p 00000000 00:00 0 
7f8be3c00000-7f8be3c04000 ---p 00000000 00:00 0 
7f8be3c04000-7f8be3d00000 rw-p 00000000 00:00 0 
7f8be3d00000-7f8be3d04000 ---p 00000000 00:00 0 
7f8be3d04000-7f8be3e00000 rw-p 00000000 00:00 0 
7f8be3f00000-7f8be3f04000 ---p 00000000 00:00 0 
7f8be3f04000-7f8be4000000 rw-p 00000000 00:00 0 
7f8be4100000-7f8be4104000 ---p 00000000 00:00 0 
7f8be4104000-7f8be4200000 rw-p 00000000 00:00 0 
7f8be4200000-7f8be4204000 ---p 00000000 00:00 0 
7f8be4204000-7f8be4300000 rw-p 00000000 00:00 0 
7f8be4300000-7f8be4304000 ---p 00000000 00:00 0 
7f8be4304000-7f8be4400000 rw-p 00000000 00:00 0 
7f8be4400000-7f8be4404000 ---p 00000000 00:00 0 
7f8be4404000-7f8be4500000 rw-p 00000000 00:00 0 
7f8be4500000-7f8be4504000 ---p 00000000 00:00 0 
7f8be4504000-7f8be4600000 rw-p 00000000 00:00 0 
7f8be4700000-7f8be4704000 ---p 00000000 00:00 0 
7f8be4704000-7f8be4800000 rw-p 00000000 00:00 0 
7f8be4900000-7f8be4904000 ---p 00000000 00:00 0 
7f8be4904000-7f8be4a00000 rw-p 00000000 00:00 0 
7f8be5668000-7f8be5b00000 rw-p 00000000 00:00 0 
7f8be5c00000-7f8be7d6a000 r-xp 00000000 00:1b8e 4611686019135190040      /nix/store/gpxl5qgg8kicmcvivwmybwjlpf7wh20l-graalvm17-ce-22.3.0/lib/libjvmcicompiler.so
7f8be7d6a000-7f8be7f69000 ---p 0216a000 00:1b8e 4611686019135190040      /nix/store/gpxl5qgg8kicmcvivwmybwjlpf7wh20l-graalvm17-ce-22.3.0/lib/libjvmcicompiler.so
7f8be7f69000-7f8be7f6a000 r--p 02169000 00:1b8e 4611686019135190040      /nix/store/gpxl5qgg8kicmcvivwmybwjlpf7wh20l-graalvm17-ce-22.3.0/lib/libjvmcicompiler.so
7f8be7f6a000-7f8be7f6c000 rw-p 0216a000 00:1b8e 4611686019135190040      /nix/store/gpxl5qgg8kicmcvivwmybwjlpf7wh20l-graalvm17-ce-22.3.0/lib/libjvmcicompiler.so
7f8be7f6c000-7f8be7f6d000 rw-p 00000000 00:00 0 
7f8be7f6d000-7f8be7f72000 rw-p 023c3000 00:1b8e 4611686019135190040      /nix/store/gpxl5qgg8kicmcvivwmybwjlpf7wh20l-graalvm17-ce-22.3.0/lib/libjvmcicompiler.so
7f8be8000000-7f8be8021000 rw-p 00000000 00:00 0 
7f8be8021000-7f8bec000000 ---p 00000000 00:00 0 
7f8bec000000-7f8bec021000 rw-p 00000000 00:00 0 
7f8bec021000-7f8bf0000000 ---p 00000000 00:00 0 
7f8bf0000000-7f8bf0021000 rw-p 00000000 00:00 0 
7f8bf0021000-7f8bf4000000 ---p 00000000 00:00 0 
7f8bf4000000-7f8bf4021000 rw-p 00000000 00:00 0 
7f8bf4021000-7f8bf8000000 ---p 00000000 00:00 0 
7f8bf8000000-7f8bf810a000 rw-p 00000000 00:00 0 
7f8bf810a000-7f8bfc000000 ---p 00000000 00:00 0 
7f8bfc000000-7f8bfca92000 rw-p 00000000 00:00 0 
7f8bfca92000-7f8c00000000 ---p 00000000 00:00 0 
7f8c00000000-7f8c00021000 rw-p 00000000 00:00 0 
7f8c00021000-7f8c04000000 ---p 00000000 00:00 0 
7f8c04000000-7f8c04021000 rw-p 00000000 00:00 0 
7f8c04021000-7f8c08000000 ---p 00000000 00:00 0 
7f8c08000000-7f8c08021000 rw-p 00000000 00:00 0 
7f8c08021000-7f8c0c000000 ---p 00000000 00:00 0 
7f8c0c000000-7f8c0c021000 rw-p 00000000 00:00 0 
7f8c0c021000-7f8c10000000 ---p 00000000 00:00 0 
7f8c10000000-7f8c10021000 rw-p 00000000 00:00 0 
7f8c10021000-7f8c14000000 ---p 00000000 00:00 0 
7f8c14000000-7f8c14021000 rw-p 00000000 00:00 0 
7f8c14021000-7f8c18000000 ---p 00000000 00:00 0 
7f8c18000000-7f8c181c7000 rw-p 00000000 00:00 0 
7f8c181c7000-7f8c1c000000 ---p 00000000 00:00 0 
7f8c1c000000-7f8c1c004000 ---p 00000000 00:00 0 
7f8c1c004000-7f8c1c100000 rw-p 00000000 00:00 0 
7f8c1c200000-7f8c1c204000 ---p 00000000 00:00 0 
7f8c1c204000-7f8c1c300000 rw-p 00000000 00:00 0 
7f8c1c300000-7f8c1c304000 ---p 00000000 00:00 0 
7f8c1c304000-7f8c1c400000 rw-p 00000000 00:00 0 
7f8c1c400000-7f8c1c404000 ---p 00000000 00:00 0 
7f8c1c404000-7f8c1c500000 rw-p 00000000 00:00 0 
7f8c1c500000-7f8c1c504000 ---p 00000000 00:00 0 
7f8c1c504000-7f8c1c600000 rw-p 00000000 00:00 0 
7f8c1c600000-7f8c1c604000 ---p 00000000 00:00 0 
7f8c1c604000-7f8c1c700000 rw-p 00000000 00:00 0 
7f8c1c700000-7f8c1c704000 ---p 00000000 00:00 0 
7f8c1c704000-7f8c1c800000 rw-p 00000000 00:00 0 
7f8c1c800000-7f8c1c804000 ---p 00000000 00:00 0 
7f8c1c804000-7f8c1c900000 rw-p 00000000 00:00 0 
7f8c1ca00000-7f8c1ca04000 ---p 00000000 00:00 0 
7f8c1ca04000-7f8c1cb00000 rw-p 00000000 00:00 0 
7f8c1cc00000-7f8c1cc04000 ---p 00000000 00:00 0 
7f8c1cc04000-7f8c1cd00000 rw-p 00000000 00:00 0 
7f8c1cd18000-7f8c1cd1c000 ---p 00000000 00:00 0 
7f8c1cd1c000-7f8c1ce18000 rw-p 00000000 00:00 0 
7f8c1ce18000-7f8c1ce19000 ---p 00000000 00:00 0 
7f8c1ce19000-7f8c1cf1a000 rw-p 00000000 00:00 0 
7f8c1cf1a000-7f8c1cf1e000 ---p 00000000 00:00 0 
7f8c1cf1e000-7f8c1d01a000 rw-p 00000000 00:00 0 
7f8c1d01a000-7f8c1d01e000 ---p 00000000 00:00 0 
7f8c1d01e000-7f8c1d11a000 rw-p 00000000 00:00 0 
7f8c1d11a000-7f8c1d11e000 ---p 00000000 00:00 0 
7f8c1d11e000-7f8c1d21a000 rw-p 00000000 00:00 0 
7f8c1d21a000-7f8c1d21e000 ---p 00000000 00:00 0 
7f8c1d21e000-7f8c1d41a000 rw-p 00000000 00:00 0 
7f8c1d41a000-7f8c1d41e000 ---p 00000000 00:00 0 
7f8c1d41e000-7f8c1d61a000 rw-p 00000000 00:00 0 
7f8c1d61a000-7f8c1d61e000 ---p 00000000 00:00 0 
7f8c1d61e000-7f8c1d71a000 rw-p 00000000 00:00 0 
7f8c1d71a000-7f8c1d71e000 ---p 00000000 00:00 0 
7f8c1d71e000-7f8c1d81a000 rw-p 00000000 00:00 0 
7f8c1d81a000-7f8c1d81e000 ---p 00000000 00:00 0 
7f8c1d81e000-7f8c1d91a000 rw-p 00000000 00:00 0 
7f8c1d91a000-7f8c1dc00000 r--p 00000000 00:18b7 28444448                 /usr/lib/locale/locale-archive
7f8c1dc00000-7f8c1e000000 rw-p 00000000 00:00 0 
7f8c1e000000-7f8c1e2c0000 rw-p 00000000 00:00 0 
7f8c1e2c0000-7f8c1e300000 rw-p 00000000 00:00 0 
7f8c1e300000-7f8c1e400000 rw-p 00000000 00:00 0 
7f8c1e4b3000-7f8c1f4b3000 rw-p 00000000 00:00 0 
7f8c1f4b3000-7f8c1f723000 rwxp 00000000 00:00 0 
7f8c1f723000-7f8c1fa42000 ---p 00000000 00:00 0 
7f8c1fa42000-7f8c20c42000 rwxp 00000000 00:00 0 
7f8c20c42000-7f8c26f7a000 ---p 00000000 00:00 0 
7f8c26f7a000-7f8c2723a000 rwxp 00000000 00:00 0 
7f8c2723a000-7f8c2e4b3000 ---p 00000000 00:00 0 
7f8c2e4b3000-7f8c38000000 r--s 00000000 00:1b8e 4611686019135192581      /nix/store/gpxl5qgg8kicmcvivwmybwjlpf7wh20l-graalvm17-ce-22.3.0/lib/modules
7f8c38000000-7f8c383e1000 rw-p 00000000 00:00 0 
7f8c383e1000-7f8c3c000000 ---p 00000000 00:00 0 
7f8c3c060000-7f8c3c064000 ---p 00000000 00:00 0 
7f8c3c064000-7f8c3c082000 rw-p 00000000 00:00 0 
7f8c3c082000-7f8c3c089000 r-xp 00000000 00:1b8e 4611686019135192580      /nix/store/gpxl5qgg8kicmcvivwmybwjlpf7wh20l-graalvm17-ce-22.3.0/lib/libzip.so
7f8c3c089000-7f8c3c08a000 ---p 00007000 00:1b8e 4611686019135192580      /nix/store/gpxl5qgg8kicmcvivwmybwjlpf7wh20l-graalvm17-ce-22.3.0/lib/libzip.so
7f8c3c08a000-7f8c3c08b000 r--p 00007000 00:1b8e 4611686019135192580      /nix/store/gpxl5qgg8kicmcvivwmybwjlpf7wh20l-graalvm17-ce-22.3.0/lib/libzip.so
7f8c3c08b000-7f8c3c08c000 rw-p 00008000 00:1b8e 4611686019135192580      /nix/store/gpxl5qgg8kicmcvivwmybwjlpf7wh20l-graalvm17-ce-22.3.0/lib/libzip.so
7f8c3c08c000-7f8c3c08e000 rw-p 0000b000 00:1b8e 4611686019135192580      /nix/store/gpxl5qgg8kicmcvivwmybwjlpf7wh20l-graalvm17-ce-22.3.0/lib/libzip.so
7f8c3c08e000-7f8c3c0a3000 r-xp 00000000 00:1b8e 4611686019135192570      /nix/store/gpxl5qgg8kicmcvivwmybwjlpf7wh20l-graalvm17-ce-22.3.0/lib/libnet.so
7f8c3c0a3000-7f8c3c0a4000 ---p 00015000 00:1b8e 4611686019135192570      /nix/store/gpxl5qgg8kicmcvivwmybwjlpf7wh20l-graalvm17-ce-22.3.0/lib/libnet.so
7f8c3c0a4000-7f8c3c0a5000 r--p 00015000 00:1b8e 4611686019135192570      /nix/store/gpxl5qgg8kicmcvivwmybwjlpf7wh20l-graalvm17-ce-22.3.0/lib/libnet.so
7f8c3c0a5000-7f8c3c0a6000 rw-p 00016000 00:1b8e 4611686019135192570      /nix/store/gpxl5qgg8kicmcvivwmybwjlpf7wh20l-graalvm17-ce-22.3.0/lib/libnet.so
7f8c3c0a6000-7f8c3c0a9000 rw-p 0001b000 00:1b8e 4611686019135192570      /nix/store/gpxl5qgg8kicmcvivwmybwjlpf7wh20l-graalvm17-ce-22.3.0/lib/libnet.so
7f8c3c0a9000-7f8c3c0bc000 r-xp 00000000 00:1b8e 4611686019135192571      /nix/store/gpxl5qgg8kicmcvivwmybwjlpf7wh20l-graalvm17-ce-22.3.0/lib/libnio.so
7f8c3c0bc000-7f8c3c0bd000 r--p 00012000 00:1b8e 4611686019135192571      /nix/store/gpxl5qgg8kicmcvivwmybwjlpf7wh20l-graalvm17-ce-22.3.0/lib/libnio.so
7f8c3c0bd000-7f8c3c0be000 rw-p 00013000 00:1b8e 4611686019135192571      /nix/store/gpxl5qgg8kicmcvivwmybwjlpf7wh20l-graalvm17-ce-22.3.0/lib/libnio.so
7f8c3c0be000-7f8c3c0c3000 rw-p 00019000 00:1b8e 4611686019135192571      /nix/store/gpxl5qgg8kicmcvivwmybwjlpf7wh20l-graalvm17-ce-22.3.0/lib/libnio.so
7f8c3c0c3000-7f8c3c0c7000 ---p 00000000 00:00 0 
7f8c3c0c7000-7f8c3c1c3000 rw-p 00000000 00:00 0 
7f8c3c1c3000-7f8c3c1c7000 ---p 00000000 00:00 0 
7f8c3c1c7000-7f8c3c2c3000 rw-p 00000000 00:00 0 
7f8c3c2c3000-7f8c3c2c4000 ---p 00000000 00:00 0 
7f8c3c2c4000-7f8c3c3c5000 rw-p 00000000 00:00 0 
7f8c3c3c5000-7f8c3c493000 r-xp 00000000 00:1b8e 4611686019135190036      /nix/store/gpxl5qgg8kicmcvivwmybwjlpf7wh20l-graalvm17-ce-22.3.0/lib/libjsvml.so
7f8c3c493000-7f8c3c494000 r--p 000cd000 00:1b8e 4611686019135190036      /nix/store/gpxl5qgg8kicmcvivwmybwjlpf7wh20l-graalvm17-ce-22.3.0/lib/libjsvml.so
7f8c3c494000-7f8c3c495000 rw-p 000ce000 00:1b8e 4611686019135190036      /nix/store/gpxl5qgg8kicmcvivwmybwjlpf7wh20l-graalvm17-ce-22.3.0/lib/libjsvml.so
7f8c3c495000-7f8c3cd6d000 rw-p 00000000 00:00 0 
7f8c3cd6d000-7f8c3cd6e000 ---p 00000000 00:00 0 
7f8c3cd6e000-7f8c3cf19000 rw-p 00000000 00:00 0 
7f8c3cf19000-7f8c3cf3d000 rw-p 00000000 00:00 0 
7f8c3cf3d000-7f8c3cf6f000 ---p 00000000 00:00 0 
7f8c3cf6f000-7f8c3cf76000 rw-p 00000000 00:00 0 
7f8c3cf76000-7f8c3d05b000 ---p 00000000 00:00 0 
7f8c3d05b000-7f8c3d07f000 rw-p 00000000 00:00 0 
7f8c3d07f000-7f8c3d146000 ---p 00000000 00:00 0 
7f8c3d146000-7f8c3d14b000 rw-p 00000000 00:00 0 
7f8c3d14b000-7f8c3d152000 ---p 00000000 00:00 0 
7f8c3d152000-7f8c3d176000 r-xp 00000000 00:1b8e 4611686019135190028      /nix/store/gpxl5qgg8kicmcvivwmybwjlpf7wh20l-graalvm17-ce-22.3.0/lib/libjava.so
7f8c3d176000-7f8c3d177000 ---p 00024000 00:1b8e 4611686019135190028      /nix/store/gpxl5qgg8kicmcvivwmybwjlpf7wh20l-graalvm17-ce-22.3.0/lib/libjava.so
7f8c3d177000-7f8c3d178000 r--p 00024000 00:1b8e 4611686019135190028      /nix/store/gpxl5qgg8kicmcvivwmybwjlpf7wh20l-graalvm17-ce-22.3.0/lib/libjava.so
7f8c3d178000-7f8c3d179000 rw-p 00025000 00:1b8e 4611686019135190028      /nix/store/gpxl5qgg8kicmcvivwmybwjlpf7wh20l-graalvm17-ce-22.3.0/lib/libjava.so
7f8c3d179000-7f8c3d17a000 rw-p 00000000 00:00 0 
7f8c3d17a000-7f8c3d181000 rw-p 0002f000 00:1b8e 4611686019135190028      /nix/store/gpxl5qgg8kicmcvivwmybwjlpf7wh20l-graalvm17-ce-22.3.0/lib/libjava.so
7f8c3d181000-7f8c3d189000 rw-s 00000000 00:2f2 583                       /tmp/hsperfdata_runner/13813
7f8c3d189000-7f8c3d18a000 ---p 00000000 00:00 0 
7f8c3d18a000-7f8c3d18b000 r--p 00000000 00:00 0 
7f8c3d18b000-7f8c3d18c000 rwxp 00000000 00:00 0 
7f8c3d18c000-7f8c3d1a7000 r-xp 00000000 00:1b8e 4611686019135190032      /nix/store/gpxl5qgg8kicmcvivwmybwjlpf7wh20l-graalvm17-ce-22.3.0/lib/libjimage.so
7f8c3d1a7000-7f8c3d1a8000 ---p 0001b000 00:1b8e 4611686019135190032      /nix/store/gpxl5qgg8kicmcvivwmybwjlpf7wh20l-graalvm17-ce-22.3.0/lib/libjimage.so
7f8c3d1a8000-7f8c3d1aa000 r--p 0001b000 00:1b8e 4611686019135190032      /nix/store/gpxl5qgg8kicmcvivwmybwjlpf7wh20l-graalvm17-ce-22.3.0/lib/libjimage.so
7f8c3d1aa000-7f8c3d1ab000 rw-p 0001d000 00:1b8e 4611686019135190032      /nix/store/gpxl5qgg8kicmcvivwmybwjlpf7wh20l-graalvm17-ce-22.3.0/lib/libjimage.so
7f8c3d1ab000-7f8c3d1ac000 rw-p 00024000 00:1b8e 4611686019135190032      /nix/store/gpxl5qgg8kicmcvivwmybwjlpf7wh20l-graalvm17-ce-22.3.0/lib/libjimage.so
7f8c3d1ac000-7f8c3d1b0000 ---p 00000000 00:00 0 
7f8c3d1b0000-7f8c3d2ac000 rw-p 00000000 00:00 0 
7f8c3d2ac000-7f8c3d2ba000 r--p 00000000 00:1b8e 4611686019027979927      /nix/store/4nlgxhb09sdr51nc9hdm8az5b08vzkgx-glibc-2.35-163/lib/libm.so.6
7f8c3d2ba000-7f8c3d32d000 r-xp 0000e000 00:1b8e 4611686019027979927      /nix/store/4nlgxhb09sdr51nc9hdm8az5b08vzkgx-glibc-2.35-163/lib/libm.so.6
7f8c3d32d000-7f8c3d38a000 r--p 00081000 00:1b8e 4611686019027979927      /nix/store/4nlgxhb09sdr51nc9hdm8az5b08vzkgx-glibc-2.35-163/lib/libm.so.6
7f8c3d38a000-7f8c3d38b000 r--p 000dd000 00:1b8e 4611686019027979927      /nix/store/4nlgxhb09sdr51nc9hdm8az5b08vzkgx-glibc-2.35-163/lib/libm.so.6
7f8c3d38b000-7f8c3d38c000 rw-p 000de000 00:1b8e 4611686019027979927      /nix/store/4nlgxhb09sdr51nc9hdm8az5b08vzkgx-glibc-2.35-163/lib/libm.so.6
7f8c3d38c000-7f8c3d38d000 r--p 00000000 00:1b8e 4611686019027979946      /nix/store/4nlgxhb09sdr51nc9hdm8az5b08vzkgx-glibc-2.35-163/lib/librt.so.1
7f8c3d38d000-7f8c3d38e000 r-xp 00001000 00:1b8e 4611686019027979946      /nix/store/4nlgxhb09sdr51nc9hdm8az5b08vzkgx-glibc-2.35-163/lib/librt.so.1
7f8c3d38e000-7f8c3d38f000 r--p 00002000 00:1b8e 4611686019027979946      /nix/store/4nlgxhb09sdr51nc9hdm8az5b08vzkgx-glibc-2.35-163/lib/librt.so.1
7f8c3d38f000-7f8c3d390000 r--p 00002000 00:1b8e 4611686019027979946      /nix/store/4nlgxhb09sdr51nc9hdm8az5b08vzkgx-glibc-2.35-163/lib/librt.so.1
7f8c3d390000-7f8c3d391000 rw-p 00003000 00:1b8e 4611686019027979946      /nix/store/4nlgxhb09sdr51nc9hdm8az5b08vzkgx-glibc-2.35-163/lib/librt.so.1
7f8c3d391000-7f8c3e4a4000 r-xp 00000000 00:1b8e 4611686019135360866      /nix/store/gpxl5qgg8kicmcvivwmybwjlpf7wh20l-graalvm17-ce-22.3.0/lib/server/libjvm.so
7f8c3e4a4000-7f8c3e4a5000 ---p 01113000 00:1b8e 4611686019135360866      /nix/store/gpxl5qgg8kicmcvivwmybwjlpf7wh20l-graalvm17-ce-22.3.0/lib/server/libjvm.so
7f8c3e4a5000-7f8c3e55a000 r--p 01113000 00:1b8e 4611686019135360866      /nix/store/gpxl5qgg8kicmcvivwmybwjlpf7wh20l-graalvm17-ce-22.3.0/lib/server/libjvm.so
7f8c3e55a000-7f8c3e58e000 rw-p 011c8000 00:1b8e 4611686019135360866      /nix/store/gpxl5qgg8kicmcvivwmybwjlpf7wh20l-graalvm17-ce-22.3.0/lib/server/libjvm.so
7f8c3e58e000-7f8c3e5ea000 rw-p 00000000 00:00 0 
7f8c3e5ea000-7f8c3e612000 r--p 00000000 00:1b8e 4611686019027979918      /nix/store/4nlgxhb09sdr51nc9hdm8az5b08vzkgx-glibc-2.35-163/lib/libc.so.6
7f8c3e612000-7f8c3e788000 r-xp 00028000 00:1b8e 4611686019027979918      /nix/store/4nlgxhb09sdr51nc9hdm8az5b08vzkgx-glibc-2.35-163/lib/libc.so.6
7f8c3e788000-7f8c3e7e0000 r--p 0019e000 00:1b8e 4611686019027979918      /nix/store/4nlgxhb09sdr51nc9hdm8az5b08vzkgx-glibc-2.35-163/lib/libc.so.6
7f8c3e7e0000-7f8c3e7e4000 r--p 001f6000 00:1b8e 4611686019027979918      /nix/store/4nlgxhb09sdr51nc9hdm8az5b08vzkgx-glibc-2.35-163/lib/libc.so.6
7f8c3e7e4000-7f8c3e7e6000 rw-p 001fa000 00:1b8e 4611686019027979918      /nix/store/4nlgxhb09sdr51nc9hdm8az5b08vzkgx-glibc-2.35-163/lib/libc.so.6
7f8c3e7e6000-7f8c3e7f5000 rw-p 00000000 00:00 0 
7f8c3e7f5000-7f8c3e7f6000 r--p 00000000 00:1b8e 4611686019027979923      /nix/store/4nlgxhb09sdr51nc9hdm8az5b08vzkgx-glibc-2.35-163/lib/libdl.so.2
7f8c3e7f6000-7f8c3e7f7000 r-xp 00001000 00:1b8e 4611686019027979923      /nix/store/4nlgxhb09sdr51nc9hdm8az5b08vzkgx-glibc-2.35-163/lib/libdl.so.2
7f8c3e7f7000-7f8c3e7f8000 r--p 00002000 00:1b8e 4611686019027979923      /nix/store/4nlgxhb09sdr51nc9hdm8az5b08vzkgx-glibc-2.35-163/lib/libdl.so.2
7f8c3e7f8000-7f8c3e7f9000 r--p 00002000 00:1b8e 4611686019027979923      /nix/store/4nlgxhb09sdr51nc9hdm8az5b08vzkgx-glibc-2.35-163/lib/libdl.so.2
7f8c3e7f9000-7f8c3e7fa000 rw-p 00003000 00:1b8e 4611686019027979923      /nix/store/4nlgxhb09sdr51nc9hdm8az5b08vzkgx-glibc-2.35-163/lib/libdl.so.2
7f8c3e7fa000-7f8c3e7fb000 r--p 00000000 00:1b8e 4611686019027979942      /nix/store/4nlgxhb09sdr51nc9hdm8az5b08vzkgx-glibc-2.35-163/lib/libpthread.so.0
7f8c3e7fb000-7f8c3e7fc000 r-xp 00001000 00:1b8e 4611686019027979942      /nix/store/4nlgxhb09sdr51nc9hdm8az5b08vzkgx-glibc-2.35-163/lib/libpthread.so.0
7f8c3e7fc000-7f8c3e7fd000 r--p 00002000 00:1b8e 4611686019027979942      /nix/store/4nlgxhb09sdr51nc9hdm8az5b08vzkgx-glibc-2.35-163/lib/libpthread.so.0
7f8c3e7fd000-7f8c3e7fe000 r--p 00002000 00:1b8e 4611686019027979942      /nix/store/4nlgxhb09sdr51nc9hdm8az5b08vzkgx-glibc-2.35-163/lib/libpthread.so.0
7f8c3e7fe000-7f8c3e7ff000 rw-p 00003000 00:1b8e 4611686019027979942      /nix/store/4nlgxhb09sdr51nc9hdm8az5b08vzkgx-glibc-2.35-163/lib/libpthread.so.0
7f8c3e7ff000-7f8c3e80d000 r-xp 00000000 00:1b8e 4611686019135190033      /nix/store/gpxl5qgg8kicmcvivwmybwjlpf7wh20l-graalvm17-ce-22.3.0/lib/libjli.so
7f8c3e80d000-7f8c3e80e000 ---p 0000e000 00:1b8e 4611686019135190033      /nix/store/gpxl5qgg8kicmcvivwmybwjlpf7wh20l-graalvm17-ce-22.3.0/lib/libjli.so
7f8c3e80e000-7f8c3e80f000 r--p 0000e000 00:1b8e 4611686019135190033      /nix/store/gpxl5qgg8kicmcvivwmybwjlpf7wh20l-graalvm17-ce-22.3.0/lib/libjli.so
7f8c3e80f000-7f8c3e810000 rw-p 0000f000 00:1b8e 4611686019135190033      /nix/store/gpxl5qgg8kicmcvivwmybwjlpf7wh20l-graalvm17-ce-22.3.0/lib/libjli.so
7f8c3e810000-7f8c3e811000 rw-p 00012000 00:1b8e 4611686019135190033      /nix/store/gpxl5qgg8kicmcvivwmybwjlpf7wh20l-graalvm17-ce-22.3.0/lib/libjli.so
7f8c3e811000-7f8c3e814000 r--p 00000000 00:1b8e 4611686019106210071      /nix/store/026hln0aq1hyshaxsdvhg0kmcm6yf45r-zlib-1.2.13/lib/libz.so.1.2.13
7f8c3e814000-7f8c3e826000 r-xp 00003000 00:1b8e 4611686019106210071      /nix/store/026hln0aq1hyshaxsdvhg0kmcm6yf45r-zlib-1.2.13/lib/libz.so.1.2.13
7f8c3e826000-7f8c3e82d000 r--p 00015000 00:1b8e 4611686019106210071      /nix/store/026hln0aq1hyshaxsdvhg0kmcm6yf45r-zlib-1.2.13/lib/libz.so.1.2.13
7f8c3e82d000-7f8c3e82e000 r--p 0001b000 00:1b8e 4611686019106210071      /nix/store/026hln0aq1hyshaxsdvhg0kmcm6yf45r-zlib-1.2.13/lib/libz.so.1.2.13
7f8c3e82e000-7f8c3e82f000 rw-p 0001c000 00:1b8e 4611686019106210071      /nix/store/026hln0aq1hyshaxsdvhg0kmcm6yf45r-zlib-1.2.13/lib/libz.so.1.2.13
7f8c3e82f000-7f8c3e831000 rw-p 00000000 00:00 0 
7f8c3e831000-7f8c3e833000 r--p 00000000 00:1b8e 4611686019027979912      /nix/store/4nlgxhb09sdr51nc9hdm8az5b08vzkgx-glibc-2.35-163/lib/ld-linux-x86-64.so.2
7f8c3e833000-7f8c3e85a000 r-xp 00002000 00:1b8e 4611686019027979912      /nix/store/4nlgxhb09sdr51nc9hdm8az5b08vzkgx-glibc-2.35-163/lib/ld-linux-x86-64.so.2
7f8c3e85a000-7f8c3e866000 r--p 00029000 00:1b8e 4611686019027979912      /nix/store/4nlgxhb09sdr51nc9hdm8az5b08vzkgx-glibc-2.35-163/lib/ld-linux-x86-64.so.2
7f8c3e866000-7f8c3e868000 r--p 00034000 00:1b8e 4611686019027979912      /nix/store/4nlgxhb09sdr51nc9hdm8az5b08vzkgx-glibc-2.35-163/lib/ld-linux-x86-64.so.2
7f8c3e868000-7f8c3e86a000 rw-p 00036000 00:1b8e 4611686019027979912      /nix/store/4nlgxhb09sdr51nc9hdm8az5b08vzkgx-glibc-2.35-163/lib/ld-linux-x86-64.so.2
7fffd947c000-7fffd94a1000 rw-p 00000000 00:00 0                          [stack]
7fffd94d0000-7fffd94d4000 r--p 00000000 00:00 0                          [vvar]
7fffd94d4000-7fffd94d6000 r-xp 00000000 00:00 0                          [vdso]
ffffffffff600000-ffffffffff601000 --xp 00000000 00:00 0                  [vsyscall]


VM Arguments:
jvm_args: -XX:ThreadPriorityPolicy=1 -XX:+UnlockExperimentalVMOptions -XX:+EnableJVMCIProduct -XX:JVMCIThreadsPerNativeLibraryRuntime=1 -XX:-UnlockExperimentalVMOptions -Declipse.application=org.eclipse.jdt.ls.core.id1 -Dosgi.bundles.defaultStartLevel=4 -Declipse.product=org.eclipse.jdt.ls.core.product -Dlog.level=ALL -Xverify:none -XX:+UseParallelGC -XX:GCTimeRatio=4 -XX:AdaptiveSizePolicyWeight=90 -Dsun.zip.disableMemoryMapping=true -Xmx512m -Xms100m 
java_command: /nix/store/m6gcpi1ii6rghy04cjwjddcavv7i90df-jdt-language-server-1.9.0/share/java/plugins/org.eclipse.equinox.launcher_1.6.400.v20210924-0641.jar --add-modules=ALL-SYSTEM --add-opens java.base/java.util=ALL-UNNAMED --add-opens java.base/java.lang=ALL-UNNAMED -configuration /home/runner/.cache/jdt-language-server/config -data /home/runner/.cache/jdt-language-server/data/home/runner/justaliljavaproject-1
java_class_path (initial): /nix/store/m6gcpi1ii6rghy04cjwjddcavv7i90df-jdt-language-server-1.9.0/share/java/plugins/org.eclipse.equinox.launcher_1.6.400.v20210924-0641.jar
Launcher Type: SUN_STANDARD

[Global flags]
    uintx AdaptiveSizePolicyWeight                 = 90                                        {product} {command line}
     intx CICompilerCount                          = 2                                         {product} {ergonomic}
     bool EnableJVMCIProduct                       = true                                {JVMCI product} {jimage}
    uintx GCTimeRatio                              = 4                                         {product} {command line}
   size_t InitialHeapSize                          = 104857600                                 {product} {command line}
     uint JVMCIThreadsPerNativeLibraryRuntime      = 1                                   {JVMCI product} {jimage}
   size_t MaxHeapSize                              = 536870912                                 {product} {command line}
   size_t MaxNewSize                               = 178782208                                 {product} {ergonomic}
   size_t MinHeapDeltaBytes                        = 524288                                    {product} {ergonomic}
   size_t MinHeapSize                              = 104857600                                 {product} {command line}
   size_t NewSize                                  = 34603008                                  {product} {ergonomic}
    uintx NonNMethodCodeHeapSize                   = 5826188                                {pd product} {ergonomic}
    uintx NonProfiledCodeHeapSize                  = 122916026                              {pd product} {ergonomic}
   size_t OldSize                                  = 70254592                                  {product} {ergonomic}
    uintx ProfiledCodeHeapSize                     = 122916026                              {pd product} {ergonomic}
    uintx ReservedCodeCacheSize                    = 251658240                              {pd product} {ergonomic}
     bool SegmentedCodeCache                       = true                                      {product} {ergonomic}
   size_t SoftMaxHeapSize                          = 536870912                              {manageable} {ergonomic}
     intx ThreadPriorityPolicy                     = 1                                         {product} {jimage}
     bool UseCompressedClassPointers               = true                           {product lp64_product} {ergonomic}
     bool UseCompressedOops                        = true                           {product lp64_product} {ergonomic}
     bool UseParallelGC                            = true                                      {product} {command line}

Logging:
Log output configuration:
 #0: stdout all=warning uptime,level,tags
 #1: stderr all=off uptime,level,tags

Environment Variables:
JAVA_HOME=/nix/store/gpxl5qgg8kicmcvivwmybwjlpf7wh20l-graalvm17-ce-22.3.0
PATH=/nix/store/1d6ian3r8kdzspw8hacjhl3xkp40g1lj-binutils-wrapper-2.39/bin:/nix/store/dq0xwmsk1g0i2ayg6pb7y87na2knzylh-gcc-wrapper-11.3.0/bin:/nix/store/bap4d0lpcrhpwmpb8ayjcgkmvfj62lnq-bash-interactive-5.1-p16/bin:/nix/store/pr5n59mb4jzmfx6kanwxly0l07p861fg-patchelf-0.15.0/bin:/nix/store/1gf2flfqnpqbr1b4p4qz2f72y42bs56r-gcc-11.3.0/bin:/nix/store/57xv61c5zi8pphjbcwxxjlgc34p61ic9-glibc-2.35-163-bin/bin:/nix/store/a7gvj343m05j2s32xcnwr35v31ynlypr-coreutils-9.1/bin:/nix/store/039g378vc3pc3dvi9dzdlrd0i4q93qwf-binutils-2.39/bin:/nix/store/y5fcw4xnkg8hwaaf35nfc41vdzy32cm7-vim-9.0.0609/bin:/nix/store/gpxl5qgg8kicmcvivwmybwjlpf7wh20l-graalvm17-ce-22.3.0/bin:/nix/store/6z9ag3ihc8mq2hzsw48lhbznvzny65nz-apache-maven-3.8.6/bin:/nix/store/m6gcpi1ii6rghy04cjwjddcavv7i90df-jdt-language-server-1.9.0/bin:/nix/store/84xs5alhs01zrbr4ywm05kxbjbp5590l-java-debug/bin:/nix/store/mydc6f4k2z73xlcz7ilif3v2lcaiqvza-findutils-4.9.0/bin:/nix/store/j9p3g8472iijd50vhdprx0nmk2fqn5gv-diffutils-3.8/bin:/nix/store/89zs7rms6x00xfq4dq6m7mjnhkr8a6r4-gnused-4.8/bin:/nix/store/86bp03jkmsl6f92w0yzg4s59g5mhxwmy-gnugrep-3.7/bin:/nix/store/hwcdqw4jrjnd37wxqgsd47hd0j8bnj09-gawk-5.1.1/bin:/nix/store/cfbhw8r8ags41vwqaz47r583d0p4h4a1-gnutar-1.34/bin:/nix/store/p3m1ndl1lapwrlh698bnb5lvvxh67378-gzip-1.12/bin:/nix/store/a8mhcagrsly7c7mpjrpsnaahk4aax056-bzip2-1.0.8-bin/bin:/nix/store/mblgz65m3zv9x548a3d5m96fj2pbwr09-gnumake-4.3/bin:/nix/store/dsd5gz46hdbdk2rfdimqddhq6m8m8fqs-bash-5.1-p16/bin:/nix/store/v7ljksji50mg3w61dykaa3n3y79n6nil-patch-2.7.6/bin:/nix/store/zlcnmqq14jz5x9439jf937mvayyl63da-xz-5.2.7-bin/bin:/nix/store/y6aj732zm9m87c82fpvf103a1xb22blp-file-5.43/bin:/nix/store/i4kzir3m7mrisxmf5xvlnkw01x4qaqr4-prybar-elisp-0.0.0-e0d9a52/bin:/nix/store/lwwivxf6h7x3cvxp9zv8sj0mv7dak99r-prybar-lua-0.0.0-e0d9a52/bin:/nix/store/gxj28g1cg4hq3qanmjv07156h800qr58-prybar-python3-0.0.0-e0d9a52/bin:/nix/store/hshkjnxrgidigf8x75vg6lqng2xlx9i3-prybar-sqlite-0.0.0-e0d9a52/bin:/nix/store/c4w01bpjgyy5ixmwdk8m1pw87zq4sl26-prybar-tcl-0.0
LD_LIBRARY_PATH=/nix/store/a4pff549sk2idnkpzk5nsfps3mdkdnvm-cups-2.4.2-lib/lib:/nix/store/72mqxxhh3cy5yifh92wh2yb8cl2hikyy-cairo-1.16.0/lib:/nix/store/2k366jrbsra97gjfxwvrhvixjfxdach5-glib-2.74.1/lib:/nix/store/2j2znigd8ak37rlwh9khz0ry3clqlw1l-gtk+3-3.24.34/lib:/nix/store/hisqvx32cd57apbpcsnkpx6k3549wql1-libglvnd-1.4.0/lib:/nix/store/p36pgcv991mq5srvg765b78yqpxvk3qs-mesa-21.3.3-drivers/lib:/nix/store/mav4251if1ahjq5vkpwycyyvnmy459c4-pulseaudio-14.2/lib
DISPLAY=:0
LANG=en_US.UTF-8

Signal Handlers:
   SIGSEGV: crash_handler in libjvm.so, mask=11100100010111111101111111111110, flags=SA_RESTART|SA_SIGINFO
    SIGBUS: crash_handler in libjvm.so, mask=11100100010111111101111111111110, flags=SA_RESTART|SA_SIGINFO
    SIGFPE: crash_handler in libjvm.so, mask=11100100010111111101111111111110, flags=SA_RESTART|SA_SIGINFO
   SIGPIPE: IsolateEnterStub_IgnoreSIGPIPEStartupHook_noopSignalHandler_8f19bff2f35b5f630d83b364d6b2339320d4ec70_216e8361c6bc87a8f89f58cc10d3b2fd4415bf87 in libjvmcicompiler.so, mask=00000000000000000000000000000000, flags=SA_RESTART
  *** Handler was modified!
  *** Expected: javaSignalHandler in libjvm.so, mask=11100100110111111111111111111110, flags=SA_RESTART|SA_SIGINFO
   SIGXFSZ: javaSignalHandler in libjvm.so, mask=11100100010111111101111111111110, flags=SA_RESTART|SA_SIGINFO
    SIGILL: crash_handler in libjvm.so, mask=11100100010111111101111111111110, flags=SA_RESTART|SA_SIGINFO
   SIGUSR2: SR_handler in libjvm.so, mask=00000000000000000000000000000000, flags=SA_RESTART|SA_SIGINFO
    SIGHUP: UserHandler in libjvm.so, mask=11100100010111111101111111111110, flags=SA_RESTART|SA_SIGINFO
    SIGINT: UserHandler in libjvm.so, mask=11100100010111111101111111111110, flags=SA_RESTART|SA_SIGINFO
   SIGTERM: UserHandler in libjvm.so, mask=11100100010111111101111111111110, flags=SA_RESTART|SA_SIGINFO
   SIGQUIT: UserHandler in libjvm.so, mask=11100100010111111101111111111110, flags=SA_RESTART|SA_SIGINFO
  *** Handler was modified!
  *** Expected: javaSignalHandler in libjvm.so, mask=11100100110111111111111111111110, flags=SA_RESTART|SA_SIGINFO
   SIGTRAP: crash_handler in libjvm.so, mask=11100100010111111101111111111110, flags=SA_RESTART|SA_SIGINFO


---------------  S Y S T E M  ---------------

OS:
DISTRIB_ID=Ubuntu
DISTRIB_RELEASE=20.04
DISTRIB_CODENAME=focal
DISTRIB_DESCRIPTION="Ubuntu 20.04.2 LTS"
uname: Linux 5.15.0-1031-gcp #38~20.04.1-Ubuntu SMP Sun Mar 12 04:47:58 UTC 2023 x86_64
OS uptime: 0 days 19:07 hours
libc: glibc 2.35 NPTL 2.35 
rlimit (soft/hard): STACK 8192k/infinity , CORE infinity/infinity , NPROC infinity/infinity , NOFILE 5242/5242 , AS infinity/infinity , CPU infinity/infinity , DATA infinity/infinity , FSIZE infinity/infinity , MEMLOCK 64k/64k
load average: 13.18 14.36 14.57

/proc/meminfo:
MemTotal:       65852712 kB
MemFree:         7099188 kB
MemAvailable:   26752104 kB
Buffers:         2742392 kB
Cached:         15201732 kB
SwapCached:            0 kB
Active:          9619840 kB
Inactive:       43487028 kB
Active(anon):      19876 kB
Inactive(anon): 34892680 kB
Active(file):    9599964 kB
Inactive(file):  8594348 kB
Unevictable:       43024 kB
Mlocked:           43024 kB
SwapTotal:             0 kB
SwapFree:              0 kB
Dirty:              3444 kB
Writeback:             0 kB
AnonPages:      30300936 kB
Mapped:          1933972 kB
Shmem:             65616 kB
KReclaimable:    2185204 kB
Slab:            4461876 kB
SReclaimable:    2185204 kB
SUnreclaim:      2276672 kB
KernelStack:      426428 kB
PageTables:       271768 kB
NFS_Unstable:          0 kB
Bounce:                0 kB
WritebackTmp:          0 kB
CommitLimit:    32926356 kB
Committed_AS:   88830628 kB
VmallocTotal:   34359738367 kB
VmallocUsed:      479020 kB
VmallocChunk:          0 kB
Percpu:            67872 kB
HardwareCorrupted:     0 kB
AnonHugePages:   6709248 kB
ShmemHugePages:        0 kB
ShmemPmdMapped:        0 kB
FileHugePages:         0 kB
FilePmdMapped:         0 kB
HugePages_Total:       0
HugePages_Free:        0
HugePages_Rsvd:        0
HugePages_Surp:        0
Hugepagesize:       2048 kB
Hugetlb:               0 kB
DirectMap4k:     6263616 kB
DirectMap2M:    57696256 kB
DirectMap1G:     5242880 kB

/sys/kernel/mm/transparent_hugepage/enabled: always [madvise] never
/sys/kernel/mm/transparent_hugepage/defrag (defrag/compaction efforts parameter): always defer defer+madvise [madvise] never

Process Memory:
Virtual Size: 5247048K (peak: 5306156K)
Resident Set Size: 757060K (peak: 797364K) (anon: 564048K, file: 193012K, shmem: 0K)
Swapped out: 0K
C-Heap outstanding allocations: 37826K, retained: 13321K
glibc malloc tunables: (default)

/proc/sys/kernel/threads-max (system-wide limit on the number of threads): 514406
/proc/sys/vm/max_map_count (maximum number of memory map areas a process may have): 65530
/proc/sys/kernel/pid_max (system-wide limit on number of process identifiers): 4194304

container (cgroup) information:
container_type: cgroupv1
cpu_cpuset_cpus: 2-7
cpu_memory_nodes: 0
active_processor_count: 1
cpu_quota: 50000
cpu_period: 100000
cpu_shares: 512
memory_limit_in_bytes: 1048576 k
memory_and_swap_limit_in_bytes: 1048576 k
memory_soft_limit_in_bytes: 524288 k
memory_usage_in_bytes: 756612 k
memory_max_usage_in_bytes: 892536 k
maximum number of tasks: 1000
current number of tasks: 74

KVM virtualization detected
Steal ticks since vm start: 0
Steal ticks percentage since vm start:  0.000

CPU: total 8 (initial active 1) (8 cores per cpu, 2 threads per core) family 23 model 49 stepping 0 microcode 0xffffffff, cx8, cmov, fxsr, ht, mmx, 3dnowpref, sse, sse2, sse3, ssse3, sse4a, sse4.1, sse4.2, popcnt, lzcnt, tsc, tscinvbit, avx, avx2, aes, clmul, bmi1, bmi2, adx, sha, fma, vzeroupper, clflush, clflushopt, hv
CPU Model and flags from /proc/cpuinfo:
model name	: AMD EPYC 7B12
flags		: fpu vme de pse tsc msr pae mce cx8 apic sep mtrr pge mca cmov pat pse36 clflush mmx fxsr sse sse2 ht syscall nx mmxext fxsr_opt pdpe1gb rdtscp lm constant_tsc rep_good nopl nonstop_tsc cpuid extd_apicid tsc_known_freq pni pclmulqdq ssse3 fma cx16 sse4_1 sse4_2 movbe popcnt aes xsave avx f16c rdrand hypervisor lahf_lm cmp_legacy cr8_legacy abm sse4a misalignsse 3dnowprefetch osvw topoext ssbd ibrs ibpb stibp vmmcall fsgsbase tsc_adjust bmi1 avx2 smep bmi2 rdseed adx smap clflushopt clwb sha_ni xsaveopt xsavec xgetbv1 clzero xsaveerptr arat npt nrip_save umip rdpid

Online cpus: 0-7
Offline cpus: 
BIOS frequency limitation: <Not Available>
Frequency switch latency (ns): <Not Available>
Available cpu frequencies: <Not Available>
Current governor: <Not Available>
Core performance/turbo boost: <Not Available>

Memory: 4k page, physical 1048576k(291724k free), swap 0k(0k free)
Page Sizes: 4k

vm_info: OpenJDK 64-Bit Server VM (17.0.5+8-jvmci-22.3-b08) for linux-amd64 JRE (17.0.5+8-jvmci-22.3-b08), built on Oct 19 2022 09:01:27 by "buildslave" with gcc 10.3.0

END.
